<?xml version="1.0" encoding="utf-8"?>
<TestRun id="ef67e247-0282-49bb-864f-2b860e01274f" name="pojian_liao@DESKTOP-VM8VUAQ 2026-09-06 11:33:33" runUser="DESKTOP-VM8VUAQ\pojian_liao" xmlns="http://microsoft.com/schemas/VisualStudio/TeamTest/2010">
  <Times creation="2026-09-06T11:33:33.4962336+08:00" queuing="2026-09-06T11:33:33.4962337+08:00" start="2026-09-06T11:33:33.1499761+08:00" finish="2026-09-06T11:33:33.7826264+08:00" />
  <TestSettings name="default" id="ac25b733-cfb7-4684-948d-9810db408c94">
    <Deployment runDeploymentRoot="pojian_liao_DESKTOP-VM8VUAQ_2026-09-06_11_33_33" />
  </TestSettings>
  <Results>
    <UnitTestResult executionId="523f3966-f9af-411e-a8ba-626288e3ab9d" testId="9108d434-7774-8386-4459-4bb01e6e7ea6" testName="VisualTeX.WindowsOffice.Tests.WordOmmlNativeHashNumberTests.DoesNotTreatUnmanagedEquationArrayAsVisualTeXNumbering" computerName="DESKTOP-VM8VUAQ" duration="00:00:00.0005005" startTime="2026-09-06T11:33:33.4915137+08:00" endTime="2026-09-06T11:33:33.4915137+08:00" testType="13cdc9d9-ddb5-4fa4-a97d-d965ccfc6d4b" outcome="Passed" testListId="8c84fa94-04c1-424b-9868-57a2d4851a1d" relativeResultsDirectory="523f3966-f9af-411e-a8ba-626288e3ab9d" />
    <UnitTestResult executionId="fe95c1d0-f44a-49bb-875f-fead04fa0e95" testId="c9c39743-dc15-5ba6-4179-f989581cecd2" testName="VisualTeX.WindowsOffice.Tests.WordDoubleClickRoutingTests.OrdinaryWordSelectionDoesNothing" computerName="DESKTOP-VM8VUAQ" duration="00:00:00.0000271" startTime="2026-09-06T11:33:33.4919571+08:00" endTime="2026-09-06T11:33:33.4919571+08:00" testType="13cdc9d9-ddb5-4fa4-a97d-d965ccfc6d4b" outcome="Passed" testListId="8c84fa94-04c1-424b-9868-57a2d4851a1d" relativeResultsDirectory="fe95c1d0-f44a-49bb-875f-fead04fa0e95" />
    <UnitTestResult executionId="800036a9-1b1f-409b-828f-244cd199674e" testId="9ebef0d5-c256-5f2a-598e-e2a4f3966110" testName="VisualTeX.WindowsOffice.Tests.FormulaFontSizeTests.ParsesChineseFontSizeNames(value: &quot;六号&quot;, expected: 7.5)" computerName="DESKTOP-VM8VUAQ" duration="00:00:00.0000010" startTime="2026-09-06T11:33:33.4904817+08:00" endTime="2026-09-06T11:33:33.4904817+08:00" testType="13cdc9d9-ddb5-4fa4-a97d-d965ccfc6d4b" outcome="Passed" testListId="8c84fa94-04c1-424b-9868-57a2d4851a1d" relativeResultsDirectory="800036a9-1b1f-409b-828f-244cd199674e" />
    <UnitTestResult executionId="4875294c-006b-48e4-a231-fa95b380f1fc" testId="d9937f4f-56e2-cb0d-de6a-e14194ccfe49" testName="VisualTeX.WindowsOffice.Tests.MathMlToLatexConverterTests.DistinguishesPreceqFromCurlyPrecedenceRelations" computerName="DESKTOP-VM8VUAQ" duration="00:00:00.0000769" startTime="2026-09-06T11:33:33.4941071+08:00" endTime="2026-09-06T11:33:33.4941071+08:00" testType="13cdc9d9-ddb5-4fa4-a97d-d965ccfc6d4b" outcome="Passed" testListId="8c84fa94-04c1-424b-9868-57a2d4851a1d" relativeResultsDirectory="4875294c-006b-48e4-a231-fa95b380f1fc" />
    <UnitTestResult executionId="76421fa3-9f23-4a00-9c1e-0e132bbc745c" testId="0c894700-1530-a911-cd1f-cc3e50d5a404" testName="VisualTeX.WindowsOffice.Tests.FormulaFontSizeTests.ParsesChineseFontSizeNames(value: &quot;小一&quot;, expected: 24)" computerName="DESKTOP-VM8VUAQ" duration="00:00:00.0002660" startTime="2026-09-06T11:33:33.4895903+08:00" endTime="2026-09-06T11:33:33.4895903+08:00" testType="13cdc9d9-ddb5-4fa4-a97d-d965ccfc6d4b" outcome="Passed" testListId="8c84fa94-04c1-424b-9868-57a2d4851a1d" relativeResultsDirectory="76421fa3-9f23-4a00-9c1e-0e132bbc745c" />
    <UnitTestResult executionId="1183deb9-e005-469c-b6ff-bd1031ae3ccb" testId="d71a43d3-01e9-58a0-9978-cd11e69be3bd" testName="VisualTeX.WindowsOffice.Tests.MathMlToLatexConverterTests.ConvertsMathTypeAmsBinaryOperatorsBackToLatexCommands" computerName="DESKTOP-VM8VUAQ" duration="00:00:00.0000298" startTime="2026-09-06T11:33:33.4946106+08:00" endTime="2026-09-06T11:33:33.4946106+08:00" testType="13cdc9d9-ddb5-4fa4-a97d-d965ccfc6d4b" outcome="Passed" testListId="8c84fa94-04c1-424b-9868-57a2d4851a1d" relativeResultsDirectory="1183deb9-e005-469c-b6ff-bd1031ae3ccb" />
    <UnitTestResult executionId="2a432f00-fca3-45ff-ae99-dd8e1e366eb0" testId="180ce7be-1052-fabd-918e-7880ad5ffb2b" testName="VisualTeX.WindowsOffice.Tests.ProtocolSecurityTests.PipeTokenComparisonRejectsMismatch(left: &quot;same-token&quot;, right: &quot;same-token&quot;, expected: True)" computerName="DESKTOP-VM8VUAQ" duration="00:00:00.0002442" startTime="2026-09-06T11:33:33.4895459+08:00" endTime="2026-09-06T11:33:33.4895459+08:00" testType="13cdc9d9-ddb5-4fa4-a97d-d965ccfc6d4b" outcome="Passed" testListId="8c84fa94-04c1-424b-9868-57a2d4851a1d" relativeResultsDirectory="2a432f00-fca3-45ff-ae99-dd8e1e366eb0" />
    <UnitTestResult executionId="d1924d3e-2f30-41e2-8ee8-0b5dd2478255" testId="fabc2d8d-2476-71d3-cc50-6c36e50db3b0" testName="VisualTeX.WindowsOffice.Tests.WordOmmlTests.OfficeMathMlTransformProducesNativeFractionAndSuperscript" computerName="DESKTOP-VM8VUAQ" duration="00:00:00.0006535" startTime="2026-09-06T11:33:33.6674655+08:00" endTime="2026-09-06T11:33:33.6674656+08:00" testType="13cdc9d9-ddb5-4fa4-a97d-d965ccfc6d4b" outcome="Passed" testListId="8c84fa94-04c1-424b-9868-57a2d4851a1d" relativeResultsDirectory="d1924d3e-2f30-41e2-8ee8-0b5dd2478255" />
    <UnitTestResult executionId="cefa50b2-8b7e-49a5-baec-2dc41b7ff122" testId="24ed448c-71a5-a056-9c95-3219392005e5" testName="VisualTeX.WindowsOffice.Tests.WordOmmlTests.InlineBareIntegralTransformsToNativeNaryWithHiddenLimits" computerName="DESKTOP-VM8VUAQ" duration="00:00:00.0010765" startTime="2026-09-06T11:33:33.6625498+08:00" endTime="2026-09-06T11:33:33.6625500+08:00" testType="13cdc9d9-ddb5-4fa4-a97d-d965ccfc6d4b" outcome="Passed" testListId="8c84fa94-04c1-424b-9868-57a2d4851a1d" relativeResultsDirectory="cefa50b2-8b7e-49a5-baec-2dc41b7ff122" />
    <UnitTestResult executionId="23de69e7-3de7-4684-b788-ec52079c0864" testId="b56f77af-3248-77cd-33b2-014efe4ac05e" testName="VisualTeX.WindowsOffice.Tests.WordOmmlTests.MathMlAccentsBecomeNativeOmmlAccentsWithoutPlaceholderGlyphs(sourceMark: &quot;˘&quot;, expectedCombiningMark: &quot;̆&quot;)" computerName="DESKTOP-VM8VUAQ" duration="00:00:00.0074519" startTime="2026-09-06T11:33:33.6143903+08:00" endTime="2026-09-06T11:33:33.6143905+08:00" testType="13cdc9d9-ddb5-4fa4-a97d-d965ccfc6d4b" outcome="Passed" testListId="8c84fa94-04c1-424b-9868-57a2d4851a1d" relativeResultsDirectory="23de69e7-3de7-4684-b788-ec52079c0864" />
    <UnitTestResult executionId="ba8435e6-7300-4a0b-88ec-b68b42431845" testId="6e9a5c6e-1c7e-e9e1-23fb-59188011e873" testName="VisualTeX.WindowsOffice.Tests.VisualTeXSessionVectorExportTests.MaterializeSvgWritesUtf8InsideTheControlledOfficeTempRoot(useBase64: True)" computerName="DESKTOP-VM8VUAQ" duration="00:00:00.0274160" startTime="2026-09-06T11:33:33.5558870+08:00" endTime="2026-09-06T11:33:33.5558874+08:00" testType="13cdc9d9-ddb5-4fa4-a97d-d965ccfc6d4b" outcome="Passed" testListId="8c84fa94-04c1-424b-9868-57a2d4851a1d" relativeResultsDirectory="ba8435e6-7300-4a0b-88ec-b68b42431845" />
    <UnitTestResult executionId="f745e360-05ca-46e1-8857-5bb44aa7e35a" testId="bbda7fee-309b-88bd-92dd-c62fe5241a0d" testName="VisualTeX.WindowsOffice.Tests.VisualTeXSessionVectorExportTests.ToMetadataCollapsesFormulaDuplicatedAcrossTypingAnchors" computerName="DESKTOP-VM8VUAQ" duration="00:00:00.0009159" startTime="2026-09-06T11:33:33.5568572+08:00" endTime="2026-09-06T11:33:33.5568575+08:00" testType="13cdc9d9-ddb5-4fa4-a97d-d965ccfc6d4b" outcome="Passed" testListId="8c84fa94-04c1-424b-9868-57a2d4851a1d" relativeResultsDirectory="f745e360-05ca-46e1-8857-5bb44aa7e35a" />
    <UnitTestResult executionId="37882a3a-29b1-406e-b237-ca0f5be705c1" testId="514c0c80-29bf-4af7-6a85-912992b6f01c" testName="VisualTeX.WindowsOffice.Tests.WordOmmlTests.ExtendedIntegralOperatorsBecomeNativeOmmlNaries(symbol: &quot;⨓&quot;)" computerName="DESKTOP-VM8VUAQ" duration="00:00:00.0001381" startTime="2026-09-06T11:33:33.6489960+08:00" endTime="2026-09-06T11:33:33.6489961+08:00" testType="13cdc9d9-ddb5-4fa4-a97d-d965ccfc6d4b" outcome="Passed" testListId="8c84fa94-04c1-424b-9868-57a2d4851a1d" relativeResultsDirectory="37882a3a-29b1-406e-b237-ca0f5be705c1" />
    <UnitTestResult executionId="fdc0f196-d05c-4635-b3cc-735ba0a295f6" testId="e1f7062a-78db-2c4c-87d2-8cdf29203657" testName="VisualTeX.WindowsOffice.Tests.WordBulkImportParserTests.AlignPhysicalSourceLinesKeepEveryExplicitMathRow" computerName="DESKTOP-VM8VUAQ" duration="00:00:00.0035999" startTime="2026-09-06T11:33:33.5134534+08:00" endTime="2026-09-06T11:33:33.5134535+08:00" testType="13cdc9d9-ddb5-4fa4-a97d-d965ccfc6d4b" outcome="Passed" testListId="8c84fa94-04c1-424b-9868-57a2d4851a1d" relativeResultsDirectory="fdc0f196-d05c-4635-b3cc-735ba0a295f6" />
    <UnitTestResult executionId="d287e4f9-75e9-4df6-9e54-179baf7afaaf" testId="b3668a76-019a-5855-d52d-38894a44e696" testName="VisualTeX.WindowsOffice.Tests.WordInlineAlignmentTests.LegacyFormulaWithoutUsablePositionUsesDescentFallback(existingPosition: 0)" computerName="DESKTOP-VM8VUAQ" duration="00:00:00.0005220" startTime="2026-09-06T11:33:33.4917342+08:00" endTime="2026-09-06T11:33:33.4917342+08:00" testType="13cdc9d9-ddb5-4fa4-a97d-d965ccfc6d4b" outcome="Passed" testListId="8c84fa94-04c1-424b-9868-57a2d4851a1d" relativeResultsDirectory="d287e4f9-75e9-4df6-9e54-179baf7afaaf" />
    <UnitTestResult executionId="ac4da13b-8809-4d65-9361-9848660498d9" testId="91d3309f-9bed-549d-bafe-1d9c3c3823b7" testName="VisualTeX.WindowsOffice.Tests.WordDoubleClickRoutingTests.NativeOleOpensVisualTeXEditor" computerName="DESKTOP-VM8VUAQ" duration="00:00:00.0003746" startTime="2026-09-06T11:33:33.4910952+08:00" endTime="2026-09-06T11:33:33.4910952+08:00" testType="13cdc9d9-ddb5-4fa4-a97d-d965ccfc6d4b" outcome="Passed" testListId="8c84fa94-04c1-424b-9868-57a2d4851a1d" relativeResultsDirectory="ac4da13b-8809-4d65-9361-9848660498d9" />
    <UnitTestResult executionId="b738cba6-dda1-4c6e-8c4a-8c93464d708e" testId="dc4ca54f-35c1-b202-c79c-8a9fd5ed4ae2" testName="VisualTeX.WindowsOffice.Tests.WordOmmlTests.MathMlAccentsBecomeNativeOmmlAccentsWithoutPlaceholderGlyphs(sourceMark: &quot;ˇ&quot;, expectedCombiningMark: &quot;̌&quot;)" computerName="DESKTOP-VM8VUAQ" duration="00:00:00.0000885" startTime="2026-09-06T11:33:33.6162865+08:00" endTime="2026-09-06T11:33:33.6162866+08:00" testType="13cdc9d9-ddb5-4fa4-a97d-d965ccfc6d4b" outcome="Passed" testListId="8c84fa94-04c1-424b-9868-57a2d4851a1d" relativeResultsDirectory="b738cba6-dda1-4c6e-8c4a-8c93464d708e" />
    <UnitTestResult executionId="ba12b416-a94d-46d5-9468-9141fda1dfe0" testId="90682b9f-0472-f191-f47d-fd303f5ba08a" testName="VisualTeX.WindowsOffice.Tests.WordUndoHistorySnapshotTests.SplitRecordsIncludeAllNewActionsAndPreserveOlderUserActions" computerName="DESKTOP-VM8VUAQ" duration="00:00:00.0001406" startTime="2026-09-06T11:33:33.4902567+08:00" endTime="2026-09-06T11:33:33.4902567+08:00" testType="13cdc9d9-ddb5-4fa4-a97d-d965ccfc6d4b" outcome="Passed" testListId="8c84fa94-04c1-424b-9868-57a2d4851a1d" relativeResultsDirectory="ba12b416-a94d-46d5-9468-9141fda1dfe0" />
    <UnitTestResult executionId="769e64d5-26c9-4eb0-a7a1-2310cb513aab" testId="1fa01bce-a9c4-165f-bbb7-a151083ea867" testName="VisualTeX.WindowsOffice.Tests.WordOmmlTests.RightOnlyBraceAroundTableBecomesNativeGrowingDelimiter" computerName="DESKTOP-VM8VUAQ" duration="00:00:00.0003327" startTime="2026-09-06T11:33:33.6857758+08:00" endTime="2026-09-06T11:33:33.6857759+08:00" testType="13cdc9d9-ddb5-4fa4-a97d-d965ccfc6d4b" outcome="Passed" testListId="8c84fa94-04c1-424b-9868-57a2d4851a1d" relativeResultsDirectory="769e64d5-26c9-4eb0-a7a1-2310cb513aab" />
    <UnitTestResult executionId="87b6567d-634b-4c67-a21d-a7fb1c976923" testId="de1f561c-3f6f-8f8a-1b8c-a6eabc1ac47f" testName="VisualTeX.WindowsOffice.Tests.RibbonIconDataTests.HighDpiRibbonIconUsesDoubleDensityVectorArtwork(key: &quot;batchImport&quot;)" computerName="DESKTOP-VM8VUAQ" duration="00:00:00.0022371" startTime="2026-09-06T11:33:33.5247821+08:00" endTime="2026-09-06T11:33:33.5247822+08:00" testType="13cdc9d9-ddb5-4fa4-a97d-d965ccfc6d4b" outcome="Passed" testListId="8c84fa94-04c1-424b-9868-57a2d4851a1d" relativeResultsDirectory="87b6567d-634b-4c67-a21d-a7fb1c976923" />
    <UnitTestResult executionId="d7a8b67d-1229-433e-abe4-5c0457afb5ea" testId="1d0324d6-4362-3e15-bad0-ca13fd544a5e" testName="VisualTeX.WindowsOffice.Tests.WordOmmlTests.OmmlContentFingerprintIgnoresRunFontSize" computerName="DESKTOP-VM8VUAQ" duration="00:00:00.0001097" startTime="2026-09-06T11:33:33.6680439+08:00" endTime="2026-09-06T11:33:33.6680440+08:00" testType="13cdc9d9-ddb5-4fa4-a97d-d965ccfc6d4b" outcome="Passed" testListId="8c84fa94-04c1-424b-9868-57a2d4851a1d" relativeResultsDirectory="d7a8b67d-1229-433e-abe4-5c0457afb5ea" />
    <UnitTestResult executionId="c5709d11-6995-464e-8f45-cd2a6a8e8ddb" testId="68c00854-2038-a204-4d8a-bceac61c9438" testName="VisualTeX.WindowsOffice.Tests.FormulaFontSizeTests.ParsesChineseFontSizeNames(value: &quot;四号&quot;, expected: 14)" computerName="DESKTOP-VM8VUAQ" duration="00:00:00.0000012" startTime="2026-09-06T11:33:33.4900608+08:00" endTime="2026-09-06T11:33:33.4900608+08:00" testType="13cdc9d9-ddb5-4fa4-a97d-d965ccfc6d4b" outcome="Passed" testListId="8c84fa94-04c1-424b-9868-57a2d4851a1d" relativeResultsDirectory="c5709d11-6995-464e-8f45-cd2a6a8e8ddb" />
    <UnitTestResult executionId="bf9eb4f7-f8e1-4793-95c4-92aa6781555d" testId="fbeebb19-2eeb-47f4-e12a-691f72b35ce1" testName="VisualTeX.WindowsOffice.Tests.WordInlineAlignmentTests.InvalidOrBottomEdgeBaselinesDoNotMoveTheFormula(actualHeight: 20, exportedHeight: 0, baseline: 0)" computerName="DESKTOP-VM8VUAQ" duration="00:00:00.0000069" startTime="2026-09-06T11:33:33.4921986+08:00" endTime="2026-09-06T11:33:33.4921987+08:00" testType="13cdc9d9-ddb5-4fa4-a97d-d965ccfc6d4b" outcome="Passed" testListId="8c84fa94-04c1-424b-9868-57a2d4851a1d" relativeResultsDirectory="bf9eb4f7-f8e1-4793-95c4-92aa6781555d" />
    <UnitTestResult executionId="3a0a42ea-0287-4dfd-b735-c84d7753e09a" testId="68ba699f-69bd-e55c-1f3e-36cdc9e2734e" testName="VisualTeX.WindowsOffice.Tests.MathMlToLatexConverterTests.ConvertsMathTypeGreekVariantsAndDotOperatorBackToExactLatex" computerName="DESKTOP-VM8VUAQ" duration="00:00:00.0000271" startTime="2026-09-06T11:33:33.4948579+08:00" endTime="2026-09-06T11:33:33.4948579+08:00" testType="13cdc9d9-ddb5-4fa4-a97d-d965ccfc6d4b" outcome="Passed" testListId="8c84fa94-04c1-424b-9868-57a2d4851a1d" relativeResultsDirectory="3a0a42ea-0287-4dfd-b735-c84d7753e09a" />
    <UnitTestResult executionId="452c35e1-aad5-42cb-ac3e-a8363f04a5cd" testId="e860826a-ad5f-9e48-6ee6-65abe7101ddb" testName="VisualTeX.WindowsOffice.Tests.MetadataAndTempPathTests.TempGuardAcceptsOnlyPngInsideDedicatedDirectory" computerName="DESKTOP-VM8VUAQ" duration="00:00:00.0023113" startTime="2026-09-06T11:33:33.5099722+08:00" endTime="2026-09-06T11:33:33.5099723+08:00" testType="13cdc9d9-ddb5-4fa4-a97d-d965ccfc6d4b" outcome="Passed" testListId="8c84fa94-04c1-424b-9868-57a2d4851a1d" relativeResultsDirectory="452c35e1-aad5-42cb-ac3e-a8363f04a5cd" />
    <UnitTestResult executionId="0d5eb0f7-21f7-4e96-8750-fe4915f28eb1" testId="b052c433-c5e9-ad97-43ff-c3a69f655792" testName="VisualTeX.WindowsOffice.Tests.MathMlToLatexConverterTests.ConvertsWordPrimeSpellingsToLatexPrime(prime: &quot;″&quot;, expected: &quot;f^{\\prime\\prime}&quot;)" computerName="DESKTOP-VM8VUAQ" duration="00:00:00.0000088" startTime="2026-09-06T11:33:33.4947902+08:00" endTime="2026-09-06T11:33:33.4947902+08:00" testType="13cdc9d9-ddb5-4fa4-a97d-d965ccfc6d4b" outcome="Passed" testListId="8c84fa94-04c1-424b-9868-57a2d4851a1d" relativeResultsDirectory="0d5eb0f7-21f7-4e96-8750-fe4915f28eb1" />
    <UnitTestResult executionId="be88c8fc-6d1e-4b8f-8f3e-445b79ba69d6" testId="ee0d5d1c-d1b3-faf2-b811-7e6904f4d97c" testName="VisualTeX.WindowsOffice.Tests.WordOmmlTests.MathMlAccentsBecomeNativeOmmlAccentsWithoutPlaceholderGlyphs(sourceMark: &quot;―&quot;, expectedCombiningMark: &quot;̅&quot;)" computerName="DESKTOP-VM8VUAQ" duration="00:00:00.0000902" startTime="2026-09-06T11:33:33.6163841+08:00" endTime="2026-09-06T11:33:33.6163842+08:00" testType="13cdc9d9-ddb5-4fa4-a97d-d965ccfc6d4b" outcome="Passed" testListId="8c84fa94-04c1-424b-9868-57a2d4851a1d" relativeResultsDirectory="be88c8fc-6d1e-4b8f-8f3e-445b79ba69d6" />
    <UnitTestResult executionId="22e75098-731b-4a76-a25c-d0d132bfe7dc" testId="62c50ebb-d6c7-5e39-117a-1743bcb82c7b" testName="VisualTeX.WindowsOffice.Tests.WordOmmlTests.ExtendedIntegralOperatorsBecomeNativeOmmlNaries(symbol: &quot;⨏&quot;)" computerName="DESKTOP-VM8VUAQ" duration="00:00:00.0001294" startTime="2026-09-06T11:33:33.6498687+08:00" endTime="2026-09-06T11:33:33.6498688+08:00" testType="13cdc9d9-ddb5-4fa4-a97d-d965ccfc6d4b" outcome="Passed" testListId="8c84fa94-04c1-424b-9868-57a2d4851a1d" relativeResultsDirectory="22e75098-731b-4a76-a25c-d0d132bfe7dc" />
    <UnitTestResult executionId="64ba0190-49d6-4799-89d3-1f8aca3fd89f" testId="b4414348-19fc-59d2-d220-9d572a2acdb4" testName="VisualTeX.WindowsOffice.Tests.VisualTeXSessionClientCertificateTests.ExpiredOrNotYetValidCertificateIsRejected(notBeforeOffsetDays: -30, notAfterOffsetDays: -1)" computerName="DESKTOP-VM8VUAQ" duration="00:00:00.0560373" startTime="2026-09-06T11:33:33.5272652+08:00" endTime="2026-09-06T11:33:33.5272653+08:00" testType="13cdc9d9-ddb5-4fa4-a97d-d965ccfc6d4b" outcome="Passed" testListId="8c84fa94-04c1-424b-9868-57a2d4851a1d" relativeResultsDirectory="64ba0190-49d6-4799-89d3-1f8aca3fd89f" />
    <UnitTestResult executionId="5503b1a7-a679-4cde-ac86-904a006d292f" testId="2194440f-50b2-adf1-d3af-ced5c2e1159d" testName="VisualTeX.WindowsOffice.Tests.MathMlToLatexConverterTests.ConvertsMathTypeSpecialOperatorSpellingsBackToExactLatex" computerName="DESKTOP-VM8VUAQ" duration="00:00:00.0000288" startTime="2026-09-06T11:33:33.4945488+08:00" endTime="2026-09-06T11:33:33.4945488+08:00" testType="13cdc9d9-ddb5-4fa4-a97d-d965ccfc6d4b" outcome="Passed" testListId="8c84fa94-04c1-424b-9868-57a2d4851a1d" relativeResultsDirectory="5503b1a7-a679-4cde-ac86-904a006d292f" />
    <UnitTestResult executionId="8487fae6-7918-4964-81db-289385761070" testId="5e8d92ed-b7b6-d26b-80e0-9d620eba7c60" testName="VisualTeX.WindowsOffice.Tests.WordBulkImportParserTests.MarkdownMultilineQuoteAndIndentedListsPreserveLevels" computerName="DESKTOP-VM8VUAQ" duration="00:00:00.0017272" startTime="2026-09-06T11:33:33.5271936+08:00" endTime="2026-09-06T11:33:33.5271937+08:00" testType="13cdc9d9-ddb5-4fa4-a97d-d965ccfc6d4b" outcome="Passed" testListId="8c84fa94-04c1-424b-9868-57a2d4851a1d" relativeResultsDirectory="8487fae6-7918-4964-81db-289385761070" />
    <UnitTestResult executionId="16d28296-5fb8-48b2-abeb-139bbd295101" testId="60b63bfb-ab81-5564-8de4-cd79071cab4c" testName="VisualTeX.WindowsOffice.Tests.WordOmmlTests.WordMaterializedPlainRunWithoutFunctionApplicationIsNotForcedIntoFunctionToken" computerName="DESKTOP-VM8VUAQ" duration="00:00:00.0001926" startTime="2026-09-06T11:33:33.6641177+08:00" endTime="2026-09-06T11:33:33.6641178+08:00" testType="13cdc9d9-ddb5-4fa4-a97d-d965ccfc6d4b" outcome="Passed" testListId="8c84fa94-04c1-424b-9868-57a2d4851a1d" relativeResultsDirectory="16d28296-5fb8-48b2-abeb-139bbd295101" />
    <UnitTestResult executionId="124d1c0c-4be6-4f77-8442-b36e28b569a3" testId="0fa392d4-4ea8-3ab6-8695-f1f190a077c5" testName="VisualTeX.WindowsOffice.Tests.MathMlToLatexConverterTests.ConvertsLooseMathTypePileFenceToBinomial" computerName="DESKTOP-VM8VUAQ" duration="00:00:00.0001797" startTime="2026-09-06T11:33:33.4944988+08:00" endTime="2026-09-06T11:33:33.4944989+08:00" testType="13cdc9d9-ddb5-4fa4-a97d-d965ccfc6d4b" outcome="Passed" testListId="8c84fa94-04c1-424b-9868-57a2d4851a1d" relativeResultsDirectory="124d1c0c-4be6-4f77-8442-b36e28b569a3" />
    <UnitTestResult executionId="4d9a60d0-016e-403c-a987-1e8a38cbce27" testId="66ba76d2-903d-d72f-22c6-0dc00248ed60" testName="VisualTeX.WindowsOffice.Tests.MathTypeFenceRoundTripTests.ExplicitFencesPreserveSemanticsAndExpandableTemplate(open: &quot;|&quot;, close: &quot;&quot;)" computerName="DESKTOP-VM8VUAQ" duration="00:00:00.0000944" startTime="2026-09-06T11:33:33.4952557+08:00" endTime="2026-09-06T11:33:33.4952557+08:00" testType="13cdc9d9-ddb5-4fa4-a97d-d965ccfc6d4b" outcome="Passed" testListId="8c84fa94-04c1-424b-9868-57a2d4851a1d" relativeResultsDirectory="4d9a60d0-016e-403c-a987-1e8a38cbce27" />
    <UnitTestResult executionId="da02311b-9fc4-4fe5-956e-2f68d2526830" testId="b0550b13-2a3a-53a8-8b83-1a189680155e" testName="VisualTeX.WindowsOffice.Tests.WordOmmlTests.OmmlReverseRestoresPureMathSymbolTextAsOperator(symbol: &quot;∀&quot;)" computerName="DESKTOP-VM8VUAQ" duration="00:00:00.0000607" startTime="2026-09-06T11:33:33.6331804+08:00" endTime="2026-09-06T11:33:33.6331805+08:00" testType="13cdc9d9-ddb5-4fa4-a97d-d965ccfc6d4b" outcome="Passed" testListId="8c84fa94-04c1-424b-9868-57a2d4851a1d" relativeResultsDirectory="da02311b-9fc4-4fe5-956e-2f68d2526830" />
    <UnitTestResult executionId="4b1bb4e2-c5bf-4091-a844-ca9860a65bd1" testId="888fb830-725f-583b-77dd-6928bccc97a7" testName="VisualTeX.WindowsOffice.Tests.WordInlineAlignmentTests.InvalidOrBottomEdgeBaselinesDoNotMoveTheFormula(actualHeight: 20, exportedHeight: 20, baseline: 20)" computerName="DESKTOP-VM8VUAQ" duration="00:00:00.0002078" startTime="2026-09-06T11:33:33.4921392+08:00" endTime="2026-09-06T11:33:33.4921392+08:00" testType="13cdc9d9-ddb5-4fa4-a97d-d965ccfc6d4b" outcome="Passed" testListId="8c84fa94-04c1-424b-9868-57a2d4851a1d" relativeResultsDirectory="4b1bb4e2-c5bf-4091-a844-ca9860a65bd1" />
    <UnitTestResult executionId="83b7ea63-7934-4696-a59c-a8a33c0f0a41" testId="1f92c8bb-3e6b-5e25-429b-a5c9011302b9" testName="VisualTeX.WindowsOffice.Tests.WordOmmlConversionIdentityTests.CollapsedAnchorInSameParagraphOwnsItsFormula" computerName="DESKTOP-VM8VUAQ" duration="00:00:00.0003992" startTime="2026-09-06T11:33:33.4938629+08:00" endTime="2026-09-06T11:33:33.4938629+08:00" testType="13cdc9d9-ddb5-4fa4-a97d-d965ccfc6d4b" outcome="Passed" testListId="8c84fa94-04c1-424b-9868-57a2d4851a1d" relativeResultsDirectory="83b7ea63-7934-4696-a59c-a8a33c0f0a41" />
    <UnitTestResult executionId="a6ac58ce-7579-4d74-bb0e-a1e700767e39" testId="6463ca24-4b63-dcfe-3aa4-28568a598ce9" testName="VisualTeX.WindowsOffice.Tests.WordEquationNumberingVstoTests.NumberPositionCentersTheTextBesideTheFormula(formulaHeight: 24, fontSize: 11, expected: 7)" computerName="DESKTOP-VM8VUAQ" duration="00:00:00.0000061" startTime="2026-09-06T11:33:33.4917648+08:00" endTime="2026-09-06T11:33:33.4917648+08:00" testType="13cdc9d9-ddb5-4fa4-a97d-d965ccfc6d4b" outcome="Passed" testListId="8c84fa94-04c1-424b-9868-57a2d4851a1d" relativeResultsDirectory="a6ac58ce-7579-4d74-bb0e-a1e700767e39" />
    <UnitTestResult executionId="50a64793-705e-49a3-93f4-182c1f38132d" testId="74e18f29-c5b9-83b6-835f-9cece6310355" testName="VisualTeX.WindowsOffice.Tests.WordInlineAlignmentTests.LegacyFormulaScalesItsExistingCorrectBaseline" computerName="DESKTOP-VM8VUAQ" duration="00:00:00.0000676" startTime="2026-09-06T11:33:33.4926140+08:00" endTime="2026-09-06T11:33:33.4926141+08:00" testType="13cdc9d9-ddb5-4fa4-a97d-d965ccfc6d4b" outcome="Passed" testListId="8c84fa94-04c1-424b-9868-57a2d4851a1d" relativeResultsDirectory="50a64793-705e-49a3-93f4-182c1f38132d" />
    <UnitTestResult executionId="64eb9c61-e0b4-4374-9ebb-a70eafc1f2ad" testId="df581903-6991-b0ba-37ab-4fb72f37d2f6" testName="VisualTeX.WindowsOffice.Tests.FormulaFontSizeTests.NormalizesToCentipointRangeWithoutPresetQuantization(input: 13.24, expected: 13.24)" computerName="DESKTOP-VM8VUAQ" duration="00:00:00.0001354" startTime="2026-09-06T11:33:33.4923856+08:00" endTime="2026-09-06T11:33:33.4923856+08:00" testType="13cdc9d9-ddb5-4fa4-a97d-d965ccfc6d4b" outcome="Passed" testListId="8c84fa94-04c1-424b-9868-57a2d4851a1d" relativeResultsDirectory="64eb9c61-e0b4-4374-9ebb-a70eafc1f2ad" />
    <UnitTestResult executionId="086b584b-f69e-440e-bf48-ff8639d4c963" testId="8457de94-55e3-7360-d96d-17e1226aa4ba" testName="VisualTeX.WindowsOffice.Tests.WordOmmlImportSignatureTests.DefaultIntegralAndMathematicalMinusHaveEquivalentWordEncodings" computerName="DESKTOP-VM8VUAQ" duration="00:00:00.0002193" startTime="2026-09-06T11:33:33.4935265+08:00" endTime="2026-09-06T11:33:33.4935265+08:00" testType="13cdc9d9-ddb5-4fa4-a97d-d965ccfc6d4b" outcome="Passed" testListId="8c84fa94-04c1-424b-9868-57a2d4851a1d" relativeResultsDirectory="086b584b-f69e-440e-bf48-ff8639d4c963" />
    <UnitTestResult executionId="9880c58f-013b-432f-be3d-8895d2aba02c" testId="cecfff10-eba4-1cec-40e0-12db0f5e61c0" testName="VisualTeX.WindowsOffice.Tests.WordOmmlTests.ExtendedIntegralOperatorsBecomeNativeOmmlNaries(symbol: &quot;⨖&quot;)" computerName="DESKTOP-VM8VUAQ" duration="00:00:00.0001285" startTime="2026-09-06T11:33:33.6500137+08:00" endTime="2026-09-06T11:33:33.6500138+08:00" testType="13cdc9d9-ddb5-4fa4-a97d-d965ccfc6d4b" outcome="Passed" testListId="8c84fa94-04c1-424b-9868-57a2d4851a1d" relativeResultsDirectory="9880c58f-013b-432f-be3d-8895d2aba02c" />
    <UnitTestResult executionId="c6541dff-918e-4551-9b7c-b4fa6c47a448" testId="4d323034-0865-e279-0893-4af80e8be062" testName="VisualTeX.WindowsOffice.Tests.WordInlineAlignmentTests.RawGeometryAlignmentScalesWithTheObjectHeight" computerName="DESKTOP-VM8VUAQ" duration="00:00:00.0000528" startTime="2026-09-06T11:33:33.4925977+08:00" endTime="2026-09-06T11:33:33.4925977+08:00" testType="13cdc9d9-ddb5-4fa4-a97d-d965ccfc6d4b" outcome="Passed" testListId="8c84fa94-04c1-424b-9868-57a2d4851a1d" relativeResultsDirectory="c6541dff-918e-4551-9b7c-b4fa6c47a448" />
    <UnitTestResult executionId="5083bd6b-77d0-4ffd-bc63-7a96a5c035cc" testId="5866ed91-3a0c-0a3e-c3dc-83d43a917fd8" testName="VisualTeX.WindowsOffice.Tests.WordOmmlTests.OfficeMathMlTransformNeverLeavesAnEmptyNaryOperand(latex: &quot;\\sum_b^z c&quot;, mathMl: &quot;&lt;math xmlns=\&quot;http://www.w3.org/1998/Math/MathML\&quot;&quot;···)" computerName="DESKTOP-VM8VUAQ" duration="00:00:00.0081352" startTime="2026-09-06T11:33:33.5911182+08:00" endTime="2026-09-06T11:33:33.5911185+08:00" testType="13cdc9d9-ddb5-4fa4-a97d-d965ccfc6d4b" outcome="Passed" testListId="8c84fa94-04c1-424b-9868-57a2d4851a1d" relativeResultsDirectory="5083bd6b-77d0-4ffd-bc63-7a96a5c035cc" />
    <UnitTestResult executionId="066b7abb-b1c0-400d-8bfd-7dcb9de91d21" testId="c991af64-ab8e-085f-c391-63ad955dc911" testName="VisualTeX.WindowsOffice.Tests.WordBulkImportParserTests.LatexNestedListsQuotesAndLiteralCodeRemainStructured" computerName="DESKTOP-VM8VUAQ" duration="00:00:00.0006567" startTime="2026-09-06T11:33:33.5249380+08:00" endTime="2026-09-06T11:33:33.5249381+08:00" testType="13cdc9d9-ddb5-4fa4-a97d-d965ccfc6d4b" outcome="Passed" testListId="8c84fa94-04c1-424b-9868-57a2d4851a1d" relativeResultsDirectory="066b7abb-b1c0-400d-8bfd-7dcb9de91d21" />
    <UnitTestResult executionId="a3e5bdd8-38c5-42a7-90fa-8485236ae419" testId="422c408b-09c0-61bb-10b8-2e3afac6787e" testName="VisualTeX.WindowsOffice.Tests.MathMlToLatexConverterTests.ConvertsMathMlUnderScriptsOnLimitLikeOperatorsToNativeLatexSubscripts(operatorName: &quot;max&quot;, expected: &quot;\\max_{x\\in A}&quot;)" computerName="DESKTOP-VM8VUAQ" duration="00:00:00.0000081" startTime="2026-09-06T11:33:33.4943165+08:00" endTime="2026-09-06T11:33:33.4943166+08:00" testType="13cdc9d9-ddb5-4fa4-a97d-d965ccfc6d4b" outcome="Passed" testListId="8c84fa94-04c1-424b-9868-57a2d4851a1d" relativeResultsDirectory="a3e5bdd8-38c5-42a7-90fa-8485236ae419" />
    <UnitTestResult executionId="575e9589-8f8b-4da3-929d-97c7e34e5cad" testId="d0c26bfc-8a80-a66f-d896-45199d7a6dbe" testName="VisualTeX.WindowsOffice.Tests.WordOmmlNativeSequenceXmlTests.UnrelatedEquationArrayWithSequenceIsNotClaimedByVisualTeX" computerName="DESKTOP-VM8VUAQ" duration="00:00:00.0003227" startTime="2026-09-06T11:33:33.4940661+08:00" endTime="2026-09-06T11:33:33.4940661+08:00" testType="13cdc9d9-ddb5-4fa4-a97d-d965ccfc6d4b" outcome="Passed" testListId="8c84fa94-04c1-424b-9868-57a2d4851a1d" relativeResultsDirectory="575e9589-8f8b-4da3-929d-97c7e34e5cad" />
    <UnitTestResult executionId="32c14a62-9818-4414-b4f7-1d1da9de54ce" testId="74a4c9d7-6e66-b89c-d3d8-c1764b37a7a0" testName="VisualTeX.WindowsOffice.Tests.MathMlToLatexConverterTests.KeepsOrdinaryMathMlUnderScriptAsUnderset" computerName="DESKTOP-VM8VUAQ" duration="00:00:00.0000189" startTime="2026-09-06T11:33:33.4946273+08:00" endTime="2026-09-06T11:33:33.4946274+08:00" testType="13cdc9d9-ddb5-4fa4-a97d-d965ccfc6d4b" outcome="Passed" testListId="8c84fa94-04c1-424b-9868-57a2d4851a1d" relativeResultsDirectory="32c14a62-9818-4414-b4f7-1d1da9de54ce" />
    <UnitTestResult executionId="6740a003-2315-4f96-a0b9-b6842ac499e8" testId="78f5aab5-dc08-9ce1-4d4f-ddbafd77e929" testName="VisualTeX.WindowsOffice.Tests.WordOmmlTests.WordMaterializedLimitOperatorKeepsUprightBaseGrouped(functionName: &quot;inf&quot;)" computerName="DESKTOP-VM8VUAQ" duration="00:00:00.0001157" startTime="2026-09-06T11:33:33.6464044+08:00" endTime="2026-09-06T11:33:33.6464045+08:00" testType="13cdc9d9-ddb5-4fa4-a97d-d965ccfc6d4b" outcome="Passed" testListId="8c84fa94-04c1-424b-9868-57a2d4851a1d" relativeResultsDirectory="6740a003-2315-4f96-a0b9-b6842ac499e8" />
    <UnitTestResult executionId="321e7bb2-fbb7-4d74-90c0-cc0334ffb9c2" testId="5b56575b-8d12-7ed0-b70d-28f631369543" testName="VisualTeX.WindowsOffice.Tests.WordBulkImportParserTests.DisplaySourceFormattingDoesNotCreateInvalidAlignedRows" computerName="DESKTOP-VM8VUAQ" duration="00:00:00.0004647" startTime="2026-09-06T11:33:33.5254389+08:00" endTime="2026-09-06T11:33:33.5254390+08:00" testType="13cdc9d9-ddb5-4fa4-a97d-d965ccfc6d4b" outcome="Passed" testListId="8c84fa94-04c1-424b-9868-57a2d4851a1d" relativeResultsDirectory="321e7bb2-fbb7-4d74-90c0-cc0334ffb9c2" />
    <UnitTestResult executionId="fea36d44-693e-4c55-9785-a5674221163c" testId="7c2f3a8e-1f72-d648-0cb9-ef0f8ff08243" testName="VisualTeX.WindowsOffice.Tests.MathMlToLatexConverterTests.ConvertsMathMlUnderScriptsOnLimitLikeOperatorsToNativeLatexSubscripts(operatorName: &quot;liminf&quot;, expected: &quot;\\liminf_{n\\to \\infty}&quot;)" computerName="DESKTOP-VM8VUAQ" duration="00:00:00.0000089" startTime="2026-09-06T11:33:33.4942879+08:00" endTime="2026-09-06T11:33:33.4942880+08:00" testType="13cdc9d9-ddb5-4fa4-a97d-d965ccfc6d4b" outcome="Passed" testListId="8c84fa94-04c1-424b-9868-57a2d4851a1d" relativeResultsDirectory="fea36d44-693e-4c55-9785-a5674221163c" />
    <UnitTestResult executionId="bebe11e6-cc67-4369-88a0-2c81e90f45cc" testId="4c0ac9c8-9031-784a-7cb7-afe4a743572d" testName="VisualTeX.WindowsOffice.Tests.ProtocolSecurityTests.PipeTokenComparisonRejectsMismatch(left: &quot;short&quot;, right: &quot;shorter&quot;, expected: False)" computerName="DESKTOP-VM8VUAQ" duration="00:00:00.0059871" startTime="2026-09-06T11:33:33.4878469+08:00" endTime="2026-09-06T11:33:33.4878471+08:00" testType="13cdc9d9-ddb5-4fa4-a97d-d965ccfc6d4b" outcome="Passed" testListId="8c84fa94-04c1-424b-9868-57a2d4851a1d" relativeResultsDirectory="bebe11e6-cc67-4369-88a0-2c81e90f45cc" />
    <UnitTestResult executionId="6b4dbb4a-92d2-419d-a111-7bf98149cc33" testId="b60b8f56-9081-7959-f4db-4b0685fd9839" testName="VisualTeX.WindowsOffice.Tests.MathMlToLatexConverterTests.ConvertsMathJaxHorizontalBarAccentToLineCommands(elementName: &quot;mover&quot;, marker: &quot;―&quot;, expected: &quot;\\overline{AB}&quot;)" computerName="DESKTOP-VM8VUAQ" duration="00:00:00.0000525" startTime="2026-09-06T11:33:33.4948895+08:00" endTime="2026-09-06T11:33:33.4948896+08:00" testType="13cdc9d9-ddb5-4fa4-a97d-d965ccfc6d4b" outcome="Passed" testListId="8c84fa94-04c1-424b-9868-57a2d4851a1d" relativeResultsDirectory="6b4dbb4a-92d2-419d-a111-7bf98149cc33" />
    <UnitTestResult executionId="e072fdc3-ecd4-40c3-92c7-8167698a1274" testId="24578719-3d49-c752-5474-1030577b9e7c" testName="VisualTeX.WindowsOffice.Tests.WordOmmlTests.CommonFencedTablesUseNativeGrowingDelimiters(open: &quot;⌈&quot;, close: &quot;⌉&quot;)" computerName="DESKTOP-VM8VUAQ" duration="00:00:00.0003225" startTime="2026-09-06T11:33:33.6062454+08:00" endTime="2026-09-06T11:33:33.6062455+08:00" testType="13cdc9d9-ddb5-4fa4-a97d-d965ccfc6d4b" outcome="Passed" testListId="8c84fa94-04c1-424b-9868-57a2d4851a1d" relativeResultsDirectory="e072fdc3-ecd4-40c3-92c7-8167698a1274" />
    <UnitTestResult executionId="b0bac8da-2b2e-4de9-8617-4aa671b5533a" testId="b745d528-5ff0-f90b-1ed1-790abf9ec8c8" testName="VisualTeX.WindowsOffice.Tests.FormulaFontSizeTests.ParsesChineseFontSizeNames(value: &quot;八号&quot;, expected: 5)" computerName="DESKTOP-VM8VUAQ" duration="00:00:00.0000009" startTime="2026-09-06T11:33:33.4906489+08:00" endTime="2026-09-06T11:33:33.4906490+08:00" testType="13cdc9d9-ddb5-4fa4-a97d-d965ccfc6d4b" outcome="Passed" testListId="8c84fa94-04c1-424b-9868-57a2d4851a1d" relativeResultsDirectory="b0bac8da-2b2e-4de9-8617-4aa671b5533a" />
    <UnitTestResult executionId="199e24a7-ab78-4531-97f3-9f4fff64ad5b" testId="dab50d61-1f7e-3c58-c7d7-c56d96f3c633" testName="VisualTeX.WindowsOffice.Tests.StaDispatcherTests.AllOfficeWorkRunsOnOneStaThread" computerName="DESKTOP-VM8VUAQ" duration="00:00:00.0512908" startTime="2026-09-06T11:33:33.5237252+08:00" endTime="2026-09-06T11:33:33.5237252+08:00" testType="13cdc9d9-ddb5-4fa4-a97d-d965ccfc6d4b" outcome="Passed" testListId="8c84fa94-04c1-424b-9868-57a2d4851a1d" relativeResultsDirectory="199e24a7-ab78-4531-97f3-9f4fff64ad5b" />
    <UnitTestResult executionId="616fa8d3-1945-4a01-82da-b681aa5d2830" testId="3216b772-4320-9998-037f-77b3916e2240" testName="VisualTeX.WindowsOffice.Tests.MathMlToLatexConverterTests.ConvertsLooseNoBarFractionFenceToBinomial" computerName="DESKTOP-VM8VUAQ" duration="00:00:00.0000230" startTime="2026-09-06T11:33:33.4950578+08:00" endTime="2026-09-06T11:33:33.4950578+08:00" testType="13cdc9d9-ddb5-4fa4-a97d-d965ccfc6d4b" outcome="Passed" testListId="8c84fa94-04c1-424b-9868-57a2d4851a1d" relativeResultsDirectory="616fa8d3-1945-4a01-82da-b681aa5d2830" />
    <UnitTestResult executionId="b2ce6371-8da4-4f26-b658-bff5f3c79388" testId="49e04434-34e0-48e0-704b-33f18b6fc451" testName="VisualTeX.WindowsOffice.Tests.MathMlToLatexConverterTests.ConvertsMathMlUnderScriptsOnLimitLikeOperatorsToNativeLatexSubscripts(operatorName: &quot;sup&quot;, expected: &quot;\\sup_{x\\in A}&quot;)" computerName="DESKTOP-VM8VUAQ" duration="00:00:00.0001647" startTime="2026-09-06T11:33:33.4942633+08:00" endTime="2026-09-06T11:33:33.4942634+08:00" testType="13cdc9d9-ddb5-4fa4-a97d-d965ccfc6d4b" outcome="Passed" testListId="8c84fa94-04c1-424b-9868-57a2d4851a1d" relativeResultsDirectory="b2ce6371-8da4-4f26-b658-bff5f3c79388" />
    <UnitTestResult executionId="5810a101-679e-495e-8782-108f99e1abb1" testId="ff75d9d7-24d5-3f5f-2923-217ed4079792" testName="VisualTeX.WindowsOffice.Tests.MathMlToLatexConverterTests.ConvertsMathMlUnderScriptsOnLimitLikeOperatorsToNativeLatexSubscripts(operatorName: &quot;inf&quot;, expected: &quot;\\inf_{x\\in A}&quot;)" computerName="DESKTOP-VM8VUAQ" duration="00:00:00.0001582" startTime="2026-09-06T11:33:33.4942497+08:00" endTime="2026-09-06T11:33:33.4942497+08:00" testType="13cdc9d9-ddb5-4fa4-a97d-d965ccfc6d4b" outcome="Passed" testListId="8c84fa94-04c1-424b-9868-57a2d4851a1d" relativeResultsDirectory="5810a101-679e-495e-8782-108f99e1abb1" />
    <UnitTestResult executionId="e859f3b0-9924-48b9-b1c5-da2aa4ad5ba9" testId="ae14b63d-cfaf-c0aa-3455-9f0d24098840" testName="VisualTeX.WindowsOffice.Tests.WordOmmlTests.OfficeMathMlTransformNeverLeavesAnEmptyNaryOperand(latex: &quot;\\oint_l^u x\\,dy&quot;, mathMl: &quot;&lt;math xmlns=\&quot;http://www.w3.org/1998/Math/MathML\&quot;&quot;···)" computerName="DESKTOP-VM8VUAQ" duration="00:00:00.0003533" startTime="2026-09-06T11:33:33.5828968+08:00" endTime="2026-09-06T11:33:33.5828969+08:00" testType="13cdc9d9-ddb5-4fa4-a97d-d965ccfc6d4b" outcome="Passed" testListId="8c84fa94-04c1-424b-9868-57a2d4851a1d" relativeResultsDirectory="e859f3b0-9924-48b9-b1c5-da2aa4ad5ba9" />
    <UnitTestResult executionId="ef269ad5-5960-4d5e-8e55-f87eea9706e1" testId="0c26e949-8331-27a9-d8ad-7a044dc26abc" testName="VisualTeX.WindowsOffice.Tests.WordDoubleClickRoutingTests.FormulaRectangleRejectsInvalidGeometry" computerName="DESKTOP-VM8VUAQ" duration="00:00:00.0003894" startTime="2026-09-06T11:33:33.4917119+08:00" endTime="2026-09-06T11:33:33.4917120+08:00" testType="13cdc9d9-ddb5-4fa4-a97d-d965ccfc6d4b" outcome="Passed" testListId="8c84fa94-04c1-424b-9868-57a2d4851a1d" relativeResultsDirectory="ef269ad5-5960-4d5e-8e55-f87eea9706e1" />
    <UnitTestResult executionId="9a5277f5-aeb2-4423-acca-33c2b1bc0325" testId="ff945a35-3d90-114d-1b5a-1b17957739ab" testName="VisualTeX.WindowsOffice.Tests.WordEquationNumberingVstoTests.NumberScaffoldKeepsClosingParenthesisOutsideTheField" computerName="DESKTOP-VM8VUAQ" duration="00:00:00.0000745" startTime="2026-09-06T11:33:33.4934645+08:00" endTime="2026-09-06T11:33:33.4934645+08:00" testType="13cdc9d9-ddb5-4fa4-a97d-d965ccfc6d4b" outcome="Passed" testListId="8c84fa94-04c1-424b-9868-57a2d4851a1d" relativeResultsDirectory="9a5277f5-aeb2-4423-acca-33c2b1bc0325" />
    <UnitTestResult executionId="bbde7478-82ae-4807-822a-8e5aa136ea36" testId="a93d4adf-5035-a615-7e76-76ba25765c19" testName="VisualTeX.WindowsOffice.Tests.WordOmmlTests.WordMaterializedFunctionApplicationKeepsPlainRunGrouped(functionName: &quot;sin&quot;)" computerName="DESKTOP-VM8VUAQ" duration="00:00:00.0002287" startTime="2026-09-06T11:33:33.6634149+08:00" endTime="2026-09-06T11:33:33.6634150+08:00" testType="13cdc9d9-ddb5-4fa4-a97d-d965ccfc6d4b" outcome="Passed" testListId="8c84fa94-04c1-424b-9868-57a2d4851a1d" relativeResultsDirectory="bbde7478-82ae-4807-822a-8e5aa136ea36" />
    <UnitTestResult executionId="cd1ef2fa-ecf5-405d-8047-af05383d9030" testId="8520af92-d084-10f8-fd0f-0854aa65d6eb" testName="VisualTeX.WindowsOffice.Tests.WordOleDisplayParagraphTests.CollapsedCaretInEmptyParagraphReusesThatParagraph" computerName="DESKTOP-VM8VUAQ" duration="00:00:00.0000720" startTime="2026-09-06T11:33:33.4902789+08:00" endTime="2026-09-06T11:33:33.4902790+08:00" testType="13cdc9d9-ddb5-4fa4-a97d-d965ccfc6d4b" outcome="Passed" testListId="8c84fa94-04c1-424b-9868-57a2d4851a1d" relativeResultsDirectory="cd1ef2fa-ecf5-405d-8047-af05383d9030" />
    <UnitTestResult executionId="c494ceae-80d3-4452-b0db-0249e740cf3b" testId="c5d60176-6e14-828b-00d5-ff55197e80d7" testName="VisualTeX.WindowsOffice.Tests.WordOmmlTests.MathMlAccentsBecomeNativeOmmlAccentsWithoutPlaceholderGlyphs(sourceMark: &quot;˙&quot;, expectedCombiningMark: &quot;̇&quot;)" computerName="DESKTOP-VM8VUAQ" duration="00:00:00.0000851" startTime="2026-09-06T11:33:33.6157974+08:00" endTime="2026-09-06T11:33:33.6157975+08:00" testType="13cdc9d9-ddb5-4fa4-a97d-d965ccfc6d4b" outcome="Passed" testListId="8c84fa94-04c1-424b-9868-57a2d4851a1d" relativeResultsDirectory="c494ceae-80d3-4452-b0db-0249e740cf3b" />
    <UnitTestResult executionId="a6e8711e-d748-4ed8-99eb-662f07cc41c4" testId="e1b5b106-8866-e913-b754-ea6dfc0d19a0" testName="VisualTeX.WindowsOffice.Tests.WordInlineAlignmentTests.UsesOneRenderedBaselineRuleForDifferentFormulaStructures(actualHeight: 10.3284, exportedHeight: 13.7712, exportedBaseline: 10.561999999999999, expectedPosition: -2)" computerName="DESKTOP-VM8VUAQ" duration="00:00:00.0000011" startTime="2026-09-06T11:33:33.4897993+08:00" endTime="2026-09-06T11:33:33.4897993+08:00" testType="13cdc9d9-ddb5-4fa4-a97d-d965ccfc6d4b" outcome="Passed" testListId="8c84fa94-04c1-424b-9868-57a2d4851a1d" relativeResultsDirectory="a6e8711e-d748-4ed8-99eb-662f07cc41c4" />
    <UnitTestResult executionId="b9ec9390-4349-465e-8c55-16f4e209e115" testId="96e1230a-e14d-e977-2e20-c837fe7baa1d" testName="VisualTeX.WindowsOffice.Tests.WordOmmlTests.OmmlReverseDoesNotReclassifyOrdinaryTextAsOperator" computerName="DESKTOP-VM8VUAQ" duration="00:00:00.0001890" startTime="2026-09-06T11:33:33.6355763+08:00" endTime="2026-09-06T11:33:33.6355764+08:00" testType="13cdc9d9-ddb5-4fa4-a97d-d965ccfc6d4b" outcome="Passed" testListId="8c84fa94-04c1-424b-9868-57a2d4851a1d" relativeResultsDirectory="b9ec9390-4349-465e-8c55-16f4e209e115" />
    <UnitTestResult executionId="885edfb4-8427-4156-a67a-715ee5a632d9" testId="fe1d451f-7335-4459-99c7-57cc3148a38d" testName="VisualTeX.WindowsOffice.Tests.WordOmmlTests.OmmlReverseRestoresNoBarFractionThicknessForBinomialSemantics" computerName="DESKTOP-VM8VUAQ" duration="00:00:00.0036798" startTime="2026-09-06T11:33:33.6731472+08:00" endTime="2026-09-06T11:33:33.6731473+08:00" testType="13cdc9d9-ddb5-4fa4-a97d-d965ccfc6d4b" outcome="Passed" testListId="8c84fa94-04c1-424b-9868-57a2d4851a1d" relativeResultsDirectory="885edfb4-8427-4156-a67a-715ee5a632d9" />
    <UnitTestResult executionId="c78967da-cec8-42fc-8afc-478b63c4dfc7" testId="295f9d04-397f-72fd-64c0-6d775b9bd3f8" testName="VisualTeX.WindowsOffice.Tests.MathMlToLatexConverterTests.ConvertsMathTypeAmsSymbolFamiliesBackToLatexCommands" computerName="DESKTOP-VM8VUAQ" duration="00:00:00.0000605" startTime="2026-09-06T11:33:33.4948396+08:00" endTime="2026-09-06T11:33:33.4948396+08:00" testType="13cdc9d9-ddb5-4fa4-a97d-d965ccfc6d4b" outcome="Passed" testListId="8c84fa94-04c1-424b-9868-57a2d4851a1d" relativeResultsDirectory="c78967da-cec8-42fc-8afc-478b63c4dfc7" />
    <UnitTestResult executionId="6b848589-16e0-416c-bc7c-e40c3b442093" testId="e8bfbf38-4736-d3b1-2f95-21acf5165127" testName="VisualTeX.WindowsOffice.Tests.WordOleSizingTests.WiderEditUsesCurrentExportBoundsInsteadOfPreviousShapeBounds" computerName="DESKTOP-VM8VUAQ" duration="00:00:00.0000866" startTime="2026-09-06T11:33:33.4898549+08:00" endTime="2026-09-06T11:33:33.4898550+08:00" testType="13cdc9d9-ddb5-4fa4-a97d-d965ccfc6d4b" outcome="Passed" testListId="8c84fa94-04c1-424b-9868-57a2d4851a1d" relativeResultsDirectory="6b848589-16e0-416c-bc7c-e40c3b442093" />
    <UnitTestResult executionId="c381cd6c-e46d-41ff-b979-fd9defc59032" testId="3c9cd31f-e04c-5cce-bb44-6a3842d6e4ea" testName="VisualTeX.WindowsOffice.Tests.WordOmmlTests.WordMaterializedLimitOperatorKeepsUprightBaseGrouped(functionName: &quot;sup&quot;)" computerName="DESKTOP-VM8VUAQ" duration="00:00:00.0003455" startTime="2026-09-06T11:33:33.6462650+08:00" endTime="2026-09-06T11:33:33.6462655+08:00" testType="13cdc9d9-ddb5-4fa4-a97d-d965ccfc6d4b" outcome="Passed" testListId="8c84fa94-04c1-424b-9868-57a2d4851a1d" relativeResultsDirectory="c381cd6c-e46d-41ff-b979-fd9defc59032" />
    <UnitTestResult executionId="3740779d-5ade-4895-acf1-3cddd8bc05db" testId="41807491-69b1-3fee-4e8c-65528d758314" testName="VisualTeX.WindowsOffice.Tests.WordOmmlNativeSequenceXmlTests.SplitMathematicalSequenceInstructionRemainsMigrationInput" computerName="DESKTOP-VM8VUAQ" duration="00:00:00.0005664" startTime="2026-09-06T11:33:33.4940048+08:00" endTime="2026-09-06T11:33:33.4940049+08:00" testType="13cdc9d9-ddb5-4fa4-a97d-d965ccfc6d4b" outcome="Passed" testListId="8c84fa94-04c1-424b-9868-57a2d4851a1d" relativeResultsDirectory="3740779d-5ade-4895-acf1-3cddd8bc05db" />
    <UnitTestResult executionId="46f8a79c-044b-4a17-81a1-6227c056443d" testId="e0770d5f-ed40-adf3-270b-cbcd642559f5" testName="VisualTeX.WindowsOffice.Tests.WordOmmlTests.NestedDoubleSummationPreservesEveryNativeNaryAndLimit" computerName="DESKTOP-VM8VUAQ" duration="00:00:00.0103692" startTime="2026-09-06T11:33:33.6835703+08:00" endTime="2026-09-06T11:33:33.6835705+08:00" testType="13cdc9d9-ddb5-4fa4-a97d-d965ccfc6d4b" outcome="Passed" testListId="8c84fa94-04c1-424b-9868-57a2d4851a1d" relativeResultsDirectory="46f8a79c-044b-4a17-81a1-6227c056443d" />
    <UnitTestResult executionId="2e51454f-af4d-4def-9e6b-0699d6d31c88" testId="17e0959b-a921-f174-0dd0-e4d6a5d8137c" testName="VisualTeX.WindowsOffice.Tests.WordBulkImportParserTests.LatexCjkInlineMathWhitespaceFollowsTexSemantics" computerName="DESKTOP-VM8VUAQ" duration="00:00:00.0360647" startTime="2026-09-06T11:33:33.5072689+08:00" endTime="2026-09-06T11:33:33.5072690+08:00" testType="13cdc9d9-ddb5-4fa4-a97d-d965ccfc6d4b" outcome="Passed" testListId="8c84fa94-04c1-424b-9868-57a2d4851a1d" relativeResultsDirectory="2e51454f-af4d-4def-9e6b-0699d6d31c88" />
    <UnitTestResult executionId="f2dd5303-b327-453c-ad76-d3ac764371a8" testId="b2e6e991-84ac-b642-e4f5-01a1f796bec0" testName="VisualTeX.WindowsOffice.Tests.WordBulkImportParserTests.SeparatesTrailingEquationTagsFromEditableLatex(source: &quot;\\[x+y\\tag 4.8.4\\]&quot;, expectedTag: &quot;4.8.4&quot;)" computerName="DESKTOP-VM8VUAQ" duration="00:00:00.0001472" startTime="2026-09-06T11:33:33.5342018+08:00" endTime="2026-09-06T11:33:33.5342019+08:00" testType="13cdc9d9-ddb5-4fa4-a97d-d965ccfc6d4b" outcome="Passed" testListId="8c84fa94-04c1-424b-9868-57a2d4851a1d" relativeResultsDirectory="f2dd5303-b327-453c-ad76-d3ac764371a8" />
    <UnitTestResult executionId="10bd073a-e2c4-4024-bd4c-9c6edc812f8f" testId="52fda9af-05ae-2640-3cb1-04afcf3c6e19" testName="VisualTeX.WindowsOffice.Tests.WordBulkImportParserTests.UnclosedDisplayFormulaIsImportedWithWarning" computerName="DESKTOP-VM8VUAQ" duration="00:00:00.0015398" startTime="2026-09-06T11:33:33.5150314+08:00" endTime="2026-09-06T11:33:33.5150315+08:00" testType="13cdc9d9-ddb5-4fa4-a97d-d965ccfc6d4b" outcome="Passed" testListId="8c84fa94-04c1-424b-9868-57a2d4851a1d" relativeResultsDirectory="10bd073a-e2c4-4024-bd4c-9c6edc812f8f" />
    <UnitTestResult executionId="138b4868-f95b-456b-8737-37df62a78dc9" testId="ba570def-087c-b4a6-c5a8-58d779ad5aa7" testName="VisualTeX.WindowsOffice.Tests.FormulaFontSizeTests.ParsesChineseFontSizeNames(value: &quot;五号&quot;, expected: 10.5)" computerName="DESKTOP-VM8VUAQ" duration="00:00:00.0000053" startTime="2026-09-06T11:33:33.4900810+08:00" endTime="2026-09-06T11:33:33.4900810+08:00" testType="13cdc9d9-ddb5-4fa4-a97d-d965ccfc6d4b" outcome="Passed" testListId="8c84fa94-04c1-424b-9868-57a2d4851a1d" relativeResultsDirectory="138b4868-f95b-456b-8737-37df62a78dc9" />
    <UnitTestResult executionId="ad7891dd-8dad-4275-ad0b-f058ab90bb99" testId="38d17e67-5b6f-6228-25ae-12fed3a1283f" testName="VisualTeX.WindowsOffice.Tests.FormulaFontSizeTests.NormalizesToCentipointRangeWithoutPresetQuantization(input: 4, expected: 5)" computerName="DESKTOP-VM8VUAQ" duration="00:00:00.0000010" startTime="2026-09-06T11:33:33.4924147+08:00" endTime="2026-09-06T11:33:33.4924148+08:00" testType="13cdc9d9-ddb5-4fa4-a97d-d965ccfc6d4b" outcome="Passed" testListId="8c84fa94-04c1-424b-9868-57a2d4851a1d" relativeResultsDirectory="ad7891dd-8dad-4275-ad0b-f058ab90bb99" />
    <UnitTestResult executionId="d9e72577-ec63-47fa-9554-9954c72d35f7" testId="173ae84f-b611-f18f-30b8-e91edc0e4efe" testName="VisualTeX.WindowsOffice.Tests.OfficeOlePreviewTests.PathOnlyPreviewReusesTheAlreadyGeneratedPng" computerName="DESKTOP-VM8VUAQ" duration="00:00:00.0044909" startTime="2026-09-06T11:33:33.5538222+08:00" endTime="2026-09-06T11:33:33.5538223+08:00" testType="13cdc9d9-ddb5-4fa4-a97d-d965ccfc6d4b" outcome="Passed" testListId="8c84fa94-04c1-424b-9868-57a2d4851a1d" relativeResultsDirectory="d9e72577-ec63-47fa-9554-9954c72d35f7" />
    <UnitTestResult executionId="f5a978e8-0dce-4139-bd1e-b7c1ead3d945" testId="f00bf329-e449-cb82-04b0-70ed3ee77ffe" testName="VisualTeX.WindowsOffice.Tests.WordOmmlNativeSequenceXmlTests.RetiredMathematicalRefWrapperRemainsMigrationInput" computerName="DESKTOP-VM8VUAQ" duration="00:00:00.0005230" startTime="2026-09-06T11:33:33.4940499+08:00" endTime="2026-09-06T11:33:33.4940499+08:00" testType="13cdc9d9-ddb5-4fa4-a97d-d965ccfc6d4b" outcome="Passed" testListId="8c84fa94-04c1-424b-9868-57a2d4851a1d" relativeResultsDirectory="f5a978e8-0dce-4139-bd1e-b7c1ead3d945" />
    <UnitTestResult executionId="0a2c9e98-7d91-479d-9b25-de6ad7fccc35" testId="e00a59e9-b9e6-4543-5f11-9931e8a3cd6d" testName="VisualTeX.WindowsOffice.Tests.MathMlToLatexConverterTests.ConvertsMathJaxHorizontalBarAccentToLineCommands(elementName: &quot;munder&quot;, marker: &quot;―&quot;, expected: &quot;\\underline{AB}&quot;)" computerName="DESKTOP-VM8VUAQ" duration="00:00:00.0001302" startTime="2026-09-06T11:33:33.4950238+08:00" endTime="2026-09-06T11:33:33.4950238+08:00" testType="13cdc9d9-ddb5-4fa4-a97d-d965ccfc6d4b" outcome="Passed" testListId="8c84fa94-04c1-424b-9868-57a2d4851a1d" relativeResultsDirectory="0a2c9e98-7d91-479d-9b25-de6ad7fccc35" />
    <UnitTestResult executionId="dd0bf97b-3d1a-42d5-b2ad-59909233c6be" testId="8985aa99-a292-8de9-4ce7-63c295445ae6" testName="VisualTeX.WindowsOffice.Tests.WordInlineAlignmentTests.UsesOneRenderedBaselineRuleForDifferentFormulaStructures(actualHeight: 11.912850000000001, exportedHeight: 15.883800000000001, exportedBaseline: 12.6746, expectedPosition: -2)" computerName="DESKTOP-VM8VUAQ" duration="00:00:00.0000009" startTime="2026-09-06T11:33:33.4899964+08:00" endTime="2026-09-06T11:33:33.4899964+08:00" testType="13cdc9d9-ddb5-4fa4-a97d-d965ccfc6d4b" outcome="Passed" testListId="8c84fa94-04c1-424b-9868-57a2d4851a1d" relativeResultsDirectory="dd0bf97b-3d1a-42d5-b2ad-59909233c6be" />
    <UnitTestResult executionId="bd05505d-9366-45e6-9dcf-228b5dcc3e59" testId="92e47e0a-1478-c55e-120d-26ce801bf761" testName="VisualTeX.WindowsOffice.Tests.FormulaOleContractTests.BaselineRoundTripsAndMustFitInsideRenderedHeight" computerName="DESKTOP-VM8VUAQ" duration="00:00:00.0381294" startTime="2026-09-06T11:33:33.5094072+08:00" endTime="2026-09-06T11:33:33.5094073+08:00" testType="13cdc9d9-ddb5-4fa4-a97d-d965ccfc6d4b" outcome="Passed" testListId="8c84fa94-04c1-424b-9868-57a2d4851a1d" relativeResultsDirectory="bd05505d-9366-45e6-9dcf-228b5dcc3e59" />
    <UnitTestResult executionId="b1cfae82-e091-425c-af23-fbb12b3182e4" testId="b7fbcb60-280d-9568-6892-aaadbbb0192c" testName="VisualTeX.WindowsOffice.Tests.RibbonIconDataTests.EmbeddedRibbonIconIsAValidTransparentPng(name: &quot;OMML inline&quot;, encoded: &quot;iVBORw0KGgoAAAANSUhEUgAAACAAAAAgCAYAAABzenr0AAAFCE&quot;···)" computerName="DESKTOP-VM8VUAQ" duration="00:00:00.0152114" startTime="2026-09-06T11:33:33.4938790+08:00" endTime="2026-09-06T11:33:33.4938790+08:00" testType="13cdc9d9-ddb5-4fa4-a97d-d965ccfc6d4b" outcome="Passed" testListId="8c84fa94-04c1-424b-9868-57a2d4851a1d" relativeResultsDirectory="b1cfae82-e091-425c-af23-fbb12b3182e4" />
    <UnitTestResult executionId="ba949459-6b42-48e4-b16c-916737add3c8" testId="2f3598d8-1c9b-e2e3-9afe-3dcd1b8a32fd" testName="VisualTeX.WindowsOffice.Tests.WordInlineAlignmentTests.UsesCompleteWholePointDescentWithOnlyNearIntegerFloatSnapping(actualHeight: 10, exportedHeight: 10, exportedBaseline: 9, expectedPosition: -1)" computerName="DESKTOP-VM8VUAQ" duration="00:00:00.0000523" startTime="2026-09-06T11:33:33.4922619+08:00" endTime="2026-09-06T11:33:33.4922619+08:00" testType="13cdc9d9-ddb5-4fa4-a97d-d965ccfc6d4b" outcome="Passed" testListId="8c84fa94-04c1-424b-9868-57a2d4851a1d" relativeResultsDirectory="ba949459-6b42-48e4-b16c-916737add3c8" />
    <UnitTestResult executionId="ca85303c-942e-49a5-b214-bd9841245628" testId="a32ffd74-c6c1-6546-4efd-57fe3a371491" testName="VisualTeX.WindowsOffice.Tests.OfficeOlePreviewTests.MathJaxTallMatrixNestedSvgViewportKeepsBracketsContinuous" computerName="DESKTOP-VM8VUAQ" duration="00:00:00.0065459" startTime="2026-09-06T11:33:33.7451951+08:00" endTime="2026-09-06T11:33:33.7451954+08:00" testType="13cdc9d9-ddb5-4fa4-a97d-d965ccfc6d4b" outcome="Passed" testListId="8c84fa94-04c1-424b-9868-57a2d4851a1d" relativeResultsDirectory="ca85303c-942e-49a5-b214-bd9841245628" />
    <UnitTestResult executionId="423f72d0-07b0-4a29-a44f-b8e52032ade9" testId="5f58328e-0452-e779-b293-150b48d9acaa" testName="VisualTeX.WindowsOffice.Tests.WordUndoHistorySnapshotTests.TruncatedOrReorderedHistoryCannotBeUndone" computerName="DESKTOP-VM8VUAQ" duration="00:00:00.0041766" startTime="2026-09-06T11:33:33.4887307+08:00" endTime="2026-09-06T11:33:33.4887308+08:00" testType="13cdc9d9-ddb5-4fa4-a97d-d965ccfc6d4b" outcome="Passed" testListId="8c84fa94-04c1-424b-9868-57a2d4851a1d" relativeResultsDirectory="423f72d0-07b0-4a29-a44f-b8e52032ade9" />
    <UnitTestResult executionId="a7c002ab-10d1-420c-a251-79ebd9718f98" testId="4bd90d70-2071-c946-023c-fa23355eb72d" testName="VisualTeX.WindowsOffice.Tests.WordOmmlTests.NestedEmptyBaseSuperscriptIsFlattenedButStandalonePrescriptIsPreserved" computerName="DESKTOP-VM8VUAQ" duration="00:00:00.0003382" startTime="2026-09-06T11:33:33.6658852+08:00" endTime="2026-09-06T11:33:33.6658853+08:00" testType="13cdc9d9-ddb5-4fa4-a97d-d965ccfc6d4b" outcome="Passed" testListId="8c84fa94-04c1-424b-9868-57a2d4851a1d" relativeResultsDirectory="a7c002ab-10d1-420c-a251-79ebd9718f98" />
    <UnitTestResult executionId="9a798ccb-37d3-4236-9d71-5c03f860de44" testId="a9c52240-f398-4134-3a96-31cf62e5a1b8" testName="VisualTeX.WindowsOffice.Tests.WordOmmlImportSignatureTests.ChangedOperatorOrLimitCannotClaimTheSourceIdentity" computerName="DESKTOP-VM8VUAQ" duration="00:00:00.0005543" startTime="2026-09-06T11:33:33.4934768+08:00" endTime="2026-09-06T11:33:33.4934769+08:00" testType="13cdc9d9-ddb5-4fa4-a97d-d965ccfc6d4b" outcome="Passed" testListId="8c84fa94-04c1-424b-9868-57a2d4851a1d" relativeResultsDirectory="9a798ccb-37d3-4236-9d71-5c03f860de44" />
    <UnitTestResult executionId="0aae47d3-9a20-4cc6-be27-2e975717bc35" testId="09010f2c-2e08-f7bc-097a-4236db0c97f1" testName="VisualTeX.WindowsOffice.Tests.WordOmmlTests.ExtendedIntegralOperatorsBecomeNativeOmmlNaries(symbol: &quot;⨌&quot;)" computerName="DESKTOP-VM8VUAQ" duration="00:00:00.0001377" startTime="2026-09-06T11:33:33.6495635+08:00" endTime="2026-09-06T11:33:33.6495636+08:00" testType="13cdc9d9-ddb5-4fa4-a97d-d965ccfc6d4b" outcome="Passed" testListId="8c84fa94-04c1-424b-9868-57a2d4851a1d" relativeResultsDirectory="0aae47d3-9a20-4cc6-be27-2e975717bc35" />
    <UnitTestResult executionId="124f7158-e104-4436-8e13-ae44fd27c327" testId="c13ca557-adef-8700-d2e7-8dce53470ab5" testName="VisualTeX.WindowsOffice.Tests.MathMlToLatexConverterTests.ConvertsCommonWordMathMlToEditableLatex(mathMl: &quot;&lt;math xmlns=\&quot;http://www.w3.org/1998/Math/MathML\&quot;&quot;···, expected: &quot;\\int_{0}^{1}t^{2}dt&quot;)" computerName="DESKTOP-VM8VUAQ" duration="00:00:00.0000724" startTime="2026-09-06T11:33:33.4945653+08:00" endTime="2026-09-06T11:33:33.4945653+08:00" testType="13cdc9d9-ddb5-4fa4-a97d-d965ccfc6d4b" outcome="Passed" testListId="8c84fa94-04c1-424b-9868-57a2d4851a1d" relativeResultsDirectory="124f7158-e104-4436-8e13-ae44fd27c327" />
    <UnitTestResult executionId="e70f25f4-9908-49c7-83fc-50d60c35f811" testId="d36caef0-4e30-c503-0f57-09541260c86f" testName="VisualTeX.WindowsOffice.Tests.FormulaFontSizeTests.PresetNavigationIncludesChineseStandardSizes" computerName="DESKTOP-VM8VUAQ" duration="00:00:00.0003976" startTime="2026-09-06T11:33:33.4928397+08:00" endTime="2026-09-06T11:33:33.4928398+08:00" testType="13cdc9d9-ddb5-4fa4-a97d-d965ccfc6d4b" outcome="Passed" testListId="8c84fa94-04c1-424b-9868-57a2d4851a1d" relativeResultsDirectory="e70f25f4-9908-49c7-83fc-50d60c35f811" />
    <UnitTestResult executionId="2d119a71-3424-48ef-bb9d-6a56e638fd6a" testId="6048db59-6873-b11e-57b2-861e20b8ffd4" testName="VisualTeX.WindowsOffice.Tests.WordUndoHistorySnapshotTests.NoMutationDoesNotUndoAUserAction" computerName="DESKTOP-VM8VUAQ" duration="00:00:00.0000628" startTime="2026-09-06T11:33:33.4906928+08:00" endTime="2026-09-06T11:33:33.4906929+08:00" testType="13cdc9d9-ddb5-4fa4-a97d-d965ccfc6d4b" outcome="Passed" testListId="8c84fa94-04c1-424b-9868-57a2d4851a1d" relativeResultsDirectory="2d119a71-3424-48ef-bb9d-6a56e638fd6a" />
    <UnitTestResult executionId="93820d8a-2922-4f9a-94cc-e78833e84bb2" testId="d78d3c2d-ad34-79cd-0505-aae3753fcbad" testName="VisualTeX.WindowsOffice.Tests.RibbonIconDataTests.HighDpiRibbonIconUsesDoubleDensityVectorArtwork(key: &quot;insertFormula&quot;)" computerName="DESKTOP-VM8VUAQ" duration="00:00:00.0022177" startTime="2026-09-06T11:33:33.5160351+08:00" endTime="2026-09-06T11:33:33.5160352+08:00" testType="13cdc9d9-ddb5-4fa4-a97d-d965ccfc6d4b" outcome="Passed" testListId="8c84fa94-04c1-424b-9868-57a2d4851a1d" relativeResultsDirectory="93820d8a-2922-4f9a-94cc-e78833e84bb2" />
    <UnitTestResult executionId="5b071439-b790-4f40-8fe7-86eadb85a6d8" testId="2ba699d4-5de1-5e2e-3091-5d696ad5d547" testName="VisualTeX.WindowsOffice.Tests.WordOmmlTests.ExtendedIntegralOperatorsBecomeNativeOmmlNaries(symbol: &quot;⨚&quot;)" computerName="DESKTOP-VM8VUAQ" duration="00:00:00.0001243" startTime="2026-09-06T11:33:33.6510950+08:00" endTime="2026-09-06T11:33:33.6510951+08:00" testType="13cdc9d9-ddb5-4fa4-a97d-d965ccfc6d4b" outcome="Passed" testListId="8c84fa94-04c1-424b-9868-57a2d4851a1d" relativeResultsDirectory="5b071439-b790-4f40-8fe7-86eadb85a6d8" />
    <UnitTestResult executionId="8e1e68cb-d272-4f8e-a8a1-acb97d2dc598" testId="ab8c27e1-9bb6-9472-1549-ac011ba29c88" testName="VisualTeX.WindowsOffice.Tests.MathMlToLatexConverterTests.ConvertsWordPrimeSpellingsToLatexPrime(prime: &quot;′&quot;, expected: &quot;f^{\\prime}&quot;)" computerName="DESKTOP-VM8VUAQ" duration="00:00:00.0000752" startTime="2026-09-06T11:33:33.4947760+08:00" endTime="2026-09-06T11:33:33.4947760+08:00" testType="13cdc9d9-ddb5-4fa4-a97d-d965ccfc6d4b" outcome="Passed" testListId="8c84fa94-04c1-424b-9868-57a2d4851a1d" relativeResultsDirectory="8e1e68cb-d272-4f8e-a8a1-acb97d2dc598" />
    <UnitTestResult executionId="319b1ccb-7a7d-4752-972b-110ffe1556d3" testId="6bdb6089-fc22-9a77-b605-74f6dfdcb543" testName="VisualTeX.WindowsOffice.Tests.WordOmmlTests.OmmlReverseDoesNotZeroOrdinaryFractionThickness" computerName="DESKTOP-VM8VUAQ" duration="00:00:00.0001517" startTime="2026-09-06T11:33:33.6850746+08:00" endTime="2026-09-06T11:33:33.6850747+08:00" testType="13cdc9d9-ddb5-4fa4-a97d-d965ccfc6d4b" outcome="Passed" testListId="8c84fa94-04c1-424b-9868-57a2d4851a1d" relativeResultsDirectory="319b1ccb-7a7d-4752-972b-110ffe1556d3" />
    <UnitTestResult executionId="dd545420-08da-48d9-a347-b79ffad25ab4" testId="d9b80494-054a-4eb6-dd59-c93dc2b82c94" testName="VisualTeX.WindowsOffice.Tests.FormulaFontSizeTests.NormalizesToCentipointRangeWithoutPresetQuantization(input: 13.255000000000001, expected: 13.26)" computerName="DESKTOP-VM8VUAQ" duration="00:00:00.0000062" startTime="2026-09-06T11:33:33.4924006+08:00" endTime="2026-09-06T11:33:33.4924006+08:00" testType="13cdc9d9-ddb5-4fa4-a97d-d965ccfc6d4b" outcome="Passed" testListId="8c84fa94-04c1-424b-9868-57a2d4851a1d" relativeResultsDirectory="dd545420-08da-48d9-a347-b79ffad25ab4" />
    <UnitTestResult executionId="e9b82481-b92c-40c4-b4a0-506a18a77c85" testId="9098b6db-f6e2-1074-6c83-1650ff9f0502" testName="VisualTeX.WindowsOffice.Tests.WordOmmlTests.ExtendedIntegralOperatorsBecomeNativeOmmlNaries(symbol: &quot;⨙&quot;)" computerName="DESKTOP-VM8VUAQ" duration="00:00:00.0001243" startTime="2026-09-06T11:33:33.6504252+08:00" endTime="2026-09-06T11:33:33.6504253+08:00" testType="13cdc9d9-ddb5-4fa4-a97d-d965ccfc6d4b" outcome="Passed" testListId="8c84fa94-04c1-424b-9868-57a2d4851a1d" relativeResultsDirectory="e9b82481-b92c-40c4-b4a0-506a18a77c85" />
    <UnitTestResult executionId="202050a9-5a36-472e-be3f-c800d7d7771f" testId="cc622a00-1de7-c66f-aceb-d2ea2052e328" testName="VisualTeX.WindowsOffice.Tests.WordBulkImportParserTests.MarkdownProducesNativeTextAndIndependentInlineAndDisplayFormulas" computerName="DESKTOP-VM8VUAQ" duration="00:00:00.0056937" startTime="2026-09-06T11:33:33.5234438+08:00" endTime="2026-09-06T11:33:33.5234439+08:00" testType="13cdc9d9-ddb5-4fa4-a97d-d965ccfc6d4b" outcome="Passed" testListId="8c84fa94-04c1-424b-9868-57a2d4851a1d" relativeResultsDirectory="202050a9-5a36-472e-be3f-c800d7d7771f" />
    <UnitTestResult executionId="8832f44c-bbb4-415a-bbcf-c243dad0c60f" testId="b78660cc-ea3a-1fd0-d2d5-96a3fbdcad76" testName="VisualTeX.WindowsOffice.Tests.WordEquationNumberingVstoTests.NativeEquationSequenceUsesTheCurrentWordCaptionLabel(code: &quot; SEQ 公式 \\* ARABIC &quot;, label: &quot;公式&quot;, expected: True)" computerName="DESKTOP-VM8VUAQ" duration="00:00:00.0000502" startTime="2026-09-06T11:33:33.4900772+08:00" endTime="2026-09-06T11:33:33.4900772+08:00" testType="13cdc9d9-ddb5-4fa4-a97d-d965ccfc6d4b" outcome="Passed" testListId="8c84fa94-04c1-424b-9868-57a2d4851a1d" relativeResultsDirectory="8832f44c-bbb4-415a-bbcf-c243dad0c60f" />
    <UnitTestResult executionId="fd1d7366-9a7b-47d4-a3ce-12ef646483c9" testId="2c25ab98-25c7-e4a0-4221-7b9fcb537336" testName="VisualTeX.WindowsOffice.Tests.WordOmmlTests.NestedEmptyBaseSubscriptsAreFlattenedBeforeOmmlConversion" computerName="DESKTOP-VM8VUAQ" duration="00:00:00.0005689" startTime="2026-09-06T11:33:33.6664828+08:00" endTime="2026-09-06T11:33:33.6664829+08:00" testType="13cdc9d9-ddb5-4fa4-a97d-d965ccfc6d4b" outcome="Passed" testListId="8c84fa94-04c1-424b-9868-57a2d4851a1d" relativeResultsDirectory="fd1d7366-9a7b-47d4-a3ce-12ef646483c9" />
    <UnitTestResult executionId="4be546c5-7099-48e1-9140-42fe96e97c85" testId="14567ed0-56ae-7c7f-1f7f-db99906f8828" testName="VisualTeX.WindowsOffice.Tests.WordOmmlTests.InlineNaryOmmlHidesEmptyLimitsWithoutForcingDisplayGrowth" computerName="DESKTOP-VM8VUAQ" duration="00:00:00.0000841" startTime="2026-09-06T11:33:33.6694535+08:00" endTime="2026-09-06T11:33:33.6694536+08:00" testType="13cdc9d9-ddb5-4fa4-a97d-d965ccfc6d4b" outcome="Passed" testListId="8c84fa94-04c1-424b-9868-57a2d4851a1d" relativeResultsDirectory="4be546c5-7099-48e1-9140-42fe96e97c85" />
    <UnitTestResult executionId="0b1d377b-ffce-40d1-a7c4-5cbde4aa6da4" testId="8b92ff31-8ca7-92c1-e393-687815132954" testName="VisualTeX.WindowsOffice.Tests.WordOmmlTests.DefiniteIntegralKeepsBothVisibleLimits" computerName="DESKTOP-VM8VUAQ" duration="00:00:00.0002520" startTime="2026-09-06T11:33:33.6645035+08:00" endTime="2026-09-06T11:33:33.6645036+08:00" testType="13cdc9d9-ddb5-4fa4-a97d-d965ccfc6d4b" outcome="Passed" testListId="8c84fa94-04c1-424b-9868-57a2d4851a1d" relativeResultsDirectory="0b1d377b-ffce-40d1-a7c4-5cbde4aa6da4" />
    <UnitTestResult executionId="c6d10378-cb23-45b4-92da-7e3e0d0296a1" testId="76a798a4-e662-6c7e-2111-d4210eacf288" testName="VisualTeX.WindowsOffice.Tests.WordBulkImportParserTests.RedrawScannerIgnoresEscapedOrUnclosedDelimiters" computerName="DESKTOP-VM8VUAQ" duration="00:00:00.0001390" startTime="2026-09-06T11:33:33.5337579+08:00" endTime="2026-09-06T11:33:33.5337580+08:00" testType="13cdc9d9-ddb5-4fa4-a97d-d965ccfc6d4b" outcome="Passed" testListId="8c84fa94-04c1-424b-9868-57a2d4851a1d" relativeResultsDirectory="c6d10378-cb23-45b4-92da-7e3e0d0296a1" />
    <UnitTestResult executionId="d7dc5dc3-b68f-410f-b21d-d30b8f2da161" testId="44a984b9-47d1-abb4-45b6-ada09e158882" testName="VisualTeX.WindowsOffice.Tests.PowerPointOleSizingTests.LegacyFormulaUsesItsPhysicalHeightAsTheFontSizeReference" computerName="DESKTOP-VM8VUAQ" duration="00:00:00.0040422" startTime="2026-09-06T11:33:33.4878813+08:00" endTime="2026-09-06T11:33:33.4878813+08:00" testType="13cdc9d9-ddb5-4fa4-a97d-d965ccfc6d4b" outcome="Passed" testListId="8c84fa94-04c1-424b-9868-57a2d4851a1d" relativeResultsDirectory="d7dc5dc3-b68f-410f-b21d-d30b8f2da161" />
    <UnitTestResult executionId="a3f4a7b2-0217-4bee-931e-2b6cf9842298" testId="470b8372-c741-8679-276e-ea7fcdddd9c2" testName="VisualTeX.WindowsOffice.Tests.FormulaFontSizeTests.ParsesChineseFontSizeNames(value: &quot;小四&quot;, expected: 12)" computerName="DESKTOP-VM8VUAQ" duration="00:00:00.0000051" startTime="2026-09-06T11:33:33.4900269+08:00" endTime="2026-09-06T11:33:33.4900269+08:00" testType="13cdc9d9-ddb5-4fa4-a97d-d965ccfc6d4b" outcome="Passed" testListId="8c84fa94-04c1-424b-9868-57a2d4851a1d" relativeResultsDirectory="a3f4a7b2-0217-4bee-931e-2b6cf9842298" />
    <UnitTestResult executionId="404bd678-249a-458a-b9b1-63cb151a0a1a" testId="d9809b94-93cd-6712-08d9-14c0e6a4f9a4" testName="VisualTeX.WindowsOffice.Tests.MathMlToLatexConverterTests.ConvertsMathMlUnderScriptsOnLimitLikeOperatorsToNativeLatexSubscripts(operatorName: &quot;min&quot;, expected: &quot;\\min_{x\\in A}&quot;)" computerName="DESKTOP-VM8VUAQ" duration="00:00:00.0000086" startTime="2026-09-06T11:33:33.4943287+08:00" endTime="2026-09-06T11:33:33.4943287+08:00" testType="13cdc9d9-ddb5-4fa4-a97d-d965ccfc6d4b" outcome="Passed" testListId="8c84fa94-04c1-424b-9868-57a2d4851a1d" relativeResultsDirectory="404bd678-249a-458a-b9b1-63cb151a0a1a" />
    <UnitTestResult executionId="5277c7c3-6d1f-4c4b-83b5-f9f647dd3668" testId="e0c61826-def5-3d33-d2ab-0d4cad54fc45" testName="VisualTeX.WindowsOffice.Tests.WordInlineAlignmentTests.CompleteMetadataHasNoFixedOrLargeFontOpticalLift(actualHeight: 24, expectedPosition: -6)" computerName="DESKTOP-VM8VUAQ" duration="00:00:00.0002314" startTime="2026-09-06T11:33:33.4909037+08:00" endTime="2026-09-06T11:33:33.4909037+08:00" testType="13cdc9d9-ddb5-4fa4-a97d-d965ccfc6d4b" outcome="Passed" testListId="8c84fa94-04c1-424b-9868-57a2d4851a1d" relativeResultsDirectory="5277c7c3-6d1f-4c4b-83b5-f9f647dd3668" />
    <UnitTestResult executionId="aca93e75-6a6b-40c4-902d-0e6d1c2ed88b" testId="6b765091-880e-c286-3583-b7328159c092" testName="VisualTeX.WindowsOffice.Tests.WordOmmlConversionIdentityTests.DriftRecoveryRequiresGlobalUniqueness" computerName="DESKTOP-VM8VUAQ" duration="00:00:00.0105393" startTime="2026-09-06T11:33:33.4931536+08:00" endTime="2026-09-06T11:33:33.4931536+08:00" testType="13cdc9d9-ddb5-4fa4-a97d-d965ccfc6d4b" outcome="Passed" testListId="8c84fa94-04c1-424b-9868-57a2d4851a1d" relativeResultsDirectory="aca93e75-6a6b-40c4-902d-0e6d1c2ed88b" />
    <UnitTestResult executionId="f7c2f268-0d83-461f-8f8d-5caeae7f62bd" testId="64bb1550-6aae-aed4-d2e7-2f87629bc7de" testName="VisualTeX.WindowsOffice.Tests.MathMlToLatexConverterTests.ConvertsAnnotatedHorizontalBracesThroughSingleTransparentWrapper(innerName: &quot;munder&quot;, marker: &quot;⏟&quot;, expected: &quot;\\underbrace{a+b}_{n}&quot;)" computerName="DESKTOP-VM8VUAQ" duration="00:00:00.0006058" startTime="2026-09-06T11:33:33.4912966+08:00" endTime="2026-09-06T11:33:33.4912966+08:00" testType="13cdc9d9-ddb5-4fa4-a97d-d965ccfc6d4b" outcome="Passed" testListId="8c84fa94-04c1-424b-9868-57a2d4851a1d" relativeResultsDirectory="f7c2f268-0d83-461f-8f8d-5caeae7f62bd" />
    <UnitTestResult executionId="fa1b97a2-f78d-4762-849f-7eefb0aab9e9" testId="19c9bbb5-5475-45dc-bf6c-7a29054b2c5a" testName="VisualTeX.WindowsOffice.Tests.ReplacementTransactionTests.FailedConfigurationKeepsOriginalAndDeletesCandidate" computerName="DESKTOP-VM8VUAQ" duration="00:00:00.0040720" startTime="2026-09-06T11:33:33.4783229+08:00" endTime="2026-09-06T11:33:33.4783571+08:00" testType="13cdc9d9-ddb5-4fa4-a97d-d965ccfc6d4b" outcome="Passed" testListId="8c84fa94-04c1-424b-9868-57a2d4851a1d" relativeResultsDirectory="fa1b97a2-f78d-4762-849f-7eefb0aab9e9" />
    <UnitTestResult executionId="71dcf9ad-5ddb-470f-b671-27513ab49c31" testId="a52a5cb7-3695-ea73-e7c0-63bfd595d168" testName="VisualTeX.WindowsOffice.Tests.WordOmmlTests.ExtendedIntegralOperatorsBecomeNativeOmmlNaries(symbol: &quot;⨒&quot;)" computerName="DESKTOP-VM8VUAQ" duration="00:00:00.0002804" startTime="2026-09-06T11:33:33.6486733+08:00" endTime="2026-09-06T11:33:33.6486734+08:00" testType="13cdc9d9-ddb5-4fa4-a97d-d965ccfc6d4b" outcome="Passed" testListId="8c84fa94-04c1-424b-9868-57a2d4851a1d" relativeResultsDirectory="71dcf9ad-5ddb-470f-b671-27513ab49c31" />
    <UnitTestResult executionId="4f625d7a-4160-44d5-acf1-3bd470eb57df" testId="061109b2-d73c-dcb5-22c5-d51906d372e3" testName="VisualTeX.WindowsOffice.Tests.WordOmmlTests.CommonFencedTablesUseNativeGrowingDelimiters(open: &quot;‖&quot;, close: &quot;‖&quot;)" computerName="DESKTOP-VM8VUAQ" duration="00:00:00.0131731" startTime="2026-09-06T11:33:33.6043769+08:00" endTime="2026-09-06T11:33:33.6043772+08:00" testType="13cdc9d9-ddb5-4fa4-a97d-d965ccfc6d4b" outcome="Passed" testListId="8c84fa94-04c1-424b-9868-57a2d4851a1d" relativeResultsDirectory="4f625d7a-4160-44d5-acf1-3bd470eb57df" />
    <UnitTestResult executionId="a727a5e3-5f45-417d-a2ba-d0c094c0792e" testId="e22e743d-ed58-7225-9a68-250ce08c6b2a" testName="VisualTeX.WindowsOffice.Tests.WordOmmlTests.ExplicitUprightFunctionLettersDoNotUprightLaterMatchingVariable" computerName="DESKTOP-VM8VUAQ" duration="00:00:00.0002849" startTime="2026-09-06T11:33:33.6639058+08:00" endTime="2026-09-06T11:33:33.6639059+08:00" testType="13cdc9d9-ddb5-4fa4-a97d-d965ccfc6d4b" outcome="Passed" testListId="8c84fa94-04c1-424b-9868-57a2d4851a1d" relativeResultsDirectory="a727a5e3-5f45-417d-a2ba-d0c094c0792e" />
    <UnitTestResult executionId="ceeb0dba-2cc2-4cbf-b021-06bc29dba53c" testId="4d33fd0d-e1d6-f472-8b68-4e08b9e425c0" testName="VisualTeX.WindowsOffice.Tests.WordDoubleClickRoutingTests.FormulaRectangleRejectsNearbyBlankPoints(x: 150, y: 199)" computerName="DESKTOP-VM8VUAQ" duration="00:00:00.0000039" startTime="2026-09-06T11:33:33.4897252+08:00" endTime="2026-09-06T11:33:33.4897252+08:00" testType="13cdc9d9-ddb5-4fa4-a97d-d965ccfc6d4b" outcome="Passed" testListId="8c84fa94-04c1-424b-9868-57a2d4851a1d" relativeResultsDirectory="ceeb0dba-2cc2-4cbf-b021-06bc29dba53c" />
    <UnitTestResult executionId="195c5261-f2d8-45ba-91d0-af553a7dbd4d" testId="7290aee8-7b3f-78fe-5f38-70440b531a0a" testName="VisualTeX.WindowsOffice.Tests.WordInlineAlignmentTests.CompleteMetadataHasNoFixedOrLargeFontOpticalLift(actualHeight: 42, expectedPosition: -10)" computerName="DESKTOP-VM8VUAQ" duration="00:00:00.0000011" startTime="2026-09-06T11:33:33.4910886+08:00" endTime="2026-09-06T11:33:33.4910887+08:00" testType="13cdc9d9-ddb5-4fa4-a97d-d965ccfc6d4b" outcome="Passed" testListId="8c84fa94-04c1-424b-9868-57a2d4851a1d" relativeResultsDirectory="195c5261-f2d8-45ba-91d0-af553a7dbd4d" />
    <UnitTestResult executionId="3e9df0e6-695d-4fb6-b7bd-71152707ca18" testId="ff9ff0ff-2fdc-f47f-8d09-d1d63000787a" testName="VisualTeX.WindowsOffice.Tests.MathMlToLatexConverterTests.ConvertsCommonWordMathMlToEditableLatex(mathMl: &quot;&lt;math xmlns=\&quot;http://www.w3.org/1998/Math/MathML\&quot;&quot;···, expected: &quot;\\frac{a}{b}&quot;)" computerName="DESKTOP-VM8VUAQ" duration="00:00:00.0000124" startTime="2026-09-06T11:33:33.4945915+08:00" endTime="2026-09-06T11:33:33.4945915+08:00" testType="13cdc9d9-ddb5-4fa4-a97d-d965ccfc6d4b" outcome="Passed" testListId="8c84fa94-04c1-424b-9868-57a2d4851a1d" relativeResultsDirectory="3e9df0e6-695d-4fb6-b7bd-71152707ca18" />
    <UnitTestResult executionId="42997565-3e6f-4e86-891f-a067ebf1743b" testId="bf411095-a8fd-531e-2928-85917f50074b" testName="VisualTeX.WindowsOffice.Tests.MathTypeFenceRoundTripTests.ARealClosingFenceIsNotEquivalentToAnEmptyOne" computerName="DESKTOP-VM8VUAQ" duration="00:00:00.0001287" startTime="2026-09-06T11:33:33.4953034+08:00" endTime="2026-09-06T11:33:33.4953034+08:00" testType="13cdc9d9-ddb5-4fa4-a97d-d965ccfc6d4b" outcome="Passed" testListId="8c84fa94-04c1-424b-9868-57a2d4851a1d" relativeResultsDirectory="42997565-3e6f-4e86-891f-a067ebf1743b" />
    <UnitTestResult executionId="f7336158-b979-4cf9-9804-e93bdb3f4a90" testId="86070ac2-304c-3089-9999-f4e082c3c422" testName="VisualTeX.WindowsOffice.Tests.WordOmmlTests.OfficeMathMlTransformNeverLeavesAnEmptyNaryOperand(latex: &quot;\\sum_{b}^{z} c&quot;, mathMl: &quot;&lt;math xmlns=\&quot;http://www.w3.org/1998/Math/MathML\&quot;&quot;···)" computerName="DESKTOP-VM8VUAQ" duration="00:00:00.1018057" startTime="2026-09-06T11:33:33.5731615+08:00" endTime="2026-09-06T11:33:33.5731620+08:00" testType="13cdc9d9-ddb5-4fa4-a97d-d965ccfc6d4b" outcome="Passed" testListId="8c84fa94-04c1-424b-9868-57a2d4851a1d" relativeResultsDirectory="f7336158-b979-4cf9-9804-e93bdb3f4a90" />
    <UnitTestResult executionId="c910846e-127e-4ef3-8574-3ba945984357" testId="ef548272-653e-e782-3a22-51b00da2497d" testName="VisualTeX.WindowsOffice.Tests.FormulaFontSizeTests.SmallInlineOleKeepsSemanticSizeAcrossWordGeometryRounding" computerName="DESKTOP-VM8VUAQ" duration="00:00:00.0001110" startTime="2026-09-06T11:33:33.4921558+08:00" endTime="2026-09-06T11:33:33.4921558+08:00" testType="13cdc9d9-ddb5-4fa4-a97d-d965ccfc6d4b" outcome="Passed" testListId="8c84fa94-04c1-424b-9868-57a2d4851a1d" relativeResultsDirectory="c910846e-127e-4ef3-8574-3ba945984357" />
    <UnitTestResult executionId="06ddc888-9396-4799-9a9d-49b10fb4f241" testId="96a4329a-01d3-54a1-e8ce-ac48556cad7e" testName="VisualTeX.WindowsOffice.Tests.WordOmmlImportSignatureTests.OnOffLexicalFormsAreEquivalentButOppositeValuesRemainDistinct" computerName="DESKTOP-VM8VUAQ" duration="00:00:00.0009081" startTime="2026-09-06T11:33:33.4933371+08:00" endTime="2026-09-06T11:33:33.4933371+08:00" testType="13cdc9d9-ddb5-4fa4-a97d-d965ccfc6d4b" outcome="Passed" testListId="8c84fa94-04c1-424b-9868-57a2d4851a1d" relativeResultsDirectory="06ddc888-9396-4799-9a9d-49b10fb4f241" />
    <UnitTestResult executionId="fbfbe9f4-33b3-4d54-9d64-4d7c082698b0" testId="21f475bc-530a-cb32-a391-936a547a8253" testName="VisualTeX.WindowsOffice.Tests.WordEquationNumberingVstoTests.OnlyVisualTeXSequenceFieldsAreUpdated(code: &quot; SEQ VisualTeXEquation \\* ARABIC &quot;, expected: True)" computerName="DESKTOP-VM8VUAQ" duration="00:00:00.0000921" startTime="2026-09-06T11:33:33.4908516+08:00" endTime="2026-09-06T11:33:33.4908516+08:00" testType="13cdc9d9-ddb5-4fa4-a97d-d965ccfc6d4b" outcome="Passed" testListId="8c84fa94-04c1-424b-9868-57a2d4851a1d" relativeResultsDirectory="fbfbe9f4-33b3-4d54-9d64-4d7c082698b0" />
    <UnitTestResult executionId="1ebbc24c-5183-4c78-a4c0-3f40ec033e26" testId="e297c907-eb9a-4073-173c-7598cc17dc0a" testName="VisualTeX.WindowsOffice.Tests.FormulaFontSizeTests.ParsesChineseFontSizeNames(value: &quot;小初&quot;, expected: 36)" computerName="DESKTOP-VM8VUAQ" duration="00:00:00.0058535" startTime="2026-09-06T11:33:33.4874853+08:00" endTime="2026-09-06T11:33:33.4874855+08:00" testType="13cdc9d9-ddb5-4fa4-a97d-d965ccfc6d4b" outcome="Passed" testListId="8c84fa94-04c1-424b-9868-57a2d4851a1d" relativeResultsDirectory="1ebbc24c-5183-4c78-a4c0-3f40ec033e26" />
    <UnitTestResult executionId="d242d115-0266-4078-a335-01072905e064" testId="e2a37eac-e1cc-40ff-901c-92524cd1f902" testName="VisualTeX.WindowsOffice.Tests.VisualTeXSessionVectorExportTests.MaterializeSvgWritesUtf8InsideTheControlledOfficeTempRoot(useBase64: False)" computerName="DESKTOP-VM8VUAQ" duration="00:00:00.0572275" startTime="2026-09-06T11:33:33.5284333+08:00" endTime="2026-09-06T11:33:33.5284334+08:00" testType="13cdc9d9-ddb5-4fa4-a97d-d965ccfc6d4b" outcome="Passed" testListId="8c84fa94-04c1-424b-9868-57a2d4851a1d" relativeResultsDirectory="d242d115-0266-4078-a335-01072905e064" />
    <UnitTestResult executionId="a212c6e5-1084-4132-b24a-d18a9b9026f7" testId="b943f2fa-4da6-80f7-6f43-74a87de8bfda" testName="VisualTeX.WindowsOffice.Tests.WordOmmlTests.WordMaterializedLimitOperatorKeepsUprightBaseGrouped(functionName: &quot;liminf&quot;)" computerName="DESKTOP-VM8VUAQ" duration="00:00:00.0000964" startTime="2026-09-06T11:33:33.6469821+08:00" endTime="2026-09-06T11:33:33.6469821+08:00" testType="13cdc9d9-ddb5-4fa4-a97d-d965ccfc6d4b" outcome="Passed" testListId="8c84fa94-04c1-424b-9868-57a2d4851a1d" relativeResultsDirectory="a212c6e5-1084-4132-b24a-d18a9b9026f7" />
    <UnitTestResult executionId="75596ed5-3f73-4acc-9df3-9ecbf1ee879b" testId="11a41844-384b-8774-d7f9-4d09e455c4f6" testName="VisualTeX.WindowsOffice.Tests.WordOmmlTests.OfficeMathMlTransformNeverLeavesAnEmptyNaryOperand(latex: &quot;\\int_0^1 x^2\\,dx&quot;, mathMl: &quot;&lt;math xmlns=\&quot;http://www.w3.org/1998/Math/MathML\&quot;&quot;···)" computerName="DESKTOP-VM8VUAQ" duration="00:00:00.0038541" startTime="2026-09-06T11:33:33.5825115+08:00" endTime="2026-09-06T11:33:33.5825122+08:00" testType="13cdc9d9-ddb5-4fa4-a97d-d965ccfc6d4b" outcome="Passed" testListId="8c84fa94-04c1-424b-9868-57a2d4851a1d" relativeResultsDirectory="75596ed5-3f73-4acc-9df3-9ecbf1ee879b" />
    <UnitTestResult executionId="4d2f6805-8da2-4356-98a2-60ae022c002d" testId="db31685e-740c-5037-3323-0fbe10bff9ac" testName="VisualTeX.WindowsOffice.Tests.MathMlToLatexConverterTests.ConvertsCommonWordMathMlToEditableLatex(mathMl: &quot;&lt;math xmlns=\&quot;http://www.w3.org/1998/Math/MathML\&quot;&quot;···, expected: &quot;\\sqrt{x^{2}+y^{2}}&quot;)" computerName="DESKTOP-VM8VUAQ" duration="00:00:00.0001206" startTime="2026-09-06T11:33:33.4945783+08:00" endTime="2026-09-06T11:33:33.4945783+08:00" testType="13cdc9d9-ddb5-4fa4-a97d-d965ccfc6d4b" outcome="Passed" testListId="8c84fa94-04c1-424b-9868-57a2d4851a1d" relativeResultsDirectory="4d2f6805-8da2-4356-98a2-60ae022c002d" />
    <UnitTestResult executionId="b7506e42-2a11-4e0a-95ce-3927b433d402" testId="a8948f67-1187-d909-54e0-4e48feb907be" testName="VisualTeX.WindowsOffice.Tests.PowerPointOleSizingTests.LongerReplacementKeepsTheExistingVisualScale" computerName="DESKTOP-VM8VUAQ" duration="00:00:00.0001125" startTime="2026-09-06T11:33:33.4908666+08:00" endTime="2026-09-06T11:33:33.4908666+08:00" testType="13cdc9d9-ddb5-4fa4-a97d-d965ccfc6d4b" outcome="Passed" testListId="8c84fa94-04c1-424b-9868-57a2d4851a1d" relativeResultsDirectory="b7506e42-2a11-4e0a-95ce-3927b433d402" />
    <UnitTestResult executionId="dcbb5d40-b8c1-4ddd-8eea-22827aafef31" testId="2a4ffc0d-ee9a-a587-fff8-b634dc854540" testName="VisualTeX.WindowsOffice.Tests.WordOmmlImportSignatureTests.LiteralTextDoesNotFoldUnicodeMinusIntoHyphen" computerName="DESKTOP-VM8VUAQ" duration="00:00:00.0002222" startTime="2026-09-06T11:33:33.4935102+08:00" endTime="2026-09-06T11:33:33.4935102+08:00" testType="13cdc9d9-ddb5-4fa4-a97d-d965ccfc6d4b" outcome="Passed" testListId="8c84fa94-04c1-424b-9868-57a2d4851a1d" relativeResultsDirectory="dcbb5d40-b8c1-4ddd-8eea-22827aafef31" />
    <UnitTestResult executionId="67451651-1904-4dfc-b45f-fbbbf57fc0c5" testId="e4ae065e-0908-09b9-e6b9-9763fe6f7455" testName="VisualTeX.WindowsOffice.Tests.WordEquationNumberingVstoTests.NumberPositionCentersTheTextBesideTheFormula(formulaHeight: NaN, fontSize: 11, expected: 0)" computerName="DESKTOP-VM8VUAQ" duration="00:00:00.0003914" startTime="2026-09-06T11:33:33.4913161+08:00" endTime="2026-09-06T11:33:33.4913161+08:00" testType="13cdc9d9-ddb5-4fa4-a97d-d965ccfc6d4b" outcome="Passed" testListId="8c84fa94-04c1-424b-9868-57a2d4851a1d" relativeResultsDirectory="67451651-1904-4dfc-b45f-fbbbf57fc0c5" />
    <UnitTestResult executionId="a83dcecf-f21e-4b44-9113-8f7aefd7166e" testId="8dd6d9f2-c273-4820-bdd9-49984e724f23" testName="VisualTeX.WindowsOffice.Tests.MathTypeFenceRoundTripTests.ExplicitFencesPreserveSemanticsAndExpandableTemplate(open: &quot;(&quot;, close: &quot;&quot;)" computerName="DESKTOP-VM8VUAQ" duration="00:00:00.0217696" startTime="2026-09-06T11:33:33.4950970+08:00" endTime="2026-09-06T11:33:33.4950971+08:00" testType="13cdc9d9-ddb5-4fa4-a97d-d965ccfc6d4b" outcome="Passed" testListId="8c84fa94-04c1-424b-9868-57a2d4851a1d" relativeResultsDirectory="a83dcecf-f21e-4b44-9113-8f7aefd7166e" />
    <UnitTestResult executionId="8b081bfc-ed6d-4812-a6d8-cb3f96af6006" testId="9221c84f-7d78-25f1-70f0-c0c82c60fe3f" testName="VisualTeX.WindowsOffice.Tests.WordOmmlTests.WordMaterializedFunctionApplicationKeepsPlainRunGrouped(functionName: &quot;exp&quot;)" computerName="DESKTOP-VM8VUAQ" duration="00:00:00.0000786" startTime="2026-09-06T11:33:33.6637872+08:00" endTime="2026-09-06T11:33:33.6637873+08:00" testType="13cdc9d9-ddb5-4fa4-a97d-d965ccfc6d4b" outcome="Passed" testListId="8c84fa94-04c1-424b-9868-57a2d4851a1d" relativeResultsDirectory="8b081bfc-ed6d-4812-a6d8-cb3f96af6006" />
    <UnitTestResult executionId="d5dd4b6e-83d9-48ac-b7bb-1a23aad5a6dc" testId="7d2efb91-aa0e-9ec4-a64b-60a767a95499" testName="VisualTeX.WindowsOffice.Tests.WordOmmlTests.ExtendedIntegralOperatorsBecomeNativeOmmlNaries(symbol: &quot;⨎&quot;)" computerName="DESKTOP-VM8VUAQ" duration="00:00:00.0001321" startTime="2026-09-06T11:33:33.6515020+08:00" endTime="2026-09-06T11:33:33.6515020+08:00" testType="13cdc9d9-ddb5-4fa4-a97d-d965ccfc6d4b" outcome="Passed" testListId="8c84fa94-04c1-424b-9868-57a2d4851a1d" relativeResultsDirectory="d5dd4b6e-83d9-48ac-b7bb-1a23aad5a6dc" />
[...]
    <TestEntry testId="c63ad02d-2aff-0b08-a2ae-1f715f94ec73" executionId="75629c57-0ee8-42a0-aee3-9c877f167d8b" testListId="8c84fa94-04c1-424b-9868-57a2d4851a1d" />
    <TestEntry testId="4ec1665f-46f3-ecc5-6758-a81b8a658a12" executionId="dc698da2-2ac9-4677-b587-75a8ac07a006" testListId="8c84fa94-04c1-424b-9868-57a2d4851a1d" />
    <TestEntry testId="fd7f31d5-0484-d155-f3a7-c2ee51f5e87a" executionId="6454e4de-65ec-442a-a00e-f4995da89d72" testListId="8c84fa94-04c1-424b-9868-57a2d4851a1d" />
    <TestEntry testId="0f7f46c9-b159-6636-ca1a-dcc1a310ae5c" executionId="aff32b9c-6ec9-436d-82b5-fb6c3ff1a5b6" testListId="8c84fa94-04c1-424b-9868-57a2d4851a1d" />
    <TestEntry testId="2d5a11d8-62a2-9c9d-28f1-4b8650ad0492" executionId="a929cb7b-6df3-45aa-bb64-75845480814e" testListId="8c84fa94-04c1-424b-9868-57a2d4851a1d" />
    <TestEntry testId="a892e634-6483-35c5-f1a7-7a922b1ce8d8" executionId="bd860b48-075b-41f2-aa7d-c24be7895b27" testListId="8c84fa94-04c1-424b-9868-57a2d4851a1d" />
    <TestEntry testId="a5b9e7bd-1359-c739-5c14-4efb8d0ca400" executionId="e38b87ef-73a9-4cf7-8ded-f901481f7177" testListId="8c84fa94-04c1-424b-9868-57a2d4851a1d" />
    <TestEntry testId="cad4e633-cf0d-935c-430d-db7eea2eea69" executionId="3d44f48d-cfdf-44d7-944f-ced3f48db5fa" testListId="8c84fa94-04c1-424b-9868-57a2d4851a1d" />
    <TestEntry testId="ffd2ea6d-a17d-3239-1835-2e3a445fe27f" executionId="e8398d89-85ac-412f-9af4-7543be0b5f9a" testListId="8c84fa94-04c1-424b-9868-57a2d4851a1d" />
    <TestEntry testId="82904873-ef69-6450-7ad5-b1e37b403949" executionId="2714b7f8-a97b-47e6-9c68-93686d7ab750" testListId="8c84fa94-04c1-424b-9868-57a2d4851a1d" />
    <TestEntry testId="722ded50-320a-d76b-ac56-ba3ee1b64115" executionId="e60469c5-9631-4265-a8ce-a841b082c38f" testListId="8c84fa94-04c1-424b-9868-57a2d4851a1d" />
    <TestEntry testId="74ea3012-6049-6545-d9a8-66f7377f1642" executionId="34dedd6e-a29f-4125-a546-269b5b9dfed6" testListId="8c84fa94-04c1-424b-9868-57a2d4851a1d" />
    <TestEntry testId="867f01ae-330f-3983-fb90-8ef03ad0f1ac" executionId="10438cc5-c40a-4220-914a-181e2ebda851" testListId="8c84fa94-04c1-424b-9868-57a2d4851a1d" />
    <TestEntry testId="6c302bff-8122-076a-c874-01facacb29a5" executionId="af1aa612-f29f-4cc6-89d7-11722b357c97" testListId="8c84fa94-04c1-424b-9868-57a2d4851a1d" />
    <TestEntry testId="117ad7a0-899b-86d3-b89d-c924d52b699f" executionId="bf97ffff-70e5-467f-a473-0c76606c35d1" testListId="8c84fa94-04c1-424b-9868-57a2d4851a1d" />
    <TestEntry testId="c0b56110-3030-41a3-ea31-8a6017d5b658" executionId="25f9a336-846d-4231-9d02-ad3f0673ef0f" testListId="8c84fa94-04c1-424b-9868-57a2d4851a1d" />
    <TestEntry testId="cf45486f-132e-9e7f-b775-50eb7a331ef2" executionId="cec27491-3014-45f9-874e-6a27fc7c4af1" testListId="8c84fa94-04c1-424b-9868-57a2d4851a1d" />
    <TestEntry testId="5de502a7-65aa-8776-a247-6b1814797896" executionId="8f191517-df84-4b30-a91d-178a1b61826f" testListId="8c84fa94-04c1-424b-9868-57a2d4851a1d" />
    <TestEntry testId="9f897a6e-783a-a6a1-0636-5352f47493e4" executionId="3fa98a96-b1e5-4beb-896b-6f0bcdca073f" testListId="8c84fa94-04c1-424b-9868-57a2d4851a1d" />
    <TestEntry testId="e63345d1-1f6f-c2ec-1ab0-e977c4601cfd" executionId="a932ae96-79d0-45e8-a339-db1743473233" testListId="8c84fa94-04c1-424b-9868-57a2d4851a1d" />
    <TestEntry testId="0340c5f6-2a1d-34d1-979c-aeed5aa73bcb" executionId="abd2e5f8-c348-455d-91e5-65a1782a2c5a" testListId="8c84fa94-04c1-424b-9868-57a2d4851a1d" />
    <TestEntry testId="aa608108-122a-71a6-4e9a-27b065d1b582" executionId="9ecfdd0c-eb51-4e68-89bb-7937cf415616" testListId="8c84fa94-04c1-424b-9868-57a2d4851a1d" />
    <TestEntry testId="1018f3e7-1277-d806-9345-8eab8e0d55e5" executionId="ea1b1713-26c8-42b1-b2a6-affe54c477cc" testListId="8c84fa94-04c1-424b-9868-57a2d4851a1d" />
    <TestEntry testId="255d9920-a483-6ffa-3674-688f20f5dff6" executionId="ec0c0fae-a7bf-41eb-bc00-fc2a31bacb40" testListId="8c84fa94-04c1-424b-9868-57a2d4851a1d" />
    <TestEntry testId="21f0ba0a-5a3a-cec8-93d7-867384b6d734" executionId="c37cf96d-7296-4f93-83cc-ef9b9926cd7d" testListId="8c84fa94-04c1-424b-9868-57a2d4851a1d" />
    <TestEntry testId="1e49778f-eb42-ebc6-ebae-4a7b26a90c3b" executionId="321796c1-ab07-42f6-aabe-67759e626ffd" testListId="8c84fa94-04c1-424b-9868-57a2d4851a1d" />
    <TestEntry testId="fe698d41-dc13-ab94-d668-01109297b44a" executionId="2ed99b6d-8178-4729-b60a-8e0f635508f6" testListId="8c84fa94-04c1-424b-9868-57a2d4851a1d" />
    <TestEntry testId="7da7483c-c217-1447-6bc6-1b92ddffbf0d" executionId="0290a126-8af4-442f-a94a-1be556dd6612" testListId="8c84fa94-04c1-424b-9868-57a2d4851a1d" />
    <TestEntry testId="c247fb14-4652-c83f-7134-63a138075691" executionId="f27e265e-8b0d-42c7-b409-f64de7de3ee0" testListId="8c84fa94-04c1-424b-9868-57a2d4851a1d" />
    <TestEntry testId="09180a4e-ba19-ac5f-b1b6-a7b4572a86c1" executionId="06494cb2-0b35-4e36-8549-5c2ba6489484" testListId="8c84fa94-04c1-424b-9868-57a2d4851a1d" />
    <TestEntry testId="e49a7c25-eac4-8828-8ccc-0d75c8cd5e38" executionId="14a4a4fc-33e8-4df3-bdd8-c2e77c1f4aff" testListId="8c84fa94-04c1-424b-9868-57a2d4851a1d" />
    <TestEntry testId="e726bf36-8cf0-95fb-1a69-f8fd55276878" executionId="34f32d3c-ca7b-404d-abef-ccad1ddc0050" testListId="8c84fa94-04c1-424b-9868-57a2d4851a1d" />
    <TestEntry testId="a38de351-e352-5cbe-30e2-930ed43d4bc2" executionId="88c76152-7c3c-4bc7-8937-ad7f0fc9c0f4" testListId="8c84fa94-04c1-424b-9868-57a2d4851a1d" />
    <TestEntry testId="ea3bdd2f-148b-48f8-e23f-6088aef803bc" executionId="970ddc43-99bb-4f8c-8982-81547bd0bf3e" testListId="8c84fa94-04c1-424b-9868-57a2d4851a1d" />
    <TestEntry testId="86d5f802-24f9-2e59-25f1-d4f9badd45d4" executionId="06181d72-7d69-46fe-a4c2-b5967a6fc617" testListId="8c84fa94-04c1-424b-9868-57a2d4851a1d" />
    <TestEntry testId="fc7093c2-ebb7-46e7-e807-dffc1bbd356b" executionId="8601646c-86fb-499c-b480-1a226ed712e8" testListId="8c84fa94-04c1-424b-9868-57a2d4851a1d" />
    <TestEntry testId="04294858-1fda-38cb-22e9-1b7ee2dfdd00" executionId="d1ef42f5-8297-49f7-b09a-aaf2785e2567" testListId="8c84fa94-04c1-424b-9868-57a2d4851a1d" />
    <TestEntry testId="598e1bc1-91e2-bdc0-aca7-a78381d8ca24" executionId="d7d6c59c-475f-4016-8792-9cdd2a99592b" testListId="8c84fa94-04c1-424b-9868-57a2d4851a1d" />
    <TestEntry testId="aad822de-4381-1cd9-74ff-b79277fbf48d" executionId="6dc1408d-db95-4609-a12c-03e699d40943" testListId="8c84fa94-04c1-424b-9868-57a2d4851a1d" />
    <TestEntry testId="dbc9fd68-f18d-0ad7-f40f-89fc68e9ade8" executionId="27b98d3a-aabd-4210-ad38-266fad15fd51" testListId="8c84fa94-04c1-424b-9868-57a2d4851a1d" />
    <TestEntry testId="6897f651-18ad-8e8b-4e1a-444901caa54a" executionId="6adcd0cd-abe8-4002-a38b-79249222ad53" testListId="8c84fa94-04c1-424b-9868-57a2d4851a1d" />
    <TestEntry testId="4fb45688-7ba9-dd37-20bc-47b0eb51e4ee" executionId="e51b6981-775e-4eb8-a51d-fc825c5bc811" testListId="8c84fa94-04c1-424b-9868-57a2d4851a1d" />
    <TestEntry testId="df07a781-9f61-a486-75a9-7fd76b24c93a" executionId="2e7faa2e-b3cb-4b67-ae93-b036fe8d8fa3" testListId="8c84fa94-04c1-424b-9868-57a2d4851a1d" />
    <TestEntry testId="7c931bc9-be27-29d1-9741-35f2ddf033a8" executionId="ba26e690-034f-4d92-a122-d0df3b649d7d" testListId="8c84fa94-04c1-424b-9868-57a2d4851a1d" />
    <TestEntry testId="0aabf6ef-dbe7-354a-739f-4b23764e354f" executionId="55e0e342-895b-416f-b5e6-5277b3dad80d" testListId="8c84fa94-04c1-424b-9868-57a2d4851a1d" />
    <TestEntry testId="3f219b7e-bc5a-f484-79de-f5415e1b3fb7" executionId="a2880f48-23cb-4e96-8c42-24cc5672d0dc" testListId="8c84fa94-04c1-424b-9868-57a2d4851a1d" />
    <TestEntry testId="20e97ea2-b65d-670a-af86-7f3577ac580d" executionId="861b9480-d154-4128-b338-0512e71f78f3" testListId="8c84fa94-04c1-424b-9868-57a2d4851a1d" />
    <TestEntry testId="cf187193-a424-d057-8868-545da1ab4479" executionId="735fe04e-7ee9-4c8c-a939-babfa6606d81" testListId="8c84fa94-04c1-424b-9868-57a2d4851a1d" />
    <TestEntry testId="e7b6b760-590d-538b-569b-ff6b33865029" executionId="2bf6c9f0-805d-4b15-a86f-c8610d0034a3" testListId="8c84fa94-04c1-424b-9868-57a2d4851a1d" />
    <TestEntry testId="5f5b70c2-2a0f-c245-1ff2-ab683e4fcd03" executionId="b97a16e9-ac42-4287-b3e1-e63ce97c648b" testListId="8c84fa94-04c1-424b-9868-57a2d4851a1d" />
    <TestEntry testId="fd86a0e3-ddd1-9c59-38e8-e6dc84cee1d7" executionId="44cbca6b-3e99-45a9-aaab-490c549b02d3" testListId="8c84fa94-04c1-424b-9868-57a2d4851a1d" />
    <TestEntry testId="67668da1-6228-fd17-e3c8-f89809242ef0" executionId="1b73ecf5-d24b-4b04-9945-866e35bc4060" testListId="8c84fa94-04c1-424b-9868-57a2d4851a1d" />
    <TestEntry testId="23d9e5a8-b61f-d576-5a3c-e9e1f81bbab9" executionId="30b06099-a7ae-4863-ba47-4278da87468d" testListId="8c84fa94-04c1-424b-9868-57a2d4851a1d" />
    <TestEntry testId="409a259b-dce4-7bdc-8980-fd2d080d0519" executionId="e1266969-dac6-427e-b1b9-2c2e7f08de33" testListId="8c84fa94-04c1-424b-9868-57a2d4851a1d" />
    <TestEntry testId="9862ea1a-2066-6bd3-fa3d-66b870331b7a" executionId="67b0af22-4529-4bec-ae09-f020c28d7c28" testListId="8c84fa94-04c1-424b-9868-57a2d4851a1d" />
    <TestEntry testId="4b85b427-41c3-7635-108a-3ae325e9ffb2" executionId="bf1958f3-6be2-4afc-aa3d-b11bcef3d1c2" testListId="8c84fa94-04c1-424b-9868-57a2d4851a1d" />
    <TestEntry testId="ccaabd92-fd83-07fc-2f28-a56b3d7f9c2a" executionId="caa366d1-509d-497a-baab-9f0b3cc0113d" testListId="8c84fa94-04c1-424b-9868-57a2d4851a1d" />
    <TestEntry testId="7e60aff4-2f68-1484-56a9-c4c70711e827" executionId="534adc87-49a9-442e-82f7-1dcfea6ff745" testListId="8c84fa94-04c1-424b-9868-57a2d4851a1d" />
    <TestEntry testId="31012d02-cd90-8745-6357-6c60d640a4f2" executionId="4f3463f3-23dd-41f3-9965-c056c0af4819" testListId="8c84fa94-04c1-424b-9868-57a2d4851a1d" />
    <TestEntry testId="05a41ee6-561d-04d6-fe9f-c0122e73e5b6" executionId="23be6e48-3c49-4f1f-934b-847ec82a9fcf" testListId="8c84fa94-04c1-424b-9868-57a2d4851a1d" />
    <TestEntry testId="2d421221-279e-3ed8-e061-53b3110c37f2" executionId="10f73985-625e-4aa2-8fea-f2758cadb3c1" testListId="8c84fa94-04c1-424b-9868-57a2d4851a1d" />
    <TestEntry testId="37d95996-6599-0ffb-f4cb-454b3095fe11" executionId="aed6e809-95af-4d5b-b527-622355369186" testListId="8c84fa94-04c1-424b-9868-57a2d4851a1d" />
    <TestEntry testId="7d3ad839-6915-1667-a9fc-f39abb14f023" executionId="7277f0e2-75b7-4936-b893-ff0eb56968fd" testListId="8c84fa94-04c1-424b-9868-57a2d4851a1d" />
    <TestEntry testId="0c5f8729-60c8-44d8-60ec-1311d230cacd" executionId="46ecf54a-5003-43b8-837d-8830f9711fdc" testListId="8c84fa94-04c1-424b-9868-57a2d4851a1d" />
    <TestEntry testId="e47e2f3e-cde6-b783-a79b-4297bbf7e56e" executionId="ab9cc27c-55ab-4b5f-bf00-0b8ebf1dfff7" testListId="8c84fa94-04c1-424b-9868-57a2d4851a1d" />
    <TestEntry testId="b874c4e2-3a92-f4bc-f5b8-0c90364e1945" executionId="1e4942e2-d7b0-4ef7-9e58-bf83a7ee87a3" testListId="8c84fa94-04c1-424b-9868-57a2d4851a1d" />
    <TestEntry testId="07df387b-aad2-81fa-bd33-0380bc0a1e90" executionId="fcf9c7d0-5dd1-40a0-a106-457b77d74cec" testListId="8c84fa94-04c1-424b-9868-57a2d4851a1d" />
    <TestEntry testId="36edc8b8-6222-c522-8ddf-d23e3fc4b3c2" executionId="d737a754-49fd-4b6d-a55f-7573e6d826ad" testListId="8c84fa94-04c1-424b-9868-57a2d4851a1d" />
    <TestEntry testId="9ac2af8a-49b2-8e37-d540-2e0d7744dbad" executionId="f150be1b-c373-4d52-98b5-1ee58a61853b" testListId="8c84fa94-04c1-424b-9868-57a2d4851a1d" />
    <TestEntry testId="5cd07f9a-ccd8-da58-b793-d4c53a8b3de8" executionId="152522d8-321f-4ab9-b97e-767ce7d95a72" testListId="8c84fa94-04c1-424b-9868-57a2d4851a1d" />
    <TestEntry testId="3a176b53-421c-be0e-b4c4-16ccd681a92b" executionId="eab121fb-f0b8-43de-9b5a-f38ac2491b90" testListId="8c84fa94-04c1-424b-9868-57a2d4851a1d" />
    <TestEntry testId="c4a6fb46-23b1-ff27-30b6-72a7c68eb422" executionId="8ca4523f-0a33-42ad-a83a-af1c2697b587" testListId="8c84fa94-04c1-424b-9868-57a2d4851a1d" />
    <TestEntry testId="5f983f86-bbac-67f6-5527-c28413c6be0d" executionId="0e970ba9-7efe-465c-8d15-cee0707dd74d" testListId="8c84fa94-04c1-424b-9868-57a2d4851a1d" />
    <TestEntry testId="ffec085e-72ce-774b-d1a2-e6f9ca5272fb" executionId="47a7cda8-e880-41f5-a085-2130f90b9ea1" testListId="8c84fa94-04c1-424b-9868-57a2d4851a1d" />
    <TestEntry testId="fbabb4b0-713c-c94f-1c15-111155d3a834" executionId="67dbbf1e-21f8-450e-93a4-3e541154a41c" testListId="8c84fa94-04c1-424b-9868-57a2d4851a1d" />
    <TestEntry testId="6434bf93-b29d-b8ff-7e87-75cb5f8dbeca" executionId="3eec4e1a-73af-44d9-bfb4-f9e532e7d9e5" testListId="8c84fa94-04c1-424b-9868-57a2d4851a1d" />
    <TestEntry testId="5837e6e3-cac2-0e70-841b-68e1465cb4e5" executionId="18599756-8615-458a-bb53-80e51f5eece4" testListId="8c84fa94-04c1-424b-9868-57a2d4851a1d" />
    <TestEntry testId="921e67b9-c451-2118-dfca-573518bac93a" executionId="3027b65d-dac8-4b85-a576-060dd32108bf" testListId="8c84fa94-04c1-424b-9868-57a2d4851a1d" />
    <TestEntry testId="4a59f318-87ba-d184-5911-6cf36e9c2ca0" executionId="f6975590-024f-4592-8035-74d9011c781f" testListId="8c84fa94-04c1-424b-9868-57a2d4851a1d" />
    <TestEntry testId="6f598fab-817c-788a-7e54-ea98680d27ec" executionId="b511f7d3-3ff4-4a4a-8b38-4a9d93556bb5" testListId="8c84fa94-04c1-424b-9868-57a2d4851a1d" />
    <TestEntry testId="5a72638b-0500-432b-0fbe-5605100c76e3" executionId="49b88238-3828-4ef4-8eb3-c545f5eba21a" testListId="8c84fa94-04c1-424b-9868-57a2d4851a1d" />
    <TestEntry testId="f956e174-b5f5-f49f-9923-2fe4d447ad69" executionId="2ca6ae68-3b95-4043-a3b5-0fae8193196c" testListId="8c84fa94-04c1-424b-9868-57a2d4851a1d" />
    <TestEntry testId="f3a53a34-ca00-76dc-1445-94ba4d0f3ded" executionId="ab48693d-078b-4a62-bcbd-6dceb51b9471" testListId="8c84fa94-04c1-424b-9868-57a2d4851a1d" />
    <TestEntry testId="546d1866-b08a-45c3-d143-2f2821a95638" executionId="5b77ec35-91fb-4211-bc25-1438f1c174b5" testListId="8c84fa94-04c1-424b-9868-57a2d4851a1d" />
    <TestEntry testId="404d37b3-ba91-58bc-8139-721fa60a2eac" executionId="19c9dca7-a528-4e8d-a3e7-1b001c85b456" testListId="8c84fa94-04c1-424b-9868-57a2d4851a1d" />
    <TestEntry testId="9d4fc7df-75ca-ee6c-8585-badb51ddd47b" executionId="93d77451-b06c-4e57-9639-36b473966aff" testListId="8c84fa94-04c1-424b-9868-57a2d4851a1d" />
    <TestEntry testId="798e6e03-0933-3f19-9873-f6066d290dcd" executionId="5a218ab8-ed3d-4cde-bd0a-be81a145d87e" testListId="8c84fa94-04c1-424b-9868-57a2d4851a1d" />
    <TestEntry testId="a0281ab3-75ef-3358-2ac6-e4e611d58758" executionId="48e3a899-387f-4e99-b558-2b784d9b76df" testListId="8c84fa94-04c1-424b-9868-57a2d4851a1d" />
    <TestEntry testId="191dffc2-15cc-146e-3114-3a9d77530c2b" executionId="998357fc-2fc2-4c83-8a62-e0b134d4c84c" testListId="8c84fa94-04c1-424b-9868-57a2d4851a1d" />
    <TestEntry testId="c3ec0312-9f41-23de-2eac-015b098c1dfa" executionId="4bf5aceb-2801-43d1-95cc-166834413da6" testListId="8c84fa94-04c1-424b-9868-57a2d4851a1d" />
    <TestEntry testId="4b10072a-6f81-6deb-ec0c-55ba79f88857" executionId="6a940eb4-8690-42b6-9a83-714fe8590cc1" testListId="8c84fa94-04c1-424b-9868-57a2d4851a1d" />
    <TestEntry testId="fef8b82c-7c37-d1fb-dd30-1f87b0e231aa" executionId="fdf9a6a5-24e8-4b61-aa5c-0385f0b5f8fc" testListId="8c84fa94-04c1-424b-9868-57a2d4851a1d" />
    <TestEntry testId="a48fff5d-0274-d88d-346c-565e708046e7" executionId="22784989-1d34-46f0-8293-ba04f380d092" testListId="8c84fa94-04c1-424b-9868-57a2d4851a1d" />
    <TestEntry testId="6818501b-f309-71b7-4dcd-87af36ad6ef6" executionId="3763e201-eb41-415c-90b2-004a373f55ff" testListId="8c84fa94-04c1-424b-9868-57a2d4851a1d" />
    <TestEntry testId="4b503b57-89a6-733a-be05-e9cde29cb88c" executionId="f6f9db6a-ba77-4e41-919f-5e4844b265ea" testListId="8c84fa94-04c1-424b-9868-57a2d4851a1d" />
    <TestEntry testId="3c26cb1e-e15b-3268-de71-e6f84ecd7b05" executionId="0e37f947-231a-4068-af61-c276c34011d9" testListId="8c84fa94-04c1-424b-9868-57a2d4851a1d" />
    <TestEntry testId="27e3e299-cb17-bffc-a299-e185fd554796" executionId="aebceffb-998a-460c-8c63-d73c12894f5f" testListId="8c84fa94-04c1-424b-9868-57a2d4851a1d" />
    <TestEntry testId="4d241a7e-9f5c-417f-2c03-7119b261022f" executionId="0dbe1988-cd2f-4545-817f-bb0f2f20a5f5" testListId="8c84fa94-04c1-424b-9868-57a2d4851a1d" />
    <TestEntry testId="4aee7494-8638-cf69-a1f9-5951c66b0560" executionId="a3b06581-8be8-4586-afbc-f1fe1bacb8d5" testListId="8c84fa94-04c1-424b-9868-57a2d4851a1d" />
    <TestEntry testId="bd0fb77d-f6cf-6c94-dbab-27546bf1bf26" executionId="061c3018-c9a6-4c25-be94-91f11fcbd2c0" testListId="8c84fa94-04c1-424b-9868-57a2d4851a1d" />
    <TestEntry testId="0d94e8b9-9968-af86-f4b0-7ab6fe2903e3" executionId="75e7238c-eca3-49cc-8969-fe4a2de2b26f" testListId="8c84fa94-04c1-424b-9868-57a2d4851a1d" />
    <TestEntry testId="9d56b6f2-d414-20d7-fc93-128469597dbd" executionId="51b17e99-d918-420b-b462-dd3453643044" testListId="8c84fa94-04c1-424b-9868-57a2d4851a1d" />
    <TestEntry testId="f592b08a-36e6-8edf-78d5-e9e8f0247f11" executionId="f0bb4521-62bd-4002-bc98-c96b26d0d0e3" testListId="8c84fa94-04c1-424b-9868-57a2d4851a1d" />
    <TestEntry testId="9507a0bb-3d0a-d8f3-d583-cb2c589a9893" executionId="fd6d87af-aa3f-411c-b57d-b85ffd933989" testListId="8c84fa94-04c1-424b-9868-57a2d4851a1d" />
    <TestEntry testId="4aa53dc6-c78d-ead8-b012-422ed451966e" executionId="0f6410fe-f7a8-4b96-8df2-a06d45c47d3c" testListId="8c84fa94-04c1-424b-9868-57a2d4851a1d" />
    <TestEntry testId="57e1a4c0-2bb4-51de-a2f7-b7a7412d59be" executionId="42733f7a-f502-4e22-be07-fceb4a2f8da8" testListId="8c84fa94-04c1-424b-9868-57a2d4851a1d" />
    <TestEntry testId="dcb09b44-7149-42f6-6a8c-6bf66b3accbb" executionId="93103b2d-4f79-4e3a-9f2c-425d64eff1cc" testListId="8c84fa94-04c1-424b-9868-57a2d4851a1d" />
    <TestEntry testId="02e2dac5-621d-19b8-1708-ac5d424ce51e" executionId="9b6d348a-11cb-4d62-8d36-51a491eb0772" testListId="8c84fa94-04c1-424b-9868-57a2d4851a1d" />
    <TestEntry testId="9d25ea07-e204-7d6e-2194-70ac1e68cee6" executionId="c61e3cac-a9dd-4865-83b7-abe86ac979e8" testListId="8c84fa94-04c1-424b-9868-57a2d4851a1d" />
    <TestEntry testId="dbc6df81-b634-f526-81dd-b47919815e8b" executionId="caf97eec-1e8a-45b5-ade8-b91c24f03177" testListId="8c84fa94-04c1-424b-9868-57a2d4851a1d" />
    <TestEntry testId="dc90aa22-7368-aae2-11ee-d0034a21be21" executionId="c471fd3f-2cb3-418e-b7d7-22abbbd393ad" testListId="8c84fa94-04c1-424b-9868-57a2d4851a1d" />
    <TestEntry testId="01ce8360-529f-e8ea-410e-31785b11bd8a" executionId="7e36c8e0-a8f9-4b40-abd2-4e6495b513bf" testListId="8c84fa94-04c1-424b-9868-57a2d4851a1d" />
    <TestEntry testId="91b84608-61dc-4e3a-15d6-42d877152345" executionId="73191a4c-ef58-4333-85ad-37a5316aaa1e" testListId="8c84fa94-04c1-424b-9868-57a2d4851a1d" />
    <TestEntry testId="510164c5-cdf2-dcfe-d61c-061149fbbbd4" executionId="ae8b0530-0cb3-4469-92ff-5156af073edb" testListId="8c84fa94-04c1-424b-9868-57a2d4851a1d" />
    <TestEntry testId="dd2dcece-1297-a027-1703-33d1fe3eb82b" executionId="68faed2a-42cc-48b2-9a1f-61a3407a5605" testListId="8c84fa94-04c1-424b-9868-57a2d4851a1d" />
  </TestEntries>
  <TestLists>
    <TestList name="列表中未列出的结果" id="8c84fa94-04c1-424b-9868-57a2d4851a1d" />
    <TestList name="所有已加载的结果" id="19431567-8539-422a-85d7-44ee4e166bda" />
  </TestLists>
  <ResultSummary outcome="Completed">
    <Counters total="379" executed="379" passed="379" failed="0" error="0" timeout="0" aborted="0" inconclusive="0" passedButRunAborted="0" notRunnable="0" notExecuted="0" disconnected="0" warning="0" completed="0" inProgress="0" pending="0" />
    <Output>
      <StdOut>[xUnit.net 00:00:00.00] xUnit.net VSTest Adapter v2.8.2+699d445a1a (64-bit .NET 8.0.29)&#xD;
[xUnit.net 00:00:00.04]   Discovering: VisualTeX.WindowsOffice.Tests&#xD;
[xUnit.net 00:00:00.08]   Discovered:  VisualTeX.WindowsOffice.Tests&#xD;
[xUnit.net 00:00:00.09]   Starting:    VisualTeX.WindowsOffice.Tests&#xD;
[xUnit.net 00:00:00.38]   Finished:    VisualTeX.WindowsOffice.Tests&#xD;
</StdOut>
    </Output>
  </ResultSummary>
</TestRun>