<?xml version="1.0" encoding="utf-8"?>
<TestRun id="a05b7081-a99e-45fc-a711-d4453a1709fd" name="pojian_liao@DESKTOP-VM8VUAQ 2026-09-06 13:28:37" runUser="DESKTOP-VM8VUAQ\CodexSandboxOffline" xmlns="http://microsoft.com/schemas/VisualStudio/TeamTest/2010">
  <Times creation="2026-09-06T13:28:37.5638132+08:00" queuing="2026-09-06T13:28:37.5638133+08:00" start="2026-09-06T13:28:37.1765036+08:00" finish="2026-09-06T13:28:37.9760550+08:00" />
  <TestSettings name="default" id="a3bbe3ca-8ed3-438e-a26f-1251cf2040f6">
    <Deployment runDeploymentRoot="pojian_liao_DESKTOP-VM8VUAQ_2026-09-06_13_28_37" />
  </TestSettings>
  <Results>
    <UnitTestResult executionId="3056af39-d5bd-43f4-8c6a-1bcf77b37bc0" testId="598e1bc1-91e2-bdc0-aca7-a78381d8ca24" testName="VisualTeX.WindowsOffice.Tests.WordBulkImportParserTests.MarkdownStrongMarkersAndNestedEmphasisRemainStructured" computerName="DESKTOP-VM8VUAQ" duration="00:00:00.0005388" startTime="2026-09-06T13:28:37.6075629+08:00" endTime="2026-09-06T13:28:37.6075630+08:00" testType="13cdc9d9-ddb5-4fa4-a97d-d965ccfc6d4b" outcome="Passed" testListId="8c84fa94-04c1-424b-9868-57a2d4851a1d" relativeResultsDirectory="3056af39-d5bd-43f4-8c6a-1bcf77b37bc0" />
    <UnitTestResult executionId="28e95588-39be-41ef-9190-5a41f350f473" testId="16e5201a-75fb-27eb-3b13-d9dfcd1821db" testName="VisualTeX.WindowsOffice.Tests.WordOmmlTests.MathMlAccentsBecomeNativeOmmlAccentsWithoutPlaceholderGlyphs(sourceMark: &quot;`&quot;, expectedCombiningMark: &quot;̀&quot;)" computerName="DESKTOP-VM8VUAQ" duration="00:00:00.0000901" startTime="2026-09-06T13:28:37.7075167+08:00" endTime="2026-09-06T13:28:37.7075168+08:00" testType="13cdc9d9-ddb5-4fa4-a97d-d965ccfc6d4b" outcome="Passed" testListId="8c84fa94-04c1-424b-9868-57a2d4851a1d" relativeResultsDirectory="28e95588-39be-41ef-9190-5a41f350f473" />
    <UnitTestResult executionId="b8480a11-affc-46c0-8fb5-0a93441dea1f" testId="24b8177f-4083-f36d-54f5-4c158e7e9905" testName="VisualTeX.WindowsOffice.Tests.OfficeOlePreviewTests.MathJaxChineseTextIsConvertedToVectorGlyphOutlines" computerName="DESKTOP-VM8VUAQ" duration="00:00:00.0141425" startTime="2026-09-06T13:28:37.9197400+08:00" endTime="2026-09-06T13:28:37.9197407+08:00" testType="13cdc9d9-ddb5-4fa4-a97d-d965ccfc6d4b" outcome="Passed" testListId="8c84fa94-04c1-424b-9868-57a2d4851a1d" relativeResultsDirectory="b8480a11-affc-46c0-8fb5-0a93441dea1f" />
    <UnitTestResult executionId="00bc1bd0-2746-4e3e-a015-71297c30b112" testId="db02ae9b-26cc-0e52-802b-4496b74d02a7" testName="VisualTeX.WindowsOffice.Tests.WordOmmlTests.BoldItalicMathMlIdentifiersUseNativeBoldItalicOmmlRuns" computerName="DESKTOP-VM8VUAQ" duration="00:00:00.0004102" startTime="2026-09-06T13:28:37.7475232+08:00" endTime="2026-09-06T13:28:37.7475233+08:00" testType="13cdc9d9-ddb5-4fa4-a97d-d965ccfc6d4b" outcome="Passed" testListId="8c84fa94-04c1-424b-9868-57a2d4851a1d" relativeResultsDirectory="00bc1bd0-2746-4e3e-a015-71297c30b112" />
    <UnitTestResult executionId="02641a41-cb85-41fe-9a79-6731a8d0cbc8" testId="7a95d2db-2543-f8b3-eefd-ac0ddb82c2b3" testName="VisualTeX.WindowsOffice.Tests.WordBulkImportParserTests.FindsExactLatexSpansForInPlaceWordRedraw" computerName="DESKTOP-VM8VUAQ" duration="00:00:00.0008410" startTime="2026-09-06T13:28:37.6001606+08:00" endTime="2026-09-06T13:28:37.6001607+08:00" testType="13cdc9d9-ddb5-4fa4-a97d-d965ccfc6d4b" outcome="Passed" testListId="8c84fa94-04c1-424b-9868-57a2d4851a1d" relativeResultsDirectory="02641a41-cb85-41fe-9a79-6731a8d0cbc8" />
    <UnitTestResult executionId="72d21e23-fc3a-4976-8043-29cb0d16aae1" testId="a48fff5d-0274-d88d-346c-565e708046e7" testName="VisualTeX.WindowsOffice.Tests.OfficeOlePreviewTests.FullViewBoxRectangleFillsTheEmfPixelFrame" computerName="DESKTOP-VM8VUAQ" duration="00:00:00.0334602" startTime="2026-09-06T13:28:37.5683579+08:00" endTime="2026-09-06T13:28:37.5683583+08:00" testType="13cdc9d9-ddb5-4fa4-a97d-d965ccfc6d4b" outcome="Passed" testListId="8c84fa94-04c1-424b-9868-57a2d4851a1d" relativeResultsDirectory="72d21e23-fc3a-4976-8043-29cb0d16aae1" />
    <UnitTestResult executionId="47388ea4-2bd7-4233-a6db-69334b62d450" testId="8617a6ed-291a-06a3-254b-54dc60aa6b1f" testName="VisualTeX.WindowsOffice.Tests.WordEquationNumberingVstoTests.OnlyVisualTeXSequenceFieldsAreUpdated(code: &quot;SEQ OtherEquation \\* ARABIC&quot;, expected: False)" computerName="DESKTOP-VM8VUAQ" duration="00:00:00.0000051" startTime="2026-09-06T13:28:37.5569136+08:00" endTime="2026-09-06T13:28:37.5569136+08:00" testType="13cdc9d9-ddb5-4fa4-a97d-d965ccfc6d4b" outcome="Passed" testListId="8c84fa94-04c1-424b-9868-57a2d4851a1d" relativeResultsDirectory="47388ea4-2bd7-4233-a6db-69334b62d450" />
    <UnitTestResult executionId="4ee1092d-a5d3-4a09-a7e6-711d4a5e08b0" testId="be75db4a-9e8f-d9c3-a3e0-161ffd171d47" testName="VisualTeX.WindowsOffice.Tests.WordBulkImportParserTests.LatexVerbatimDocumentExamplesDoNotTruncateLargeFragment" computerName="DESKTOP-VM8VUAQ" duration="00:00:00.0028946" startTime="2026-09-06T13:28:37.6061018+08:00" endTime="2026-09-06T13:28:37.6061018+08:00" testType="13cdc9d9-ddb5-4fa4-a97d-d965ccfc6d4b" outcome="Passed" testListId="8c84fa94-04c1-424b-9868-57a2d4851a1d" relativeResultsDirectory="4ee1092d-a5d3-4a09-a7e6-711d4a5e08b0" />
    <UnitTestResult executionId="02e9b006-77ad-4508-9c65-6d7cb0e97948" testId="9d56b6f2-d414-20d7-fc93-128469597dbd" testName="VisualTeX.WindowsOffice.Tests.RibbonIconDataTests.HighDpiRibbonIconUsesDoubleDensityVectorArtwork(key: &quot;updateNumbers&quot;)" computerName="DESKTOP-VM8VUAQ" duration="00:00:00.0072633" startTime="2026-09-06T13:28:37.7513329+08:00" endTime="2026-09-06T13:28:37.7513330+08:00" testType="13cdc9d9-ddb5-4fa4-a97d-d965ccfc6d4b" outcome="Passed" testListId="8c84fa94-04c1-424b-9868-57a2d4851a1d" relativeResultsDirectory="02e9b006-77ad-4508-9c65-6d7cb0e97948" />
    <UnitTestResult executionId="56834db5-484b-4b0f-afdb-74944bff8a07" testId="ab8c27e1-9bb6-9472-1549-ac011ba29c88" testName="VisualTeX.WindowsOffice.Tests.MathMlToLatexConverterTests.ConvertsWordPrimeSpellingsToLatexPrime(prime: &quot;′&quot;, expected: &quot;f^{\\prime}&quot;)" computerName="DESKTOP-VM8VUAQ" duration="00:00:00.0000796" startTime="2026-09-06T13:28:37.5615593+08:00" endTime="2026-09-06T13:28:37.5615593+08:00" testType="13cdc9d9-ddb5-4fa4-a97d-d965ccfc6d4b" outcome="Passed" testListId="8c84fa94-04c1-424b-9868-57a2d4851a1d" relativeResultsDirectory="56834db5-484b-4b0f-afdb-74944bff8a07" />
    <UnitTestResult executionId="b020e5cc-1fae-49f2-997e-79ff1772b09b" testId="2ba699d4-5de1-5e2e-3091-5d696ad5d547" testName="VisualTeX.WindowsOffice.Tests.WordOmmlTests.ExtendedIntegralOperatorsBecomeNativeOmmlNaries(symbol: &quot;⨚&quot;)" computerName="DESKTOP-VM8VUAQ" duration="00:00:00.0001214" startTime="2026-09-06T13:28:37.7443165+08:00" endTime="2026-09-06T13:28:37.7443165+08:00" testType="13cdc9d9-ddb5-4fa4-a97d-d965ccfc6d4b" outcome="Passed" testListId="8c84fa94-04c1-424b-9868-57a2d4851a1d" relativeResultsDirectory="b020e5cc-1fae-49f2-997e-79ff1772b09b" />
    <UnitTestResult executionId="81a93995-50fc-471e-bbb8-277a62b8cd02" testId="8788e491-31c8-e682-718d-fbad2c042677" testName="VisualTeX.WindowsOffice.Tests.WordOmmlTests.WordCanonicalAsciiAsteriskRestoresMathOperatorSemantics" computerName="DESKTOP-VM8VUAQ" duration="00:00:00.0009187" startTime="2026-09-06T13:28:37.7409396+08:00" endTime="2026-09-06T13:28:37.7409397+08:00" testType="13cdc9d9-ddb5-4fa4-a97d-d965ccfc6d4b" outcome="Passed" testListId="8c84fa94-04c1-424b-9868-57a2d4851a1d" relativeResultsDirectory="81a93995-50fc-471e-bbb8-277a62b8cd02" />
    <UnitTestResult executionId="16be6ede-cf93-466a-9b09-c55d0288370d" testId="867f01ae-330f-3983-fb90-8ef03ad0f1ac" testName="VisualTeX.WindowsOffice.Tests.WordOmmlTests.WordMaterializedPlainScriptBaseKeepsSingleUprightToken(baseText: &quot;abc&quot;)" computerName="DESKTOP-VM8VUAQ" duration="00:00:00.0000977" startTime="2026-09-06T13:28:37.7484859+08:00" endTime="2026-09-06T13:28:37.7484860+08:00" testType="13cdc9d9-ddb5-4fa4-a97d-d965ccfc6d4b" outcome="Passed" testListId="8c84fa94-04c1-424b-9868-57a2d4851a1d" relativeResultsDirectory="16be6ede-cf93-466a-9b09-c55d0288370d" />
    <UnitTestResult executionId="f329b967-e9b9-417d-912f-816031be6ca7" testId="4c0ac9c8-9031-784a-7cb7-afe4a743572d" testName="VisualTeX.WindowsOffice.Tests.ProtocolSecurityTests.PipeTokenComparisonRejectsMismatch(left: &quot;short&quot;, right: &quot;shorter&quot;, expected: False)" computerName="DESKTOP-VM8VUAQ" duration="00:00:00.0062803" startTime="2026-09-06T13:28:37.5537265+08:00" endTime="2026-09-06T13:28:37.5537265+08:00" testType="13cdc9d9-ddb5-4fa4-a97d-d965ccfc6d4b" outcome="Passed" testListId="8c84fa94-04c1-424b-9868-57a2d4851a1d" relativeResultsDirectory="f329b967-e9b9-417d-912f-816031be6ca7" />
    <UnitTestResult executionId="5d566d98-a66f-44fa-a33e-b4d0f8bce2a6" testId="d229cc2f-bd2b-4dbf-f962-0a729409110b" testName="VisualTeX.WindowsOffice.Tests.RibbonIconDataTests.EmbeddedRibbonIconIsAValidTransparentPng(name: &quot;update numbers&quot;, encoded: &quot;iVBORw0KGgoAAAANSUhEUgAAACAAAAAgCAYAAABzenr0AAAE6k&quot;···)" computerName="DESKTOP-VM8VUAQ" duration="00:00:00.0016854" startTime="2026-09-06T13:28:37.5619380+08:00" endTime="2026-09-06T13:28:37.5619380+08:00" testType="13cdc9d9-ddb5-4fa4-a97d-d965ccfc6d4b" outcome="Passed" testListId="8c84fa94-04c1-424b-9868-57a2d4851a1d" relativeResultsDirectory="5d566d98-a66f-44fa-a33e-b4d0f8bce2a6" />
    <UnitTestResult executionId="418e9eb5-d59d-4955-ab7f-cd9f97f2c2aa" testId="c247fb14-4652-c83f-7134-63a138075691" testName="VisualTeX.WindowsOffice.Tests.ProtocolSecurityTests.PipeNameIsBoundToVisualTeXNamespace" computerName="DESKTOP-VM8VUAQ" duration="00:00:00.0005297" startTime="2026-09-06T13:28:37.5568673+08:00" endTime="2026-09-06T13:28:37.5568674+08:00" testType="13cdc9d9-ddb5-4fa4-a97d-d965ccfc6d4b" outcome="Passed" testListId="8c84fa94-04c1-424b-9868-57a2d4851a1d" relativeResultsDirectory="418e9eb5-d59d-4955-ab7f-cd9f97f2c2aa" />
    <UnitTestResult executionId="5afb778f-6944-4a24-a3d1-a2066a6e3eb3" testId="d9b80494-054a-4eb6-dd59-c93dc2b82c94" testName="VisualTeX.WindowsOffice.Tests.FormulaFontSizeTests.NormalizesToCentipointRangeWithoutPresetQuantization(input: 13.255000000000001, expected: 13.26)" computerName="DESKTOP-VM8VUAQ" duration="00:00:00.0000041" startTime="2026-09-06T13:28:37.5588371+08:00" endTime="2026-09-06T13:28:37.5588371+08:00" testType="13cdc9d9-ddb5-4fa4-a97d-d965ccfc6d4b" outcome="Passed" testListId="8c84fa94-04c1-424b-9868-57a2d4851a1d" relativeResultsDirectory="5afb778f-6944-4a24-a3d1-a2066a6e3eb3" />
    <UnitTestResult executionId="1b51bf5e-39e9-4d7f-8983-97f002df5a1a" testId="cf187193-a424-d057-8868-545da1ab4479" testName="VisualTeX.WindowsOffice.Tests.WordOmmlTests.WordMaterializedPlainScriptBaseKeepsSingleUprightToken(baseText: &quot;sin&quot;)" computerName="DESKTOP-VM8VUAQ" duration="00:00:00.0003710" startTime="2026-09-06T13:28:37.7481151+08:00" endTime="2026-09-06T13:28:37.7481152+08:00" testType="13cdc9d9-ddb5-4fa4-a97d-d965ccfc6d4b" outcome="Passed" testListId="8c84fa94-04c1-424b-9868-57a2d4851a1d" relativeResultsDirectory="1b51bf5e-39e9-4d7f-8983-97f002df5a1a" />
    <UnitTestResult executionId="b27956f5-daab-4c17-aea3-5469fda6795d" testId="3f219b7e-bc5a-f484-79de-f5415e1b3fb7" testName="VisualTeX.WindowsOffice.Tests.FormulaOleContractTests.NativeInitializationInterfaceUsesThePublishedDualAutomationAbi" computerName="DESKTOP-VM8VUAQ" duration="00:00:00.0028338" startTime="2026-09-06T13:28:37.5767690+08:00" endTime="2026-09-06T13:28:37.5767691+08:00" testType="13cdc9d9-ddb5-4fa4-a97d-d965ccfc6d4b" outcome="Passed" testListId="8c84fa94-04c1-424b-9868-57a2d4851a1d" relativeResultsDirectory="b27956f5-daab-4c17-aea3-5469fda6795d" />
    <UnitTestResult executionId="363b2a7a-3dc8-4c1f-b264-928dc26d96a3" testId="404d37b3-ba91-58bc-8139-721fa60a2eac" testName="VisualTeX.WindowsOffice.Tests.WordInlineAlignmentTests.UsesOneRenderedBaselineRuleForDifferentFormulaStructures(actualHeight: 10.25595, exportedHeight: 13.6746, exportedBaseline: 12.6746, expectedPosition: 0)" computerName="DESKTOP-VM8VUAQ" duration="00:00:00.0000058" startTime="2026-09-06T13:28:37.5557348+08:00" endTime="2026-09-06T13:28:37.5557348+08:00" testType="13cdc9d9-ddb5-4fa4-a97d-d965ccfc6d4b" outcome="Passed" testListId="8c84fa94-04c1-424b-9868-57a2d4851a1d" relativeResultsDirectory="363b2a7a-3dc8-4c1f-b264-928dc26d96a3" />
    <UnitTestResult executionId="16fe2b1b-fe18-4e47-8b61-596a2a476ec9" testId="aad822de-4381-1cd9-74ff-b79277fbf48d" testName="VisualTeX.WindowsOffice.Tests.WordOmmlTests.ExtendedIntegralOperatorsBecomeNativeOmmlNaries(symbol: &quot;⨍&quot;)" computerName="DESKTOP-VM8VUAQ" duration="00:00:00.0001237" startTime="2026-09-06T13:28:37.7448698+08:00" endTime="2026-09-06T13:28:37.7448699+08:00" testType="13cdc9d9-ddb5-4fa4-a97d-d965ccfc6d4b" outcome="Passed" testListId="8c84fa94-04c1-424b-9868-57a2d4851a1d" relativeResultsDirectory="16fe2b1b-fe18-4e47-8b61-596a2a476ec9" />
    <UnitTestResult executionId="a93549c2-5993-4c84-a2ee-0fda22253793" testId="2966e7cf-18e7-cb46-1d7b-f3563b2f9ac2" testName="VisualTeX.WindowsOffice.Tests.FormulaFontSizeTests.ParsesChineseFontSizeNames(value: &quot;二号&quot;, expected: 22)" computerName="DESKTOP-VM8VUAQ" duration="00:00:00.0000092" startTime="2026-09-06T13:28:37.5562130+08:00" endTime="2026-09-06T13:28:37.5562130+08:00" testType="13cdc9d9-ddb5-4fa4-a97d-d965ccfc6d4b" outcome="Passed" testListId="8c84fa94-04c1-424b-9868-57a2d4851a1d" relativeResultsDirectory="a93549c2-5993-4c84-a2ee-0fda22253793" />
    <UnitTestResult executionId="8ec7d432-8381-4099-8356-b0e222000a9a" testId="d1887204-35fb-35ed-6553-b8b851ab25f9" testName="VisualTeX.WindowsOffice.Tests.OfficeFormulaSizingTests.EditedSmallInlineFormulaUsesRawPreviewHeightInsteadOfTwelvePointFloor" computerName="DESKTOP-VM8VUAQ" duration="00:00:00.0001070" startTime="2026-09-06T13:28:37.5568802+08:00" endTime="2026-09-06T13:28:37.5568802+08:00" testType="13cdc9d9-ddb5-4fa4-a97d-d965ccfc6d4b" outcome="Passed" testListId="8c84fa94-04c1-424b-9868-57a2d4851a1d" relativeResultsDirectory="8ec7d432-8381-4099-8356-b0e222000a9a" />
    <UnitTestResult executionId="e6b9aa13-29e0-44e8-bce6-4b616375df4c" testId="6b43e6b6-d26f-253e-032e-acfb656134c3" testName="VisualTeX.WindowsOffice.Tests.WordOmmlTests.WordMaterializedLimitOperatorKeepsUprightBaseGrouped(functionName: &quot;min&quot;)" computerName="DESKTOP-VM8VUAQ" duration="00:00:00.0000847" startTime="2026-09-06T13:28:37.7397943+08:00" endTime="2026-09-06T13:28:37.7397944+08:00" testType="13cdc9d9-ddb5-4fa4-a97d-d965ccfc6d4b" outcome="Passed" testListId="8c84fa94-04c1-424b-9868-57a2d4851a1d" relativeResultsDirectory="e6b9aa13-29e0-44e8-bce6-4b616375df4c" />
    <UnitTestResult executionId="ad1a8a54-d06a-4889-a4d8-1ce2c1b9affa" testId="3c9cd31f-e04c-5cce-bb44-6a3842d6e4ea" testName="VisualTeX.WindowsOffice.Tests.WordOmmlTests.WordMaterializedLimitOperatorKeepsUprightBaseGrouped(functionName: &quot;sup&quot;)" computerName="DESKTOP-VM8VUAQ" duration="00:00:00.0002825" startTime="2026-09-06T13:28:37.7394761+08:00" endTime="2026-09-06T13:28:37.7394762+08:00" testType="13cdc9d9-ddb5-4fa4-a97d-d965ccfc6d4b" outcome="Passed" testListId="8c84fa94-04c1-424b-9868-57a2d4851a1d" relativeResultsDirectory="ad1a8a54-d06a-4889-a4d8-1ce2c1b9affa" />
    <UnitTestResult executionId="c93cac6d-6371-4f47-829b-aff017aa121f" testId="cf45486f-132e-9e7f-b775-50eb7a331ef2" testName="VisualTeX.WindowsOffice.Tests.WordOmmlTests.VisibleEmptyOmmlSlotsAreRejected" computerName="DESKTOP-VM8VUAQ" duration="00:00:00.0001942" startTime="2026-09-06T13:28:37.7477215+08:00" endTime="2026-09-06T13:28:37.7477216+08:00" testType="13cdc9d9-ddb5-4fa4-a97d-d965ccfc6d4b" outcome="Passed" testListId="8c84fa94-04c1-424b-9868-57a2d4851a1d" relativeResultsDirectory="c93cac6d-6371-4f47-829b-aff017aa121f" />
    <UnitTestResult executionId="cc17b4bf-06cf-4073-b5df-0402f9b64da1" testId="62b609c0-5762-9374-bb4c-372451b84f07" testName="VisualTeX.WindowsOffice.Tests.WordOmmlTests.MathMlAccentsBecomeNativeOmmlAccentsWithoutPlaceholderGlyphs(sourceMark: &quot;¯&quot;, expectedCombiningMark: &quot;̅&quot;)" computerName="DESKTOP-VM8VUAQ" duration="00:00:00.0000909" startTime="2026-09-06T13:28:37.7072178+08:00" endTime="2026-09-06T13:28:37.7072179+08:00" testType="13cdc9d9-ddb5-4fa4-a97d-d965ccfc6d4b" outcome="Passed" testListId="8c84fa94-04c1-424b-9868-57a2d4851a1d" relativeResultsDirectory="cc17b4bf-06cf-4073-b5df-0402f9b64da1" />
    <UnitTestResult executionId="a6a4f16d-34ce-4779-b241-acfa4362b16a" testId="4e8c4ad9-c4e7-16ce-2c6e-316cab13d0ac" testName="VisualTeX.WindowsOffice.Tests.WordOmmlTests.OmmlContentFingerprintStillTracksFormulaStructure" computerName="DESKTOP-VM8VUAQ" duration="00:00:00.0001149" startTime="2026-09-06T13:28:37.7584732+08:00" endTime="2026-09-06T13:28:37.7584733+08:00" testType="13cdc9d9-ddb5-4fa4-a97d-d965ccfc6d4b" outcome="Passed" testListId="8c84fa94-04c1-424b-9868-57a2d4851a1d" relativeResultsDirectory="a6a4f16d-34ce-4779-b241-acfa4362b16a" />
    <UnitTestResult executionId="537b7184-cbf4-43c1-bab9-01597cfb22a4" testId="d2e6adce-151c-bb8c-ab73-8b9e5677cdca" testName="VisualTeX.WindowsOffice.Tests.FormulaFontSizeTests.ParsesChineseFontSizeNames(value: &quot;初号&quot;, expected: 42)" computerName="DESKTOP-VM8VUAQ" duration="00:00:00.0000008" startTime="2026-09-06T13:28:37.5566203+08:00" endTime="2026-09-06T13:28:37.5566203+08:00" testType="13cdc9d9-ddb5-4fa4-a97d-d965ccfc6d4b" outcome="Passed" testListId="8c84fa94-04c1-424b-9868-57a2d4851a1d" relativeResultsDirectory="537b7184-cbf4-43c1-bab9-01597cfb22a4" />
    <UnitTestResult executionId="2599194e-f273-4ec4-bc48-be37c1085607" testId="cedc07c7-9052-a97e-d93d-7e1b8ba3d076" testName="VisualTeX.WindowsOffice.Tests.WordBulkImportParserTests.EmbeddedDisplayFormulaCanSpanLinesAndKeepTrailingText" computerName="DESKTOP-VM8VUAQ" duration="00:00:00.0003203" startTime="2026-09-06T13:28:37.5934335+08:00" endTime="2026-09-06T13:28:37.5934336+08:00" testType="13cdc9d9-ddb5-4fa4-a97d-d965ccfc6d4b" outcome="Passed" testListId="8c84fa94-04c1-424b-9868-57a2d4851a1d" relativeResultsDirectory="2599194e-f273-4ec4-bc48-be37c1085607" />
    <UnitTestResult executionId="d38f33da-cde4-46f6-8f3d-c924a1fc9020" testId="52fda9af-05ae-2640-3cb1-04afcf3c6e19" testName="VisualTeX.WindowsOffice.Tests.WordBulkImportParserTests.UnclosedDisplayFormulaIsImportedWithWarning" computerName="DESKTOP-VM8VUAQ" duration="00:00:00.0018161" startTime="2026-09-06T13:28:37.5841084+08:00" endTime="2026-09-06T13:28:37.5841088+08:00" testType="13cdc9d9-ddb5-4fa4-a97d-d965ccfc6d4b" outcome="Passed" testListId="8c84fa94-04c1-424b-9868-57a2d4851a1d" relativeResultsDirectory="d38f33da-cde4-46f6-8f3d-c924a1fc9020" />
    <UnitTestResult executionId="309952bf-e127-450a-9837-28dea4aab2e6" testId="b2e6e991-84ac-b642-e4f5-01a1f796bec0" testName="VisualTeX.WindowsOffice.Tests.WordBulkImportParserTests.SeparatesTrailingEquationTagsFromEditableLatex(source: &quot;\\[x+y\\tag 4.8.4\\]&quot;, expectedTag: &quot;4.8.4&quot;)" computerName="DESKTOP-VM8VUAQ" duration="00:00:00.0001820" startTime="2026-09-06T13:28:37.6069911+08:00" endTime="2026-09-06T13:28:37.6069912+08:00" testType="13cdc9d9-ddb5-4fa4-a97d-d965ccfc6d4b" outcome="Passed" testListId="8c84fa94-04c1-424b-9868-57a2d4851a1d" relativeResultsDirectory="309952bf-e127-450a-9837-28dea4aab2e6" />
    <UnitTestResult executionId="f1adfbd7-77cb-42a4-b2c6-d4b9d98ac90f" testId="9098b6db-f6e2-1074-6c83-1650ff9f0502" testName="VisualTeX.WindowsOffice.Tests.WordOmmlTests.ExtendedIntegralOperatorsBecomeNativeOmmlNaries(symbol: &quot;⨙&quot;)" computerName="DESKTOP-VM8VUAQ" duration="00:00:00.0001258" startTime="2026-09-06T13:28:37.7436881+08:00" endTime="2026-09-06T13:28:37.7436881+08:00" testType="13cdc9d9-ddb5-4fa4-a97d-d965ccfc6d4b" outcome="Passed" testListId="8c84fa94-04c1-424b-9868-57a2d4851a1d" relativeResultsDirectory="f1adfbd7-77cb-42a4-b2c6-d4b9d98ac90f" />
    <UnitTestResult executionId="8530dc25-7c18-4321-bc09-2e6fc8ad3b66" testId="2adb7d22-a160-0c67-8779-82daccb28727" testName="VisualTeX.WindowsOffice.Tests.WordEquationNumberingTests.EquationNumberIsRaisedToTheFormulaVisualCenter(formulaHeight: 32, fontSize: 11, expectedPosition: 11)" computerName="DESKTOP-VM8VUAQ" duration="00:00:00.0002645" startTime="2026-09-06T13:28:37.5593963+08:00" endTime="2026-09-06T13:28:37.5593963+08:00" testType="13cdc9d9-ddb5-4fa4-a97d-d965ccfc6d4b" outcome="Passed" testListId="8c84fa94-04c1-424b-9868-57a2d4851a1d" relativeResultsDirectory="8530dc25-7c18-4321-bc09-2e6fc8ad3b66" />
    <UnitTestResult executionId="137e1c0e-f268-4a61-9791-3b3b464488b8" testId="5866ed91-3a0c-0a3e-c3dc-83d43a917fd8" testName="VisualTeX.WindowsOffice.Tests.WordOmmlTests.OfficeMathMlTransformNeverLeavesAnEmptyNaryOperand(latex: &quot;\\sum_b^z c&quot;, mathMl: &quot;&lt;math xmlns=\&quot;http://www.w3.org/1998/Math/MathML\&quot;&quot;···)" computerName="DESKTOP-VM8VUAQ" duration="00:00:00.0003183" startTime="2026-09-06T13:28:37.6811617+08:00" endTime="2026-09-06T13:28:37.6811618+08:00" testType="13cdc9d9-ddb5-4fa4-a97d-d965ccfc6d4b" outcome="Passed" testListId="8c84fa94-04c1-424b-9868-57a2d4851a1d" relativeResultsDirectory="137e1c0e-f268-4a61-9791-3b3b464488b8" />
    <UnitTestResult executionId="ebf2a868-113f-4797-9006-9ebc68b4106e" testId="d36caef0-4e30-c503-0f57-09541260c86f" testName="VisualTeX.WindowsOffice.Tests.FormulaFontSizeTests.PresetNavigationIncludesChineseStandardSizes" computerName="DESKTOP-VM8VUAQ" duration="00:00:00.0005393" startTime="2026-09-06T13:28:37.5592553+08:00" endTime="2026-09-06T13:28:37.5592553+08:00" testType="13cdc9d9-ddb5-4fa4-a97d-d965ccfc6d4b" outcome="Passed" testListId="8c84fa94-04c1-424b-9868-57a2d4851a1d" relativeResultsDirectory="ebf2a868-113f-4797-9006-9ebc68b4106e" />
    <UnitTestResult executionId="14681b51-ed8e-4652-bf1c-0ee97789c8b4" testId="031f6001-8467-1760-a33a-bdd41de76770" testName="VisualTeX.WindowsOffice.Tests.ProtocolSecurityTests.PipeTokenComparisonRejectsMismatch(left: &quot;same-token&quot;, right: &quot;other-token&quot;, expected: False)" computerName="DESKTOP-VM8VUAQ" duration="00:00:00.0000153" startTime="2026-09-06T13:28:37.5554903+08:00" endTime="2026-09-06T13:28:37.5554903+08:00" testType="13cdc9d9-ddb5-4fa4-a97d-d965ccfc6d4b" outcome="Passed" testListId="8c84fa94-04c1-424b-9868-57a2d4851a1d" relativeResultsDirectory="14681b51-ed8e-4652-bf1c-0ee97789c8b4" />
    <UnitTestResult executionId="0ae49998-63ff-4ce5-9a1a-ea46a9ee7c69" testId="470b8372-c741-8679-276e-ea7fcdddd9c2" testName="VisualTeX.WindowsOffice.Tests.FormulaFontSizeTests.ParsesChineseFontSizeNames(value: &quot;小四&quot;, expected: 12)" computerName="DESKTOP-VM8VUAQ" duration="00:00:00.0000026" startTime="2026-09-06T13:28:37.5554570+08:00" endTime="2026-09-06T13:28:37.5554570+08:00" testType="13cdc9d9-ddb5-4fa4-a97d-d965ccfc6d4b" outcome="Passed" testListId="8c84fa94-04c1-424b-9868-57a2d4851a1d" relativeResultsDirectory="0ae49998-63ff-4ce5-9a1a-ea46a9ee7c69" />
    <UnitTestResult executionId="1a5bfe0f-1a7a-421c-be14-35121b95401c" testId="bd0fb77d-f6cf-6c94-dbab-27546bf1bf26" testName="VisualTeX.WindowsOffice.Tests.WordOmmlTests.OmmlMetadataPartRoundTripsOriginalLatexAndUuid" computerName="DESKTOP-VM8VUAQ" duration="00:00:00.0009173" startTime="2026-09-06T13:28:37.7088425+08:00" endTime="2026-09-06T13:28:37.7088426+08:00" testType="13cdc9d9-ddb5-4fa4-a97d-d965ccfc6d4b" outcome="Passed" testListId="8c84fa94-04c1-424b-9868-57a2d4851a1d" relativeResultsDirectory="1a5bfe0f-1a7a-421c-be14-35121b95401c" />
    <UnitTestResult executionId="1ea21cb2-9373-4483-9b1e-177d4ab6f17d" testId="21f475bc-530a-cb32-a391-936a547a8253" testName="VisualTeX.WindowsOffice.Tests.WordEquationNumberingVstoTests.OnlyVisualTeXSequenceFieldsAreUpdated(code: &quot; SEQ VisualTeXEquation \\* ARABIC &quot;, expected: True)" computerName="DESKTOP-VM8VUAQ" duration="00:00:00.0002776" startTime="2026-09-06T13:28:37.5566438+08:00" endTime="2026-09-06T13:28:37.5566438+08:00" testType="13cdc9d9-ddb5-4fa4-a97d-d965ccfc6d4b" outcome="Passed" testListId="8c84fa94-04c1-424b-9868-57a2d4851a1d" relativeResultsDirectory="1ea21cb2-9373-4483-9b1e-177d4ab6f17d" />
    <UnitTestResult executionId="14ee090b-2ee7-4d8f-9a91-762e99b94fd8" testId="255d9920-a483-6ffa-3674-688f20f5dff6" testName="VisualTeX.WindowsOffice.Tests.WordInlineAlignmentTests.UsesOneRenderedBaselineRuleForDifferentFormulaStructures(actualHeight: 14.203950000000001, exportedHeight: 18.938600000000001, exportedBaseline: 13.108599999999999, expectedPosition: -4)" computerName="DESKTOP-VM8VUAQ" duration="00:00:00.0062687" startTime="2026-09-06T13:28:37.5536988+08:00" endTime="2026-09-06T13:28:37.5536990+08:00" testType="13cdc9d9-ddb5-4fa4-a97d-d965ccfc6d4b" outcome="Passed" testListId="8c84fa94-04c1-424b-9868-57a2d4851a1d" relativeResultsDirectory="14ee090b-2ee7-4d8f-9a91-762e99b94fd8" />
    <UnitTestResult executionId="d9a54782-2db0-4d87-a5b1-b24bc75663bf" testId="24578719-3d49-c752-5474-1030577b9e7c" testName="VisualTeX.WindowsOffice.Tests.WordOmmlTests.CommonFencedTablesUseNativeGrowingDelimiters(open: &quot;⌈&quot;, close: &quot;⌉&quot;)" computerName="DESKTOP-VM8VUAQ" duration="00:00:00.0002543" startTime="2026-09-06T13:28:37.6975326+08:00" endTime="2026-09-06T13:28:37.6975327+08:00" testType="13cdc9d9-ddb5-4fa4-a97d-d965ccfc6d4b" outcome="Passed" testListId="8c84fa94-04c1-424b-9868-57a2d4851a1d" relativeResultsDirectory="d9a54782-2db0-4d87-a5b1-b24bc75663bf" />
    <UnitTestResult executionId="ab3822bb-c7fd-42d2-8b24-6556b949abdf" testId="4aee7494-8638-cf69-a1f9-5951c66b0560" testName="VisualTeX.WindowsOffice.Tests.FormulaFontSizeTests.FormatsStandardChineseSizesAndNumericCustomSizes" computerName="DESKTOP-VM8VUAQ" duration="00:00:00.0005018" startTime="2026-09-06T13:28:37.5591646+08:00" endTime="2026-09-06T13:28:37.5591646+08:00" testType="13cdc9d9-ddb5-4fa4-a97d-d965ccfc6d4b" outcome="Passed" testListId="8c84fa94-04c1-424b-9868-57a2d4851a1d" relativeResultsDirectory="ab3822bb-c7fd-42d2-8b24-6556b949abdf" />
    <UnitTestResult executionId="4fceb01e-6b16-49c9-a67a-f9a84eb0313d" testId="6e9a5c6e-1c7e-e9e1-23fb-59188011e873" testName="VisualTeX.WindowsOffice.Tests.VisualTeXSessionVectorExportTests.MaterializeSvgWritesUtf8InsideTheControlledOfficeTempRoot(useBase64: True)" computerName="DESKTOP-VM8VUAQ" duration="00:00:00.0192671" startTime="2026-09-06T13:28:37.6111529+08:00" endTime="2026-09-06T13:28:37.6111531+08:00" testType="13cdc9d9-ddb5-4fa4-a97d-d965ccfc6d4b" outcome="Failed" testListId="8c84fa94-04c1-424b-9868-57a2d4851a1d" relativeResultsDirectory="4fceb01e-6b16-49c9-a67a-f9a84eb0313d">
      <Output>
        <ErrorInfo>
          <Message>System.UnauthorizedAccessException : Access to the path 'C:\Users\pojian_liao\AppData\Local\VisualTeX\office\temp\624f18c5-1545-4fcc-9383-6b8648286991.svg' is denied.</Message>
          <StackTrace>   at Microsoft.Win32.SafeHandles.SafeFileHandle.CreateFile(String fullPath, FileMode mode, FileAccess access, FileShare share, FileOptions options)&#xD;
   at Microsoft.Win32.SafeHandles.SafeFileHandle.Open(String fullPath, FileMode mode, FileAccess access, FileShare share, FileOptions options, Int64 preallocationSize, Nullable`1 unixCreateMode)&#xD;
   at System.IO.File.OpenHandle(String path, FileMode mode, FileAccess access, FileShare share, FileOptions options, Int64 preallocationSize)&#xD;
   at System.IO.File.WriteToFile(String path, FileMode mode, String contents, Encoding encoding)&#xD;
   at VisualTeX.WindowsOffice.Contracts.VisualTeXSessionClient.MaterializeSvg(OfficeSessionDocument session) in C:\Users\pojian_liao\Desktop\devspace\visualtex1.2.3-reference-3d207d7\apps\windows\src-windows\VisualTeX.WindowsOffice.Contracts\VisualTeXSessionClient.cs:line 537&#xD;
   at VisualTeX.WindowsOffice.Tests.VisualTeXSessionVectorExportTests.MaterializeSvgWritesUtf8InsideTheControlledOfficeTempRoot(Boolean useBase64) in C:\Users\pojian_liao\Desktop\devspace\visualtex1.2.3-reference-3d207d7\apps\windows\src-windows\VisualTeX.WindowsOffice.Tests\VisualTeXSessionVectorExportTests.cs:line 27&#xD;
   at InvokeStub_VisualTeXSessionVectorExportTests.MaterializeSvgWritesUtf8InsideTheControlledOfficeTempRoot(Object, Span`1)&#xD;
   at System.Reflection.MethodBaseInvoker.InvokeWithOneArg(Object obj, BindingFlags invokeAttr, Binder binder, Object[] parameters, CultureInfo culture)</StackTrace>
        </ErrorInfo>
      </Output>
    </UnitTestResult>
    <UnitTestResult executionId="5537deb4-f838-4e20-a197-464b405b1fac" testId="d78d3c2d-ad34-79cd-0505-aae3753fcbad" testName="VisualTeX.WindowsOffice.Tests.RibbonIconDataTests.HighDpiRibbonIconUsesDoubleDensityVectorArtwork(key: &quot;insertFormula&quot;)" computerName="DESKTOP-VM8VUAQ" duration="00:00:00.0023616" startTime="2026-09-06T13:28:37.7317596+08:00" endTime="2026-09-06T13:28:37.7317597+08:00" testType="13cdc9d9-ddb5-4fa4-a97d-d965ccfc6d4b" outcome="Passed" testListId="8c84fa94-04c1-424b-9868-57a2d4851a1d" relativeResultsDirectory="5537deb4-f838-4e20-a197-464b405b1fac" />
    <UnitTestResult executionId="f2b6d73b-4250-495e-94e7-cea57ccb811c" testId="7c2f3a8e-1f72-d648-0cb9-ef0f8ff08243" testName="VisualTeX.WindowsOffice.Tests.MathMlToLatexConverterTests.ConvertsMathMlUnderScriptsOnLimitLikeOperatorsToNativeLatexSubscripts(operatorName: &quot;liminf&quot;, expected: &quot;\\liminf_{n\\to \\infty}&quot;)" computerName="DESKTOP-VM8VUAQ" duration="00:00:00.0000073" startTime="2026-09-06T13:28:37.5610238+08:00" endTime="2026-09-06T13:28:37.5610238+08:00" testType="13cdc9d9-ddb5-4fa4-a97d-d965ccfc6d4b" outcome="Passed" testListId="8c84fa94-04c1-424b-9868-57a2d4851a1d" relativeResultsDirectory="f2b6d73b-4250-495e-94e7-cea57ccb811c" />
    <UnitTestResult executionId="c4355c83-83b6-4525-8008-80165fe59185" testId="65b51de0-2527-74f7-5a8a-f01d8c99253e" testName="VisualTeX.WindowsOffice.Tests.WordInlineAlignmentTests.LegacyFormulaWithoutUsablePositionUsesDescentFallback(existingPosition: 9999999)" computerName="DESKTOP-VM8VUAQ" duration="00:00:00.0001525" startTime="2026-09-06T13:28:37.5576188+08:00" endTime="2026-09-06T13:28:37.5576189+08:00" testType="13cdc9d9-ddb5-4fa4-a97d-d965ccfc6d4b" outcome="Passed" testListId="8c84fa94-04c1-424b-9868-57a2d4851a1d" relativeResultsDirectory="c4355c83-83b6-4525-8008-80165fe59185" />
    <UnitTestResult executionId="355163f6-3fb6-4592-9eb8-b54a31141d2a" testId="78f5aab5-dc08-9ce1-4d4f-ddbafd77e929" testName="VisualTeX.WindowsOffice.Tests.WordOmmlTests.WordMaterializedLimitOperatorKeepsUprightBaseGrouped(functionName: &quot;inf&quot;)" computerName="DESKTOP-VM8VUAQ" duration="00:00:00.0001024" startTime="2026-09-06T13:28:37.7395988+08:00" endTime="2026-09-06T13:28:37.7395989+08:00" testType="13cdc9d9-ddb5-4fa4-a97d-d965ccfc6d4b" outcome="Passed" testListId="8c84fa94-04c1-424b-9868-57a2d4851a1d" relativeResultsDirectory="355163f6-3fb6-4592-9eb8-b54a31141d2a" />
    <UnitTestResult executionId="fc00d17c-1d2a-4763-8eed-147a6450bef8" testId="ff5d7ccc-2c8a-019c-d8f6-44a79cc85272" testName="VisualTeX.WindowsOffice.Tests.WordOmmlTests.ExtractSingleOMathAcceptsMathParagraphAndBuildsMinimalDocxXml" computerName="DESKTOP-VM8VUAQ" duration="00:00:00.0001243" startTime="2026-09-06T13:28:37.7488178+08:00" endTime="2026-09-06T13:28:37.7488179+08:00" testType="13cdc9d9-ddb5-4fa4-a97d-d965ccfc6d4b" outcome="Passed" testListId="8c84fa94-04c1-424b-9868-57a2d4851a1d" relativeResultsDirectory="fc00d17c-1d2a-4763-8eed-147a6450bef8" />
    <UnitTestResult executionId="eb13ece8-018d-4d74-b35c-28ced54f5934" testId="0f2c57e8-46ec-cba6-deea-c433ea486150" testName="VisualTeX.WindowsOffice.Tests.WordOmmlTests.OmmlReverseRestoresPureMathSymbolTextAsOperator(symbol: &quot;¬&quot;)" computerName="DESKTOP-VM8VUAQ" duration="00:00:00.0002426" startTime="2026-09-06T13:28:37.7260773+08:00" endTime="2026-09-06T13:28:37.7260776+08:00" testType="13cdc9d9-ddb5-4fa4-a97d-d965ccfc6d4b" outcome="Passed" testListId="8c84fa94-04c1-424b-9868-57a2d4851a1d" relativeResultsDirectory="eb13ece8-018d-4d74-b35c-28ced54f5934" />
    <UnitTestResult executionId="e187c3a0-45ed-43ac-8cc6-8f40993919b1" testId="ce81e3c0-38b7-688a-fc29-c2998be6e8e4" testName="VisualTeX.WindowsOffice.Tests.WordBulkImportParserTests.ProofOnlyFragmentAutoDetectsLatexAndPreservesHeadingAndBody" computerName="DESKTOP-VM8VUAQ" duration="00:00:00.0034500" startTime="2026-09-06T13:28:37.5779720+08:00" endTime="2026-09-06T13:28:37.5779721+08:00" testType="13cdc9d9-ddb5-4fa4-a97d-d965ccfc6d4b" outcome="Passed" testListId="8c84fa94-04c1-424b-9868-57a2d4851a1d" relativeResultsDirectory="e187c3a0-45ed-43ac-8cc6-8f40993919b1" />
    <UnitTestResult executionId="d8f63673-03b1-4828-9ceb-4f98fe37e61a" testId="64cdc7fd-f70c-e49a-d1fa-16edff95e691" testName="VisualTeX.WindowsOffice.Tests.WordOmmlTests.UprightMathMlIdentifiersUseExplicitNormalOmmlRuns" computerName="DESKTOP-VM8VUAQ" duration="00:00:00.0024186" startTime="2026-09-06T13:28:37.7285826+08:00" endTime="2026-09-06T13:28:37.7285827+08:00" testType="13cdc9d9-ddb5-4fa4-a97d-d965ccfc6d4b" outcome="Passed" testListId="8c84fa94-04c1-424b-9868-57a2d4851a1d" relativeResultsDirectory="d8f63673-03b1-4828-9ceb-4f98fe37e61a" />
    <UnitTestResult executionId="a0d41617-f3eb-4841-8ae0-872f1090430f" testId="ae14b63d-cfaf-c0aa-3455-9f0d24098840" testName="VisualTeX.WindowsOffice.Tests.WordOmmlTests.OfficeMathMlTransformNeverLeavesAnEmptyNaryOperand(latex: &quot;\\oint_l^u x\\,dy&quot;, mathMl: &quot;&lt;math xmlns=\&quot;http://www.w3.org/1998/Math/MathML\&quot;&quot;···)" computerName="DESKTOP-VM8VUAQ" duration="00:00:00.0156940" startTime="2026-09-06T13:28:37.6807985+08:00" endTime="2026-09-06T13:28:37.6807987+08:00" testType="13cdc9d9-ddb5-4fa4-a97d-d965ccfc6d4b" outcome="Passed" testListId="8c84fa94-04c1-424b-9868-57a2d4851a1d" relativeResultsDirectory="a0d41617-f3eb-4841-8ae0-872f1090430f" />
    <UnitTestResult executionId="1d441771-9af4-4b83-8caa-f5f918ca8a5b" testId="a900c53a-048b-a5ee-4504-6cb9375ab72e" testName="VisualTeX.WindowsOffice.Tests.ComReleaseAndDoubleClickTests.FinalReleaseInvalidatesARealComObject" computerName="DESKTOP-VM8VUAQ" duration="00:00:00.0331861" startTime="2026-09-06T13:28:37.5680308+08:00" endTime="2026-09-06T13:28:37.5680309+08:00" testType="13cdc9d9-ddb5-4fa4-a97d-d965ccfc6d4b" outcome="Passed" testListId="8c84fa94-04c1-424b-9868-57a2d4851a1d" relativeResultsDirectory="1d441771-9af4-4b83-8caa-f5f918ca8a5b" />
    <UnitTestResult executionId="1c2309fb-67bc-46f8-93a6-3e847ba3a96b" testId="6bdb6089-fc22-9a77-b605-74f6dfdcb543" testName="VisualTeX.WindowsOffice.Tests.WordOmmlTests.OmmlReverseDoesNotZeroOrdinaryFractionThickness" computerName="DESKTOP-VM8VUAQ" duration="00:00:00.0002252" startTime="2026-09-06T13:28:37.7807000+08:00" endTime="2026-09-06T13:28:37.7807001+08:00" testType="13cdc9d9-ddb5-4fa4-a97d-d965ccfc6d4b" outcome="Passed" testListId="8c84fa94-04c1-424b-9868-57a2d4851a1d" relativeResultsDirectory="1c2309fb-67bc-46f8-93a6-3e847ba3a96b" />
    <UnitTestResult executionId="3dd1f47d-14f1-4afb-83cf-a0c5cb9479fe" testId="ba570def-087c-b4a6-c5a8-58d779ad5aa7" testName="VisualTeX.WindowsOffice.Tests.FormulaFontSizeTests.ParsesChineseFontSizeNames(value: &quot;五号&quot;, expected: 10.5)" computerName="DESKTOP-VM8VUAQ" duration="00:00:00.0000062" startTime="2026-09-06T13:28:37.5557531+08:00" endTime="2026-09-06T13:28:37.5557531+08:00" testType="13cdc9d9-ddb5-4fa4-a97d-d965ccfc6d4b" outcome="Passed" testListId="8c84fa94-04c1-424b-9868-57a2d4851a1d" relativeResultsDirectory="3dd1f47d-14f1-4afb-83cf-a0c5cb9479fe" />
    <UnitTestResult executionId="22bd588b-ff3f-4d65-b875-e0109e96c7b6" testId="faf0209c-31ad-ac94-4c64-99dc2fa7ea81" testName="VisualTeX.WindowsOffice.Tests.WordOmmlConversionIdentityTests.TwoAnchorsCannotClaimOneEquation" computerName="DESKTOP-VM8VUAQ" duration="00:00:00.0003911" startTime="2026-09-06T13:28:37.5607671+08:00" endTime="2026-09-06T13:28:37.5607671+08:00" testType="13cdc9d9-ddb5-4fa4-a97d-d965ccfc6d4b" outcome="Passed" testListId="8c84fa94-04c1-424b-9868-57a2d4851a1d" relativeResultsDirectory="22bd588b-ff3f-4d65-b875-e0109e96c7b6" />
    <UnitTestResult executionId="75d25778-6018-4cbb-882c-b04f437bb14c" testId="e22e743d-ed58-7225-9a68-250ce08c6b2a" testName="VisualTeX.WindowsOffice.Tests.WordOmmlTests.ExplicitUprightFunctionLettersDoNotUprightLaterMatchingVariable" computerName="DESKTOP-VM8VUAQ" duration="00:00:00.0003601" startTime="2026-09-06T13:28:37.7580833+08:00" endTime="2026-09-06T13:28:37.7580834+08:00" testType="13cdc9d9-ddb5-4fa4-a97d-d965ccfc6d4b" outcome="Passed" testListId="8c84fa94-04c1-424b-9868-57a2d4851a1d" relativeResultsDirectory="75d25778-6018-4cbb-882c-b04f437bb14c" />
    <UnitTestResult executionId="9d563663-558f-45c0-b44d-08d65bf83a52" testId="c991af64-ab8e-085f-c391-63ad955dc911" testName="VisualTeX.WindowsOffice.Tests.WordBulkImportParserTests.LatexNestedListsQuotesAndLiteralCodeRemainStructured" computerName="DESKTOP-VM8VUAQ" duration="00:00:00.0007630" startTime="2026-09-06T13:28:37.5947830+08:00" endTime="2026-09-06T13:28:37.5947831+08:00" testType="13cdc9d9-ddb5-4fa4-a97d-d965ccfc6d4b" outcome="Passed" testListId="8c84fa94-04c1-424b-9868-57a2d4851a1d" relativeResultsDirectory="9d563663-558f-45c0-b44d-08d65bf83a52" />
    <UnitTestResult executionId="a04b2a62-4fef-4f4e-ad72-3dfd81d5191d" testId="4a59f318-87ba-d184-5911-6cf36e9c2ca0" testName="VisualTeX.WindowsOffice.Tests.MetadataAndTempPathTests.FormulaMetadataRoundTripsWithPersistentUuid" computerName="DESKTOP-VM8VUAQ" duration="00:00:00.0368978" startTime="2026-09-06T13:28:37.5717806+08:00" endTime="2026-09-06T13:28:37.5717808+08:00" testType="13cdc9d9-ddb5-4fa4-a97d-d965ccfc6d4b" outcome="Passed" testListId="8c84fa94-04c1-424b-9868-57a2d4851a1d" relativeResultsDirectory="a04b2a62-4fef-4f4e-ad72-3dfd81d5191d" />
    <UnitTestResult executionId="ae9ffeee-b42f-42e8-97eb-55a71d553c0e" testId="3a9cebb5-8beb-706d-c4b3-1f59641b9355" testName="VisualTeX.WindowsOffice.Tests.WordInlineAlignmentTests.UsesOneRenderedBaselineRuleForDifferentFormulaStructures(actualHeight: 15.897600000000001, exportedHeight: 21.1968, exportedBaseline: 15.3262, expectedPosition: -4)" computerName="DESKTOP-VM8VUAQ" duration="00:00:00.0000007" startTime="2026-09-06T13:28:37.5559846+08:00" endTime="2026-09-06T13:28:37.5559846+08:00" testType="13cdc9d9-ddb5-4fa4-a97d-d965ccfc6d4b" outcome="Passed" testListId="8c84fa94-04c1-424b-9868-57a2d4851a1d" relativeResultsDirectory="ae9ffeee-b42f-42e8-97eb-55a71d553c0e" />
    <UnitTestResult executionId="e6d4b576-994d-4d62-b64c-cc05daae7403" testId="1fa01bce-a9c4-165f-bbb7-a151083ea867" testName="VisualTeX.WindowsOffice.Tests.WordOmmlTests.RightOnlyBraceAroundTableBecomesNativeGrowingDelimiter" computerName="DESKTOP-VM8VUAQ" duration="00:00:00.0003996" startTime="2026-09-06T13:28:37.7817939+08:00" endTime="2026-09-06T13:28:37.7817940+08:00" testType="13cdc9d9-ddb5-4fa4-a97d-d965ccfc6d4b" outcome="Passed" testListId="8c84fa94-04c1-424b-9868-57a2d4851a1d" relativeResultsDirectory="e6d4b576-994d-4d62-b64c-cc05daae7403" />
    <UnitTestResult executionId="772cada0-96a9-4808-8e6b-e3c003805ea0" testId="89190c24-ea63-cda0-9c5f-01433fa4126d" testName="VisualTeX.WindowsOffice.Tests.OfficeFormulaSizingTests.LegacyPictureConversionKeepsItsPhysicalHeight" computerName="DESKTOP-VM8VUAQ" duration="00:00:00.0002999" startTime="2026-09-06T13:28:37.5576862+08:00" endTime="2026-09-06T13:28:37.5576863+08:00" testType="13cdc9d9-ddb5-4fa4-a97d-d965ccfc6d4b" outcome="Passed" testListId="8c84fa94-04c1-424b-9868-57a2d4851a1d" relativeResultsDirectory="772cada0-96a9-4808-8e6b-e3c003805ea0" />
    <UnitTestResult executionId="126ad1d1-66a2-46f3-a52a-d46c6ed60922" testId="92e47e0a-1478-c55e-120d-26ce801bf761" testName="VisualTeX.WindowsOffice.Tests.FormulaOleContractTests.BaselineRoundTripsAndMustFitInsideRenderedHeight" computerName="DESKTOP-VM8VUAQ" duration="00:00:00.0389992" startTime="2026-09-06T13:28:37.5738494+08:00" endTime="2026-09-06T13:28:37.5738495+08:00" testType="13cdc9d9-ddb5-4fa4-a97d-d965ccfc6d4b" outcome="Passed" testListId="8c84fa94-04c1-424b-9868-57a2d4851a1d" relativeResultsDirectory="126ad1d1-66a2-46f3-a52a-d46c6ed60922" />
    <UnitTestResult executionId="1c041815-f3e1-4ff8-9c16-5e10510aa631" testId="0dd8e25a-69d0-8f0e-eb39-d8e5c996942b" testName="VisualTeX.WindowsOffice.Tests.WordOmmlNativeSequenceXmlTests.DocumentFieldCodeExtractionReassemblesSplitRefAndMathSeqRuns" computerName="DESKTOP-VM8VUAQ" duration="00:00:00.0011485" startTime="2026-09-06T13:28:37.5605636+08:00" endTime="2026-09-06T13:28:37.5605636+08:00" testType="13cdc9d9-ddb5-4fa4-a97d-d965ccfc6d4b" outcome="Passed" testListId="8c84fa94-04c1-424b-9868-57a2d4851a1d" relativeResultsDirectory="1c041815-f3e1-4ff8-9c16-5e10510aa631" />
    <UnitTestResult executionId="3dd94a2c-2b81-4e8c-b13b-ccff1d46d84c" testId="0c26e949-8331-27a9-d8ad-7a044dc26abc" testName="VisualTeX.WindowsOffice.Tests.WordDoubleClickRoutingTests.FormulaRectangleRejectsInvalidGeometry" computerName="DESKTOP-VM8VUAQ" duration="00:00:00.0000502" startTime="2026-09-06T13:28:37.5581507+08:00" endTime="2026-09-06T13:28:37.5581507+08:00" testType="13cdc9d9-ddb5-4fa4-a97d-d965ccfc6d4b" outcome="Passed" testListId="8c84fa94-04c1-424b-9868-57a2d4851a1d" relativeResultsDirectory="3dd94a2c-2b81-4e8c-b13b-ccff1d46d84c" />
    <UnitTestResult executionId="37df423f-d008-40a3-aad8-5f0aa9cff9f4" testId="c7720a04-37bb-0dd9-9770-2e9788cad2b9" testName="VisualTeX.WindowsOffice.Tests.WordOmmlTests.MathMlAccentsBecomeNativeOmmlAccentsWithoutPlaceholderGlyphs(sourceMark: &quot;↔&quot;, expectedCombiningMark: &quot;⃡&quot;)" computerName="DESKTOP-VM8VUAQ" duration="00:00:00.0001174" startTime="2026-09-06T13:28:37.7066034+08:00" endTime="2026-09-06T13:28:37.7066034+08:00" testType="13cdc9d9-ddb5-4fa4-a97d-d965ccfc6d4b" outcome="Passed" testListId="8c84fa94-04c1-424b-9868-57a2d4851a1d" relativeResultsDirectory="37df423f-d008-40a3-aad8-5f0aa9cff9f4" />
    <UnitTestResult executionId="bf6ac1f5-f228-49fc-96c0-aaa0630064a3" testId="3c26cb1e-e15b-3268-de71-e6f84ecd7b05" testName="VisualTeX.WindowsOffice.Tests.WordOmmlTests.ExtendedIntegralOperatorsBecomeNativeOmmlNaries(symbol: &quot;⨜&quot;)" computerName="DESKTOP-VM8VUAQ" duration="00:00:00.0005865" startTime="2026-09-06T13:28:37.7415622+08:00" endTime="2026-09-06T13:28:37.7415623+08:00" testType="13cdc9d9-ddb5-4fa4-a97d-d965ccfc6d4b" outcome="Passed" testListId="8c84fa94-04c1-424b-9868-57a2d4851a1d" relativeResultsDirectory="bf6ac1f5-f228-49fc-96c0-aaa0630064a3" />
    <UnitTestResult executionId="fdb8fcf1-83a6-4a1a-9bad-35c8b2c3858b" testId="702377d7-3e20-60f4-c3ee-74abef525494" testName="VisualTeX.WindowsOffice.Tests.WordOmmlTests.CommonFencedTablesUseNativeGrowingDelimiters(open: &quot;{&quot;, close: &quot;}&quot;)" computerName="DESKTOP-VM8VUAQ" duration="00:00:00.0002503" startTime="2026-09-06T13:28:37.6977970+08:00" endTime="2026-09-06T13:28:37.6977971+08:00" testType="13cdc9d9-ddb5-4fa4-a97d-d965ccfc6d4b" outcome="Passed" testListId="8c84fa94-04c1-424b-9868-57a2d4851a1d" relativeResultsDirectory="fdb8fcf1-83a6-4a1a-9bad-35c8b2c3858b" />
    <UnitTestResult executionId="73adc31a-c933-44c3-89f1-f0acf73f749f" testId="2d9a7cf9-d127-1a94-cf22-95d0a6c4eac2" testName="VisualTeX.WindowsOffice.Tests.WordOmmlTests.BareDisplayIntegralUsesGrowingNativeNaryLayoutWithoutPlaceholderLimit" computerName="DESKTOP-VM8VUAQ" duration="00:00:00.0002971" startTime="2026-09-06T13:28:37.7612585+08:00" endTime="2026-09-06T13:28:37.7612586+08:00" testType="13cdc9d9-ddb5-4fa4-a97d-d965ccfc6d4b" outcome="Passed" testListId="8c84fa94-04c1-424b-9868-57a2d4851a1d" relativeResultsDirectory="73adc31a-c933-44c3-89f1-f0acf73f749f" />
    <UnitTestResult executionId="0b3e7a77-a1c5-4fd2-a995-47f95638b52d" testId="a892e634-6483-35c5-f1a7-7a922b1ce8d8" testName="VisualTeX.WindowsOffice.Tests.WordOmmlTests.ExplicitOversetIsNotMistakenForAnAccent" computerName="DESKTOP-VM8VUAQ" duration="00:00:00.0001264" startTime="2026-09-06T13:28:37.7624030+08:00" endTime="2026-09-06T13:28:37.7624031+08:00" testType="13cdc9d9-ddb5-4fa4-a97d-d965ccfc6d4b" outcome="Passed" testListId="8c84fa94-04c1-424b-9868-57a2d4851a1d" relativeResultsDirectory="0b3e7a77-a1c5-4fd2-a995-47f95638b52d" />
    <UnitTestResult executionId="3c2e8ef9-919b-479e-b2b5-a9bfbebbdde0" testId="87762f89-0cc3-368b-f63b-de38807bb0cf" testName="VisualTeX.WindowsOffice.Tests.WordOmmlConversionIdentityTests.DisplacedAnchorCannotOverwriteFollowingFormulaFingerprint" computerName="DESKTOP-VM8VUAQ" duration="00:00:00.0031798" startTime="2026-09-06T13:28:37.5605093+08:00" endTime="2026-09-06T13:28:37.5605093+08:00" testType="13cdc9d9-ddb5-4fa4-a97d-d965ccfc6d4b" outcome="Passed" testListId="8c84fa94-04c1-424b-9868-57a2d4851a1d" relativeResultsDirectory="3c2e8ef9-919b-479e-b2b5-a9bfbebbdde0" />
    <UnitTestResult executionId="ec1243e4-a30e-4567-87ae-739e508bd3ec" testId="117ad7a0-899b-86d3-b89d-c924d52b699f" testName="VisualTeX.WindowsOffice.Tests.WordOmmlHashSequenceNumberingTests.BuildImmutableHashSequenceNumberedOmml_ChapterPrefixIsInsideAliases" computerName="DESKTOP-VM8VUAQ" duration="00:00:00.0008833" startTime="2026-09-06T13:28:37.5605276+08:00" endTime="2026-09-06T13:28:37.5605277+08:00" testType="13cdc9d9-ddb5-4fa4-a97d-d965ccfc6d4b" outcome="Passed" testListId="8c84fa94-04c1-424b-9868-57a2d4851a1d" relativeResultsDirectory="ec1243e4-a30e-4567-87ae-739e508bd3ec" />
    <UnitTestResult executionId="ba6a072a-709b-4e98-8975-68d68379bf19" testId="7da7483c-c217-1447-6bc6-1b92ddffbf0d" testName="VisualTeX.WindowsOffice.Tests.FormulaFontSizeTests.ParsesChineseFontSizeNames(value: &quot;三号&quot;, expected: 16)" computerName="DESKTOP-VM8VUAQ" duration="00:00:00.0000011" startTime="2026-09-06T13:28:37.5559246+08:00" endTime="2026-09-06T13:28:37.5559247+08:00" testType="13cdc9d9-ddb5-4fa4-a97d-d965ccfc6d4b" outcome="Passed" testListId="8c84fa94-04c1-424b-9868-57a2d4851a1d" relativeResultsDirectory="ba6a072a-709b-4e98-8975-68d68379bf19" />
    <UnitTestResult executionId="b5ba3f0e-800d-4c58-86e3-a3cca31622e9" testId="a52a5cb7-3695-ea73-e7c0-63bfd595d168" testName="VisualTeX.WindowsOffice.Tests.WordOmmlTests.ExtendedIntegralOperatorsBecomeNativeOmmlNaries(symbol: &quot;⨒&quot;)" computerName="DESKTOP-VM8VUAQ" duration="00:00:00.0002850" startTime="2026-09-06T13:28:37.7418785+08:00" endTime="2026-09-06T13:28:37.7418786+08:00" testType="13cdc9d9-ddb5-4fa4-a97d-d965ccfc6d4b" outcome="Passed" testListId="8c84fa94-04c1-424b-9868-57a2d4851a1d" relativeResultsDirectory="b5ba3f0e-800d-4c58-86e3-a3cca31622e9" />
    <UnitTestResult executionId="1b22de86-0b03-4b5d-af42-76068020d01a" testId="6818501b-f309-71b7-4dcd-87af36ad6ef6" testName="VisualTeX.WindowsOffice.Tests.WordOmmlTests.ExtendedIntegralOperatorsBecomeNativeOmmlNaries(symbol: &quot;⨑&quot;)" computerName="DESKTOP-VM8VUAQ" duration="00:00:00.0001260" startTime="2026-09-06T13:28:37.7435115+08:00" endTime="2026-09-06T13:28:37.7435116+08:00" testType="13cdc9d9-ddb5-4fa4-a97d-d965ccfc6d4b" outcome="Passed" testListId="8c84fa94-04c1-424b-9868-57a2d4851a1d" relativeResultsDirectory="1b22de86-0b03-4b5d-af42-76068020d01a" />
    <UnitTestResult executionId="7457083e-3261-4c86-b9e7-f94d929dd6d3" testId="3a9ce051-9215-94a9-9140-a21af3c5c4ee" testName="VisualTeX.WindowsOffice.Tests.MathTypeFenceRoundTripTests.ExplicitFencesPreserveSemanticsAndExpandableTemplate(open: &quot;{&quot;, close: &quot;}&quot;)" computerName="DESKTOP-VM8VUAQ" duration="00:00:00.0001823" startTime="2026-09-06T13:28:37.5621561+08:00" endTime="2026-09-06T13:28:37.5621561+08:00" testType="13cdc9d9-ddb5-4fa4-a97d-d965ccfc6d4b" outcome="Passed" testListId="8c84fa94-04c1-424b-9868-57a2d4851a1d" relativeResultsDirectory="7457083e-3261-4c86-b9e7-f94d929dd6d3" />
    <UnitTestResult executionId="10a97fa0-c146-4b34-a6fa-51a6f913f804" testId="9221c84f-7d78-25f1-70f0-c0c82c60fe3f" testName="VisualTeX.WindowsOffice.Tests.WordOmmlTests.WordMaterializedFunctionApplicationKeepsPlainRunGrouped(functionName: &quot;exp&quot;)" computerName="DESKTOP-VM8VUAQ" duration="00:00:00.0000807" startTime="2026-09-06T13:28:37.7577098+08:00" endTime="2026-09-06T13:28:37.7577098+08:00" testType="13cdc9d9-ddb5-4fa4-a97d-d965ccfc6d4b" outcome="Passed" testListId="8c84fa94-04c1-424b-9868-57a2d4851a1d" relativeResultsDirectory="10a97fa0-c146-4b34-a6fa-51a6f913f804" />
    <UnitTestResult executionId="4ef0341b-a11d-4fb6-952a-85307fef517b" testId="169ece5d-3e37-0c89-b2ff-043705a52cb2" testName="VisualTeX.WindowsOffice.Tests.MathTypeFenceRoundTripTests.ExplicitFencesPreserveSemanticsAndExpandableTemplate(open: &quot;{&quot;, close: &quot;&quot;)" computerName="DESKTOP-VM8VUAQ" duration="00:00:00.0000998" startTime="2026-09-06T13:28:37.5621979+08:00" endTime="2026-09-06T13:28:37.5621980+08:00" testType="13cdc9d9-ddb5-4fa4-a97d-d965ccfc6d4b" outcome="Passed" testListId="8c84fa94-04c1-424b-9868-57a2d4851a1d" relativeResultsDirectory="4ef0341b-a11d-4fb6-952a-85307fef517b" />
    <UnitTestResult executionId="348a5af6-667e-44b4-a382-1ab45e8e552c" testId="b3668a76-019a-5855-d52d-38894a44e696" testName="VisualTeX.WindowsOffice.Tests.WordInlineAlignmentTests.LegacyFormulaWithoutUsablePositionUsesDescentFallback(existingPosition: 0)" computerName="DESKTOP-VM8VUAQ" duration="00:00:00.0001212" startTime="2026-09-06T13:28:37.5578421+08:00" endTime="2026-09-06T13:28:37.5578421+08:00" testType="13cdc9d9-ddb5-4fa4-a97d-d965ccfc6d4b" outcome="Passed" testListId="8c84fa94-04c1-424b-9868-57a2d4851a1d" relativeResultsDirectory="348a5af6-667e-44b4-a382-1ab45e8e552c" />
    <UnitTestResult executionId="1f50c0b8-0a14-42b8-b9ab-7c00af0950f1" testId="edba70fe-6686-09ec-01b9-257b69834a88" testName="VisualTeX.WindowsOffice.Tests.VisualTeXSessionVectorExportTests.MaterializeSvgRejectsPathLikeSessionIdentifiers" computerName="DESKTOP-VM8VUAQ" duration="00:00:00.0183252" startTime="2026-09-06T13:28:37.6495318+08:00" endTime="2026-09-06T13:28:37.6495319+08:00" testType="13cdc9d9-ddb5-4fa4-a97d-d965ccfc6d4b" outcome="Passed" testListId="8c84fa94-04c1-424b-9868-57a2d4851a1d" relativeResultsDirectory="1f50c0b8-0a14-42b8-b9ab-7c00af0950f1" />
    <UnitTestResult executionId="ce0fb8ed-54a6-44ad-acda-8432303d122f" testId="90682b9f-0472-f191-f47d-fd303f5ba08a" testName="VisualTeX.WindowsOffice.Tests.WordUndoHistorySnapshotTests.SplitRecordsIncludeAllNewActionsAndPreserveOlderUserActions" computerName="DESKTOP-VM8VUAQ" duration="00:00:00.0001050" startTime="2026-09-06T13:28:37.5559918+08:00" endTime="2026-09-06T13:28:37.5559918+08:00" testType="13cdc9d9-ddb5-4fa4-a97d-d965ccfc6d4b" outcome="Passed" testListId="8c84fa94-04c1-424b-9868-57a2d4851a1d" relativeResultsDirectory="ce0fb8ed-54a6-44ad-acda-8432303d122f" />
    <UnitTestResult executionId="c62f9e60-727c-4594-9d4f-af7285dd37fc" testId="09180a4e-ba19-ac5f-b1b6-a7b4572a86c1" testName="VisualTeX.WindowsOffice.Tests.FormulaFontSizeTests.ParsesChineseFontSizeNames(value: &quot;小二&quot;, expected: 18)" computerName="DESKTOP-VM8VUAQ" duration="00:00:00.0000008" startTime="2026-09-06T13:28:37.5564261+08:00" endTime="2026-09-06T13:28:37.5564261+08:00" testType="13cdc9d9-ddb5-4fa4-a97d-d965ccfc6d4b" outcome="Passed" testListId="8c84fa94-04c1-424b-9868-57a2d4851a1d" relativeResultsDirectory="c62f9e60-727c-4594-9d4f-af7285dd37fc" />
    <UnitTestResult executionId="94f0e86f-3048-4f49-b59c-424f7949c327" testId="91b84608-61dc-4e3a-15d6-42d877152345" testName="VisualTeX.WindowsOffice.Tests.WordOmmlTests.MathMlAccentsBecomeNativeOmmlAccentsWithoutPlaceholderGlyphs(sourceMark: &quot;^&quot;, expectedCombiningMark: &quot;̂&quot;)" computerName="DESKTOP-VM8VUAQ" duration="00:00:00.0000914" startTime="2026-09-06T13:28:37.7070026+08:00" endTime="2026-09-06T13:28:37.7070027+08:00" testType="13cdc9d9-ddb5-4fa4-a97d-d965ccfc6d4b" outcome="Passed" testListId="8c84fa94-04c1-424b-9868-57a2d4851a1d" relativeResultsDirectory="94f0e86f-3048-4f49-b59c-424f7949c327" />
    <UnitTestResult executionId="80c95ca8-4a5c-4882-9555-1f5643a1ae39" testId="ba2ff339-f527-bae2-e38d-cefb4a594d23" testName="VisualTeX.WindowsOffice.Tests.WordInlineAlignmentTests.AlignsExportedFormulaBaselineWithWordTextBaseline" computerName="DESKTOP-VM8VUAQ" duration="00:00:00.0001564" startTime="2026-09-06T13:28:37.5575829+08:00" endTime="2026-09-06T13:28:37.5575829+08:00" testType="13cdc9d9-ddb5-4fa4-a97d-d965ccfc6d4b" outcome="Passed" testListId="8c84fa94-04c1-424b-9868-57a2d4851a1d" relativeResultsDirectory="80c95ca8-4a5c-4882-9555-1f5643a1ae39" />
    <UnitTestResult executionId="02a70926-25c1-4033-9df5-47bc9d639ce4" testId="236cbe28-3619-e217-6f88-5fd7f9298fe6" testName="VisualTeX.WindowsOffice.Tests.WordOmmlTests.ExtendedIntegralOperatorsBecomeNativeOmmlNaries(symbol: &quot;∯&quot;)" computerName="DESKTOP-VM8VUAQ" duration="00:00:00.0001216" startTime="2026-09-06T13:28:37.7437827+08:00" endTime="2026-09-06T13:28:37.7437828+08:00" testType="13cdc9d9-ddb5-4fa4-a97d-d965ccfc6d4b" outcome="Passed" testListId="8c84fa94-04c1-424b-9868-57a2d4851a1d" relativeResultsDirectory="02a70926-25c1-4033-9df5-47bc9d639ce4" />
    <UnitTestResult executionId="e5d2f430-a3ce-4a69-80cc-b7691be46e1f" testId="5de502a7-65aa-8776-a247-6b1814797896" testName="VisualTeX.WindowsOffice.Tests.WordInlineAlignmentTests.InvalidOrBottomEdgeBaselinesDoNotMoveTheFormula(actualHeight: 20, exportedHeight: 20, baseline: -1)" computerName="DESKTOP-VM8VUAQ" duration="00:00:00.0000041" startTime="2026-09-06T13:28:37.5583421+08:00" endTime="2026-09-06T13:28:37.5583422+08:00" testType="13cdc9d9-ddb5-4fa4-a97d-d965ccfc6d4b" outcome="Passed" testListId="8c84fa94-04c1-424b-9868-57a2d4851a1d" relativeResultsDirectory="e5d2f430-a3ce-4a69-80cc-b7691be46e1f" />
    <UnitTestResult executionId="5619a8c3-236b-4398-ad7b-1ee5a0bb0a6e" testId="82563a56-01f7-5e62-cfdf-fb1972429a15" testName="VisualTeX.WindowsOffice.Tests.WordOmmlNativeHashNumberTests.DirectSequenceWrapperContainsNoMathematicalReference" computerName="DESKTOP-VM8VUAQ" duration="00:00:00.0097847" startTime="2026-09-06T13:28:37.5592234+08:00" endTime="2026-09-06T13:28:37.5592234+08:00" testType="13cdc9d9-ddb5-4fa4-a97d-d965ccfc6d4b" outcome="Passed" testListId="8c84fa94-04c1-424b-9868-57a2d4851a1d" relativeResultsDirectory="5619a8c3-236b-4398-ad7b-1ee5a0bb0a6e" />
    <UnitTestResult executionId="eed6023b-fec5-4057-ab17-8e3d8ef79338" testId="a32ffd74-c6c1-6546-4efd-57fe3a371491" testName="VisualTeX.WindowsOffice.Tests.OfficeOlePreviewTests.MathJaxTallMatrixNestedSvgViewportKeepsBracketsContinuous" computerName="DESKTOP-VM8VUAQ" duration="00:00:00.0147266" startTime="2026-09-06T13:28:37.9345780+08:00" endTime="2026-09-06T13:28:37.9345784+08:00" testType="13cdc9d9-ddb5-4fa4-a97d-d965ccfc6d4b" outcome="Passed" testListId="8c84fa94-04c1-424b-9868-57a2d4851a1d" relativeResultsDirectory="eed6023b-fec5-4057-ab17-8e3d8ef79338" />
    <UnitTestResult executionId="0f4527c9-4955-4d2c-9982-c9e6638522ca" testId="7a60b417-a470-d7fd-1526-a66004f29eeb" testName="VisualTeX.WindowsOffice.Tests.WordOmmlTests.ExtendedIntegralOperatorsBecomeNativeOmmlNaries(symbol: &quot;⨔&quot;)" computerName="DESKTOP-VM8VUAQ" duration="00:00:00.0001256" startTime="2026-09-06T13:28:37.7446281+08:00" endTime="2026-09-06T13:28:37.7446281+08:00" testType="13cdc9d9-ddb5-4fa4-a97d-d965ccfc6d4b" outcome="Passed" testListId="8c84fa94-04c1-424b-9868-57a2d4851a1d" relativeResultsDirectory="0f4527c9-4955-4d2c-9982-c9e6638522ca" />
    <UnitTestResult executionId="19b2f780-a8a4-4849-b366-1961ddd76881" testId="7bce49d3-603f-0b03-4f37-3f94d4dddaed" testName="VisualTeX.WindowsOffice.Tests.OfficeOlePreviewTests.InkSafePreviewExpandsFinalSystemFontOutlinesWithoutClipping" computerName="DESKTOP-VM8VUAQ" duration="00:00:00.2881340" startTime="2026-09-06T13:28:37.9054924+08:00" endTime="2026-09-06T13:28:37.9054931+08:00" testType="13cdc9d9-ddb5-4fa4-a97d-d965ccfc6d4b" outcome="Passed" testListId="8c84fa94-04c1-424b-9868-57a2d4851a1d" relativeResultsDirectory="19b2f780-a8a4-4849-b366-1961ddd76881" />
    <UnitTestResult executionId="3d316bbf-9c35-4b23-acef-20bd9064a434" testId="fa612aa0-b629-70ac-dbef-aefc7221033c" testName="VisualTeX.WindowsOffice.Tests.WordOmmlTests.AngleFencedTableBecomesNativeGrowingDelimiter" computerName="DESKTOP-VM8VUAQ" duration="00:00:00.0005398" startTime="2026-09-06T13:28:37.7454301+08:00" endTime="2026-09-06T13:28:37.7454302+08:00" testType="13cdc9d9-ddb5-4fa4-a97d-d965ccfc6d4b" outcome="Passed" testListId="8c84fa94-04c1-424b-9868-57a2d4851a1d" relativeResultsDirectory="3d316bbf-9c35-4b23-acef-20bd9064a434" />
    <UnitTestResult executionId="086db7ed-04e7-4a34-bc23-b14596470db9" testId="e131be23-daae-fb27-3f21-c8f623441d86" testName="VisualTeX.WindowsOffice.Tests.MathMlToLatexConverterTests.ConvertsFencedAbsoluteAndNormDelimitersWithMatchingSides(open: &quot;‖&quot;, close: &quot;‖&quot;, expected: &quot;\\left\\| x\\right\\|&quot;)" computerName="DESKTOP-VM8VUAQ" duration="00:00:00.0001438" startTime="2026-09-06T13:28:37.5611030+08:00" endTime="2026-09-06T13:28:37.5611030+08:00" testType="13cdc9d9-ddb5-4fa4-a97d-d965ccfc6d4b" outcome="Passed" testListId="8c84fa94-04c1-424b-9868-57a2d4851a1d" relativeResultsDirectory="086db7ed-04e7-4a34-bc23-b14596470db9" />
    <UnitTestResult executionId="d3e835fa-bb38-4b54-8ea5-630d8b4b9d91" testId="f956e174-b5f5-f49f-9923-2fe4d447ad69" testName="VisualTeX.WindowsOffice.Tests.WordOmmlTests.OmmlRoundTripKeepsOrdinaryEulerLettersAsMathIdentifiers" computerName="DESKTOP-VM8VUAQ" duration="00:00:00.0006306" startTime="2026-09-06T13:28:37.7813736+08:00" endTime="2026-09-06T13:28:37.7813737+08:00" testType="13cdc9d9-ddb5-4fa4-a97d-d965ccfc6d4b" outcome="Passed" testListId="8c84fa94-04c1-424b-9868-57a2d4851a1d" relativeResultsDirectory="d3e835fa-bb38-4b54-8ea5-630d8b4b9d91" />
    <UnitTestResult executionId="4a6c2457-1694-4527-84a0-9a0e831da1a1" testId="4fb45688-7ba9-dd37-20bc-47b0eb51e4ee" testName="VisualTeX.WindowsOffice.Tests.WordOleSizingTests.TallerEditPreservesAspectRatioWithinCurrentExportBounds" computerName="DESKTOP-VM8VUAQ" duration="00:00:00.0047368" startTime="2026-09-06T13:28:37.5532160+08:00" endTime="2026-09-06T13:28:37.5532161+08:00" testType="13cdc9d9-ddb5-4fa4-a97d-d965ccfc6d4b" outcome="Passed" testListId="8c84fa94-04c1-424b-9868-57a2d4851a1d" relativeResultsDirectory="4a6c2457-1694-4527-84a0-9a0e831da1a1" />
    <UnitTestResult executionId="73c9fc53-81b8-443c-b769-3bfa2bd66da4" testId="17e0959b-a921-f174-0dd0-e4d6a5d8137c" testName="VisualTeX.WindowsOffice.Tests.WordBulkImportParserTests.LatexCjkInlineMathWhitespaceFollowsTexSemantics" computerName="DESKTOP-VM8VUAQ" duration="00:00:00.0396257" startTime="2026-09-06T13:28:37.5744986+08:00" endTime="2026-09-06T13:28:37.5744988+08:00" testType="13cdc9d9-ddb5-4fa4-a97d-d965ccfc6d4b" outcome="Passed" testListId="8c84fa94-04c1-424b-9868-57a2d4851a1d" relativeResultsDirectory="73c9fc53-81b8-443c-b769-3bfa2bd66da4" />
    <UnitTestResult executionId="01eb92bf-1a58-4d89-a7b7-8e7e65b2f81d" testId="86d5f802-24f9-2e59-25f1-d4f9badd45d4" testName="VisualTeX.WindowsOffice.Tests.WordOmmlTests.VmatrixMathMlBecomesOneNativeDelimiterContainingAThreeByThreeMatrix" computerName="DESKTOP-VM8VUAQ" duration="00:00:00.0010609" startTime="2026-09-06T13:28:37.7598535+08:00" endTime="2026-09-06T13:28:37.7598536+08:00" testType="13cdc9d9-ddb5-4fa4-a97d-d965ccfc6d4b" outcome="Passed" testListId="8c84fa94-04c1-424b-9868-57a2d4851a1d" relativeResultsDirectory="01eb92bf-1a58-4d89-a7b7-8e7e65b2f81d" />
    <UnitTestResult executionId="9227d097-001c-4360-b8ba-34444d39eb1d" testId="8520af92-d084-10f8-fd0f-0854aa65d6eb" testName="VisualTeX.WindowsOffice.Tests.WordOleDisplayParagraphTests.CollapsedCaretInEmptyParagraphReusesThatParagraph" computerName="DESKTOP-VM8VUAQ" duration="00:00:00.0000459" startTime="2026-09-06T13:28:37.5555148+08:00" endTime="2026-09-06T13:28:37.5555149+08:00" testType="13cdc9d9-ddb5-4fa4-a97d-d965ccfc6d4b" outcome="Passed" testListId="8c84fa94-04c1-424b-9868-57a2d4851a1d" relativeResultsDirectory="9227d097-001c-4360-b8ba-34444d39eb1d" />
    <UnitTestResult executionId="1364bf48-71a2-4fb3-b0c6-6ebec2f4f973" testId="9706076e-6e2a-23cb-9b0f-872061a2e39b" testName="VisualTeX.WindowsOffice.Tests.OfficeFormulaSizingTests.EditedSizeUsesFormulaHeightWhenOldBoxIsNonUniform" computerName="DESKTOP-VM8VUAQ" duration="00:00:00.0001120" startTime="2026-09-06T13:28:37.5569408+08:00" endTime="2026-09-06T13:28:37.5569409+08:00" testType="13cdc9d9-ddb5-4fa4-a97d-d965ccfc6d4b" outcome="Passed" testListId="8c84fa94-04c1-424b-9868-57a2d4851a1d" relativeResultsDirectory="1364bf48-71a2-4fb3-b0c6-6ebec2f4f973" />
    <UnitTestResult executionId="6fe1a077-2993-4d16-98b8-89ffa6a9be6d" testId="a464c55f-b7e8-a570-0298-624940c548d8" testName="VisualTeX.WindowsOffice.Tests.RibbonIconDataTests.HighDpiRibbonIconUsesDoubleDensityVectorArtwork(key: &quot;ommlDisplay&quot;)" computerName="DESKTOP-VM8VUAQ" duration="00:00:00.0033280" startTime="2026-09-06T13:28:37.7265767+08:00" endTime="2026-09-06T13:28:37.7265768+08:00" testType="13cdc9d9-ddb5-4fa4-a97d-d965ccfc6d4b" outcome="Passed" testListId="8c84fa94-04c1-424b-9868-57a2d4851a1d" relativeResultsDirectory="6fe1a077-2993-4d16-98b8-89ffa6a9be6d" />
    <UnitTestResult executionId="71e1eab3-5948-4feb-a905-a252f2756bf7" testId="f96f3615-2d4f-51ef-6bf2-173708185ca3" testName="VisualTeX.WindowsOffice.Tests.WordOmmlTests.MathMlAccentsBecomeNativeOmmlAccentsWithoutPlaceholderGlyphs(sourceMark: &quot;˚&quot;, expectedCombiningMark: &quot;̊&quot;)" computerName="DESKTOP-VM8VUAQ" duration="00:00:00.0000879" startTime="2026-09-06T13:28:37.7069539+08:00" endTime="2026-09-06T13:28:37.7069540+08:00" testType="13cdc9d9-ddb5-4fa4-a97d-d965ccfc6d4b" outcome="Passed" testListId="8c84fa94-04c1-424b-9868-57a2d4851a1d" relativeResultsDirectory="71e1eab3-5948-4feb-a905-a252f2756bf7" />
    <UnitTestResult executionId="ef33f649-2c81-45e8-ae35-88a4788691ef" testId="57e1a4c0-2bb4-51de-a2f7-b7a7412d59be" testName="VisualTeX.WindowsOffice.Tests.MathMlToLatexConverterTests.ConvertsMatricesAndGreekSymbols" computerName="DESKTOP-VM8VUAQ" duration="00:00:00.0001014" startTime="2026-09-06T13:28:37.5612859+08:00" endTime="2026-09-06T13:28:37.5612859+08:00" testType="13cdc9d9-ddb5-4fa4-a97d-d965ccfc6d4b" outcome="Passed" testListId="8c84fa94-04c1-424b-9868-57a2d4851a1d" relativeResultsDirectory="ef33f649-2c81-45e8-ae35-88a4788691ef" />
    <UnitTestResult executionId="dbb8c0ed-0dbb-4941-b889-9499cad8ed98" testId="11a41844-384b-8774-d7f9-4d09e455c4f6" testName="VisualTeX.WindowsOffice.Tests.WordOmmlTests.OfficeMathMlTransformNeverLeavesAnEmptyNaryOperand(latex: &quot;\\int_0^1 x^2\\,dx&quot;, mathMl: &quot;&lt;math xmlns=\&quot;http://www.w3.org/1998/Math/MathML\&quot;&quot;···)" computerName="DESKTOP-VM8VUAQ" duration="00:00:00.0039336" startTime="2026-09-06T13:28:37.6650040+08:00" endTime="2026-09-06T13:28:37.6650041+08:00" testType="13cdc9d9-ddb5-4fa4-a97d-d965ccfc6d4b" outcome="Passed" testListId="8c84fa94-04c1-424b-9868-57a2d4851a1d" relativeResultsDirectory="dbb8c0ed-0dbb-4941-b889-9499cad8ed98" />
    <UnitTestResult executionId="84acec02-2a70-48e4-8d27-fa29f3cd4db2" testId="2c25ab98-25c7-e4a0-4221-7b9fcb537336" testName="VisualTeX.WindowsOffice.Tests.WordOmmlTests.NestedEmptyBaseSubscriptsAreFlattenedBeforeOmmlConversion" computerName="DESKTOP-VM8VUAQ" duration="00:00:00.0006598" startTime="2026-09-06T13:28:37.7609320+08:00" endTime="2026-09-06T13:28:37.7609321+08:00" testType="13cdc9d9-ddb5-4fa4-a97d-d965ccfc6d4b" outcome="Passed" testListId="8c84fa94-04c1-424b-9868-57a2d4851a1d" relativeResultsDirectory="84acec02-2a70-48e4-8d27-fa29f3cd4db2" />
    <UnitTestResult executionId="cdcf6685-feb7-4867-b6aa-1c43b8e24b22" testId="4b85b427-41c3-7635-108a-3ae325e9ffb2" testName="VisualTeX.WindowsOffice.Tests.WordOmmlHashSequenceNumberingTests.BuildImmutableHashSequenceNumberedOmml_RejectsInvalidBookmarkName" computerName="DESKTOP-VM8VUAQ" duration="00:00:00.0003178" startTime="2026-09-06T13:28:37.5597706+08:00" endTime="2026-09-06T13:28:37.5597707+08:00" testType="13cdc9d9-ddb5-4fa4-a97d-d965ccfc6d4b" outcome="Passed" testListId="8c84fa94-04c1-424b-9868-57a2d4851a1d" relativeResultsDirectory="cdcf6685-feb7-4867-b6aa-1c43b8e24b22" />
    <UnitTestResult executionId="fbd5e218-0702-470c-86b7-f19651f8f9af" testId="e1f7062a-78db-2c4c-87d2-8cdf29203657" testName="VisualTeX.WindowsOffice.Tests.WordBulkImportParserTests.AlignPhysicalSourceLinesKeepEveryExplicitMathRow" computerName="DESKTOP-VM8VUAQ" duration="00:00:00.0041263" startTime="2026-09-06T13:28:37.5821819+08:00" endTime="2026-09-06T13:28:37.5821820+08:00" testType="13cdc9d9-ddb5-4fa4-a97d-d965ccfc6d4b" outcome="Passed" testListId="8c84fa94-04c1-424b-9868-57a2d4851a1d" relativeResultsDirectory="fbd5e218-0702-470c-86b7-f19651f8f9af" />
    <UnitTestResult executionId="644f21aa-a36e-4870-a8b4-eb751721a78a" testId="6897f651-18ad-8e8b-4e1a-444901caa54a" testName="VisualTeX.WindowsOffice.Tests.WordOmmlTests.HiddenOptionalOmmlSlotsAreAllowed" computerName="DESKTOP-VM8VUAQ" duration="00:00:00.0000760" startTime="2026-09-06T13:28:37.7789880+08:00" endTime="2026-09-06T13:28:37.7789881+08:00" testType="13cdc9d9-ddb5-4fa4-a97d-d965ccfc6d4b" outcome="Passed" testListId="8c84fa94-04c1-424b-9868-57a2d4851a1d" relativeResultsDirectory="644f21aa-a36e-4870-a8b4-eb751721a78a" />
    <UnitTestResult executionId="c4979532-7c0f-4659-a734-408bd089054c" testId="b56f77af-3248-77cd-33b2-014efe4ac05e" testName="VisualTeX.WindowsOffice.Tests.WordOmmlTests.MathMlAccentsBecomeNativeOmmlAccentsWithoutPlaceholderGlyphs(sourceMark: &quot;˘&quot;, expectedCombiningMark: &quot;̆&quot;)" computerName="DESKTOP-VM8VUAQ" duration="00:00:00.0079199" startTime="2026-09-06T13:28:37.7060451+08:00" endTime="2026-09-06T13:28:37.7060453+08:00" testType="13cdc9d9-ddb5-4fa4-a97d-d965ccfc6d4b" outcome="Passed" testListId="8c84fa94-04c1-424b-9868-57a2d4851a1d" relativeResultsDirectory="c4979532-7c0f-4659-a734-408bd089054c" />
    <UnitTestResult executionId="69e13943-342a-406a-b892-8e10fb210551" testId="798e6e03-0933-3f19-9873-f6066d290dcd" testName="VisualTeX.WindowsOffice.Tests.WordBulkImportParserTests.EscapedDollarRemainsNativeText" computerName="DESKTOP-VM8VUAQ" duration="00:00:00.0006272" startTime="2026-09-06T13:28:37.5939874+08:00" endTime="2026-09-06T13:28:37.5939875+08:00" testType="13cdc9d9-ddb5-4fa4-a97d-d965ccfc6d4b" outcome="Passed" testListId="8c84fa94-04c1-424b-9868-57a2d4851a1d" relativeResultsDirectory="69e13943-342a-406a-b892-8e10fb210551" />
    <UnitTestResult executionId="073933fa-34a7-43ba-abe1-03a331aed956" testId="c5d60176-6e14-828b-00d5-ff55197e80d7" testName="VisualTeX.WindowsOffice.Tests.WordOmmlTests.MathMlAccentsBecomeNativeOmmlAccentsWithoutPlaceholderGlyphs(sourceMark: &quot;˙&quot;, expectedCombiningMark: &quot;̇&quot;)" computerName="DESKTOP-VM8VUAQ" duration="00:00:00.0000905" startTime="2026-09-06T13:28:37.7073140+08:00" endTime="2026-09-06T13:28:37.7073142+08:00" testType="13cdc9d9-ddb5-4fa4-a97d-d965ccfc6d4b" outcome="Passed" testListId="8c84fa94-04c1-424b-9868-57a2d4851a1d" relativeResultsDirectory="073933fa-34a7-43ba-abe1-03a331aed956" />
    <UnitTestResult executionId="6bd76e8e-da07-4905-a76a-4c02e9714613" testId="bea9a24c-eaee-e349-b3c4-0eb701a13c9c" testName="VisualTeX.WindowsOffice.Tests.WordBulkImportParserTests.SerializedPreviewDocumentRejectsInvalidOrEmptyPayloads" computerName="DESKTOP-VM8VUAQ" duration="00:00:00.0012345" startTime="2026-09-06T13:28:37.6091296+08:00" endTime="2026-09-06T13:28:37.6091297+08:00" testType="13cdc9d9-ddb5-4fa4-a97d-d965ccfc6d4b" outcome="Passed" testListId="8c84fa94-04c1-424b-9868-57a2d4851a1d" relativeResultsDirectory="6bd76e8e-da07-4905-a76a-4c02e9714613" />
    <UnitTestResult executionId="807e1de7-3abb-4d84-b77f-fa616585d89c" testId="8adf95f8-5003-22ec-b57f-3e36f180685e" testName="VisualTeX.WindowsOffice.Tests.MathMlToLatexConverterTests.PreservesExplicitUprightLatinIdentifiers" computerName="DESKTOP-VM8VUAQ" duration="00:00:00.0000378" startTime="2026-09-06T13:28:37.5613080+08:00" endTime="2026-09-06T13:28:37.5613081+08:00" testType="13cdc9d9-ddb5-4fa4-a97d-d965ccfc6d4b" outcome="Passed" testListId="8c84fa94-04c1-424b-9868-57a2d4851a1d" relativeResultsDirectory="807e1de7-3abb-4d84-b77f-fa616585d89c" />
    <UnitTestResult executionId="bd165aa9-6f13-4275-801d-72ebcfd920a3" testId="6f7fb5ae-e0b5-bf96-29eb-cdf69b8e0c8e" testName="VisualTeX.WindowsOffice.Tests.MathTypeFenceRoundTripTests.ExplicitFencesPreserveSemanticsAndExpandableTemplate(open: &quot;&quot;, close: &quot;}&quot;)" computerName="DESKTOP-VM8VUAQ" duration="00:00:00.0001212" startTime="2026-09-06T13:28:37.5621827+08:00" endTime="2026-09-06T13:28:37.5621828+08:00" testType="13cdc9d9-ddb5-4fa4-a97d-d965ccfc6d4b" outcome="Passed" testListId="8c84fa94-04c1-424b-9868-57a2d4851a1d" relativeResultsDirectory="bd165aa9-6f13-4275-801d-72ebcfd920a3" />
    <UnitTestResult executionId="60b15250-3148-41d1-becf-5e06725432a3" testId="64b309d6-4768-0211-e120-14d8c941d76f" testName="VisualTeX.WindowsOffice.Tests.WordOmmlTests.OfficeMathMlTransformNeverLeavesAnEmptyNaryOperand(latex: &quot;\\prod_{i=1}^{n} a_i&quot;, mathMl: &quot;&lt;math xmlns=\&quot;http://www.w3.org/1998/Math/MathML\&quot;&quot;···)" computerName="DESKTOP-VM8VUAQ" duration="00:00:00.0003672" startTime="2026-09-06T13:28:37.6610365+08:00" endTime="2026-09-06T13:28:37.6610365+08:00" testType="13cdc9d9-ddb5-4fa4-a97d-d965ccfc6d4b" outcome="Passed" testListId="8c84fa94-04c1-424b-9868-57a2d4851a1d" relativeResultsDirectory="60b15250-3148-41d1-becf-5e06725432a3" />
    <UnitTestResult executionId="b0b571c2-38bc-46f4-8d3f-07cc2c81f9bd" testId="09010f2c-2e08-f7bc-097a-4236db0c97f1" testName="VisualTeX.WindowsOffice.Tests.WordOmmlTests.ExtendedIntegralOperatorsBecomeNativeOmmlNaries(symbol: &quot;⨌&quot;)" computerName="DESKTOP-VM8VUAQ" duration="00:00:00.0001636" startTime="2026-09-06T13:28:37.7426642+08:00" endTime="2026-09-06T13:28:37.7426643+08:00" testType="13cdc9d9-ddb5-4fa4-a97d-d965ccfc6d4b" outcome="Passed" testListId="8c84fa94-04c1-424b-9868-57a2d4851a1d" relativeResultsDirectory="b0b571c2-38bc-46f4-8d3f-07cc2c81f9bd" />
    <UnitTestResult executionId="732ce9c6-16e8-429c-bf59-efd8e6e99d9b" testId="46d75037-59e5-8de6-0801-a85f1401ead1" testName="VisualTeX.WindowsOffice.Tests.MathMlToLatexConverterTests.ConvertsMathJaxFencedNoBarFractionThroughTransparentRowToBinomial" computerName="DESKTOP-VM8VUAQ" duration="00:00:00.0000405" startTime="2026-09-06T13:28:37.5616782+08:00" endTime="2026-09-06T13:28:37.5616782+08:00" testType="13cdc9d9-ddb5-4fa4-a97d-d965ccfc6d4b" outcome="Passed" testListId="8c84fa94-04c1-424b-9868-57a2d4851a1d" relativeResultsDirectory="732ce9c6-16e8-429c-bf59-efd8e6e99d9b" />
    <UnitTestResult executionId="fb2605c2-1243-4529-a0e8-2857cb7bacda" testId="ba363242-e31b-fff3-a60c-12a2a901e6fb" testName="VisualTeX.WindowsOffice.Tests.WordOmmlTests.CommonFencedTablesUseNativeGrowingDelimiters(open: &quot;[&quot;, close: &quot;]&quot;)" computerName="DESKTOP-VM8VUAQ" duration="00:00:00.0005858" startTime="2026-09-06T13:28:37.6963352+08:00" endTime="2026-09-06T13:28:37.6963355+08:00" testType="13cdc9d9-ddb5-4fa4-a97d-d965ccfc6d4b" outcome="Passed" testListId="8c84fa94-04c1-424b-9868-57a2d4851a1d" relativeResultsDirectory="fb2605c2-1243-4529-a0e8-2857cb7bacda" />
    <UnitTestResult executionId="efcb6c6e-794d-458c-acfa-a47c887bdfb0" testId="191dffc2-15cc-146e-3114-3a9d77530c2b" testName="VisualTeX.WindowsOffice.Tests.WordOmmlNativeSequenceXmlTests.VisibleNumberExtractionSkipsSequenceInstructionRuns(wordUsesInstructionText: False)" computerName="DESKTOP-VM8VUAQ" duration="00:00:00.0002906" startTime="2026-09-06T13:28:37.5604791+08:00" endTime="2026-09-06T13:28:37.5604791+08:00" testType="13cdc9d9-ddb5-4fa4-a97d-d965ccfc6d4b" outcome="Passed" testListId="8c84fa94-04c1-424b-9868-57a2d4851a1d" relativeResultsDirectory="efcb6c6e-794d-458c-acfa-a47c887bdfb0" />
    <UnitTestResult executionId="0f2e8eb0-0ac8-4058-aa20-5e868b486132" testId="0f8af5b7-0de9-3961-a402-9517672a64d2" testName="VisualTeX.WindowsOffice.Tests.WordEquationNumberingTests.OnlyVisualTeXSequenceFieldsAreRecognized" computerName="DESKTOP-VM8VUAQ" duration="00:00:00.0000883" startTime="2026-09-06T13:28:37.5594936+08:00" endTime="2026-09-06T13:28:37.5594936+08:00" testType="13cdc9d9-ddb5-4fa4-a97d-d965ccfc6d4b" outcome="Passed" testListId="8c84fa94-04c1-424b-9868-57a2d4851a1d" relativeResultsDirectory="0f2e8eb0-0ac8-4058-aa20-5e868b486132" />
    <UnitTestResult executionId="9af32690-898c-4454-97d6-a00449f35028" testId="68c00854-2038-a204-4d8a-bceac61c9438" testName="VisualTeX.WindowsOffice.Tests.FormulaFontSizeTests.ParsesChineseFontSizeNames(value: &quot;四号&quot;, expected: 14)" computerName="DESKTOP-VM8VUAQ" duration="00:00:00.0000041" startTime="2026-09-06T13:28:37.5556950+08:00" endTime="2026-09-06T13:28:37.5556950+08:00" testType="13cdc9d9-ddb5-4fa4-a97d-d965ccfc6d4b" outcome="Passed" testListId="8c84fa94-04c1-424b-9868-57a2d4851a1d" relativeResultsDirectory="9af32690-898c-4454-97d6-a00449f35028" />
    <UnitTestResult executionId="d4d63f2e-cf50-4c15-b2cd-25c075ceae96" testId="c9c39743-dc15-5ba6-4179-f989581cecd2" testName="VisualTeX.WindowsOffice.Tests.WordDoubleClickRoutingTests.OrdinaryWordSelectionDoesNothing" computerName="DESKTOP-VM8VUAQ" duration="00:00:00.0000551" startTime="2026-09-06T13:28:37.5585231+08:00" endTime="2026-09-06T13:28:37.5585231+08:00" testType="13cdc9d9-ddb5-4fa4-a97d-d965ccfc6d4b" outcome="Passed" testListId="8c84fa94-04c1-424b-9868-57a2d4851a1d" relativeResultsDirectory="d4d63f2e-cf50-4c15-b2cd-25c075ceae96" />
    <UnitTestResult executionId="fb6776c0-2a2d-40f9-b72a-9748e9a700e2" testId="df18d9c4-5e62-44f6-26a4-0fa7055d9245" testName="VisualTeX.WindowsOffice.Tests.VisualTeXSessionVectorExportTests.MaterializeSvgRejectsEmbeddedRasterContent" computerName="DESKTOP-VM8VUAQ" duration="00:00:00.0191437" startTime="2026-09-06T13:28:37.6311396+08:00" endTime="2026-09-06T13:28:37.6311398+08:00" testType="13cdc9d9-ddb5-4fa4-a97d-d965ccfc6d4b" outcome="Passed" testListId="8c84fa94-04c1-424b-9868-57a2d4851a1d" relativeResultsDirectory="fb6776c0-2a2d-40f9-b72a-9748e9a700e2" />
    <UnitTestResult executionId="d0692312-641e-4aa6-9697-913b4d84d632" testId="21f0ba0a-5a3a-cec8-93d7-867384b6d734" testName="VisualTeX.WindowsOffice.Tests.RibbonIconDataTests.EmbeddedRibbonIconIsAValidTransparentPng(name: &quot;OLE inline&quot;, encoded: &quot;iVBORw0KGgoAAAANSUhEUgAAACAAAAAgCAYAAABzenr0AAAFVk&quot;···)" computerName="DESKTOP-VM8VUAQ" duration="00:00:00.0003996" startTime="2026-09-06T13:28:37.5619100+08:00" endTime="2026-09-06T13:28:37.5619100+08:00" testType="13cdc9d9-ddb5-4fa4-a97d-d965ccfc6d4b" outcome="Passed" testListId="8c84fa94-04c1-424b-9868-57a2d4851a1d" relativeResultsDirectory="d0692312-641e-4aa6-9697-913b4d84d632" />
    <UnitTestResult executionId="51954811-7ab5-4d2f-b38a-c488203bcd6b" testId="0d94e8b9-9968-af86-f4b0-7ab6fe2903e3" testName="VisualTeX.WindowsOffice.Tests.OfficeOlePreviewTests.MathJaxStyleSvgProducesAValidatedVectorEmf" computerName="DESKTOP-VM8VUAQ" duration="00:00:00.0163472" startTime="2026-09-06T13:28:37.5938144+08:00" endTime="2026-09-06T13:28:37.5938145+08:00" testType="13cdc9d9-ddb5-4fa4-a97d-d965ccfc6d4b" outcome="Passed" testListId="8c84fa94-04c1-424b-9868-57a2d4851a1d" relativeResultsDirectory="51954811-7ab5-4d2f-b38a-c488203bcd6b" />
    <UnitTestResult executionId="98bd5ab8-5765-4b14-8af6-f51b9d8e76d2" testId="0d1efbcd-2948-bbf5-8a94-588f0c7885a1" testName="VisualTeX.WindowsOffice.Tests.VisualTeXSessionVectorExportTests.ToMetadataRemovesTypingAnchorWithoutDroppingFollowingDigit" computerName="DESKTOP-VM8VUAQ" duration="00:00:00.0005229" startTime="2026-09-06T13:28:37.6501941+08:00" endTime="2026-09-06T13:28:37.6501943+08:00" testType="13cdc9d9-ddb5-4fa4-a97d-d965ccfc6d4b" outcome="Passed" testListId="8c84fa94-04c1-424b-9868-57a2d4851a1d" relativeResultsDirectory="98bd5ab8-5765-4b14-8af6-f51b9d8e76d2" />
    <UnitTestResult executionId="a397f9ae-046d-4e7e-a08b-75acfbaa2fe1" testId="4d241a7e-9f5c-417f-2c03-7119b261022f" testName="VisualTeX.WindowsOffice.Tests.WordOmmlTests.WordMaterializedLimitOperatorKeepsUprightBaseGrouped(functionName: &quot;limsup&quot;)" computerName="DESKTOP-VM8VUAQ" duration="00:00:00.0103115" startTime="2026-09-06T13:28:37.7391638+08:00" endTime="2026-09-06T13:28:37.7391639+08:00" testType="13cdc9d9-ddb5-4fa4-a97d-d965ccfc6d4b" outcome="Passed" testListId="8c84fa94-04c1-424b-9868-57a2d4851a1d" relativeResultsDirectory="a397f9ae-046d-4e7e-a08b-75acfbaa2fe1" />
    <UnitTestResult executionId="843e493f-8918-4525-be54-592f64ada7f5" testId="1313f2f7-4953-8fc5-3f31-f04bd3710ae0" testName="VisualTeX.WindowsOffice.Tests.WordOmmlTests.ExtendedIntegralOperatorsBecomeNativeOmmlNaries(symbol: &quot;⨘&quot;)" computerName="DESKTOP-VM8VUAQ" duration="00:00:00.0001234" startTime="2026-09-06T13:28:37.7441865+08:00" endTime="2026-09-06T13:28:37.7441865+08:00" testType="13cdc9d9-ddb5-4fa4-a97d-d965ccfc6d4b" outcome="Passed" testListId="8c84fa94-04c1-424b-9868-57a2d4851a1d" relativeResultsDirectory="843e493f-8918-4525-be54-592f64ada7f5" />
    <UnitTestResult executionId="24ffcfab-f1c3-4aca-bfed-1539c40a3ff3" testId="a5b9e7bd-1359-c739-5c14-4efb8d0ca400" testName="VisualTeX.WindowsOffice.Tests.FormulaFontSizeTests.OleSizeUsesSemanticPointRatioWithoutDistortion" computerName="DESKTOP-VM8VUAQ" duration="00:00:00.0007471" startTime="2026-09-06T13:28:37.5573647+08:00" endTime="2026-09-06T13:28:37.5573648+08:00" testType="13cdc9d9-ddb5-4fa4-a97d-d965ccfc6d4b" outcome="Passed" testListId="8c84fa94-04c1-424b-9868-57a2d4851a1d" relativeResultsDirectory="24ffcfab-f1c3-4aca-bfed-1539c40a3ff3" />
    <UnitTestResult executionId="866f2700-4e31-4b10-bf0b-564327170f43" testId="a38de351-e352-5cbe-30e2-930ed43d4bc2" testName="VisualTeX.WindowsOffice.Tests.OfficeOlePreviewTests.UnsupportedOrRasterSvgFailsClosed(forbiddenContent: &quot;&lt;foreignObject width=\&quot;10\&quot; height=\&quot;10\&quot;&gt;&lt;/foreig&quot;···)" computerName="DESKTOP-VM8VUAQ" duration="00:00:00.0022311" startTime="2026-09-06T13:28:37.6060805+08:00" endTime="2026-09-06T13:28:37.6060805+08:00" testType="13cdc9d9-ddb5-4fa4-a97d-d965ccfc6d4b" outcome="Passed" testListId="8c84fa94-04c1-424b-9868-57a2d4851a1d" relativeResultsDirectory="866f2700-4e31-4b10-bf0b-564327170f43" />
    <UnitTestResult executionId="efd97947-5174-48ad-8cb5-b3fe313fb683" testId="514c0c80-29bf-4af7-6a85-912992b6f01c" testName="VisualTeX.WindowsOffice.Tests.WordOmmlTests.ExtendedIntegralOperatorsBecomeNativeOmmlNaries(symbol: &quot;⨓&quot;)" computerName="DESKTOP-VM8VUAQ" duration="00:00:00.0001371" startTime="2026-09-06T13:28:37.7421965+08:00" endTime="2026-09-06T13:28:37.7421965+08:00" testType="13cdc9d9-ddb5-4fa4-a97d-d965ccfc6d4b" outcome="Passed" testListId="8c84fa94-04c1-424b-9868-57a2d4851a1d" relativeResultsDirectory="efd97947-5174-48ad-8cb5-b3fe313fb683" />
    <UnitTestResult executionId="51716a8e-4b32-49e4-9c8e-803d5d7d9724" testId="27ca466b-2118-23d8-77c8-00157583a45b" testName="VisualTeX.WindowsOffice.Tests.PowerPointOleSizingTests.TallerReplacementGrowsInsteadOfShrinkingIntoTheOldBox" computerName="DESKTOP-VM8VUAQ" duration="00:00:00.0001837" startTime="2026-09-06T13:28:37.5564367+08:00" endTime="2026-09-06T13:28:37.5564367+08:00" testType="13cdc9d9-ddb5-4fa4-a97d-d965ccfc6d4b" outcome="Passed" testListId="8c84fa94-04c1-424b-9868-57a2d4851a1d" relativeResultsDirectory="51716a8e-4b32-49e4-9c8e-803d5d7d9724" />
    <UnitTestResult executionId="55741824-c1a8-4070-98cb-6d13b93958e4" testId="3a176b53-421c-be0e-b4c4-16ccd681a92b" testName="VisualTeX.WindowsOffice.Tests.FormulaFontSizeTests.SmallInlineOleDoesNotLoseFontSizeAtTwelvePointObjectFloor" computerName="DESKTOP-VM8VUAQ" duration="00:00:00.0005807" startTime="2026-09-06T13:28:37.5582740+08:00" endTime="2026-09-06T13:28:37.5582741+08:00" testType="13cdc9d9-ddb5-4fa4-a97d-d965ccfc6d4b" outcome="Passed" testListId="8c84fa94-04c1-424b-9868-57a2d4851a1d" relativeResultsDirectory="55741824-c1a8-4070-98cb-6d13b93958e4" />
[...]
    <TestEntry testId="4bd90d70-2071-c946-023c-fa23355eb72d" executionId="90b55e04-0e24-49e3-ac9b-d83f5cba3557" testListId="8c84fa94-04c1-424b-9868-57a2d4851a1d" />
    <TestEntry testId="e7b6b760-590d-538b-569b-ff6b33865029" executionId="61c8d17b-2cb9-4243-9eb0-35e2c5396715" testListId="8c84fa94-04c1-424b-9868-57a2d4851a1d" />
    <TestEntry testId="20e97ea2-b65d-670a-af86-7f3577ac580d" executionId="d95c34f3-5a3e-4522-8349-e8095309becf" testListId="8c84fa94-04c1-424b-9868-57a2d4851a1d" />
    <TestEntry testId="6c302bff-8122-076a-c874-01facacb29a5" executionId="263c0364-6545-4588-a981-b3cd3ad59ee4" testListId="8c84fa94-04c1-424b-9868-57a2d4851a1d" />
    <TestEntry testId="74a4c9d7-6e66-b89c-d3d8-c1764b37a7a0" executionId="04e1c139-a1f9-4c96-8688-a1bfaa73fe6e" testListId="8c84fa94-04c1-424b-9868-57a2d4851a1d" />
    <TestEntry testId="e8f55f29-b7ab-f47e-eecf-250e9deab164" executionId="472c24ae-e6b0-452b-9ad3-b1d8ed3dedc8" testListId="8c84fa94-04c1-424b-9868-57a2d4851a1d" />
    <TestEntry testId="e7a51526-2d97-227e-9be7-6ade5d3c64ad" executionId="3da7ff58-f244-465d-bd97-8867e12fe34f" testListId="8c84fa94-04c1-424b-9868-57a2d4851a1d" />
    <TestEntry testId="68ba699f-69bd-e55c-1f3e-36cdc9e2734e" executionId="e6e46ef8-5a2d-4bf8-a901-565e01e6b3f8" testListId="8c84fa94-04c1-424b-9868-57a2d4851a1d" />
    <TestEntry testId="b8850296-bdab-78c7-896e-f8b4d25abec8" executionId="61492a7d-094f-4e8f-ad19-56cb361482de" testListId="8c84fa94-04c1-424b-9868-57a2d4851a1d" />
    <TestEntry testId="69ebbd60-a852-1fc9-e498-d2f52d28ca1e" executionId="762c0f36-6bc8-4610-8377-637a2a3e30c1" testListId="8c84fa94-04c1-424b-9868-57a2d4851a1d" />
    <TestEntry testId="1d5cc3dc-0869-88dd-4173-6173ca2492fb" executionId="ee9f5191-02a9-4fb4-bc72-61d44ec7759c" testListId="8c84fa94-04c1-424b-9868-57a2d4851a1d" />
    <TestEntry testId="e0c61826-def5-3d33-d2ab-0d4cad54fc45" executionId="c1bd11d2-bf70-4fe9-b3e3-1889ada3964a" testListId="8c84fa94-04c1-424b-9868-57a2d4851a1d" />
    <TestEntry testId="32cd39d6-24b6-ebae-d417-e8bc43a494f2" executionId="ce93c828-7a61-45c4-a8aa-3856af6c1f18" testListId="8c84fa94-04c1-424b-9868-57a2d4851a1d" />
    <TestEntry testId="7ef5bb8f-8e15-cd89-5534-2a42752fee01" executionId="43c9872b-60f3-484d-a80f-1d4e4cf31ce9" testListId="8c84fa94-04c1-424b-9868-57a2d4851a1d" />
    <TestEntry testId="0aabf6ef-dbe7-354a-739f-4b23764e354f" executionId="0bf0d4e3-5940-4533-a0be-df31333d9092" testListId="8c84fa94-04c1-424b-9868-57a2d4851a1d" />
    <TestEntry testId="a225b96c-fb91-b67a-2255-e025b12eb748" executionId="12358f14-3cb5-4a36-bed6-1b7b5d403f8a" testListId="8c84fa94-04c1-424b-9868-57a2d4851a1d" />
    <TestEntry testId="4b10072a-6f81-6deb-ec0c-55ba79f88857" executionId="26aecb69-5c32-421b-b153-16fe8528816a" testListId="8c84fa94-04c1-424b-9868-57a2d4851a1d" />
    <TestEntry testId="c79ac5d8-a0b5-58f9-a51b-d7855a15a9bc" executionId="4f7844cd-57c9-4518-bb41-3606cdb69c61" testListId="8c84fa94-04c1-424b-9868-57a2d4851a1d" />
    <TestEntry testId="ff66397d-ef31-6ceb-43e6-f61ad7ef6738" executionId="2ce84c60-fe4d-4542-a49a-037cefae3258" testListId="8c84fa94-04c1-424b-9868-57a2d4851a1d" />
    <TestEntry testId="982a7ad3-7509-8eec-43f6-accd18dd4f76" executionId="4c26669c-3cb2-457e-b1b0-3dc5aaa011d3" testListId="8c84fa94-04c1-424b-9868-57a2d4851a1d" />
    <TestEntry testId="54f10f1e-8efa-ca67-de23-36e7e5504424" executionId="4b40052a-ea38-4b0f-9e0e-58878a4c527d" testListId="8c84fa94-04c1-424b-9868-57a2d4851a1d" />
    <TestEntry testId="1fbf324b-df3c-03f9-56ed-56f7efddc745" executionId="62d0860a-f2e8-420b-85b1-be9740de1487" testListId="8c84fa94-04c1-424b-9868-57a2d4851a1d" />
    <TestEntry testId="0c894700-1530-a911-cd1f-cc3e50d5a404" executionId="db2c8cc7-0548-4b0a-b7ab-814f2799b430" testListId="8c84fa94-04c1-424b-9868-57a2d4851a1d" />
    <TestEntry testId="9862ea1a-2066-6bd3-fa3d-66b870331b7a" executionId="47284ab2-d007-4e8f-abb6-8a0f622b3726" testListId="8c84fa94-04c1-424b-9868-57a2d4851a1d" />
    <TestEntry testId="924002a1-c1f1-6909-9ca9-ec8e33956480" executionId="13c28a77-88b9-416f-b977-50c3fc0a3747" testListId="8c84fa94-04c1-424b-9868-57a2d4851a1d" />
    <TestEntry testId="bbda7fee-309b-88bd-92dd-c62fe5241a0d" executionId="640afb10-b6b9-4e74-8b46-6000951d0bc6" testListId="8c84fa94-04c1-424b-9868-57a2d4851a1d" />
    <TestEntry testId="7290aee8-7b3f-78fe-5f38-70440b531a0a" executionId="ebf3c83f-abea-4c2b-94a0-5145ee28ffbe" testListId="8c84fa94-04c1-424b-9868-57a2d4851a1d" />
    <TestEntry testId="e2a37eac-e1cc-40ff-901c-92524cd1f902" executionId="db14f7cd-b800-4621-803b-08e86701c714" testListId="8c84fa94-04c1-424b-9868-57a2d4851a1d" />
    <TestEntry testId="cecfff10-eba4-1cec-40e0-12db0f5e61c0" executionId="9c5b3881-3206-481b-9ec5-fb82316c8a93" testListId="8c84fa94-04c1-424b-9868-57a2d4851a1d" />
    <TestEntry testId="66ba76d2-903d-d72f-22c6-0dc00248ed60" executionId="0684ac06-7a2e-44dc-af18-d15de6590d64" testListId="8c84fa94-04c1-424b-9868-57a2d4851a1d" />
    <TestEntry testId="5f983f86-bbac-67f6-5527-c28413c6be0d" executionId="c47d65ae-12c9-4c4b-8fa1-b3a73b3b9a41" testListId="8c84fa94-04c1-424b-9868-57a2d4851a1d" />
    <TestEntry testId="fbabb4b0-713c-c94f-1c15-111155d3a834" executionId="0bea9731-5b3b-4294-b25b-a18eaf42b3bb" testListId="8c84fa94-04c1-424b-9868-57a2d4851a1d" />
    <TestEntry testId="a9c52240-f398-4134-3a96-31cf62e5a1b8" executionId="2094a987-1b7b-486d-be28-478bdba9e360" testListId="8c84fa94-04c1-424b-9868-57a2d4851a1d" />
    <TestEntry testId="a0281ab3-75ef-3358-2ac6-e4e611d58758" executionId="2db02663-51bf-4c93-820c-9c7647bd982f" testListId="8c84fa94-04c1-424b-9868-57a2d4851a1d" />
    <TestEntry testId="ad349cbc-b513-12ab-3515-5a7766312f75" executionId="027a4af6-a792-4e0e-9bd5-3ca6000c5816" testListId="8c84fa94-04c1-424b-9868-57a2d4851a1d" />
    <TestEntry testId="b78660cc-ea3a-1fd0-d2d5-96a3fbdcad76" executionId="96ab0a4d-5cd9-4dbc-97bf-27ed0955236c" testListId="8c84fa94-04c1-424b-9868-57a2d4851a1d" />
    <TestEntry testId="dbc9fd68-f18d-0ad7-f40f-89fc68e9ade8" executionId="11520059-bd60-4385-b4be-fd0352072d23" testListId="8c84fa94-04c1-424b-9868-57a2d4851a1d" />
    <TestEntry testId="2d421221-279e-3ed8-e061-53b3110c37f2" executionId="8fbba504-9905-4b1e-a4b1-50c705ebbe27" testListId="8c84fa94-04c1-424b-9868-57a2d4851a1d" />
    <TestEntry testId="1e458ffc-9fc4-0b52-09a2-3f81eef28d08" executionId="c11e6967-75bc-444e-8b25-2949c7eaa19b" testListId="8c84fa94-04c1-424b-9868-57a2d4851a1d" />
    <TestEntry testId="fbeebb19-2eeb-47f4-e12a-691f72b35ce1" executionId="a8112b50-1041-4bf3-a783-25349fcb76a0" testListId="8c84fa94-04c1-424b-9868-57a2d4851a1d" />
    <TestEntry testId="0fa392d4-4ea8-3ab6-8695-f1f190a077c5" executionId="8515cdfa-80d0-499c-b42a-a92d9dd0708d" testListId="8c84fa94-04c1-424b-9868-57a2d4851a1d" />
    <TestEntry testId="a8948f67-1187-d909-54e0-4e48feb907be" executionId="fe6e48a8-f356-441d-a217-3117881f8712" testListId="8c84fa94-04c1-424b-9868-57a2d4851a1d" />
    <TestEntry testId="dd2dcece-1297-a027-1703-33d1fe3eb82b" executionId="e2e125ce-6430-4e17-aa38-b92569928fa9" testListId="8c84fa94-04c1-424b-9868-57a2d4851a1d" />
    <TestEntry testId="753a01ab-4542-3dfd-d5cc-f04e3cd166ec" executionId="33abb941-8cc8-442f-bee4-06f0b0b08038" testListId="8c84fa94-04c1-424b-9868-57a2d4851a1d" />
    <TestEntry testId="8b92ff31-8ca7-92c1-e393-687815132954" executionId="0fea6d23-d7e4-47d9-b6dd-23cc0cfe26b6" testListId="8c84fa94-04c1-424b-9868-57a2d4851a1d" />
    <TestEntry testId="71094a73-6a4c-2051-9424-ee0ecc4056d3" executionId="a53a49a0-04f3-48b9-bc02-fee76029e899" testListId="8c84fa94-04c1-424b-9868-57a2d4851a1d" />
    <TestEntry testId="ec94649d-909d-b076-682f-0f082c1aafee" executionId="2f1d716d-3092-48f4-ae08-a87f5f19b483" testListId="8c84fa94-04c1-424b-9868-57a2d4851a1d" />
    <TestEntry testId="62c50ebb-d6c7-5e39-117a-1743bcb82c7b" executionId="9a1a3024-7be0-4abf-abcf-d088ff7cac8b" testListId="8c84fa94-04c1-424b-9868-57a2d4851a1d" />
    <TestEntry testId="dc4ca54f-35c1-b202-c79c-8a9fd5ed4ae2" executionId="6ed8edbf-0a8e-4744-8c65-5b59e1a2e5e1" testListId="8c84fa94-04c1-424b-9868-57a2d4851a1d" />
    <TestEntry testId="74e18f29-c5b9-83b6-835f-9cece6310355" executionId="9d94253e-5ee1-4ec8-a815-23ecdfb2782e" testListId="8c84fa94-04c1-424b-9868-57a2d4851a1d" />
    <TestEntry testId="60b63bfb-ab81-5564-8de4-cd79071cab4c" executionId="33ab1782-0aa3-48f9-b9f8-2b421101e36e" testListId="8c84fa94-04c1-424b-9868-57a2d4851a1d" />
    <TestEntry testId="69a6c3b4-a349-811b-ce8d-eec43eb9a87a" executionId="bcbff842-d94d-4ce1-8c31-e250e25f64c1" testListId="8c84fa94-04c1-424b-9868-57a2d4851a1d" />
    <TestEntry testId="df7b67af-58da-28e8-367a-5995d2b90b6f" executionId="f42d635e-6085-4990-850a-90cf873ebb84" testListId="8c84fa94-04c1-424b-9868-57a2d4851a1d" />
    <TestEntry testId="41807491-69b1-3fee-4e8c-65528d758314" executionId="e3749bc3-0856-43bd-9c44-a5c1ce7af1f7" testListId="8c84fa94-04c1-424b-9868-57a2d4851a1d" />
    <TestEntry testId="f592b08a-36e6-8edf-78d5-e9e8f0247f11" executionId="1f9a95b8-1809-49ae-a111-8f34572503c8" testListId="8c84fa94-04c1-424b-9868-57a2d4851a1d" />
    <TestEntry testId="cff22761-c75d-8308-7e68-f70d45f4466e" executionId="c974322c-b577-41c8-ab87-08dad752a1fe" testListId="8c84fa94-04c1-424b-9868-57a2d4851a1d" />
    <TestEntry testId="8985aa99-a292-8de9-4ce7-63c295445ae6" executionId="c9254672-a1de-40e7-bb82-da0eaffbc98a" testListId="8c84fa94-04c1-424b-9868-57a2d4851a1d" />
    <TestEntry testId="e63345d1-1f6f-c2ec-1ab0-e977c4601cfd" executionId="649c6a2e-8f8e-4269-8ab9-879bba0a5382" testListId="8c84fa94-04c1-424b-9868-57a2d4851a1d" />
    <TestEntry testId="74ea3012-6049-6545-d9a8-66f7377f1642" executionId="942849fe-6145-471d-81ac-b6325506faa8" testListId="8c84fa94-04c1-424b-9868-57a2d4851a1d" />
    <TestEntry testId="b874c4e2-3a92-f4bc-f5b8-0c90364e1945" executionId="6755f98f-5d46-483e-afdd-dc36b6800aa4" testListId="8c84fa94-04c1-424b-9868-57a2d4851a1d" />
    <TestEntry testId="7d3ad839-6915-1667-a9fc-f39abb14f023" executionId="fb3f7b54-461f-4db4-a920-e368b919dbbd" testListId="8c84fa94-04c1-424b-9868-57a2d4851a1d" />
    <TestEntry testId="7294433d-79b7-2248-f3c6-2b694735f28d" executionId="5de1c964-70bb-4258-875b-1bcd9413151f" testListId="8c84fa94-04c1-424b-9868-57a2d4851a1d" />
    <TestEntry testId="ca3b839b-a1e9-6545-d9ae-54fd1c7f721d" executionId="4a3e926a-9288-4304-9b7a-12e63b017060" testListId="8c84fa94-04c1-424b-9868-57a2d4851a1d" />
    <TestEntry testId="96a4329a-01d3-54a1-e8ce-ac48556cad7e" executionId="b32e9f0b-bf4c-417f-a55d-d397c10a3e4c" testListId="8c84fa94-04c1-424b-9868-57a2d4851a1d" />
    <TestEntry testId="2f3598d8-1c9b-e2e3-9afe-3dcd1b8a32fd" executionId="efab3afd-f319-49bd-8007-c94ac11ed253" testListId="8c84fa94-04c1-424b-9868-57a2d4851a1d" />
    <TestEntry testId="19ff5776-0c6f-c912-158f-c44d1972f6f7" executionId="a1799256-50cb-476f-b993-e13dccb50001" testListId="8c84fa94-04c1-424b-9868-57a2d4851a1d" />
    <TestEntry testId="fef8b82c-7c37-d1fb-dd30-1f87b0e231aa" executionId="4bae25a7-4775-41eb-971c-405b77a017fb" testListId="8c84fa94-04c1-424b-9868-57a2d4851a1d" />
    <TestEntry testId="05a41ee6-561d-04d6-fe9f-c0122e73e5b6" executionId="86f1e23b-a50c-42fa-badf-3d85cb40b0d7" testListId="8c84fa94-04c1-424b-9868-57a2d4851a1d" />
    <TestEntry testId="a93d4adf-5035-a615-7e76-76ba25765c19" executionId="8fe71b2d-2230-4666-921d-1d5924ac46cd" testListId="8c84fa94-04c1-424b-9868-57a2d4851a1d" />
    <TestEntry testId="1d0324d6-4362-3e15-bad0-ca13fd544a5e" executionId="4079c174-e9bc-423c-8762-304253074e99" testListId="8c84fa94-04c1-424b-9868-57a2d4851a1d" />
    <TestEntry testId="9d4fc7df-75ca-ee6c-8585-badb51ddd47b" executionId="fcb10cd3-ac03-4a4f-81d4-c42c44cca72e" testListId="8c84fa94-04c1-424b-9868-57a2d4851a1d" />
    <TestEntry testId="67668da1-6228-fd17-e3c8-f89809242ef0" executionId="ee9b6d5f-2b8d-4372-8e33-b480208101c2" testListId="8c84fa94-04c1-424b-9868-57a2d4851a1d" />
    <TestEntry testId="510f1610-5d59-912d-6fd6-0baf67044323" executionId="3e54721e-44c3-4ebc-99ab-a77b92603a34" testListId="8c84fa94-04c1-424b-9868-57a2d4851a1d" />
    <TestEntry testId="d7d83cd2-b0cd-fae1-9f88-efc7a09d9826" executionId="77508ab0-b401-471d-a1bf-2ae6234ef066" testListId="8c84fa94-04c1-424b-9868-57a2d4851a1d" />
    <TestEntry testId="18f2bbb5-09b4-8d04-d451-7a01c743302e" executionId="c9cf6a6c-342d-4841-bf40-1092b4587ba8" testListId="8c84fa94-04c1-424b-9868-57a2d4851a1d" />
    <TestEntry testId="2d5a11d8-62a2-9c9d-28f1-4b8650ad0492" executionId="671eb893-2a64-4e42-a9b9-fe7a8dade3e2" testListId="8c84fa94-04c1-424b-9868-57a2d4851a1d" />
    <TestEntry testId="36b59352-c461-f491-7383-ddbe7fe98b28" executionId="52b441b0-1993-4c0f-a434-621df6f5274c" testListId="8c84fa94-04c1-424b-9868-57a2d4851a1d" />
    <TestEntry testId="76a798a4-e662-6c7e-2111-d4210eacf288" executionId="a1ae35f5-7a40-434a-9d6b-342b8fe6cfd8" testListId="8c84fa94-04c1-424b-9868-57a2d4851a1d" />
    <TestEntry testId="e860826a-ad5f-9e48-6ee6-65abe7101ddb" executionId="3b557881-9576-466d-8e02-546e83afbce9" testListId="8c84fa94-04c1-424b-9868-57a2d4851a1d" />
    <TestEntry testId="9507a0bb-3d0a-d8f3-d583-cb2c589a9893" executionId="4a03e3fb-b1d3-4339-8660-b8329f2cba4c" testListId="8c84fa94-04c1-424b-9868-57a2d4851a1d" />
    <TestEntry testId="36edc8b8-6222-c522-8ddf-d23e3fc4b3c2" executionId="faecc157-de80-4707-9a66-aaaf86396fa5" testListId="8c84fa94-04c1-424b-9868-57a2d4851a1d" />
    <TestEntry testId="5e8d92ed-b7b6-d26b-80e0-9d620eba7c60" executionId="4c7e87e2-2911-4c74-9087-d3194d263010" testListId="8c84fa94-04c1-424b-9868-57a2d4851a1d" />
    <TestEntry testId="8e9aa93e-180c-0160-e1a6-9a715abd9914" executionId="0f29b8e0-cd4e-44b4-a041-e56d79969e81" testListId="8c84fa94-04c1-424b-9868-57a2d4851a1d" />
    <TestEntry testId="ff9ff0ff-2fdc-f47f-8d09-d1d63000787a" executionId="cfb9b8d5-d9ec-4301-a94a-537aa91b30ea" testListId="8c84fa94-04c1-424b-9868-57a2d4851a1d" />
    <TestEntry testId="19c9bbb5-5475-45dc-bf6c-7a29054b2c5a" executionId="bb6682b6-209e-4f7f-9954-c4b8b34e3bba" testListId="8c84fa94-04c1-424b-9868-57a2d4851a1d" />
    <TestEntry testId="5d43efaf-8db8-30f0-3640-2e05e0c2734e" executionId="71d3c2c3-9c23-4b7f-aaaf-b80c6239bd93" testListId="8c84fa94-04c1-424b-9868-57a2d4851a1d" />
    <TestEntry testId="3216b772-4320-9998-037f-77b3916e2240" executionId="ca7cb68f-56d4-48a5-bd25-ae182799277f" testListId="8c84fa94-04c1-424b-9868-57a2d4851a1d" />
  </TestEntries>
  <TestLists>
    <TestList name="列表中未列出的结果" id="8c84fa94-04c1-424b-9868-57a2d4851a1d" />
    <TestList name="所有已加载的结果" id="19431567-8539-422a-85d7-44ee4e166bda" />
  </TestLists>
  <ResultSummary outcome="Failed">
    <Counters total="379" executed="379" passed="377" failed="2" error="0" timeout="0" aborted="0" inconclusive="0" passedButRunAborted="0" notRunnable="0" notExecuted="0" disconnected="0" warning="0" completed="0" inProgress="0" pending="0" />
    <Output>
      <StdOut>[xUnit.net 00:00:00.00] xUnit.net VSTest Adapter v2.8.2+699d445a1a (64-bit .NET 8.0.29)&#xD;
[xUnit.net 00:00:00.04]   Discovering: VisualTeX.WindowsOffice.Tests&#xD;
[xUnit.net 00:00:00.08]   Discovered:  VisualTeX.WindowsOffice.Tests&#xD;
[xUnit.net 00:00:00.09]   Starting:    VisualTeX.WindowsOffice.Tests&#xD;
[xUnit.net 00:00:00.17]       System.UnauthorizedAccessException : Access to the path 'C:\Users\pojian_liao\AppData\Local\VisualTeX\office\temp\9c6a4236-2f1a-41e8-bafd-0771aef0432a.svg' is denied.&#xD;
[xUnit.net 00:00:00.17]       Stack Trace:&#xD;
[xUnit.net 00:00:00.17]            at Microsoft.Win32.SafeHandles.SafeFileHandle.CreateFile(String fullPath, FileMode mode, FileAccess access, FileShare share, FileOptions options)&#xD;
[xUnit.net 00:00:00.17]            at Microsoft.Win32.SafeHandles.SafeFileHandle.Open(String fullPath, FileMode mode, FileAccess access, FileShare share, FileOptions options, Int64 preallocationSize, Nullable`1 unixCreateMode)&#xD;
[xUnit.net 00:00:00.17]            at System.IO.File.OpenHandle(String path, FileMode mode, FileAccess access, FileShare share, FileOptions options, Int64 preallocationSize)&#xD;
[xUnit.net 00:00:00.17]            at System.IO.File.WriteToFile(String path, FileMode mode, String contents, Encoding encoding)&#xD;
[xUnit.net 00:00:00.17]         C:\Users\pojian_liao\Desktop\devspace\visualtex1.2.3-reference-3d207d7\apps\windows\src-windows\VisualTeX.WindowsOffice.Contracts\VisualTeXSessionClient.cs(537,0): at VisualTeX.WindowsOffice.Contracts.VisualTeXSessionClient.MaterializeSvg(OfficeSessionDocument session)&#xD;
[xUnit.net 00:00:00.17]         C:\Users\pojian_liao\Desktop\devspace\visualtex1.2.3-reference-3d207d7\apps\windows\src-windows\VisualTeX.WindowsOffice.Tests\VisualTeXSessionVectorExportTests.cs(27,0): at VisualTeX.WindowsOffice.Tests.VisualTeXSessionVectorExportTests.MaterializeSvgWritesUtf8InsideTheControlledOfficeTempRoot(Boolean useBase64)&#xD;
[xUnit.net 00:00:00.17]            at System.RuntimeMethodHandle.InvokeMethod(Object target, Void** arguments, Signature sig, Boolean isConstructor)&#xD;
[xUnit.net 00:00:00.17]            at System.Reflection.MethodBaseInvoker.InvokeDirectByRefWithFewArgs(Object obj, Span`1 copyOfArgs, BindingFlags invokeAttr)&#xD;
[xUnit.net 00:00:00.19]       System.UnauthorizedAccessException : Access to the path 'C:\Users\pojian_liao\AppData\Local\VisualTeX\office\temp\624f18c5-1545-4fcc-9383-6b8648286991.svg' is denied.&#xD;
[xUnit.net 00:00:00.19]       Stack Trace:&#xD;
[xUnit.net 00:00:00.19]            at Microsoft.Win32.SafeHandles.SafeFileHandle.CreateFile(String fullPath, FileMode mode, FileAccess access, FileShare share, FileOptions options)&#xD;
[xUnit.net 00:00:00.19]            at Microsoft.Win32.SafeHandles.SafeFileHandle.Open(String fullPath, FileMode mode, FileAccess access, FileShare share, FileOptions options, Int64 preallocationSize, Nullable`1 unixCreateMode)&#xD;
[xUnit.net 00:00:00.19]            at System.IO.File.OpenHandle(String path, FileMode mode, FileAccess access, FileShare share, FileOptions options, Int64 preallocationSize)&#xD;
[xUnit.net 00:00:00.19]            at System.IO.File.WriteToFile(String path, FileMode mode, String contents, Encoding encoding)&#xD;
[xUnit.net 00:00:00.19]         C:\Users\pojian_liao\Desktop\devspace\visualtex1.2.3-reference-3d207d7\apps\windows\src-windows\VisualTeX.WindowsOffice.Contracts\VisualTeXSessionClient.cs(537,0): at VisualTeX.WindowsOffice.Contracts.VisualTeXSessionClient.MaterializeSvg(OfficeSessionDocument session)&#xD;
[xUnit.net 00:00:00.19]         C:\Users\pojian_liao\Desktop\devspace\visualtex1.2.3-reference-3d207d7\apps\windows\src-windows\VisualTeX.WindowsOffice.Tests\VisualTeXSessionVectorExportTests.cs(27,0): at VisualTeX.WindowsOffice.Tests.VisualTeXSessionVectorExportTests.MaterializeSvgWritesUtf8InsideTheControlledOfficeTempRoot(Boolean useBase64)&#xD;
[xUnit.net 00:00:00.19]            at InvokeStub_VisualTeXSessionVectorExportTests.MaterializeSvgWritesUtf8InsideTheControlledOfficeTempRoot(Object, Span`1)&#xD;
[xUnit.net 00:00:00.19]            at System.Reflection.MethodBaseInvoker.InvokeWithOneArg(Object obj, BindingFlags invokeAttr, Binder binder, Object[] parameters, CultureInfo culture)&#xD;
[xUnit.net 00:00:00.51]   Finished:    VisualTeX.WindowsOffice.Tests&#xD;
</StdOut>
    </Output>
    <RunInfos>
      <RunInfo computerName="DESKTOP-VM8VUAQ" outcome="Error" timestamp="2026-09-06T13:28:37.5925486+08:00">
        <Text>[xUnit.net 00:00:00.17]     VisualTeX.WindowsOffice.Tests.VisualTeXSessionVectorExportTests.MaterializeSvgWritesUtf8InsideTheControlledOfficeTempRoot(useBase64: False) [FAIL]</Text>
      </RunInfo>
      <RunInfo computerName="DESKTOP-VM8VUAQ" outcome="Error" timestamp="2026-09-06T13:28:37.6110350+08:00">
        <Text>[xUnit.net 00:00:00.19]     VisualTeX.WindowsOffice.Tests.VisualTeXSessionVectorExportTests.MaterializeSvgWritesUtf8InsideTheControlledOfficeTempRoot(useBase64: True) [FAIL]</Text>
      </RunInfo>
    </RunInfos>
  </ResultSummary>
</TestRun>