<?xml version="1.0" encoding="utf-8"?>
<TestRun id="3343d215-ba73-445a-8a3c-86ae0af3e53a" name="pojian_liao@DESKTOP-VM8VUAQ 2026-09-06 16:20:44" runUser="DESKTOP-VM8VUAQ\pojian_liao" xmlns="http://microsoft.com/schemas/VisualStudio/TeamTest/2010">
  <Times creation="2026-09-06T16:20:44.8889168+08:00" queuing="2026-09-06T16:20:44.8889169+08:00" start="2026-09-06T16:20:44.5187691+08:00" finish="2026-09-06T16:20:45.2059749+08:00" />
  <TestSettings name="default" id="c27bf486-6453-4fd3-bcfc-1c240298840a">
    <Deployment runDeploymentRoot="pojian_liao_DESKTOP-VM8VUAQ_2026-09-06_16_20_44" />
  </TestSettings>
  <Results>
    <UnitTestResult executionId="61f4f6de-dd59-4e7a-a4fe-e931de7d2664" testId="62f66062-48ae-0c6d-7824-cbd9ede700c1" testName="VisualTeX.WindowsOffice.Tests.WordInlineObjectGeometryTests.UnmatchedLiveOleObjectCannotBeIgnored" computerName="DESKTOP-VM8VUAQ" duration="00:00:00.0002945" startTime="2026-09-06T16:20:44.8844295+08:00" endTime="2026-09-06T16:20:44.8844295+08:00" testType="13cdc9d9-ddb5-4fa4-a97d-d965ccfc6d4b" outcome="Passed" testListId="8c84fa94-04c1-424b-9868-57a2d4851a1d" relativeResultsDirectory="61f4f6de-dd59-4e7a-a4fe-e931de7d2664" />
    <UnitTestResult executionId="1176d67a-316e-4b3c-9eeb-38edbfc640a5" testId="22cf2119-b8a8-9803-89a7-8efb1410a899" testName="VisualTeX.WindowsOffice.Tests.WordInlineObjectGeometryTests.SubpointResizeIsNotHiddenByIntegerPreviewBounds" computerName="DESKTOP-VM8VUAQ" duration="00:00:00.0001151" startTime="2026-09-06T16:20:44.8844874+08:00" endTime="2026-09-06T16:20:44.8844875+08:00" testType="13cdc9d9-ddb5-4fa4-a97d-d965ccfc6d4b" outcome="Passed" testListId="8c84fa94-04c1-424b-9868-57a2d4851a1d" relativeResultsDirectory="1176d67a-316e-4b3c-9eeb-38edbfc640a5" />
    <UnitTestResult executionId="a86d5e94-3791-4207-a8e4-d3e1fccb70ab" testId="7294433d-79b7-2248-f3c6-2b694735f28d" testName="VisualTeX.WindowsOffice.Tests.FormulaFontSizeTests.ParsesChineseFontSizeNames(value: &quot;小三&quot;, expected: 15)" computerName="DESKTOP-VM8VUAQ" duration="00:00:00.0000005" startTime="2026-09-06T16:20:44.8802548+08:00" endTime="2026-09-06T16:20:44.8802548+08:00" testType="13cdc9d9-ddb5-4fa4-a97d-d965ccfc6d4b" outcome="Passed" testListId="8c84fa94-04c1-424b-9868-57a2d4851a1d" relativeResultsDirectory="a86d5e94-3791-4207-a8e4-d3e1fccb70ab" />
    <UnitTestResult executionId="2f48c3c9-d729-4d18-8a13-08d45cdfa48e" testId="c9c39743-dc15-5ba6-4179-f989581cecd2" testName="VisualTeX.WindowsOffice.Tests.WordDoubleClickRoutingTests.OrdinaryWordSelectionDoesNothing" computerName="DESKTOP-VM8VUAQ" duration="00:00:00.0000780" startTime="2026-09-06T16:20:44.8822323+08:00" endTime="2026-09-06T16:20:44.8822324+08:00" testType="13cdc9d9-ddb5-4fa4-a97d-d965ccfc6d4b" outcome="Passed" testListId="8c84fa94-04c1-424b-9868-57a2d4851a1d" relativeResultsDirectory="2f48c3c9-d729-4d18-8a13-08d45cdfa48e" />
    <UnitTestResult executionId="8a2b9678-708c-468d-8b44-56d1d63ca466" testId="3216b772-4320-9998-037f-77b3916e2240" testName="VisualTeX.WindowsOffice.Tests.MathMlToLatexConverterTests.ConvertsLooseNoBarFractionFenceToBinomial" computerName="DESKTOP-VM8VUAQ" duration="00:00:00.0000257" startTime="2026-09-06T16:20:44.8868738+08:00" endTime="2026-09-06T16:20:44.8868738+08:00" testType="13cdc9d9-ddb5-4fa4-a97d-d965ccfc6d4b" outcome="Passed" testListId="8c84fa94-04c1-424b-9868-57a2d4851a1d" relativeResultsDirectory="8a2b9678-708c-468d-8b44-56d1d63ca466" />
    <UnitTestResult executionId="42fe06cd-d890-4729-904d-3e6554c2f64e" testId="4b10072a-6f81-6deb-ec0c-55ba79f88857" testName="VisualTeX.WindowsOffice.Tests.WordOleDisplayParagraphTests.SelectionOrParagraphWithContentCreatesASeparateDisplayParagraph(rangeStart: 12, rangeEnd: 12, paragraphText: &quot; \r&quot;)" computerName="DESKTOP-VM8VUAQ" duration="00:00:00.0047201" startTime="2026-09-06T16:20:44.8710975+08:00" endTime="2026-09-06T16:20:44.8710976+08:00" testType="13cdc9d9-ddb5-4fa4-a97d-d965ccfc6d4b" outcome="Passed" testListId="8c84fa94-04c1-424b-9868-57a2d4851a1d" relativeResultsDirectory="42fe06cd-d890-4729-904d-3e6554c2f64e" />
    <UnitTestResult executionId="afaaf389-ea40-487f-aa58-d73e413477cf" testId="ce81e3c0-38b7-688a-fc29-c2998be6e8e4" testName="VisualTeX.WindowsOffice.Tests.WordBulkImportParserTests.ProofOnlyFragmentAutoDetectsLatexAndPreservesHeadingAndBody" computerName="DESKTOP-VM8VUAQ" duration="00:00:00.0033061" startTime="2026-09-06T16:20:44.9058951+08:00" endTime="2026-09-06T16:20:44.9058955+08:00" testType="13cdc9d9-ddb5-4fa4-a97d-d965ccfc6d4b" outcome="Passed" testListId="8c84fa94-04c1-424b-9868-57a2d4851a1d" relativeResultsDirectory="afaaf389-ea40-487f-aa58-d73e413477cf" />
    <UnitTestResult executionId="d566f013-7132-4c4b-a732-846b66f60669" testId="e3bde36c-073f-3336-5c76-c28cd29295d9" testName="VisualTeX.WindowsOffice.Tests.WordOmmlTests.MaterializedOmmlValidationRejectsUnhiddenEmptySlots" computerName="DESKTOP-VM8VUAQ" duration="00:00:00.0001722" startTime="2026-09-06T16:20:45.1036374+08:00" endTime="2026-09-06T16:20:45.1036375+08:00" testType="13cdc9d9-ddb5-4fa4-a97d-d965ccfc6d4b" outcome="Passed" testListId="8c84fa94-04c1-424b-9868-57a2d4851a1d" relativeResultsDirectory="d566f013-7132-4c4b-a732-846b66f60669" />
    <UnitTestResult executionId="0fe2101d-f798-406d-8dde-057b134a14ee" testId="b3668a76-019a-5855-d52d-38894a44e696" testName="VisualTeX.WindowsOffice.Tests.WordInlineAlignmentTests.LegacyFormulaWithoutUsablePositionUsesDescentFallback(existingPosition: 0)" computerName="DESKTOP-VM8VUAQ" duration="00:00:00.0001116" startTime="2026-09-06T16:20:44.8821523+08:00" endTime="2026-09-06T16:20:44.8821523+08:00" testType="13cdc9d9-ddb5-4fa4-a97d-d965ccfc6d4b" outcome="Passed" testListId="8c84fa94-04c1-424b-9868-57a2d4851a1d" relativeResultsDirectory="0fe2101d-f798-406d-8dde-057b134a14ee" />
    <UnitTestResult executionId="c64dcf52-11ec-4d0d-b43c-81e148f95bd3" testId="ca3b839b-a1e9-6545-d9ae-54fd1c7f721d" testName="VisualTeX.WindowsOffice.Tests.WordOmmlTests.ExtendedIntegralOperatorsBecomeNativeOmmlNaries(symbol: &quot;⨐&quot;)" computerName="DESKTOP-VM8VUAQ" duration="00:00:00.0001246" startTime="2026-09-06T16:20:45.0634627+08:00" endTime="2026-09-06T16:20:45.0634628+08:00" testType="13cdc9d9-ddb5-4fa4-a97d-d965ccfc6d4b" outcome="Passed" testListId="8c84fa94-04c1-424b-9868-57a2d4851a1d" relativeResultsDirectory="c64dcf52-11ec-4d0d-b43c-81e148f95bd3" />
    <UnitTestResult executionId="16aa09af-836d-45ad-815c-1333db31f00d" testId="7290aee8-7b3f-78fe-5f38-70440b531a0a" testName="VisualTeX.WindowsOffice.Tests.WordInlineAlignmentTests.CompleteMetadataHasNoFixedOrLargeFontOpticalLift(actualHeight: 42, expectedPosition: -10)" computerName="DESKTOP-VM8VUAQ" duration="00:00:00.0000011" startTime="2026-09-06T16:20:44.8817522+08:00" endTime="2026-09-06T16:20:44.8817522+08:00" testType="13cdc9d9-ddb5-4fa4-a97d-d965ccfc6d4b" outcome="Passed" testListId="8c84fa94-04c1-424b-9868-57a2d4851a1d" relativeResultsDirectory="16aa09af-836d-45ad-815c-1333db31f00d" />
    <UnitTestResult executionId="237ffcbc-f58a-4641-bba8-f7d59fc0fc07" testId="0d94e8b9-9968-af86-f4b0-7ab6fe2903e3" testName="VisualTeX.WindowsOffice.Tests.OfficeOlePreviewTests.MathJaxStyleSvgProducesAValidatedVectorEmf" computerName="DESKTOP-VM8VUAQ" duration="00:00:00.0171425" startTime="2026-09-06T16:20:44.9461980+08:00" endTime="2026-09-06T16:20:44.9461983+08:00" testType="13cdc9d9-ddb5-4fa4-a97d-d965ccfc6d4b" outcome="Passed" testListId="8c84fa94-04c1-424b-9868-57a2d4851a1d" relativeResultsDirectory="237ffcbc-f58a-4641-bba8-f7d59fc0fc07" />
    <UnitTestResult executionId="801d8e9d-9399-4bde-9b7d-eb767a6971a0" testId="ef548272-653e-e782-3a22-51b00da2497d" testName="VisualTeX.WindowsOffice.Tests.FormulaFontSizeTests.SmallInlineOleKeepsSemanticSizeAcrossWordGeometryRounding" computerName="DESKTOP-VM8VUAQ" duration="00:00:00.0001375" startTime="2026-09-06T16:20:44.8824726+08:00" endTime="2026-09-06T16:20:44.8824727+08:00" testType="13cdc9d9-ddb5-4fa4-a97d-d965ccfc6d4b" outcome="Passed" testListId="8c84fa94-04c1-424b-9868-57a2d4851a1d" relativeResultsDirectory="801d8e9d-9399-4bde-9b7d-eb767a6971a0" />
    <UnitTestResult executionId="1513428c-0890-4f8b-9973-05ead9cb2a22" testId="0525811f-dfbf-9b59-bfe2-1d8e36c7bef1" testName="VisualTeX.WindowsOffice.Tests.WordOmmlConversionIdentityTests.ExactAnchorsCannotClaimTheSamePhysicalEquation" computerName="DESKTOP-VM8VUAQ" duration="00:00:00.0004792" startTime="2026-09-06T16:20:44.8847914+08:00" endTime="2026-09-06T16:20:44.8847914+08:00" testType="13cdc9d9-ddb5-4fa4-a97d-d965ccfc6d4b" outcome="Passed" testListId="8c84fa94-04c1-424b-9868-57a2d4851a1d" relativeResultsDirectory="1513428c-0890-4f8b-9973-05ead9cb2a22" />
    <UnitTestResult executionId="c080016b-43a0-4b40-8ad4-c926cdc4781c" testId="fe698d41-dc13-ab94-d668-01109297b44a" testName="VisualTeX.WindowsOffice.Tests.MathMlToLatexConverterTests.ConvertsMathTypeRelationSpellingsBackToExactLatex" computerName="DESKTOP-VM8VUAQ" duration="00:00:00.0000385" startTime="2026-09-06T16:20:44.8864762+08:00" endTime="2026-09-06T16:20:44.8864763+08:00" testType="13cdc9d9-ddb5-4fa4-a97d-d965ccfc6d4b" outcome="Passed" testListId="8c84fa94-04c1-424b-9868-57a2d4851a1d" relativeResultsDirectory="c080016b-43a0-4b40-8ad4-c926cdc4781c" />
    <UnitTestResult executionId="f6b8a07f-bfec-4ab4-9681-66da19768956" testId="a32ffd74-c6c1-6546-4efd-57fe3a371491" testName="VisualTeX.WindowsOffice.Tests.OfficeOlePreviewTests.MathJaxTallMatrixNestedSvgViewportKeepsBracketsContinuous" computerName="DESKTOP-VM8VUAQ" duration="00:00:00.0075188" startTime="2026-09-06T16:20:45.1640977+08:00" endTime="2026-09-06T16:20:45.1640983+08:00" testType="13cdc9d9-ddb5-4fa4-a97d-d965ccfc6d4b" outcome="Passed" testListId="8c84fa94-04c1-424b-9868-57a2d4851a1d" relativeResultsDirectory="f6b8a07f-bfec-4ab4-9681-66da19768956" />
    <UnitTestResult executionId="ae0efac5-0840-4444-b4d2-bc1ed61fbba8" testId="ec94649d-909d-b076-682f-0f082c1aafee" testName="VisualTeX.WindowsOffice.Tests.OfficeFormulaSizingTests.EditedSizeDoesNotApplySemanticFontScaleTwice" computerName="DESKTOP-VM8VUAQ" duration="00:00:00.0047431" startTime="2026-09-06T16:20:44.8711103+08:00" endTime="2026-09-06T16:20:44.8711104+08:00" testType="13cdc9d9-ddb5-4fa4-a97d-d965ccfc6d4b" outcome="Passed" testListId="8c84fa94-04c1-424b-9868-57a2d4851a1d" relativeResultsDirectory="ae0efac5-0840-4444-b4d2-bc1ed61fbba8" />
    <UnitTestResult executionId="3396398b-a723-4d10-af55-639d851279e6" testId="24ed448c-71a5-a056-9c95-3219392005e5" testName="VisualTeX.WindowsOffice.Tests.WordOmmlTests.InlineBareIntegralTransformsToNativeNaryWithHiddenLimits" computerName="DESKTOP-VM8VUAQ" duration="00:00:00.0012977" startTime="2026-09-06T16:20:45.0779514+08:00" endTime="2026-09-06T16:20:45.0779515+08:00" testType="13cdc9d9-ddb5-4fa4-a97d-d965ccfc6d4b" outcome="Passed" testListId="8c84fa94-04c1-424b-9868-57a2d4851a1d" relativeResultsDirectory="3396398b-a723-4d10-af55-639d851279e6" />
    <UnitTestResult executionId="e0f6b3f7-8d99-4bc5-9d47-55cf820c7ac5" testId="514c0c80-29bf-4af7-6a85-912992b6f01c" testName="VisualTeX.WindowsOffice.Tests.WordOmmlTests.ExtendedIntegralOperatorsBecomeNativeOmmlNaries(symbol: &quot;⨓&quot;)" computerName="DESKTOP-VM8VUAQ" duration="00:00:00.0001379" startTime="2026-09-06T16:20:45.0627810+08:00" endTime="2026-09-06T16:20:45.0627810+08:00" testType="13cdc9d9-ddb5-4fa4-a97d-d965ccfc6d4b" outcome="Passed" testListId="8c84fa94-04c1-424b-9868-57a2d4851a1d" relativeResultsDirectory="e0f6b3f7-8d99-4bc5-9d47-55cf820c7ac5" />
    <UnitTestResult executionId="07325f65-d2e7-4baf-9aa8-0383bcfd20b0" testId="a37cf1a4-4450-dbc0-43ed-bfa66092cefb" testName="VisualTeX.WindowsOffice.Tests.WordOmmlConversionIdentityTests.ExactAnchorMustAgreeWithNumberedRowEvenWhenContentsMatch" computerName="DESKTOP-VM8VUAQ" duration="00:00:00.0007094" startTime="2026-09-06T16:20:44.8846967+08:00" endTime="2026-09-06T16:20:44.8846968+08:00" testType="13cdc9d9-ddb5-4fa4-a97d-d965ccfc6d4b" outcome="Passed" testListId="8c84fa94-04c1-424b-9868-57a2d4851a1d" relativeResultsDirectory="07325f65-d2e7-4baf-9aa8-0383bcfd20b0" />
    <UnitTestResult executionId="018e12fa-04df-444a-9e6a-0e70a1f9297e" testId="df7b67af-58da-28e8-367a-5995d2b90b6f" testName="VisualTeX.WindowsOffice.Tests.WordDoubleClickRoutingTests.FormulaRectangleRejectsNearbyBlankPoints(x: 99, y: 230)" computerName="DESKTOP-VM8VUAQ" duration="00:00:00.0047491" startTime="2026-09-06T16:20:44.8711335+08:00" endTime="2026-09-06T16:20:44.8711335+08:00" testType="13cdc9d9-ddb5-4fa4-a97d-d965ccfc6d4b" outcome="Passed" testListId="8c84fa94-04c1-424b-9868-57a2d4851a1d" relativeResultsDirectory="018e12fa-04df-444a-9e6a-0e70a1f9297e" />
    <UnitTestResult executionId="081e3a20-18b2-4233-8fa2-669f1f80528e" testId="aa608108-122a-71a6-4e9a-27b065d1b582" testName="VisualTeX.WindowsOffice.Tests.WordDoubleClickRoutingTests.FormulaRectangleAcceptsPointsOnOrInsideItsBounds(x: 150, y: 230)" computerName="DESKTOP-VM8VUAQ" duration="00:00:00.0000020" startTime="2026-09-06T16:20:44.8817864+08:00" endTime="2026-09-06T16:20:44.8817865+08:00" testType="13cdc9d9-ddb5-4fa4-a97d-d965ccfc6d4b" outcome="Passed" testListId="8c84fa94-04c1-424b-9868-57a2d4851a1d" relativeResultsDirectory="081e3a20-18b2-4233-8fa2-669f1f80528e" />
    <UnitTestResult executionId="f218657c-a049-45d7-84f2-4a13baa66b02" testId="6434bf93-b29d-b8ff-7e87-75cb5f8dbeca" testName="VisualTeX.WindowsOffice.Tests.RibbonIconDataTests.HighDpiRibbonIconUsesDoubleDensityVectorArtwork(key: &quot;ommlInline&quot;)" computerName="DESKTOP-VM8VUAQ" duration="00:00:00.0023062" startTime="2026-09-06T16:20:44.9498580+08:00" endTime="2026-09-06T16:20:44.9498580+08:00" testType="13cdc9d9-ddb5-4fa4-a97d-d965ccfc6d4b" outcome="Passed" testListId="8c84fa94-04c1-424b-9868-57a2d4851a1d" relativeResultsDirectory="f218657c-a049-45d7-84f2-4a13baa66b02" />
    <UnitTestResult executionId="a8bcf261-b927-4f43-960d-adacd390080d" testId="d0c26bfc-8a80-a66f-d896-45199d7a6dbe" testName="VisualTeX.WindowsOffice.Tests.WordOmmlNativeSequenceXmlTests.UnrelatedEquationArrayWithSequenceIsNotClaimedByVisualTeX" computerName="DESKTOP-VM8VUAQ" duration="00:00:00.0004591" startTime="2026-09-06T16:20:44.8858194+08:00" endTime="2026-09-06T16:20:44.8858194+08:00" testType="13cdc9d9-ddb5-4fa4-a97d-d965ccfc6d4b" outcome="Passed" testListId="8c84fa94-04c1-424b-9868-57a2d4851a1d" relativeResultsDirectory="a8bcf261-b927-4f43-960d-adacd390080d" />
    <UnitTestResult executionId="2a4c5b12-2c2b-462a-b488-0db1afbe0ada" testId="78f5aab5-dc08-9ce1-4d4f-ddbafd77e929" testName="VisualTeX.WindowsOffice.Tests.WordOmmlTests.WordMaterializedLimitOperatorKeepsUprightBaseGrouped(functionName: &quot;inf&quot;)" computerName="DESKTOP-VM8VUAQ" duration="00:00:00.0001070" startTime="2026-09-06T16:20:45.0600429+08:00" endTime="2026-09-06T16:20:45.0600430+08:00" testType="13cdc9d9-ddb5-4fa4-a97d-d965ccfc6d4b" outcome="Passed" testListId="8c84fa94-04c1-424b-9868-57a2d4851a1d" relativeResultsDirectory="2a4c5b12-2c2b-462a-b488-0db1afbe0ada" />
    <UnitTestResult executionId="bc89cff7-4d57-4f06-8885-cbfb07c6f4c5" testId="fef8b82c-7c37-d1fb-dd30-1f87b0e231aa" testName="VisualTeX.WindowsOffice.Tests.VisualTeXSessionClientCertificateTests.ExactPerUserThumbprintIsAcceptedAcrossFormattingDifferences" computerName="DESKTOP-VM8VUAQ" duration="00:00:00.0496498" startTime="2026-09-06T16:20:44.9995539+08:00" endTime="2026-09-06T16:20:44.9995545+08:00" testType="13cdc9d9-ddb5-4fa4-a97d-d965ccfc6d4b" outcome="Passed" testListId="8c84fa94-04c1-424b-9868-57a2d4851a1d" relativeResultsDirectory="bc89cff7-4d57-4f06-8885-cbfb07c6f4c5" />
    <UnitTestResult executionId="640b9868-5aeb-4dfb-819e-68d62e296dc4" testId="89190c24-ea63-cda0-9c5f-01433fa4126d" testName="VisualTeX.WindowsOffice.Tests.OfficeFormulaSizingTests.LegacyPictureConversionKeepsItsPhysicalHeight" computerName="DESKTOP-VM8VUAQ" duration="00:00:00.0001060" startTime="2026-09-06T16:20:44.8817045+08:00" endTime="2026-09-06T16:20:44.8817045+08:00" testType="13cdc9d9-ddb5-4fa4-a97d-d965ccfc6d4b" outcome="Passed" testListId="8c84fa94-04c1-424b-9868-57a2d4851a1d" relativeResultsDirectory="640b9868-5aeb-4dfb-819e-68d62e296dc4" />
    <UnitTestResult executionId="104d85e9-e28e-475a-999b-973c90deb430" testId="31012d02-cd90-8745-6357-6c60d640a4f2" testName="VisualTeX.WindowsOffice.Tests.WordBulkImportParserTests.LatexDocumentBoundariesIgnoreCommentsAndLiteralRegions" computerName="DESKTOP-VM8VUAQ" duration="00:00:00.0008517" startTime="2026-09-06T16:20:44.9123760+08:00" endTime="2026-09-06T16:20:44.9123761+08:00" testType="13cdc9d9-ddb5-4fa4-a97d-d965ccfc6d4b" outcome="Passed" testListId="8c84fa94-04c1-424b-9868-57a2d4851a1d" relativeResultsDirectory="104d85e9-e28e-475a-999b-973c90deb430" />
    <UnitTestResult executionId="ff800de3-6573-479e-9bdb-8cacbeb14630" testId="d3c13cab-2c78-7c2b-915a-33e5f25cba3e" testName="VisualTeX.WindowsOffice.Tests.WordOmmlImportSignatureTests.WordOmissionOfDefaultFractionTypePreservesContent(properties: &quot;&lt;m:fPr/&gt;&quot;)" computerName="DESKTOP-VM8VUAQ" duration="00:00:00.0003127" startTime="2026-09-06T16:20:44.8838411+08:00" endTime="2026-09-06T16:20:44.8838411+08:00" testType="13cdc9d9-ddb5-4fa4-a97d-d965ccfc6d4b" outcome="Passed" testListId="8c84fa94-04c1-424b-9868-57a2d4851a1d" relativeResultsDirectory="ff800de3-6573-479e-9bdb-8cacbeb14630" />
    <UnitTestResult executionId="1a50cfbb-9602-45a7-8fc7-19756e9b7bb2" testId="6bdb6089-fc22-9a77-b605-74f6dfdcb543" testName="VisualTeX.WindowsOffice.Tests.WordOmmlTests.OmmlReverseDoesNotZeroOrdinaryFractionThickness" computerName="DESKTOP-VM8VUAQ" duration="00:00:00.0001826" startTime="2026-09-06T16:20:45.1038343+08:00" endTime="2026-09-06T16:20:45.1038344+08:00" testType="13cdc9d9-ddb5-4fa4-a97d-d965ccfc6d4b" outcome="Passed" testListId="8c84fa94-04c1-424b-9868-57a2d4851a1d" relativeResultsDirectory="1a50cfbb-9602-45a7-8fc7-19756e9b7bb2" />
    <UnitTestResult executionId="4bffe0d9-ec26-463f-9860-b4a97e7fb821" testId="27e3e299-cb17-bffc-a299-e185fd554796" testName="VisualTeX.WindowsOffice.Tests.VisualTeXSessionClientCertificateTests.MissingRegistryThumbprintIsRejected" computerName="DESKTOP-VM8VUAQ" duration="00:00:00.0327253" startTime="2026-09-06T16:20:45.0910687+08:00" endTime="2026-09-06T16:20:45.0910688+08:00" testType="13cdc9d9-ddb5-4fa4-a97d-d965ccfc6d4b" outcome="Passed" testListId="8c84fa94-04c1-424b-9868-57a2d4851a1d" relativeResultsDirectory="4bffe0d9-ec26-463f-9860-b4a97e7fb821" />
    <UnitTestResult executionId="bf3056d6-9e51-4c95-804d-2caa1ada090d" testId="b4414348-19fc-59d2-d220-9d572a2acdb4" testName="VisualTeX.WindowsOffice.Tests.VisualTeXSessionClientCertificateTests.ExpiredOrNotYetValidCertificateIsRejected(notBeforeOffsetDays: -30, notAfterOffsetDays: -1)" computerName="DESKTOP-VM8VUAQ" duration="00:00:00.0527728" startTime="2026-09-06T16:20:44.9120643+08:00" endTime="2026-09-06T16:20:44.9120645+08:00" testType="13cdc9d9-ddb5-4fa4-a97d-d965ccfc6d4b" outcome="Passed" testListId="8c84fa94-04c1-424b-9868-57a2d4851a1d" relativeResultsDirectory="bf3056d6-9e51-4c95-804d-2caa1ada090d" />
    <UnitTestResult executionId="12238d19-979f-4830-8c0a-89f52177e3c7" testId="f592b08a-36e6-8edf-78d5-e9e8f0247f11" testName="VisualTeX.WindowsOffice.Tests.WordOmmlConversionIdentityTests.NumberedRowContentMismatchCannotRecoverFromAnotherRow" computerName="DESKTOP-VM8VUAQ" duration="00:00:00.0004263" startTime="2026-09-06T16:20:44.8854289+08:00" endTime="2026-09-06T16:20:44.8854290+08:00" testType="13cdc9d9-ddb5-4fa4-a97d-d965ccfc6d4b" outcome="Passed" testListId="8c84fa94-04c1-424b-9868-57a2d4851a1d" relativeResultsDirectory="12238d19-979f-4830-8c0a-89f52177e3c7" />
    <UnitTestResult executionId="652c1dd5-10b6-4834-9bbb-dc65d5a0e98a" testId="4e8c4ad9-c4e7-16ce-2c6e-316cab13d0ac" testName="VisualTeX.WindowsOffice.Tests.WordOmmlTests.OmmlContentFingerprintStillTracksFormulaStructure" computerName="DESKTOP-VM8VUAQ" duration="00:00:00.0001095" startTime="2026-09-06T16:20:45.0799621+08:00" endTime="2026-09-06T16:20:45.0799622+08:00" testType="13cdc9d9-ddb5-4fa4-a97d-d965ccfc6d4b" outcome="Passed" testListId="8c84fa94-04c1-424b-9868-57a2d4851a1d" relativeResultsDirectory="652c1dd5-10b6-4834-9bbb-dc65d5a0e98a" />
    <UnitTestResult executionId="729ddaca-cf2f-46e5-a4df-15ad469e7c3c" testId="cf187193-a424-d057-8868-545da1ab4479" testName="VisualTeX.WindowsOffice.Tests.WordOmmlTests.WordMaterializedPlainScriptBaseKeepsSingleUprightToken(baseText: &quot;sin&quot;)" computerName="DESKTOP-VM8VUAQ" duration="00:00:00.0003868" startTime="2026-09-06T16:20:45.0689469+08:00" endTime="2026-09-06T16:20:45.0689470+08:00" testType="13cdc9d9-ddb5-4fa4-a97d-d965ccfc6d4b" outcome="Passed" testListId="8c84fa94-04c1-424b-9868-57a2d4851a1d" relativeResultsDirectory="729ddaca-cf2f-46e5-a4df-15ad469e7c3c" />
    <UnitTestResult executionId="e9cea825-a444-4873-a558-7b2269755a05" testId="52fda9af-05ae-2640-3cb1-04afcf3c6e19" testName="VisualTeX.WindowsOffice.Tests.WordBulkImportParserTests.UnclosedDisplayFormulaIsImportedWithWarning" computerName="DESKTOP-VM8VUAQ" duration="00:00:00.0015930" startTime="2026-09-06T16:20:44.9111950+08:00" endTime="2026-09-06T16:20:44.9111952+08:00" testType="13cdc9d9-ddb5-4fa4-a97d-d965ccfc6d4b" outcome="Passed" testListId="8c84fa94-04c1-424b-9868-57a2d4851a1d" relativeResultsDirectory="e9cea825-a444-4873-a558-7b2269755a05" />
    <UnitTestResult executionId="efcdfa0b-81a7-434a-b8df-e2d86649a995" testId="1504b82e-ecfa-2010-77bd-6e0d2e048dde" testName="VisualTeX.WindowsOffice.Tests.WordBulkImportParserTests.LatexHeadingHierarchyPreservesArticleAndBookStructure(source: &quot;\\subsection{T}&quot;, expected: &quot;2&quot;)" computerName="DESKTOP-VM8VUAQ" duration="00:00:00.0020111" startTime="2026-09-06T16:20:44.9019086+08:00" endTime="2026-09-06T16:20:44.9019087+08:00" testType="13cdc9d9-ddb5-4fa4-a97d-d965ccfc6d4b" outcome="Passed" testListId="8c84fa94-04c1-424b-9868-57a2d4851a1d" relativeResultsDirectory="efcdfa0b-81a7-434a-b8df-e2d86649a995" />
    <UnitTestResult executionId="d2c24efd-c4c6-4834-80fb-1737cca2f3d6" testId="91d3309f-9bed-549d-bafe-1d9c3c3823b7" testName="VisualTeX.WindowsOffice.Tests.WordDoubleClickRoutingTests.NativeOleOpensVisualTeXEditor" computerName="DESKTOP-VM8VUAQ" duration="00:00:00.0008132" startTime="2026-09-06T16:20:44.8815164+08:00" endTime="2026-09-06T16:20:44.8815164+08:00" testType="13cdc9d9-ddb5-4fa4-a97d-d965ccfc6d4b" outcome="Passed" testListId="8c84fa94-04c1-424b-9868-57a2d4851a1d" relativeResultsDirectory="d2c24efd-c4c6-4834-80fb-1737cca2f3d6" />
    <UnitTestResult executionId="acf50055-d219-46cf-9624-703e8a28aaf6" testId="fabc2d8d-2476-71d3-cc50-6c36e50db3b0" testName="VisualTeX.WindowsOffice.Tests.WordOmmlTests.OfficeMathMlTransformProducesNativeFractionAndSuperscript" computerName="DESKTOP-VM8VUAQ" duration="00:00:00.0007016" startTime="2026-09-06T16:20:45.0838435+08:00" endTime="2026-09-06T16:20:45.0838436+08:00" testType="13cdc9d9-ddb5-4fa4-a97d-d965ccfc6d4b" outcome="Passed" testListId="8c84fa94-04c1-424b-9868-57a2d4851a1d" relativeResultsDirectory="acf50055-d219-46cf-9624-703e8a28aaf6" />
    <UnitTestResult executionId="5b501552-03fb-47c0-b628-e11a8f015a4b" testId="4ec1665f-46f3-ecc5-6758-a81b8a658a12" testName="VisualTeX.WindowsOffice.Tests.WordEquationNumberingVstoTests.OnlyVisualTeXSequenceFieldsAreUpdated(code: null, expected: False)" computerName="DESKTOP-VM8VUAQ" duration="00:00:00.0001916" startTime="2026-09-06T16:20:44.8812774+08:00" endTime="2026-09-06T16:20:44.8812774+08:00" testType="13cdc9d9-ddb5-4fa4-a97d-d965ccfc6d4b" outcome="Passed" testListId="8c84fa94-04c1-424b-9868-57a2d4851a1d" relativeResultsDirectory="5b501552-03fb-47c0-b628-e11a8f015a4b" />
    <UnitTestResult executionId="c272e0e6-3db8-4f0a-9bbb-ce6796cae729" testId="df581903-6991-b0ba-37ab-4fb72f37d2f6" testName="VisualTeX.WindowsOffice.Tests.FormulaFontSizeTests.NormalizesToCentipointRangeWithoutPresetQuantization(input: 13.24, expected: 13.24)" computerName="DESKTOP-VM8VUAQ" duration="00:00:00.0001607" startTime="2026-09-06T16:20:44.8827261+08:00" endTime="2026-09-06T16:20:44.8827261+08:00" testType="13cdc9d9-ddb5-4fa4-a97d-d965ccfc6d4b" outcome="Passed" testListId="8c84fa94-04c1-424b-9868-57a2d4851a1d" relativeResultsDirectory="c272e0e6-3db8-4f0a-9bbb-ce6796cae729" />
    <UnitTestResult executionId="d3df9d37-fb78-47c5-b946-b687af750069" testId="62b609c0-5762-9374-bb4c-372451b84f07" testName="VisualTeX.WindowsOffice.Tests.WordOmmlTests.MathMlAccentsBecomeNativeOmmlAccentsWithoutPlaceholderGlyphs(sourceMark: &quot;¯&quot;, expectedCombiningMark: &quot;̅&quot;)" computerName="DESKTOP-VM8VUAQ" duration="00:00:00.0000905" startTime="2026-09-06T16:20:45.0254582+08:00" endTime="2026-09-06T16:20:45.0254582+08:00" testType="13cdc9d9-ddb5-4fa4-a97d-d965ccfc6d4b" outcome="Passed" testListId="8c84fa94-04c1-424b-9868-57a2d4851a1d" relativeResultsDirectory="d3df9d37-fb78-47c5-b946-b687af750069" />
    <UnitTestResult executionId="10886277-614b-4799-b180-5cd0a13251be" testId="8e9aa93e-180c-0160-e1a6-9a715abd9914" testName="VisualTeX.WindowsOffice.Tests.WordDoubleClickRoutingTests.FormulaRectangleAcceptsPointsOnOrInsideItsBounds(x: 200, y: 260)" computerName="DESKTOP-VM8VUAQ" duration="00:00:00.0001336" startTime="2026-09-06T16:20:44.8817720+08:00" endTime="2026-09-06T16:20:44.8817720+08:00" testType="13cdc9d9-ddb5-4fa4-a97d-d965ccfc6d4b" outcome="Passed" testListId="8c84fa94-04c1-424b-9868-57a2d4851a1d" relativeResultsDirectory="10886277-614b-4799-b180-5cd0a13251be" />
    <UnitTestResult executionId="f8d54b3c-6b17-4c84-852a-1962e9ece00a" testId="4fb45688-7ba9-dd37-20bc-47b0eb51e4ee" testName="VisualTeX.WindowsOffice.Tests.WordOleSizingTests.TallerEditPreservesAspectRatioWithinCurrentExportBounds" computerName="DESKTOP-VM8VUAQ" duration="00:00:00.0051266" startTime="2026-09-06T16:20:44.8711271+08:00" endTime="2026-09-06T16:20:44.8711272+08:00" testType="13cdc9d9-ddb5-4fa4-a97d-d965ccfc6d4b" outcome="Passed" testListId="8c84fa94-04c1-424b-9868-57a2d4851a1d" relativeResultsDirectory="f8d54b3c-6b17-4c84-852a-1962e9ece00a" />
    <UnitTestResult executionId="8585b9d7-6107-4564-b4e7-e0457b9eb45d" testId="b2870251-0241-8d7b-e106-e256710f5b1a" testName="VisualTeX.WindowsOffice.Tests.OfficeOlePreviewTests.ExternalDefinitionReferenceFailsClosed" computerName="DESKTOP-VM8VUAQ" duration="00:00:00.0167529" startTime="2026-09-06T16:20:44.9290588+08:00" endTime="2026-09-06T16:20:44.9290592+08:00" testType="13cdc9d9-ddb5-4fa4-a97d-d965ccfc6d4b" outcome="Passed" testListId="8c84fa94-04c1-424b-9868-57a2d4851a1d" relativeResultsDirectory="8585b9d7-6107-4564-b4e7-e0457b9eb45d" />
    <UnitTestResult executionId="91c7b4b1-44c2-4bbd-9e64-0889f6fda649" testId="63285b8c-04d6-d930-96b4-2ef68202dedf" testName="VisualTeX.WindowsOffice.Tests.WordOmmlConversionIdentityTests.LiveAnchorMissingFromXmlIsRejected" computerName="DESKTOP-VM8VUAQ" duration="00:00:00.0004986" startTime="2026-09-06T16:20:44.8855801+08:00" endTime="2026-09-06T16:20:44.8855801+08:00" testType="13cdc9d9-ddb5-4fa4-a97d-d965ccfc6d4b" outcome="Passed" testListId="8c84fa94-04c1-424b-9868-57a2d4851a1d" relativeResultsDirectory="91c7b4b1-44c2-4bbd-9e64-0889f6fda649" />
    <UnitTestResult executionId="7a83199f-d326-49a7-854e-6eca2a541c94" testId="a93d4adf-5035-a615-7e76-76ba25765c19" testName="VisualTeX.WindowsOffice.Tests.WordOmmlTests.WordMaterializedFunctionApplicationKeepsPlainRunGrouped(functionName: &quot;sin&quot;)" computerName="DESKTOP-VM8VUAQ" duration="00:00:00.0002336" startTime="2026-09-06T16:20:45.0789613+08:00" endTime="2026-09-06T16:20:45.0789614+08:00" testType="13cdc9d9-ddb5-4fa4-a97d-d965ccfc6d4b" outcome="Passed" testListId="8c84fa94-04c1-424b-9868-57a2d4851a1d" relativeResultsDirectory="7a83199f-d326-49a7-854e-6eca2a541c94" />
    <UnitTestResult executionId="32ad1c41-3553-4704-ae28-4ec3f03e32fb" testId="e00a59e9-b9e6-4543-5f11-9931e8a3cd6d" testName="VisualTeX.WindowsOffice.Tests.MathMlToLatexConverterTests.ConvertsMathJaxHorizontalBarAccentToLineCommands(elementName: &quot;munder&quot;, marker: &quot;―&quot;, expected: &quot;\\underline{AB}&quot;)" computerName="DESKTOP-VM8VUAQ" duration="00:00:00.0001057" startTime="2026-09-06T16:20:44.8868355+08:00" endTime="2026-09-06T16:20:44.8868355+08:00" testType="13cdc9d9-ddb5-4fa4-a97d-d965ccfc6d4b" outcome="Passed" testListId="8c84fa94-04c1-424b-9868-57a2d4851a1d" relativeResultsDirectory="32ad1c41-3553-4704-ae28-4ec3f03e32fb" />
    <UnitTestResult executionId="48e1b40e-108f-41ba-80b6-57673da11f60" testId="82563a56-01f7-5e62-cfdf-fb1972429a15" testName="VisualTeX.WindowsOffice.Tests.WordOmmlNativeHashNumberTests.DirectSequenceWrapperContainsNoMathematicalReference" computerName="DESKTOP-VM8VUAQ" duration="00:00:00.0102490" startTime="2026-09-06T16:20:44.8824540+08:00" endTime="2026-09-06T16:20:44.8824541+08:00" testType="13cdc9d9-ddb5-4fa4-a97d-d965ccfc6d4b" outcome="Passed" testListId="8c84fa94-04c1-424b-9868-57a2d4851a1d" relativeResultsDirectory="48e1b40e-108f-41ba-80b6-57673da11f60" />
    <UnitTestResult executionId="a3b1a58c-ee12-4aab-b2c2-73c647e4e956" testId="c63ad02d-2aff-0b08-a2ae-1f715f94ec73" testName="VisualTeX.WindowsOffice.Tests.MathMlToLatexConverterTests.ConvertsMathJaxWrappedOpenCloseNoBarFractionToBinomial" computerName="DESKTOP-VM8VUAQ" duration="00:00:00.0000537" startTime="2026-09-06T16:20:44.8868587+08:00" endTime="2026-09-06T16:20:44.8868587+08:00" testType="13cdc9d9-ddb5-4fa4-a97d-d965ccfc6d4b" outcome="Passed" testListId="8c84fa94-04c1-424b-9868-57a2d4851a1d" relativeResultsDirectory="a3b1a58c-ee12-4aab-b2c2-73c647e4e956" />
    <UnitTestResult executionId="2477eb8a-007f-4d9b-a8b1-7e0c53346a29" testId="b0550b13-2a3a-53a8-8b83-1a189680155e" testName="VisualTeX.WindowsOffice.Tests.WordOmmlTests.OmmlReverseRestoresPureMathSymbolTextAsOperator(symbol: &quot;∀&quot;)" computerName="DESKTOP-VM8VUAQ" duration="00:00:00.0000645" startTime="2026-09-06T16:20:45.0453396+08:00" endTime="2026-09-06T16:20:45.0453397+08:00" testType="13cdc9d9-ddb5-4fa4-a97d-d965ccfc6d4b" outcome="Passed" testListId="8c84fa94-04c1-424b-9868-57a2d4851a1d" relativeResultsDirectory="2477eb8a-007f-4d9b-a8b1-7e0c53346a29" />
    <UnitTestResult executionId="2d437238-2dad-4ddb-bb9e-7b0e9ee2f674" testId="1fbf324b-df3c-03f9-56ed-56f7efddc745" testName="VisualTeX.WindowsOffice.Tests.FormulaOleContractTests.PublishedComIdentitiesAndStorageNamesAreStable" computerName="DESKTOP-VM8VUAQ" duration="00:00:00.0000918" startTime="2026-09-06T16:20:44.9016615+08:00" endTime="2026-09-06T16:20:44.9016618+08:00" testType="13cdc9d9-ddb5-4fa4-a97d-d965ccfc6d4b" outcome="Passed" testListId="8c84fa94-04c1-424b-9868-57a2d4851a1d" relativeResultsDirectory="2d437238-2dad-4ddb-bb9e-7b0e9ee2f674" />
    <UnitTestResult executionId="2674fe74-e0ec-4921-a528-c0db88178056" testId="e49a7c25-eac4-8828-8ccc-0d75c8cd5e38" testName="VisualTeX.WindowsOffice.Tests.WordOmmlNativeSequenceXmlTests.ManagedStripCanRecoverDirectSequenceAfterAllAliasesAreLost" computerName="DESKTOP-VM8VUAQ" duration="00:00:00.0007239" startTime="2026-09-06T16:20:44.8841324+08:00" endTime="2026-09-06T16:20:44.8841324+08:00" testType="13cdc9d9-ddb5-4fa4-a97d-d965ccfc6d4b" outcome="Passed" testListId="8c84fa94-04c1-424b-9868-57a2d4851a1d" relativeResultsDirectory="2674fe74-e0ec-4921-a528-c0db88178056" />
    <UnitTestResult executionId="68f8ae24-9611-4b7d-9e6c-02b582381fb9" testId="01ce8360-529f-e8ea-410e-31785b11bd8a" testName="VisualTeX.WindowsOffice.Tests.WordOmmlImportSignatureTests.FormulaContentChangesRemainDistinct(from: &quot;x&quot;, to: &quot;y&quot;)" computerName="DESKTOP-VM8VUAQ" duration="00:00:00.0106668" startTime="2026-09-06T16:20:44.8827061+08:00" endTime="2026-09-06T16:20:44.8827061+08:00" testType="13cdc9d9-ddb5-4fa4-a97d-d965ccfc6d4b" outcome="Passed" testListId="8c84fa94-04c1-424b-9868-57a2d4851a1d" relativeResultsDirectory="68f8ae24-9611-4b7d-9e6c-02b582381fb9" />
    <UnitTestResult executionId="328f01e7-1b1f-4f6d-b6e0-b0f8ae3b79ba" testId="04294858-1fda-38cb-22e9-1b7ee2dfdd00" testName="VisualTeX.WindowsOffice.Tests.WordBulkImportParserTests.SerializedPreviewDocumentIsUsedVerbatimByWordImport" computerName="DESKTOP-VM8VUAQ" duration="00:00:00.0038971" startTime="2026-09-06T16:20:44.9464822+08:00" endTime="2026-09-06T16:20:44.9464823+08:00" testType="13cdc9d9-ddb5-4fa4-a97d-d965ccfc6d4b" outcome="Passed" testListId="8c84fa94-04c1-424b-9868-57a2d4851a1d" relativeResultsDirectory="328f01e7-1b1f-4f6d-b6e0-b0f8ae3b79ba" />
    <UnitTestResult executionId="eb3a2af7-2c65-484a-8ba8-c5c5ae5eddbc" testId="6b43e6b6-d26f-253e-032e-acfb656134c3" testName="VisualTeX.WindowsOffice.Tests.WordOmmlTests.WordMaterializedLimitOperatorKeepsUprightBaseGrouped(functionName: &quot;min&quot;)" computerName="DESKTOP-VM8VUAQ" duration="00:00:00.0000841" startTime="2026-09-06T16:20:45.0602414+08:00" endTime="2026-09-06T16:20:45.0602415+08:00" testType="13cdc9d9-ddb5-4fa4-a97d-d965ccfc6d4b" outcome="Passed" testListId="8c84fa94-04c1-424b-9868-57a2d4851a1d" relativeResultsDirectory="eb3a2af7-2c65-484a-8ba8-c5c5ae5eddbc" />
    <UnitTestResult executionId="6ee23f5b-7d7a-4347-8bca-f334ea86ab3a" testId="54f10f1e-8efa-ca67-de23-36e7e5504424" testName="VisualTeX.WindowsOffice.Tests.WordDoubleClickRoutingTests.FormulaRectangleRejectsNearbyBlankPoints(x: 150, y: 261)" computerName="DESKTOP-VM8VUAQ" duration="00:00:00.0002624" startTime="2026-09-06T16:20:44.8792336+08:00" endTime="2026-09-06T16:20:44.8792337+08:00" testType="13cdc9d9-ddb5-4fa4-a97d-d965ccfc6d4b" outcome="Passed" testListId="8c84fa94-04c1-424b-9868-57a2d4851a1d" relativeResultsDirectory="6ee23f5b-7d7a-4347-8bca-f334ea86ab3a" />
    <UnitTestResult executionId="eee1d46f-2c13-4373-ae70-e4f51e2ec0c4" testId="36b59352-c461-f491-7383-ddbe7fe98b28" testName="VisualTeX.WindowsOffice.Tests.WordOmmlTests.AsteriskOperatorRoundTripDoesNotBecomeAsciiIdentifier" computerName="DESKTOP-VM8VUAQ" duration="00:00:00.0003386" startTime="2026-09-06T16:20:45.0678703+08:00" endTime="2026-09-06T16:20:45.0678704+08:00" testType="13cdc9d9-ddb5-4fa4-a97d-d965ccfc6d4b" outcome="Passed" testListId="8c84fa94-04c1-424b-9868-57a2d4851a1d" relativeResultsDirectory="eee1d46f-2c13-4373-ae70-e4f51e2ec0c4" />
    <UnitTestResult executionId="e29952a9-e814-4b93-b911-f7b162f181f9" testId="cff22761-c75d-8308-7e68-f70d45f4466e" testName="VisualTeX.WindowsOffice.Tests.WordOleDisplayParagraphTests.SelectionOrParagraphWithContentCreatesASeparateDisplayParagraph(rangeStart: 12, rangeEnd: 12, paragraphText: &quot;&quot;)" computerName="DESKTOP-VM8VUAQ" duration="00:00:00.0000020" startTime="2026-09-06T16:20:44.8799271+08:00" endTime="2026-09-06T16:20:44.8799271+08:00" testType="13cdc9d9-ddb5-4fa4-a97d-d965ccfc6d4b" outcome="Passed" testListId="8c84fa94-04c1-424b-9868-57a2d4851a1d" relativeResultsDirectory="e29952a9-e814-4b93-b911-f7b162f181f9" />
    <UnitTestResult executionId="23e9fc36-e29f-4c38-bf06-ab0209c303cb" testId="16e5201a-75fb-27eb-3b13-d9dfcd1821db" testName="VisualTeX.WindowsOffice.Tests.WordOmmlTests.MathMlAccentsBecomeNativeOmmlAccentsWithoutPlaceholderGlyphs(sourceMark: &quot;`&quot;, expectedCombiningMark: &quot;̀&quot;)" computerName="DESKTOP-VM8VUAQ" duration="00:00:00.0000901" startTime="2026-09-06T16:20:45.0257406+08:00" endTime="2026-09-06T16:20:45.0257407+08:00" testType="13cdc9d9-ddb5-4fa4-a97d-d965ccfc6d4b" outcome="Passed" testListId="8c84fa94-04c1-424b-9868-57a2d4851a1d" relativeResultsDirectory="23e9fc36-e29f-4c38-bf06-ab0209c303cb" />
    <UnitTestResult executionId="f2c22d9c-c3a2-4f7b-8aaf-35093ec9a7ad" testId="5f58328e-0452-e779-b293-150b48d9acaa" testName="VisualTeX.WindowsOffice.Tests.WordUndoHistorySnapshotTests.TruncatedOrReorderedHistoryCannotBeUndone" computerName="DESKTOP-VM8VUAQ" duration="00:00:00.0047718" startTime="2026-09-06T16:20:44.8710702+08:00" endTime="2026-09-06T16:20:44.8710703+08:00" testType="13cdc9d9-ddb5-4fa4-a97d-d965ccfc6d4b" outcome="Passed" testListId="8c84fa94-04c1-424b-9868-57a2d4851a1d" relativeResultsDirectory="f2c22d9c-c3a2-4f7b-8aaf-35093ec9a7ad" />
    <UnitTestResult executionId="581bc97a-47bd-42a8-97f0-1a492c6b8341" testId="5d43efaf-8db8-30f0-3640-2e05e0c2734e" testName="VisualTeX.WindowsOffice.Tests.MathMlToLatexConverterTests.ConvertsAnnotatedHorizontalBracesThroughSingleTransparentWrapper(innerName: &quot;mover&quot;, marker: &quot;⏞&quot;, expected: &quot;\\overbrace{a+b}^{n}&quot;)" computerName="DESKTOP-VM8VUAQ" duration="00:00:00.0005974" startTime="2026-09-06T16:20:44.8821581+08:00" endTime="2026-09-06T16:20:44.8821581+08:00" testType="13cdc9d9-ddb5-4fa4-a97d-d965ccfc6d4b" outcome="Passed" testListId="8c84fa94-04c1-424b-9868-57a2d4851a1d" relativeResultsDirectory="581bc97a-47bd-42a8-97f0-1a492c6b8341" />
    <UnitTestResult executionId="22b13c46-6b46-46e5-a265-82e2eb077855" testId="510f1610-5d59-912d-6fd6-0baf67044323" testName="VisualTeX.WindowsOffice.Tests.WordOmmlTests.MathMlAccentsBecomeNativeOmmlAccentsWithoutPlaceholderGlyphs(sourceMark: &quot;~&quot;, expectedCombiningMark: &quot;̃&quot;)" computerName="DESKTOP-VM8VUAQ" duration="00:00:00.0000956" startTime="2026-09-06T16:20:45.0250319+08:00" endTime="2026-09-06T16:20:45.0250320+08:00" testType="13cdc9d9-ddb5-4fa4-a97d-d965ccfc6d4b" outcome="Passed" testListId="8c84fa94-04c1-424b-9868-57a2d4851a1d" relativeResultsDirectory="22b13c46-6b46-46e5-a265-82e2eb077855" />
    <UnitTestResult executionId="e3c7d692-cb1b-4b14-991a-8677519b0efd" testId="6818501b-f309-71b7-4dcd-87af36ad6ef6" testName="VisualTeX.WindowsOffice.Tests.WordOmmlTests.ExtendedIntegralOperatorsBecomeNativeOmmlNaries(symbol: &quot;⨑&quot;)" computerName="DESKTOP-VM8VUAQ" duration="00:00:00.0001253" startTime="2026-09-06T16:20:45.0640082+08:00" endTime="2026-09-06T16:20:45.0640082+08:00" testType="13cdc9d9-ddb5-4fa4-a97d-d965ccfc6d4b" outcome="Passed" testListId="8c84fa94-04c1-424b-9868-57a2d4851a1d" relativeResultsDirectory="e3c7d692-cb1b-4b14-991a-8677519b0efd" />
    <UnitTestResult executionId="3a159c07-136f-4337-a8b2-2c1d6cf53ab6" testId="6f7fb5ae-e0b5-bf96-29eb-cdf69b8e0c8e" testName="VisualTeX.WindowsOffice.Tests.MathTypeFenceRoundTripTests.ExplicitFencesPreserveSemanticsAndExpandableTemplate(open: &quot;&quot;, close: &quot;}&quot;)" computerName="DESKTOP-VM8VUAQ" duration="00:00:00.0000961" startTime="2026-09-06T16:20:44.8871192+08:00" endTime="2026-09-06T16:20:44.8871192+08:00" testType="13cdc9d9-ddb5-4fa4-a97d-d965ccfc6d4b" outcome="Passed" testListId="8c84fa94-04c1-424b-9868-57a2d4851a1d" relativeResultsDirectory="3a159c07-136f-4337-a8b2-2c1d6cf53ab6" />
    <UnitTestResult executionId="acee2713-d569-4da3-9feb-21bca4d99c84" testId="df07a781-9f61-a486-75a9-7fd76b24c93a" testName="VisualTeX.WindowsOffice.Tests.RibbonIconDataTests.EmbeddedRibbonIconIsAValidTransparentPng(name: &quot;convert to OLE&quot;, encoded: &quot;iVBORw0KGgoAAAANSUhEUgAAACAAAAAgCAYAAABzenr0AAADWE&quot;···)" computerName="DESKTOP-VM8VUAQ" duration="00:00:00.0026077" startTime="2026-09-06T16:20:44.8871766+08:00" endTime="2026-09-06T16:20:44.8871766+08:00" testType="13cdc9d9-ddb5-4fa4-a97d-d965ccfc6d4b" outcome="Passed" testListId="8c84fa94-04c1-424b-9868-57a2d4851a1d" relativeResultsDirectory="acee2713-d569-4da3-9feb-21bca4d99c84" />
    <UnitTestResult executionId="8eec87ca-80db-42a2-b2b0-b736b7b4e0ac" testId="6897f651-18ad-8e8b-4e1a-444901caa54a" testName="VisualTeX.WindowsOffice.Tests.WordOmmlTests.HiddenOptionalOmmlSlotsAreAllowed" computerName="DESKTOP-VM8VUAQ" duration="00:00:00.0000780" startTime="2026-09-06T16:20:45.1019699+08:00" endTime="2026-09-06T16:20:45.1019700+08:00" testType="13cdc9d9-ddb5-4fa4-a97d-d965ccfc6d4b" outcome="Passed" testListId="8c84fa94-04c1-424b-9868-57a2d4851a1d" relativeResultsDirectory="8eec87ca-80db-42a2-b2b0-b736b7b4e0ac" />
    <UnitTestResult executionId="8512efad-5a8b-466d-866f-9ff1f87bc4d4" testId="14567ed0-56ae-7c7f-1f7f-db99906f8828" testName="VisualTeX.WindowsOffice.Tests.WordOmmlTests.InlineNaryOmmlHidesEmptyLimitsWithoutForcingDisplayGrowth" computerName="DESKTOP-VM8VUAQ" duration="00:00:00.0001129" startTime="2026-09-06T16:20:45.0864173+08:00" endTime="2026-09-06T16:20:45.0864174+08:00" testType="13cdc9d9-ddb5-4fa4-a97d-d965ccfc6d4b" outcome="Passed" testListId="8c84fa94-04c1-424b-9868-57a2d4851a1d" relativeResultsDirectory="8512efad-5a8b-466d-866f-9ff1f87bc4d4" />
    <UnitTestResult executionId="f747bcc4-2df4-4db1-bf93-b8bd50d08558" testId="7c2f3a8e-1f72-d648-0cb9-ef0f8ff08243" testName="VisualTeX.WindowsOffice.Tests.MathMlToLatexConverterTests.ConvertsMathMlUnderScriptsOnLimitLikeOperatorsToNativeLatexSubscripts(operatorName: &quot;liminf&quot;, expected: &quot;\\liminf_{n\\to \\infty}&quot;)" computerName="DESKTOP-VM8VUAQ" duration="00:00:00.0000157" startTime="2026-09-06T16:20:44.8858488+08:00" endTime="2026-09-06T16:20:44.8858488+08:00" testType="13cdc9d9-ddb5-4fa4-a97d-d965ccfc6d4b" outcome="Passed" testListId="8c84fa94-04c1-424b-9868-57a2d4851a1d" relativeResultsDirectory="f747bcc4-2df4-4db1-bf93-b8bd50d08558" />
    <UnitTestResult executionId="cbf8d4bb-d7e3-418c-af97-535050f9c823" testId="5837e6e3-cac2-0e70-841b-68e1465cb4e5" testName="VisualTeX.WindowsOffice.Tests.WordBulkImportParserTests.EmbeddedAndAdjacentDisplayDelimitersAreSplitFromNativeParagraphs" computerName="DESKTOP-VM8VUAQ" duration="00:00:00.0170826" startTime="2026-09-06T16:20:44.9295114+08:00" endTime="2026-09-06T16:20:44.9295115+08:00" testType="13cdc9d9-ddb5-4fa4-a97d-d965ccfc6d4b" outcome="Passed" testListId="8c84fa94-04c1-424b-9868-57a2d4851a1d" relativeResultsDirectory="cbf8d4bb-d7e3-418c-af97-535050f9c823" />
    <UnitTestResult executionId="3b6f405c-d524-425b-9480-a107ad6d49ad" testId="de1f561c-3f6f-8f8a-1b8c-a6eabc1ac47f" testName="VisualTeX.WindowsOffice.Tests.RibbonIconDataTests.HighDpiRibbonIconUsesDoubleDensityVectorArtwork(key: &quot;batchImport&quot;)" computerName="DESKTOP-VM8VUAQ" duration="00:00:00.0023614" startTime="2026-09-06T16:20:44.9475110+08:00" endTime="2026-09-06T16:20:44.9475111+08:00" testType="13cdc9d9-ddb5-4fa4-a97d-d965ccfc6d4b" outcome="Passed" testListId="8c84fa94-04c1-424b-9868-57a2d4851a1d" relativeResultsDirectory="3b6f405c-d524-425b-9480-a107ad6d49ad" />
    <UnitTestResult executionId="d35e0ef1-3507-4c70-b3dd-5631d1c38cc7" testId="4c0ac9c8-9031-784a-7cb7-afe4a743572d" testName="VisualTeX.WindowsOffice.Tests.ProtocolSecurityTests.PipeTokenComparisonRejectsMismatch(left: &quot;short&quot;, right: &quot;shorter&quot;, expected: False)" computerName="DESKTOP-VM8VUAQ" duration="00:00:00.0065349" startTime="2026-09-06T16:20:44.8710838+08:00" endTime="2026-09-06T16:20:44.8710838+08:00" testType="13cdc9d9-ddb5-4fa4-a97d-d965ccfc6d4b" outcome="Passed" testListId="8c84fa94-04c1-424b-9868-57a2d4851a1d" relativeResultsDirectory="d35e0ef1-3507-4c70-b3dd-5631d1c38cc7" />
    <UnitTestResult executionId="1be50125-80f1-490f-afdf-fc031ae9c2d9" testId="66ba76d2-903d-d72f-22c6-0dc00248ed60" testName="VisualTeX.WindowsOffice.Tests.MathTypeFenceRoundTripTests.ExplicitFencesPreserveSemanticsAndExpandableTemplate(open: &quot;|&quot;, close: &quot;&quot;)" computerName="DESKTOP-VM8VUAQ" duration="00:00:00.0000985" startTime="2026-09-06T16:20:44.8871050+08:00" endTime="2026-09-06T16:20:44.8871050+08:00" testType="13cdc9d9-ddb5-4fa4-a97d-d965ccfc6d4b" outcome="Passed" testListId="8c84fa94-04c1-424b-9868-57a2d4851a1d" relativeResultsDirectory="1be50125-80f1-490f-afdf-fc031ae9c2d9" />
    <UnitTestResult executionId="fb85db6b-11ca-45df-8a78-39b69e8c53f6" testId="b65ed033-7fe6-6fb2-3ddf-cb50f18af6da" testName="VisualTeX.WindowsOffice.Tests.OfficeFormulaSizingTests.EditedSizeAdoptsNewNaturalAspectRatio" computerName="DESKTOP-VM8VUAQ" duration="00:00:00.0000960" startTime="2026-09-06T16:20:44.8819834+08:00" endTime="2026-09-06T16:20:44.8819834+08:00" testType="13cdc9d9-ddb5-4fa4-a97d-d965ccfc6d4b" outcome="Passed" testListId="8c84fa94-04c1-424b-9868-57a2d4851a1d" relativeResultsDirectory="fb85db6b-11ca-45df-8a78-39b69e8c53f6" />
    <UnitTestResult executionId="81593e96-69ab-4f29-854a-48dd62025231" testId="191dffc2-15cc-146e-3114-3a9d77530c2b" testName="VisualTeX.WindowsOffice.Tests.WordOmmlNativeSequenceXmlTests.VisibleNumberExtractionSkipsSequenceInstructionRuns(wordUsesInstructionText: False)" computerName="DESKTOP-VM8VUAQ" duration="00:00:00.0004445" startTime="2026-09-06T16:20:44.8849078+08:00" endTime="2026-09-06T16:20:44.8849078+08:00" testType="13cdc9d9-ddb5-4fa4-a97d-d965ccfc6d4b" outcome="Passed" testListId="8c84fa94-04c1-424b-9868-57a2d4851a1d" relativeResultsDirectory="81593e96-69ab-4f29-854a-48dd62025231" />
    <UnitTestResult executionId="efdb187e-8538-481c-bf66-027f58683a6f" testId="69a6c3b4-a349-811b-ce8d-eec43eb9a87a" testName="VisualTeX.WindowsOffice.Tests.WordInlineAlignmentTests.UsesOneRenderedBaselineRuleForDifferentFormulaStructures(actualHeight: 11.14005, exportedHeight: 14.853400000000001, exportedBaseline: 12.705399999999999, expectedPosition: -1)" computerName="DESKTOP-VM8VUAQ" duration="00:00:00.0007779" startTime="2026-09-06T16:20:44.8810262+08:00" endTime="2026-09-06T16:20:44.8810262+08:00" testType="13cdc9d9-ddb5-4fa4-a97d-d965ccfc6d4b" outcome="Passed" testListId="8c84fa94-04c1-424b-9868-57a2d4851a1d" relativeResultsDirectory="efdb187e-8538-481c-bf66-027f58683a6f" />
    <UnitTestResult executionId="47fae554-2d44-45ff-8b3b-c41cc7103ea5" testId="c991af64-ab8e-085f-c391-63ad955dc911" testName="VisualTeX.WindowsOffice.Tests.WordBulkImportParserTests.LatexNestedListsQuotesAndLiteralCodeRemainStructured" computerName="DESKTOP-VM8VUAQ" duration="00:00:00.0006849" startTime="2026-09-06T16:20:44.9367911+08:00" endTime="2026-09-06T16:20:44.9367912+08:00" testType="13cdc9d9-ddb5-4fa4-a97d-d965ccfc6d4b" outcome="Passed" testListId="8c84fa94-04c1-424b-9868-57a2d4851a1d" relativeResultsDirectory="47fae554-2d44-45ff-8b3b-c41cc7103ea5" />
    <UnitTestResult executionId="26fbd6e7-6076-4e67-81d9-a4d4476756b5" testId="a900c53a-048b-a5ee-4504-6cb9375ab72e" testName="VisualTeX.WindowsOffice.Tests.ComReleaseAndDoubleClickTests.FinalReleaseInvalidatesARealComObject" computerName="DESKTOP-VM8VUAQ" duration="00:00:00.0730304" startTime="2026-09-06T16:20:44.9323542+08:00" endTime="2026-09-06T16:20:44.9323545+08:00" testType="13cdc9d9-ddb5-4fa4-a97d-d965ccfc6d4b" outcome="Passed" testListId="8c84fa94-04c1-424b-9868-57a2d4851a1d" relativeResultsDirectory="26fbd6e7-6076-4e67-81d9-a4d4476756b5" />
    <UnitTestResult executionId="fd8345d1-49ea-433c-9707-3ce87bb73bb5" testId="4d323034-0865-e279-0893-4af80e8be062" testName="VisualTeX.WindowsOffice.Tests.WordInlineAlignmentTests.RawGeometryAlignmentScalesWithTheObjectHeight" computerName="DESKTOP-VM8VUAQ" duration="00:00:00.0000557" startTime="2026-09-06T16:20:44.8829953+08:00" endTime="2026-09-06T16:20:44.8829953+08:00" testType="13cdc9d9-ddb5-4fa4-a97d-d965ccfc6d4b" outcome="Passed" testListId="8c84fa94-04c1-424b-9868-57a2d4851a1d" relativeResultsDirectory="fd8345d1-49ea-433c-9707-3ce87bb73bb5" />
    <UnitTestResult executionId="a4ee2ec6-1a3d-46a9-8a54-5a8dd051c702" testId="e7b6b760-590d-538b-569b-ff6b33865029" testName="VisualTeX.WindowsOffice.Tests.WordOmmlTests.MathMlAccentsBecomeNativeOmmlAccentsWithoutPlaceholderGlyphs(sourceMark: &quot;ˉ&quot;, expectedCombiningMark: &quot;̅&quot;)" computerName="DESKTOP-VM8VUAQ" duration="00:00:00.0001022" startTime="2026-09-06T16:20:45.0249243+08:00" endTime="2026-09-06T16:20:45.0249243+08:00" testType="13cdc9d9-ddb5-4fa4-a97d-d965ccfc6d4b" outcome="Passed" testListId="8c84fa94-04c1-424b-9868-57a2d4851a1d" relativeResultsDirectory="a4ee2ec6-1a3d-46a9-8a54-5a8dd051c702" />
    <UnitTestResult executionId="ef65f9a2-ae9e-43ab-96f1-5d1d8ddc69a0" testId="d7d83cd2-b0cd-fae1-9f88-efc7a09d9826" testName="VisualTeX.WindowsOffice.Tests.RibbonIconDataTests.EmbeddedRibbonIconIsAValidTransparentPng(name: &quot;OMML display&quot;, encoded: &quot;iVBORw0KGgoAAAANSUhEUgAAACAAAAAgCAYAAABzenr0AAAFe0&quot;···)" computerName="DESKTOP-VM8VUAQ" duration="00:00:00.0050549" startTime="2026-09-06T16:20:44.8980252+08:00" endTime="2026-09-06T16:20:44.8980254+08:00" testType="13cdc9d9-ddb5-4fa4-a97d-d965ccfc6d4b" outcome="Passed" testListId="8c84fa94-04c1-424b-9868-57a2d4851a1d" relativeResultsDirectory="ef65f9a2-ae9e-43ab-96f1-5d1d8ddc69a0" />
    <UnitTestResult executionId="b03f21bf-07eb-4425-9bce-469bdb5535de" testId="2d9a7cf9-d127-1a94-cf22-95d0a6c4eac2" testName="VisualTeX.WindowsOffice.Tests.WordOmmlTests.BareDisplayIntegralUsesGrowingNativeNaryLayoutWithoutPlaceholderLimit" computerName="DESKTOP-VM8VUAQ" duration="00:00:00.0004405" startTime="2026-09-06T16:20:45.0831139+08:00" endTime="2026-09-06T16:20:45.0831140+08:00" testType="13cdc9d9-ddb5-4fa4-a97d-d965ccfc6d4b" outcome="Passed" testListId="8c84fa94-04c1-424b-9868-57a2d4851a1d" relativeResultsDirectory="b03f21bf-07eb-4425-9bce-469bdb5535de" />
    <UnitTestResult executionId="7dc4166a-84ca-4b43-888b-f67815abbd72" testId="7ef5bb8f-8e15-cd89-5534-2a42752fee01" testName="VisualTeX.WindowsOffice.Tests.WordOmmlTests.OfficeMathMlTransformRemovesVisualTeXTypingAnchorButKeepsFollowingDigit" computerName="DESKTOP-VM8VUAQ" duration="00:00:00.0006216" startTime="2026-09-06T16:20:45.1033229+08:00" endTime="2026-09-06T16:20:45.1033230+08:00" testType="13cdc9d9-ddb5-4fa4-a97d-d965ccfc6d4b" outcome="Passed" testListId="8c84fa94-04c1-424b-9868-57a2d4851a1d" relativeResultsDirectory="7dc4166a-84ca-4b43-888b-f67815abbd72" />
    <UnitTestResult executionId="33b70cb9-1883-4bdc-81b9-5de0ee12d3f3" testId="7e60aff4-2f68-1484-56a9-c4c70711e827" testName="VisualTeX.WindowsOffice.Tests.WordOmmlTests.WordMaterializedFunctionApplicationKeepsPlainRunGrouped(functionName: &quot;log&quot;)" computerName="DESKTOP-VM8VUAQ" duration="00:00:00.0005416" startTime="2026-09-06T16:20:45.0787021+08:00" endTime="2026-09-06T16:20:45.0787022+08:00" testType="13cdc9d9-ddb5-4fa4-a97d-d965ccfc6d4b" outcome="Passed" testListId="8c84fa94-04c1-424b-9868-57a2d4851a1d" relativeResultsDirectory="33b70cb9-1883-4bdc-81b9-5de0ee12d3f3" />
    <UnitTestResult executionId="6c294761-d072-458a-9ed8-e1e3b2cc02b3" testId="985b0517-f880-59ab-103c-ba12ce1c5d7d" testName="VisualTeX.WindowsOffice.Tests.WordInlineObjectGeometryTests.DifferentPhysicalObjectTypeCannotClaimGeometry" computerName="DESKTOP-VM8VUAQ" duration="00:00:00.0004884" startTime="2026-09-06T16:20:44.8843708+08:00" endTime="2026-09-06T16:20:44.8843708+08:00" testType="13cdc9d9-ddb5-4fa4-a97d-d965ccfc6d4b" outcome="Passed" testListId="8c84fa94-04c1-424b-9868-57a2d4851a1d" relativeResultsDirectory="6c294761-d072-458a-9ed8-e1e3b2cc02b3" />
    <UnitTestResult executionId="95a270aa-b80a-43e6-8c16-3e8740b55312" testId="3f219b7e-bc5a-f484-79de-f5415e1b3fb7" testName="VisualTeX.WindowsOffice.Tests.FormulaOleContractTests.NativeInitializationInterfaceUsesThePublishedDualAutomationAbi" computerName="DESKTOP-VM8VUAQ" duration="00:00:00.0021305" startTime="2026-09-06T16:20:44.9014519+08:00" endTime="2026-09-06T16:20:44.9014520+08:00" testType="13cdc9d9-ddb5-4fa4-a97d-d965ccfc6d4b" outcome="Passed" testListId="8c84fa94-04c1-424b-9868-57a2d4851a1d" relativeResultsDirectory="95a270aa-b80a-43e6-8c16-3e8740b55312" />
    <UnitTestResult executionId="faca8594-b57f-43a6-b66a-4716b0285b61" testId="626ea517-699b-7022-66c5-4c03941026be" testName="VisualTeX.WindowsOffice.Tests.WordBulkImportParserTests.LatexHeadingHierarchyPreservesArticleAndBookStructure(source: &quot;\\begin{verbatim}\n\\chapter{example}\n\\end{verba&quot;···, expected: &quot;1&quot;)" computerName="DESKTOP-VM8VUAQ" duration="00:00:00.0001711" startTime="2026-09-06T16:20:44.9025379+08:00" endTime="2026-09-06T16:20:44.9025380+08:00" testType="13cdc9d9-ddb5-4fa4-a97d-d965ccfc6d4b" outcome="Passed" testListId="8c84fa94-04c1-424b-9868-57a2d4851a1d" relativeResultsDirectory="faca8594-b57f-43a6-b66a-4716b0285b61" />
    <UnitTestResult executionId="99c3d2e5-f3ab-453f-bb31-45611ef1b769" testId="2194440f-50b2-adf1-d3af-ced5c2e1159d" testName="VisualTeX.WindowsOffice.Tests.MathMlToLatexConverterTests.ConvertsMathTypeSpecialOperatorSpellingsBackToExactLatex" computerName="DESKTOP-VM8VUAQ" duration="00:00:00.0000323" startTime="2026-09-06T16:20:44.8861368+08:00" endTime="2026-09-06T16:20:44.8861368+08:00" testType="13cdc9d9-ddb5-4fa4-a97d-d965ccfc6d4b" outcome="Passed" testListId="8c84fa94-04c1-424b-9868-57a2d4851a1d" relativeResultsDirectory="99c3d2e5-f3ab-453f-bb31-45611ef1b769" />
    <UnitTestResult executionId="cb455ed7-d9f5-4b12-b496-ff34dcf082d8" testId="c3d0d8a1-b657-dc9a-45e8-a25c79f7309a" testName="VisualTeX.WindowsOffice.Tests.VisualTeXSessionClientCertificateTests.ExpiredOrNotYetValidCertificateIsRejected(notBeforeOffsetDays: 1, notAfterOffsetDays: 30)" computerName="DESKTOP-VM8VUAQ" duration="00:00:00.0377462" startTime="2026-09-06T16:20:44.9498463+08:00" endTime="2026-09-06T16:20:44.9498464+08:00" testType="13cdc9d9-ddb5-4fa4-a97d-d965ccfc6d4b" outcome="Passed" testListId="8c84fa94-04c1-424b-9868-57a2d4851a1d" relativeResultsDirectory="cb455ed7-d9f5-4b12-b496-ff34dcf082d8" />
    <UnitTestResult executionId="b8c78345-aba6-49f1-a6f9-8a5ae30e9245" testId="8c208795-3297-89bb-5e6e-84c21e99534a" testName="VisualTeX.WindowsOffice.Tests.WordInlineAlignmentTests.UsesCompleteWholePointDescentWithOnlyNearIntegerFloatSnapping(actualHeight: 10, exportedHeight: 10, exportedBaseline: 9.0199999999999996, expectedPosition: 0)" computerName="DESKTOP-VM8VUAQ" duration="00:00:00.0000019" startTime="2026-09-06T16:20:44.8829617+08:00" endTime="2026-09-06T16:20:44.8829617+08:00" testType="13cdc9d9-ddb5-4fa4-a97d-d965ccfc6d4b" outcome="Passed" testListId="8c84fa94-04c1-424b-9868-57a2d4851a1d" relativeResultsDirectory="b8c78345-aba6-49f1-a6f9-8a5ae30e9245" />
    <UnitTestResult executionId="b37dfd6b-2bb1-419f-a53c-dc68a6e41640" testId="d9937f4f-56e2-cb0d-de6a-e14194ccfe49" testName="VisualTeX.WindowsOffice.Tests.MathMlToLatexConverterTests.DistinguishesPreceqFromCurlyPrecedenceRelations" computerName="DESKTOP-VM8VUAQ" duration="00:00:00.0000857" startTime="2026-09-06T16:20:44.8856484+08:00" endTime="2026-09-06T16:20:44.8856485+08:00" testType="13cdc9d9-ddb5-4fa4-a97d-d965ccfc6d4b" outcome="Passed" testListId="8c84fa94-04c1-424b-9868-57a2d4851a1d" relativeResultsDirectory="b37dfd6b-2bb1-419f-a53c-dc68a6e41640" />
    <UnitTestResult executionId="9b94939a-f6d1-4d1d-8af8-11f93d184808" testId="0dd8e25a-69d0-8f0e-eb39-d8e5c996942b" testName="VisualTeX.WindowsOffice.Tests.WordOmmlNativeSequenceXmlTests.DocumentFieldCodeExtractionReassemblesSplitRefAndMathSeqRuns" computerName="DESKTOP-VM8VUAQ" duration="00:00:00.0011305" startTime="2026-09-06T16:20:44.8851649+08:00" endTime="2026-09-06T16:20:44.8851649+08:00" testType="13cdc9d9-ddb5-4fa4-a97d-d965ccfc6d4b" outcome="Passed" testListId="8c84fa94-04c1-424b-9868-57a2d4851a1d" relativeResultsDirectory="9b94939a-f6d1-4d1d-8af8-11f93d184808" />
    <UnitTestResult executionId="6699d713-9f57-4e22-adb8-a68fb393c43a" testId="117ad7a0-899b-86d3-b89d-c924d52b699f" testName="VisualTeX.WindowsOffice.Tests.WordOmmlHashSequenceNumberingTests.BuildImmutableHashSequenceNumberedOmml_ChapterPrefixIsInsideAliases" computerName="DESKTOP-VM8VUAQ" duration="00:00:00.0007829" startTime="2026-09-06T16:20:44.8849792+08:00" endTime="2026-09-06T16:20:44.8849792+08:00" testType="13cdc9d9-ddb5-4fa4-a97d-d965ccfc6d4b" outcome="Passed" testListId="8c84fa94-04c1-424b-9868-57a2d4851a1d" relativeResultsDirectory="6699d713-9f57-4e22-adb8-a68fb393c43a" />
    <UnitTestResult executionId="6c8f61c1-a0f5-4de3-80c1-e32c1f371703" testId="96e1230a-e14d-e977-2e20-c837fe7baa1d" testName="VisualTeX.WindowsOffice.Tests.WordOmmlTests.OmmlReverseDoesNotReclassifyOrdinaryTextAsOperator" computerName="DESKTOP-VM8VUAQ" duration="00:00:00.0002433" startTime="2026-09-06T16:20:45.0481468+08:00" endTime="2026-09-06T16:20:45.0481469+08:00" testType="13cdc9d9-ddb5-4fa4-a97d-d965ccfc6d4b" outcome="Passed" testListId="8c84fa94-04c1-424b-9868-57a2d4851a1d" relativeResultsDirectory="6c8f61c1-a0f5-4de3-80c1-e32c1f371703" />
    <UnitTestResult executionId="e457b1a9-8b67-4470-ad0e-6a64dbe0ebb4" testId="68747975-f3f9-976d-fa74-b26e9a15e76e" testName="VisualTeX.WindowsOffice.Tests.WordOmmlTests.MathMlAccentsBecomeNativeOmmlAccentsWithoutPlaceholderGlyphs(sourceMark: &quot;→&quot;, expectedCombiningMark: &quot;⃗&quot;)" computerName="DESKTOP-VM8VUAQ" duration="00:00:00.0000894" startTime="2026-09-06T16:20:45.0256406+08:00" endTime="2026-09-06T16:20:45.0256407+08:00" testType="13cdc9d9-ddb5-4fa4-a97d-d965ccfc6d4b" outcome="Passed" testListId="8c84fa94-04c1-424b-9868-57a2d4851a1d" relativeResultsDirectory="e457b1a9-8b67-4470-ad0e-6a64dbe0ebb4" />
    <UnitTestResult executionId="d7a7b23d-62f6-41ff-a9e7-3211fcf2cab2" testId="fbeebb19-2eeb-47f4-e12a-691f72b35ce1" testName="VisualTeX.WindowsOffice.Tests.WordInlineAlignmentTests.InvalidOrBottomEdgeBaselinesDoNotMoveTheFormula(actualHeight: 20, exportedHeight: 0, baseline: 0)" computerName="DESKTOP-VM8VUAQ" duration="00:00:00.0000010" startTime="2026-09-06T16:20:44.8826418+08:00" endTime="2026-09-06T16:20:44.8826418+08:00" testType="13cdc9d9-ddb5-4fa4-a97d-d965ccfc6d4b" outcome="Passed" testListId="8c84fa94-04c1-424b-9868-57a2d4851a1d" relativeResultsDirectory="d7a7b23d-62f6-41ff-a9e7-3211fcf2cab2" />
    <UnitTestResult executionId="ca82d4fa-1daa-40dd-8aa8-22c40e329692" testId="21f0ba0a-5a3a-cec8-93d7-867384b6d734" testName="VisualTeX.WindowsOffice.Tests.RibbonIconDataTests.EmbeddedRibbonIconIsAValidTransparentPng(name: &quot;OLE inline&quot;, encoded: &quot;iVBORw0KGgoAAAANSUhEUgAAACAAAAAgCAYAAABzenr0AAAFVk&quot;···)" computerName="DESKTOP-VM8VUAQ" duration="00:00:00.0053273" startTime="2026-09-06T16:20:44.8920166+08:00" endTime="2026-09-06T16:20:44.8920168+08:00" testType="13cdc9d9-ddb5-4fa4-a97d-d965ccfc6d4b" outcome="Passed" testListId="8c84fa94-04c1-424b-9868-57a2d4851a1d" relativeResultsDirectory="ca82d4fa-1daa-40dd-8aa8-22c40e329692" />
    <UnitTestResult executionId="97e62120-3b41-4ddd-87d0-c510d8e4e43e" testId="faf0209c-31ad-ac94-4c64-99dc2fa7ea81" testName="VisualTeX.WindowsOffice.Tests.WordOmmlConversionIdentityTests.TwoAnchorsCannotClaimOneEquation" computerName="DESKTOP-VM8VUAQ" duration="00:00:00.0005975" startTime="2026-09-06T16:20:44.8858888+08:00" endTime="2026-09-06T16:20:44.8858888+08:00" testType="13cdc9d9-ddb5-4fa4-a97d-d965ccfc6d4b" outcome="Passed" testListId="8c84fa94-04c1-424b-9868-57a2d4851a1d" relativeResultsDirectory="97e62120-3b41-4ddd-87d0-c510d8e4e43e" />
    <UnitTestResult executionId="697e6763-548a-4a11-98e8-bb80f1ea46ec" testId="422c408b-09c0-61bb-10b8-2e3afac6787e" testName="VisualTeX.WindowsOffice.Tests.MathMlToLatexConverterTests.ConvertsMathMlUnderScriptsOnLimitLikeOperatorsToNativeLatexSubscripts(operatorName: &quot;max&quot;, expected: &quot;\\max_{x\\in A}&quot;)" computerName="DESKTOP-VM8VUAQ" duration="00:00:00.0000089" startTime="2026-09-06T16:20:44.8858749+08:00" endTime="2026-09-06T16:20:44.8858749+08:00" testType="13cdc9d9-ddb5-4fa4-a97d-d965ccfc6d4b" outcome="Passed" testListId="8c84fa94-04c1-424b-9868-57a2d4851a1d" relativeResultsDirectory="697e6763-548a-4a11-98e8-bb80f1ea46ec" />
    <UnitTestResult executionId="af4782f2-a450-4da6-a9ad-36aa3d7d3790" testId="07efea04-4d83-7927-099a-abc0cbf3d83a" testName="VisualTeX.WindowsOffice.Tests.FormulaFontSizeTests.ParsesChineseFontSizeNames(value: &quot;小五&quot;, expected: 9)" computerName="DESKTOP-VM8VUAQ" duration="00:00:00.0000005" startTime="2026-09-06T16:20:44.8804685+08:00" endTime="2026-09-06T16:20:44.8804685+08:00" testType="13cdc9d9-ddb5-4fa4-a97d-d965ccfc6d4b" outcome="Passed" testListId="8c84fa94-04c1-424b-9868-57a2d4851a1d" relativeResultsDirectory="af4782f2-a450-4da6-a9ad-36aa3d7d3790" />
    <UnitTestResult executionId="2f3dc15b-218b-4b39-a612-d75e99b3135b" testId="cf45486f-132e-9e7f-b775-50eb7a331ef2" testName="VisualTeX.WindowsOffice.Tests.WordOmmlTests.VisibleEmptyOmmlSlotsAreRejected" computerName="DESKTOP-VM8VUAQ" duration="00:00:00.0001985" startTime="2026-09-06T16:20:45.0685343+08:00" endTime="2026-09-06T16:20:45.0685343+08:00" testType="13cdc9d9-ddb5-4fa4-a97d-d965ccfc6d4b" outcome="Passed" testListId="8c84fa94-04c1-424b-9868-57a2d4851a1d" relativeResultsDirectory="2f3dc15b-218b-4b39-a612-d75e99b3135b" />
    <UnitTestResult executionId="d236babc-8106-46c0-a97f-35221db8bc84" testId="db31685e-740c-5037-3323-0fbe10bff9ac" testName="VisualTeX.WindowsOffice.Tests.MathMlToLatexConverterTests.ConvertsCommonWordMathMlToEditableLatex(mathMl: &quot;&lt;math xmlns=\&quot;http://www.w3.org/1998/Math/MathML\&quot;&quot;···, expected: &quot;\\sqrt{x^{2}+y^{2}}&quot;)" computerName="DESKTOP-VM8VUAQ" duration="00:00:00.0001052" startTime="2026-09-06T16:20:44.8861651+08:00" endTime="2026-09-06T16:20:44.8861651+08:00" testType="13cdc9d9-ddb5-4fa4-a97d-d965ccfc6d4b" outcome="Passed" testListId="8c84fa94-04c1-424b-9868-57a2d4851a1d" relativeResultsDirectory="d236babc-8106-46c0-a97f-35221db8bc84" />
    <UnitTestResult executionId="786966e3-4346-4043-9704-6c6ed5c8c157" testId="bea9a24c-eaee-e349-b3c4-0eb701a13c9c" testName="VisualTeX.WindowsOffice.Tests.WordBulkImportParserTests.SerializedPreviewDocumentRejectsInvalidOrEmptyPayloads" computerName="DESKTOP-VM8VUAQ" duration="00:00:00.0013404" startTime="2026-09-06T16:20:44.9516760+08:00" endTime="2026-09-06T16:20:44.9516762+08:00" testType="13cdc9d9-ddb5-4fa4-a97d-d965ccfc6d4b" outcome="Passed" testListId="8c84fa94-04c1-424b-9868-57a2d4851a1d" relativeResultsDirectory="786966e3-4346-4043-9704-6c6ed5c8c157" />
    <UnitTestResult executionId="55b61ff5-24f0-4e32-9a7e-35b73eadf97f" testId="fa612aa0-b629-70ac-dbef-aefc7221033c" testName="VisualTeX.WindowsOffice.Tests.WordOmmlTests.AngleFencedTableBecomesNativeGrowingDelimiter" computerName="DESKTOP-VM8VUAQ" duration="00:00:00.0005277" startTime="2026-09-06T16:20:45.0661621+08:00" endTime="2026-09-06T16:20:45.0661622+08:00" testType="13cdc9d9-ddb5-4fa4-a97d-d965ccfc6d4b" outcome="Passed" testListId="8c84fa94-04c1-424b-9868-57a2d4851a1d" relativeResultsDirectory="55b61ff5-24f0-4e32-9a7e-35b73eadf97f" />
    <UnitTestResult executionId="cb99cea1-2cbb-477f-b573-32a7050bfafd" testId="2adb7d22-a160-0c67-8779-82daccb28727" testName="VisualTeX.WindowsOffice.Tests.WordEquationNumberingTests.EquationNumberIsRaisedToTheFormulaVisualCenter(formulaHeight: 32, fontSize: 11, expectedPosition: 11)" computerName="DESKTOP-VM8VUAQ" duration="00:00:00.0001911" startTime="2026-09-06T16:20:44.8835903+08:00" endTime="2026-09-06T16:20:44.8835904+08:00" testType="13cdc9d9-ddb5-4fa4-a97d-d965ccfc6d4b" outcome="Passed" testListId="8c84fa94-04c1-424b-9868-57a2d4851a1d" relativeResultsDirectory="cb99cea1-2cbb-477f-b573-32a7050bfafd" />
    <UnitTestResult executionId="a5b69dd2-824a-4f27-823f-6b8219def639" testId="7c931bc9-be27-29d1-9741-35f2ddf033a8" testName="VisualTeX.WindowsOffice.Tests.WordOmmlTests.OfficeMathMlTransformNeverLeavesAnEmptyNaryOperand(latex: &quot;\\oint_l x\\,dy&quot;, mathMl: &quot;&lt;math xmlns=\&quot;http://www.w3.org/1998/Math/MathML\&quot;&quot;···)" computerName="DESKTOP-VM8VUAQ" duration="00:00:00.0051472" startTime="2026-09-06T16:20:44.9929800+08:00" endTime="2026-09-06T16:20:44.9929801+08:00" testType="13cdc9d9-ddb5-4fa4-a97d-d965ccfc6d4b" outcome="Passed" testListId="8c84fa94-04c1-424b-9868-57a2d4851a1d" relativeResultsDirectory="a5b69dd2-824a-4f27-823f-6b8219def639" />
    <UnitTestResult executionId="71854607-cbc3-4938-bbc7-4d642b1945fe" testId="64bb1550-6aae-aed4-d2e7-2f87629bc7de" testName="VisualTeX.WindowsOffice.Tests.MathMlToLatexConverterTests.ConvertsAnnotatedHorizontalBracesThroughSingleTransparentWrapper(innerName: &quot;munder&quot;, marker: &quot;⏟&quot;, expected: &quot;\\underbrace{a+b}_{n}&quot;)" computerName="DESKTOP-VM8VUAQ" duration="00:00:00.0009244" startTime="2026-09-06T16:20:44.8813472+08:00" endTime="2026-09-06T16:20:44.8813472+08:00" testType="13cdc9d9-ddb5-4fa4-a97d-d965ccfc6d4b" outcome="Passed" testListId="8c84fa94-04c1-424b-9868-57a2d4851a1d" relativeResultsDirectory="71854607-cbc3-4938-bbc7-4d642b1945fe" />
    <UnitTestResult executionId="73edb02d-c00d-4604-8e37-4a8e45bcfa48" testId="7bce49d3-603f-0b03-4f37-3f94d4dddaed" testName="VisualTeX.WindowsOffice.Tests.OfficeOlePreviewTests.InkSafePreviewExpandsFinalSystemFontOutlinesWithoutClipping" computerName="DESKTOP-VM8VUAQ" duration="00:00:00.1876384" startTime="2026-09-06T16:20:45.1475074+08:00" endTime="2026-09-06T16:20:45.1475078+08:00" testType="13cdc9d9-ddb5-4fa4-a97d-d965ccfc6d4b" outcome="Passed" testListId="8c84fa94-04c1-424b-9868-57a2d4851a1d" relativeResultsDirectory="73edb02d-c00d-4604-8e37-4a8e45bcfa48" />
    <UnitTestResult executionId="7e1fa29a-b65b-4354-9e6c-f52f800d7105" testId="8788e491-31c8-e682-718d-fbad2c042677" testName="VisualTeX.WindowsOffice.Tests.WordOmmlTests.WordCanonicalAsciiAsteriskRestoresMathOperatorSemantics" computerName="DESKTOP-VM8VUAQ" duration="00:00:00.0009769" startTime="2026-09-06T16:20:45.0614440+08:00" endTime="2026-09-06T16:20:45.0614441+08:00" testType="13cdc9d9-ddb5-4fa4-a97d-d965ccfc6d4b" outcome="Passed" testListId="8c84fa94-04c1-424b-9868-57a2d4851a1d" relativeResultsDirectory="7e1fa29a-b65b-4354-9e6c-f52f800d7105" />
    <UnitTestResult executionId="bca733ab-6b63-44bc-82c2-6fb1cd4eb77f" testId="4b85b427-41c3-7635-108a-3ae325e9ffb2" testName="VisualTeX.WindowsOffice.Tests.WordOmmlHashSequenceNumberingTests.BuildImmutableHashSequenceNumberedOmml_RejectsInvalidBookmarkName" computerName="DESKTOP-VM8VUAQ" duration="00:00:00.0002203" startTime="2026-09-06T16:20:44.8838245+08:00" endTime="2026-09-06T16:20:44.8838245+08:00" testType="13cdc9d9-ddb5-4fa4-a97d-d965ccfc6d4b" outcome="Passed" testListId="8c84fa94-04c1-424b-9868-57a2d4851a1d" relativeResultsDirectory="bca733ab-6b63-44bc-82c2-6fb1cd4eb77f" />
    <UnitTestResult executionId="2497ee7a-7d50-47df-a963-cebb92258983" testId="65b51de0-2527-74f7-5a8a-f01d8c99253e" testName="VisualTeX.WindowsOffice.Tests.WordInlineAlignmentTests.LegacyFormulaWithoutUsablePositionUsesDescentFallback(existingPosition: 9999999)" computerName="DESKTOP-VM8VUAQ" duration="00:00:00.0001247" startTime="2026-09-06T16:20:44.8819979+08:00" endTime="2026-09-06T16:20:44.8819979+08:00" testType="13cdc9d9-ddb5-4fa4-a97d-d965ccfc6d4b" outcome="Passed" testListId="8c84fa94-04c1-424b-9868-57a2d4851a1d" relativeResultsDirectory="2497ee7a-7d50-47df-a963-cebb92258983" />
    <UnitTestResult executionId="8d3b5077-d734-4cbf-8e6b-fc598382b53a" testId="eced883c-e717-4c8c-3e9a-d922243f8973" testName="VisualTeX.WindowsOffice.Tests.WordInlineAlignmentTests.InvalidOrBottomEdgeBaselinesDoNotMoveTheFormula(actualHeight: 20, exportedHeight: 20, baseline: null)" computerName="DESKTOP-VM8VUAQ" duration="00:00:00.0003958" startTime="2026-09-06T16:20:44.8824088+08:00" endTime="2026-09-06T16:20:44.8824088+08:00" testType="13cdc9d9-ddb5-4fa4-a97d-d965ccfc6d4b" outcome="Passed" testListId="8c84fa94-04c1-424b-9868-57a2d4851a1d" relativeResultsDirectory="8d3b5077-d734-4cbf-8e6b-fc598382b53a" />
    <UnitTestResult executionId="4ef23198-6e03-46f8-a851-054bd08830a6" testId="a5b9e7bd-1359-c739-5c14-4efb8d0ca400" testName="VisualTeX.WindowsOffice.Tests.FormulaFontSizeTests.OleSizeUsesSemanticPointRatioWithoutDistortion" computerName="DESKTOP-VM8VUAQ" duration="00:00:00.0004854" startTime="2026-09-06T16:20:44.8814970+08:00" endTime="2026-09-06T16:20:44.8814970+08:00" testType="13cdc9d9-ddb5-4fa4-a97d-d965ccfc6d4b" outcome="Passed" testListId="8c84fa94-04c1-424b-9868-57a2d4851a1d" relativeResultsDirectory="4ef23198-6e03-46f8-a851-054bd08830a6" />
    <UnitTestResult executionId="5e665510-af43-4a8f-aa5e-5caae8de03fa" testId="b052c433-c5e9-ad97-43ff-c3a69f655792" testName="VisualTeX.WindowsOffice.Tests.MathMlToLatexConverterTests.ConvertsWordPrimeSpellingsToLatexPrime(prime: &quot;″&quot;, expected: &quot;f^{\\prime\\prime}&quot;)" computerName="DESKTOP-VM8VUAQ" duration="00:00:00.0000090" startTime="2026-09-06T16:20:44.8864480+08:00" endTime="2026-09-06T16:20:44.8864480+08:00" testType="13cdc9d9-ddb5-4fa4-a97d-d965ccfc6d4b" outcome="Passed" testListId="8c84fa94-04c1-424b-9868-57a2d4851a1d" relativeResultsDirectory="5e665510-af43-4a8f-aa5e-5caae8de03fa" />
    <UnitTestResult executionId="28b50f42-2119-4d72-b58a-b774d17f1f53" testId="921e67b9-c451-2118-dfca-573518bac93a" testName="VisualTeX.WindowsOffice.Tests.WordOmmlTests.ExtendedIntegralOperatorsBecomeNativeOmmlNaries(symbol: &quot;∱&quot;)" computerName="DESKTOP-VM8VUAQ" duration="00:00:00.0001665" startTime="2026-09-06T16:20:45.0627657+08:00" endTime="2026-09-06T16:20:45.0627657+08:00" testType="13cdc9d9-ddb5-4fa4-a97d-d965ccfc6d4b" outcome="Passed" testListId="8c84fa94-04c1-424b-9868-57a2d4851a1d" relativeResultsDirectory="28b50f42-2119-4d72-b58a-b774d17f1f53" />
    <UnitTestResult executionId="464e5955-4a2b-4d87-864a-4ca925d27d4a" testId="a892e634-6483-35c5-f1a7-7a922b1ce8d8" testName="VisualTeX.WindowsOffice.Tests.WordOmmlTests.ExplicitOversetIsNotMistakenForAnAccent" computerName="DESKTOP-VM8VUAQ" duration="00:00:00.0001242" startTime="2026-09-06T16:20:45.0844133+08:00" endTime="2026-09-06T16:20:45.0844133+08:00" testType="13cdc9d9-ddb5-4fa4-a97d-d965ccfc6d4b" outcome="Passed" testListId="8c84fa94-04c1-424b-9868-57a2d4851a1d" relativeResultsDirectory="464e5955-4a2b-4d87-864a-4ca925d27d4a" />
    <UnitTestResult executionId="7faff625-380d-4fe0-b67b-d0f77f787485" testId="c3bed33c-fa92-4ce7-6437-2eeb4b5ac3b6" testName="VisualTeX.WindowsOffice.Tests.MathTypeFenceRoundTripTests.UnmarkedEmptyOperatorIsNotSilentlyDiscarded" computerName="DESKTOP-VM8VUAQ" duration="00:00:00.0000431" startTime="2026-09-06T16:20:44.8871650+08:00" endTime="2026-09-06T16:20:44.8871651+08:00" testType="13cdc9d9-ddb5-4fa4-a97d-d965ccfc6d4b" outcome="Passed" testListId="8c84fa94-04c1-424b-9868-57a2d4851a1d" relativeResultsDirectory="7faff625-380d-4fe0-b67b-d0f77f787485" />
    <UnitTestResult executionId="8d3722a6-8268-4571-ba47-202a6e8fa192" testId="d1dc6a31-da07-be76-3dbb-7986e286811e" testName="VisualTeX.WindowsOffice.Tests.WordOmmlTests.WordMaterializedPlainScriptBaseKeepsSingleUprightToken(baseText: &quot;log&quot;)" computerName="DESKTOP-VM8VUAQ" duration="00:00:00.0000846" startTime="2026-09-06T16:20:45.0694613+08:00" endTime="2026-09-06T16:20:45.0694614+08:00" testType="13cdc9d9-ddb5-4fa4-a97d-d965ccfc6d4b" outcome="Passed" testListId="8c84fa94-04c1-424b-9868-57a2d4851a1d" relativeResultsDirectory="8d3722a6-8268-4571-ba47-202a6e8fa192" />
    <UnitTestResult executionId="e26882f0-9b2f-4f85-a5a9-08d61a9a03a2" testId="5866ed91-3a0c-0a3e-c3dc-83d43a917fd8" testName="VisualTeX.WindowsOffice.Tests.WordOmmlTests.OfficeMathMlTransformNeverLeavesAnEmptyNaryOperand(latex: &quot;\\sum_b^z c&quot;, mathMl: &quot;&lt;math xmlns=\&quot;http://www.w3.org/1998/Math/MathML\&quot;&quot;···)" computerName="DESKTOP-VM8VUAQ" duration="00:00:00.0001988" startTime="2026-09-06T16:20:44.9979804+08:00" endTime="2026-09-06T16:20:44.9979805+08:00" testType="13cdc9d9-ddb5-4fa4-a97d-d965ccfc6d4b" outcome="Passed" testListId="8c84fa94-04c1-424b-9868-57a2d4851a1d" relativeResultsDirectory="e26882f0-9b2f-4f85-a5a9-08d61a9a03a2" />
    <UnitTestResult executionId="a41fd725-c416-4c36-bccd-626ca8640c10" testId="d36caef0-4e30-c503-0f57-09541260c86f" testName="VisualTeX.WindowsOffice.Tests.FormulaFontSizeTests.PresetNavigationIncludesChineseStandardSizes" computerName="DESKTOP-VM8VUAQ" duration="00:00:00.0004845" startTime="2026-09-06T16:20:44.8833927+08:00" endTime="2026-09-06T16:20:44.8833927+08:00" testType="13cdc9d9-ddb5-4fa4-a97d-d965ccfc6d4b" outcome="Passed" testListId="8c84fa94-04c1-424b-9868-57a2d4851a1d" relativeResultsDirectory="a41fd725-c416-4c36-bccd-626ca8640c10" />
    <UnitTestResult executionId="692f258d-c97e-40a4-af9f-5def6a53e3a2" testId="6637298a-9dec-1780-393b-9d76c92095f3" testName="VisualTeX.WindowsOffice.Tests.WordInlineAlignmentTests.UsesCompleteWholePointDescentWithOnlyNearIntegerFloatSnapping(actualHeight: 10, exportedHeight: 10, exportedBaseline: 9.0099999999999998, expectedPosition: -1)" computerName="DESKTOP-VM8VUAQ" duration="00:00:00.0001365" startTime="2026-09-06T16:20:44.8829390+08:00" endTime="2026-09-06T16:20:44.8829390+08:00" testType="13cdc9d9-ddb5-4fa4-a97d-d965ccfc6d4b" outcome="Passed" testListId="8c84fa94-04c1-424b-9868-57a2d4851a1d" relativeResultsDirectory="692f258d-c97e-40a4-af9f-5def6a53e3a2" />
    <UnitTestResult executionId="d3536fc5-a13f-4648-a9c0-827671abf00c" testId="09010f2c-2e08-f7bc-097a-4236db0c97f1" testName="VisualTeX.WindowsOffice.Tests.WordOmmlTests.ExtendedIntegralOperatorsBecomeNativeOmmlNaries(symbol: &quot;⨌&quot;)" computerName="DESKTOP-VM8VUAQ" duration="00:00:00.0001299" startTime="2026-09-06T16:20:45.0631870+08:00" endTime="2026-09-06T16:20:45.0631871+08:00" testType="13cdc9d9-ddb5-4fa4-a97d-d965ccfc6d4b" outcome="Passed" testListId="8c84fa94-04c1-424b-9868-57a2d4851a1d" relativeResultsDirectory="d3536fc5-a13f-4648-a9c0-827671abf00c" />
    <UnitTestResult executionId="5ab98d71-3cc7-49ad-94b6-39c4535e7d26" testId="9454ea7e-d5b5-c28c-fbdd-0c5c0d995c8c" testName="VisualTeX.WindowsOffice.Tests.WordInlineObjectGeometryTests.OtherXmlDimensionsRemainDistinct(changed: &quot;110.8&quot;)" computerName="DESKTOP-VM8VUAQ" duration="00:00:00.0002819" startTime="2026-09-06T16:20:44.8841839+08:00" endTime="2026-09-06T16:20:44.8841840+08:00" testType="13cdc9d9-ddb5-4fa4-a97d-d965ccfc6d4b" outcome="Passed" testListId="8c84fa94-04c1-424b-9868-57a2d4851a1d" relativeResultsDirectory="5ab98d71-3cc7-49ad-94b6-39c4535e7d26" />
    <UnitTestResult executionId="73a2db71-b32e-4b6e-861b-eee5266b1895" testId="ffec085e-72ce-774b-d1a2-e6f9ca5272fb" testName="VisualTeX.WindowsOffice.Tests.WordOmmlImportSignatureTests.FormulaContentChangesRemainDistinct(from: &quot;sSup&quot;, to: &quot;sSub&quot;)" computerName="DESKTOP-VM8VUAQ" duration="00:00:00.0001152" startTime="2026-09-06T16:20:44.8831632+08:00" endTime="2026-09-06T16:20:44.8831632+08:00" testType="13cdc9d9-ddb5-4fa4-a97d-d965ccfc6d4b" outcome="Passed" testListId="8c84fa94-04c1-424b-9868-57a2d4851a1d" relativeResultsDirectory="73a2db71-b32e-4b6e-861b-eee5266b1895" />
    <UnitTestResult executionId="2df3d7eb-fb57-4e06-a302-80079ef0db9d" testId="b73f7d77-eae7-036a-00e8-b925cc12dbf7" testName="VisualTeX.WindowsOffice.Tests.WordOleDisplayParagraphTests.EmptyTableCellParagraphCanAlsoBeReused" computerName="DESKTOP-VM8VUAQ" duration="00:00:00.0000537" startTime="2026-09-06T16:20:44.8810658+08:00" endTime="2026-09-06T16:20:44.8810659+08:00" testType="13cdc9d9-ddb5-4fa4-a97d-d965ccfc6d4b" outcome="Passed" testListId="8c84fa94-04c1-424b-9868-57a2d4851a1d" relativeResultsDirectory="2df3d7eb-fb57-4e06-a302-80079ef0db9d" />
    <UnitTestResult executionId="8296fbaf-612b-447e-8f4e-713ee2a681c5" testId="ff66397d-ef31-6ceb-43e6-f61ad7ef6738" testName="VisualTeX.WindowsOffice.Tests.MathMlToLatexConverterTests.ConvertsFencedAbsoluteAndNormDelimitersWithMatchingSides(open: &quot;|&quot;, close: &quot;|&quot;, expected: &quot;\\left| x\\right|&quot;)" computerName="DESKTOP-VM8VUAQ" duration="00:00:00.0006849" startTime="2026-09-06T16:20:44.8859183+08:00" endTime="2026-09-06T16:20:44.8859183+08:00" testType="13cdc9d9-ddb5-4fa4-a97d-d965ccfc6d4b" outcome="Passed" testListId="8c84fa94-04c1-424b-9868-57a2d4851a1d" relativeResultsDirectory="8296fbaf-612b-447e-8f4e-713ee2a681c5" />
    <UnitTestResult executionId="afa96bbe-687a-4d82-951a-da6b8531fd7c" testId="d9809b94-93cd-6712-08d9-14c0e6a4f9a4" testName="VisualTeX.WindowsOffice.Tests.MathMlToLatexConverterTests.ConvertsMathMlUnderScriptsOnLimitLikeOperatorsToNativeLatexSubscripts(operatorName: &quot;min&quot;, expected: &quot;\\min_{x\\in A}&quot;)" computerName="DESKTOP-VM8VUAQ" duration="00:00:00.0000063" startTime="2026-09-06T16:20:44.8858969+08:00" endTime="2026-09-06T16:20:44.8858969+08:00" testType="13cdc9d9-ddb5-4fa4-a97d-d965ccfc6d4b" outcome="Passed" testListId="8c84fa94-04c1-424b-9868-57a2d4851a1d" relativeResultsDirectory="afa96bbe-687a-4d82-951a-da6b8531fd7c" />
    <UnitTestResult executionId="2f38353b-8130-4ed6-9514-38133a1762e8" testId="20e97ea2-b65d-670a-af86-7f3577ac580d" testName="VisualTeX.WindowsOffice.Tests.WordOmmlTests.WordMaterializedPlainScriptBaseKeepsSingleUprightToken(baseText: &quot;cos&quot;)" computerName="DESKTOP-VM8VUAQ" duration="00:00:00.0002698" startTime="2026-09-06T16:20:45.0692444+08:00" endTime="2026-09-06T16:20:45.0692445+08:00" testType="13cdc9d9-ddb5-4fa4-a97d-d965ccfc6d4b" outcome="Passed" testListId="8c84fa94-04c1-424b-9868-57a2d4851a1d" relativeResultsDirectory="2f38353b-8130-4ed6-9514-38133a1762e8" />
    <UnitTestResult executionId="1ab26508-70b2-4a02-9cca-d8006e186f2a" testId="1c2530bc-6484-e190-1c4b-79d07d2856de" testName="VisualTeX.WindowsOffice.Tests.WordOmmlImportSignatureTests.WordOmissionOfDefaultFractionTypePreservesContent(properties: &quot;&quot;)" computerName="DESKTOP-VM8VUAQ" duration="00:00:00.0001901" startTime="2026-09-06T16:20:44.8840989+08:00" endTime="2026-09-06T16:20:44.8840989+08:00" testType="13cdc9d9-ddb5-4fa4-a97d-d965ccfc6d4b" outcome="Passed" testListId="8c84fa94-04c1-424b-9868-57a2d4851a1d" relativeResultsDirectory="1ab26508-70b2-4a02-9cca-d8006e186f2a" />
    <UnitTestResult executionId="c22007d6-14e2-49d5-b8b8-8d3d3821ae9f" testId="3c9cd31f-e04c-5cce-bb44-6a3842d6e4ea" testName="VisualTeX.WindowsOffice.Tests.WordOmmlTests.WordMaterializedLimitOperatorKeepsUprightBaseGrouped(functionName: &quot;sup&quot;)" computerName="DESKTOP-VM8VUAQ" duration="00:00:00.0003062" startTime="2026-09-06T16:20:45.0599077+08:00" endTime="2026-09-06T16:20:45.0599078+08:00" testType="13cdc9d9-ddb5-4fa4-a97d-d965ccfc6d4b" outcome="Passed" testListId="8c84fa94-04c1-424b-9868-57a2d4851a1d" relativeResultsDirectory="c22007d6-14e2-49d5-b8b8-8d3d3821ae9f" />
    <UnitTestResult executionId="a8a76af4-bbd8-4eba-830a-c622305c2154" testId="c7720a04-37bb-0dd9-9770-2e9788cad2b9" testName="VisualTeX.WindowsOffice.Tests.WordOmmlTests.MathMlAccentsBecomeNativeOmmlAccentsWithoutPlaceholderGlyphs(sourceMark: &quot;↔&quot;, expectedCombiningMark: &quot;⃡&quot;)" computerName="DESKTOP-VM8VUAQ" duration="00:00:00.0001269" startTime="2026-09-06T16:20:45.0248068+08:00" endTime="2026-09-06T16:20:45.0248068+08:00" testType="13cdc9d9-ddb5-4fa4-a97d-d965ccfc6d4b" outcome="Passed" testListId="8c84fa94-04c1-424b-9868-57a2d4851a1d" relativeResultsDirectory="a8a76af4-bbd8-4eba-830a-c622305c2154" />
    <UnitTestResult executionId="8c295efc-3032-4661-9a10-b7897b49fb86" testId="cf9f381b-71c3-6159-b820-0d10e3c7ed0b" testName="VisualTeX.WindowsOffice.Tests.WordOmmlImportSignatureTests.FormulaContentChangesRemainDistinct(from: &quot;2&quot;, to: &quot;3&quot;)" computerName="DESKTOP-VM8VUAQ" duration="00:00:00.0003452" startTime="2026-09-06T16:20:44.8830130+08:00" endTime="2026-09-06T16:20:44.8830130+08:00" testType="13cdc9d9-ddb5-4fa4-a97d-d965ccfc6d4b" outcome="Passed" testListId="8c84fa94-04c1-424b-9868-57a2d4851a1d" relativeResultsDirectory="8c295efc-3032-4661-9a10-b7897b49fb86" />
    <UnitTestResult executionId="f3f51aea-219b-46d2-80bf-583a717f22ba" testId="60b63bfb-ab81-5564-8de4-cd79071cab4c" testName="VisualTeX.WindowsOffice.Tests.WordOmmlTests.WordMaterializedPlainRunWithoutFunctionApplicationIsNotForcedIntoFunctionToken" computerName="DESKTOP-VM8VUAQ" duration="00:00:00.0002303" startTime="2026-09-06T16:20:45.0798545+08:00" endTime="2026-09-06T16:20:45.0798547+08:00" testType="13cdc9d9-ddb5-4fa4-a97d-d965ccfc6d4b" outcome="Passed" testListId="8c84fa94-04c1-424b-9868-57a2d4851a1d" relativeResultsDirectory="f3f51aea-219b-46d2-80bf-583a717f22ba" />
    <UnitTestResult executionId="43739e1c-996f-4eeb-933f-93a5d573f63a" testId="99d479ed-3541-384e-a363-24a327b4386e" testName="VisualTeX.WindowsOffice.Tests.WordOmmlTests.CommonFencedTablesUseNativeGrowingDelimiters(open: &quot;⌊&quot;, close: &quot;⌋&quot;)" computerName="DESKTOP-VM8VUAQ" duration="00:00:00.0002523" startTime="2026-09-06T16:20:45.0160010+08:00" endTime="2026-09-06T16:20:45.0160014+08:00" testType="13cdc9d9-ddb5-4fa4-a97d-d965ccfc6d4b" outcome="Passed" testListId="8c84fa94-04c1-424b-9868-57a2d4851a1d" relativeResultsDirectory="43739e1c-996f-4eeb-933f-93a5d573f63a" />
[...]
    <TestEntry testId="fe1d451f-7335-4459-99c7-57cc3148a38d" executionId="2887c563-0411-4fd7-bff5-db3da67a6bc1" testListId="8c84fa94-04c1-424b-9868-57a2d4851a1d" />
    <TestEntry testId="d71a43d3-01e9-58a0-9978-cd11e69be3bd" executionId="1fcc541e-ae68-4285-a909-7ca34351cb2f" testListId="8c84fa94-04c1-424b-9868-57a2d4851a1d" />
    <TestEntry testId="ba570def-087c-b4a6-c5a8-58d779ad5aa7" executionId="0f9766c3-c192-4ad5-b2f8-7178bb44e8a2" testListId="8c84fa94-04c1-424b-9868-57a2d4851a1d" />
    <TestEntry testId="82904873-ef69-6450-7ad5-b1e37b403949" executionId="03cb91b9-1e62-47d7-a96b-fea3228c682f" testListId="8c84fa94-04c1-424b-9868-57a2d4851a1d" />
    <TestEntry testId="a0281ab3-75ef-3358-2ac6-e4e611d58758" executionId="0df5813b-692e-4eea-bffa-66e68592a16d" testListId="8c84fa94-04c1-424b-9868-57a2d4851a1d" />
    <TestEntry testId="5de502a7-65aa-8776-a247-6b1814797896" executionId="8ed49e1a-5a0e-492a-8626-2f9592048be7" testListId="8c84fa94-04c1-424b-9868-57a2d4851a1d" />
    <TestEntry testId="74a4c9d7-6e66-b89c-d3d8-c1764b37a7a0" executionId="f2423f24-5700-4d0c-8147-c121fded98c6" testListId="8c84fa94-04c1-424b-9868-57a2d4851a1d" />
    <TestEntry testId="dcb09b44-7149-42f6-6a8c-6bf66b3accbb" executionId="8f13b08f-eaa1-499e-b6c6-c2f8dfb0fc7d" testListId="8c84fa94-04c1-424b-9868-57a2d4851a1d" />
    <TestEntry testId="9ebef0d5-c256-5f2a-598e-e2a4f3966110" executionId="420cd495-d749-4daf-989d-5a976641ddab" testListId="8c84fa94-04c1-424b-9868-57a2d4851a1d" />
    <TestEntry testId="e0770d5f-ed40-adf3-270b-cbcd642559f5" executionId="5a6a3dae-3715-4e60-929e-11b88fbd66dd" testListId="8c84fa94-04c1-424b-9868-57a2d4851a1d" />
    <TestEntry testId="0c26e949-8331-27a9-d8ad-7a044dc26abc" executionId="14254065-6082-43b5-9fd3-8a081eae6132" testListId="8c84fa94-04c1-424b-9868-57a2d4851a1d" />
    <TestEntry testId="bf411095-a8fd-531e-2928-85917f50074b" executionId="f58c7e52-2cbf-4a72-9a6b-d2cfc7b85c77" testListId="8c84fa94-04c1-424b-9868-57a2d4851a1d" />
    <TestEntry testId="fd86a0e3-ddd1-9c59-38e8-e6dc84cee1d7" executionId="6b0f2b13-e58f-4338-8443-51b4824311a5" testListId="8c84fa94-04c1-424b-9868-57a2d4851a1d" />
    <TestEntry testId="e4ae065e-0908-09b9-e6b9-9763fe6f7455" executionId="08431312-37d8-4c16-ac43-0cae5500046d" testListId="8c84fa94-04c1-424b-9868-57a2d4851a1d" />
    <TestEntry testId="598e1bc1-91e2-bdc0-aca7-a78381d8ca24" executionId="445710a5-b736-43c7-a582-2f9ad0003b30" testListId="8c84fa94-04c1-424b-9868-57a2d4851a1d" />
    <TestEntry testId="e1b5b106-8866-e913-b754-ea6dfc0d19a0" executionId="de931c7b-bc59-405e-97a5-791f71c8a143" testListId="8c84fa94-04c1-424b-9868-57a2d4851a1d" />
    <TestEntry testId="74ea3012-6049-6545-d9a8-66f7377f1642" executionId="7e5245ee-77e5-4c00-b9f1-9535537228dc" testListId="8c84fa94-04c1-424b-9868-57a2d4851a1d" />
    <TestEntry testId="b7883d52-c864-221e-37a6-c6a4e094fafc" executionId="ab9bdd75-8638-4633-affb-f7f54d988195" testListId="8c84fa94-04c1-424b-9868-57a2d4851a1d" />
    <TestEntry testId="924002a1-c1f1-6909-9ca9-ec8e33956480" executionId="a2b781ae-520f-4022-a365-67c959093f35" testListId="8c84fa94-04c1-424b-9868-57a2d4851a1d" />
    <TestEntry testId="cedc07c7-9052-a97e-d93d-7e1b8ba3d076" executionId="d7cbb4b0-2609-42be-a405-189add598c1a" testListId="8c84fa94-04c1-424b-9868-57a2d4851a1d" />
    <TestEntry testId="62c50ebb-d6c7-5e39-117a-1743bcb82c7b" executionId="b0fac7f6-03ad-4a92-a0da-941b691eb72e" testListId="8c84fa94-04c1-424b-9868-57a2d4851a1d" />
    <TestEntry testId="3c26cb1e-e15b-3268-de71-e6f84ecd7b05" executionId="c42a08a0-ded6-49f5-9ade-d1a8f9aa1151" testListId="8c84fa94-04c1-424b-9868-57a2d4851a1d" />
    <TestEntry testId="c13ca557-adef-8700-d2e7-8dce53470ab5" executionId="ddf1448e-2918-4d32-ac27-24e809961098" testListId="8c84fa94-04c1-424b-9868-57a2d4851a1d" />
    <TestEntry testId="f956e174-b5f5-f49f-9923-2fe4d447ad69" executionId="bde8e0e2-6dc0-4959-bc1e-fd519c7c7259" testListId="8c84fa94-04c1-424b-9868-57a2d4851a1d" />
    <TestEntry testId="867f01ae-330f-3983-fb90-8ef03ad0f1ac" executionId="9a2daeae-a163-4152-8319-6740cd6cb14e" testListId="8c84fa94-04c1-424b-9868-57a2d4851a1d" />
    <TestEntry testId="6c302bff-8122-076a-c874-01facacb29a5" executionId="3dbc5daa-e0d9-4918-afd4-acdc33fd67d2" testListId="8c84fa94-04c1-424b-9868-57a2d4851a1d" />
    <TestEntry testId="8f9d00f8-1764-6d1d-c090-3e39826b6bd9" executionId="181d9f41-9f12-42ee-a1db-ae7cf4e1dafb" testListId="8c84fa94-04c1-424b-9868-57a2d4851a1d" />
    <TestEntry testId="b943f2fa-4da6-80f7-6f43-74a87de8bfda" executionId="098e0c4f-8b3b-4740-a0cd-b42ece4a9313" testListId="8c84fa94-04c1-424b-9868-57a2d4851a1d" />
    <TestEntry testId="8dd6d9f2-c273-4820-bdd9-49984e724f23" executionId="073add8a-e86d-4265-b17b-7ffbd3b130ea" testListId="8c84fa94-04c1-424b-9868-57a2d4851a1d" />
    <TestEntry testId="510164c5-cdf2-dcfe-d61c-061149fbbbd4" executionId="f579d98a-21c7-42c4-900c-d90f424c494b" testListId="8c84fa94-04c1-424b-9868-57a2d4851a1d" />
    <TestEntry testId="a464c55f-b7e8-a570-0298-624940c548d8" executionId="8961ce5f-b904-4a77-bfd0-a45a72f8d6f8" testListId="8c84fa94-04c1-424b-9868-57a2d4851a1d" />
    <TestEntry testId="9a81df68-6c39-a262-ecef-9649c310ed86" executionId="891b63ea-d1bc-462e-b4a0-443b10183796" testListId="8c84fa94-04c1-424b-9868-57a2d4851a1d" />
    <TestEntry testId="ad349cbc-b513-12ab-3515-5a7766312f75" executionId="5e9dc94e-df48-4f84-b6a7-9f7396bf9f10" testListId="8c84fa94-04c1-424b-9868-57a2d4851a1d" />
    <TestEntry testId="0d1efbcd-2948-bbf5-8a94-588f0c7885a1" executionId="888855a5-9d23-4f90-8947-447db2ae9e79" testListId="8c84fa94-04c1-424b-9868-57a2d4851a1d" />
    <TestEntry testId="7da7483c-c217-1447-6bc6-1b92ddffbf0d" executionId="fcaf6c9b-8d6c-49a1-ba8b-903276a32d0e" testListId="8c84fa94-04c1-424b-9868-57a2d4851a1d" />
    <TestEntry testId="2c25ab98-25c7-e4a0-4221-7b9fcb537336" executionId="9e53d468-46ee-467d-b691-f6ad548725db" testListId="8c84fa94-04c1-424b-9868-57a2d4851a1d" />
    <TestEntry testId="4aee7494-8638-cf69-a1f9-5951c66b0560" executionId="0e3d3b98-921b-45cc-9d5b-521cd9d21521" testListId="8c84fa94-04c1-424b-9868-57a2d4851a1d" />
    <TestEntry testId="1fa01bce-a9c4-165f-bbb7-a151083ea867" executionId="b8791001-00bd-492b-9b1f-8270231f6fad" testListId="8c84fa94-04c1-424b-9868-57a2d4851a1d" />
    <TestEntry testId="dc4ca54f-35c1-b202-c79c-8a9fd5ed4ae2" executionId="773599ce-f1b3-4bf3-bdc6-ab6db39dc845" testListId="8c84fa94-04c1-424b-9868-57a2d4851a1d" />
    <TestEntry testId="69ebbd60-a852-1fc9-e498-d2f52d28ca1e" executionId="0bf94975-57c5-4ddc-b7b6-aa50b05d5a8a" testListId="8c84fa94-04c1-424b-9868-57a2d4851a1d" />
    <TestEntry testId="67668da1-6228-fd17-e3c8-f89809242ef0" executionId="8ea5415e-8659-47b6-8d32-2ce20cae4403" testListId="8c84fa94-04c1-424b-9868-57a2d4851a1d" />
    <TestEntry testId="96a4329a-01d3-54a1-e8ce-ac48556cad7e" executionId="7773e06c-85c0-4bad-862d-4533393edda4" testListId="8c84fa94-04c1-424b-9868-57a2d4851a1d" />
    <TestEntry testId="888fb830-725f-583b-77dd-6928bccc97a7" executionId="c48ead46-63ad-4ed5-9fa2-f68d32f72c33" testListId="8c84fa94-04c1-424b-9868-57a2d4851a1d" />
    <TestEntry testId="43179782-32e9-fa52-c6de-d8cb80f05cd9" executionId="8d77afd2-f75c-46fb-b250-d1bd9681c2a0" testListId="8c84fa94-04c1-424b-9868-57a2d4851a1d" />
    <TestEntry testId="061109b2-d73c-dcb5-22c5-d51906d372e3" executionId="cee0d99d-c256-4363-97c7-c70bc690a6ae" testListId="8c84fa94-04c1-424b-9868-57a2d4851a1d" />
    <TestEntry testId="cad4e633-cf0d-935c-430d-db7eea2eea69" executionId="5476b236-516b-49ac-a384-b03a180b6b9b" testListId="8c84fa94-04c1-424b-9868-57a2d4851a1d" />
    <TestEntry testId="6b765091-880e-c286-3583-b7328159c092" executionId="610c3764-090c-419f-8973-7bec8279d799" testListId="8c84fa94-04c1-424b-9868-57a2d4851a1d" />
    <TestEntry testId="0f7f46c9-b159-6636-ca1a-dcc1a310ae5c" executionId="d1753604-d8d9-4cab-b24e-f75ce309e19c" testListId="8c84fa94-04c1-424b-9868-57a2d4851a1d" />
    <TestEntry testId="a9592960-3f03-6ce5-4bb2-cc65bb5df7f2" executionId="7c7dfe7f-91aa-4c73-8046-8dbae5b16258" testListId="8c84fa94-04c1-424b-9868-57a2d4851a1d" />
    <TestEntry testId="06635a60-47cf-3d46-2947-a34c08519945" executionId="3626692f-b8ef-4d53-8460-172a6434a98e" testListId="8c84fa94-04c1-424b-9868-57a2d4851a1d" />
    <TestEntry testId="5f01400b-62e0-28fc-cae9-2a92f2308380" executionId="dd048323-d9df-414f-8fd9-e3c89ae97825" testListId="8c84fa94-04c1-424b-9868-57a2d4851a1d" />
    <TestEntry testId="5f5b70c2-2a0f-c245-1ff2-ab683e4fcd03" executionId="d52074b9-1c1c-4cd5-a478-239644021d56" testListId="8c84fa94-04c1-424b-9868-57a2d4851a1d" />
    <TestEntry testId="05a41ee6-561d-04d6-fe9f-c0122e73e5b6" executionId="cb9e7db0-873b-4227-a684-0d9522fe95b3" testListId="8c84fa94-04c1-424b-9868-57a2d4851a1d" />
    <TestEntry testId="dab50d61-1f7e-3c58-c7d7-c56d96f3c633" executionId="e92d4ade-e103-4783-841f-6d92ae3df589" testListId="8c84fa94-04c1-424b-9868-57a2d4851a1d" />
    <TestEntry testId="41807491-69b1-3fee-4e8c-65528d758314" executionId="e22ae018-38e2-47e1-849d-2578943aa6b8" testListId="8c84fa94-04c1-424b-9868-57a2d4851a1d" />
    <TestEntry testId="e0c61826-def5-3d33-d2ab-0d4cad54fc45" executionId="c6b0248a-278d-4c37-8c3d-dcccb0266195" testListId="8c84fa94-04c1-424b-9868-57a2d4851a1d" />
    <TestEntry testId="6f598fab-817c-788a-7e54-ea98680d27ec" executionId="74af99f8-d97e-4434-bbd3-fba532c28487" testListId="8c84fa94-04c1-424b-9868-57a2d4851a1d" />
    <TestEntry testId="74e18f29-c5b9-83b6-835f-9cece6310355" executionId="bb418c84-0da4-47e5-ac27-cfdc6d94134f" testListId="8c84fa94-04c1-424b-9868-57a2d4851a1d" />
    <TestEntry testId="295f9d04-397f-72fd-64c0-6d775b9bd3f8" executionId="f73209a5-02fe-4e29-8f50-b4cc9e35dc7a" testListId="8c84fa94-04c1-424b-9868-57a2d4851a1d" />
    <TestEntry testId="dc90aa22-7368-aae2-11ee-d0034a21be21" executionId="80e14152-9986-4b23-a7ae-515a2f494717" testListId="8c84fa94-04c1-424b-9868-57a2d4851a1d" />
    <TestEntry testId="9d4fc7df-75ca-ee6c-8585-badb51ddd47b" executionId="2298e351-36c7-4f71-a575-08a1c641de02" testListId="8c84fa94-04c1-424b-9868-57a2d4851a1d" />
    <TestEntry testId="87762f89-0cc3-368b-f63b-de38807bb0cf" executionId="72bbeb5f-71a4-49bd-821a-a9d29ddf5a64" testListId="8c84fa94-04c1-424b-9868-57a2d4851a1d" />
    <TestEntry testId="1d5cc3dc-0869-88dd-4173-6173ca2492fb" executionId="aa806d3b-aa3d-42c0-a630-2fcaeed8512f" testListId="8c84fa94-04c1-424b-9868-57a2d4851a1d" />
    <TestEntry testId="0c5f8729-60c8-44d8-60ec-1311d230cacd" executionId="0cc2c7fd-9030-4545-ab9a-e89ba6bdf7b2" testListId="8c84fa94-04c1-424b-9868-57a2d4851a1d" />
    <TestEntry testId="0aabf6ef-dbe7-354a-739f-4b23764e354f" executionId="dc438ee5-5b46-4274-a6b2-10c95c2a40a1" testListId="8c84fa94-04c1-424b-9868-57a2d4851a1d" />
    <TestEntry testId="6e9a5c6e-1c7e-e9e1-23fb-59188011e873" executionId="c9a3e065-bb2c-46b6-9f95-2219b7a8375a" testListId="8c84fa94-04c1-424b-9868-57a2d4851a1d" />
    <TestEntry testId="65e4289e-fb13-31c3-ecb3-61fa58c759e0" executionId="7e024904-0995-4683-a6db-425dd550c6b9" testListId="8c84fa94-04c1-424b-9868-57a2d4851a1d" />
    <TestEntry testId="81f81d4c-3fb0-7288-d511-a20cfef05d17" executionId="2ed0c00e-14d2-4dac-9e6c-fdcfd3a42b7a" testListId="8c84fa94-04c1-424b-9868-57a2d4851a1d" />
    <TestEntry testId="409a259b-dce4-7bdc-8980-fd2d080d0519" executionId="f917708d-5c1e-4fcd-bb41-2d8626105a23" testListId="8c84fa94-04c1-424b-9868-57a2d4851a1d" />
    <TestEntry testId="fb61aae0-ef1f-30f0-a15c-1ac1f9c36f4f" executionId="473d8378-f327-4c60-b536-37282bd575f1" testListId="8c84fa94-04c1-424b-9868-57a2d4851a1d" />
    <TestEntry testId="f00bf329-e449-cb82-04b0-70ed3ee77ffe" executionId="62b04918-9cea-4edc-b704-30f4cbfcbde3" testListId="8c84fa94-04c1-424b-9868-57a2d4851a1d" />
    <TestEntry testId="5cd07f9a-ccd8-da58-b793-d4c53a8b3de8" executionId="4268ef9f-160e-4509-8e1f-3bdaa7287b3b" testListId="8c84fa94-04c1-424b-9868-57a2d4851a1d" />
    <TestEntry testId="e8f55f29-b7ab-f47e-eecf-250e9deab164" executionId="5f4873f2-c7ab-40fa-9fcd-566a86c632a2" testListId="8c84fa94-04c1-424b-9868-57a2d4851a1d" />
    <TestEntry testId="b2e6e991-84ac-b642-e4f5-01a1f796bec0" executionId="8752b3a0-8dc6-437c-921f-86b2ae5a73cb" testListId="8c84fa94-04c1-424b-9868-57a2d4851a1d" />
    <TestEntry testId="9706076e-6e2a-23cb-9b0f-872061a2e39b" executionId="3af6d613-b7ab-4adc-a542-f3843ae61500" testListId="8c84fa94-04c1-424b-9868-57a2d4851a1d" />
    <TestEntry testId="27ca466b-2118-23d8-77c8-00157583a45b" executionId="98b1d087-0e05-4e7f-8e25-3f4a6b229344" testListId="8c84fa94-04c1-424b-9868-57a2d4851a1d" />
    <TestEntry testId="8457de94-55e3-7360-d96d-17e1226aa4ba" executionId="7ec368ce-59eb-4b5c-8a07-dad3ca7bbaff" testListId="8c84fa94-04c1-424b-9868-57a2d4851a1d" />
    <TestEntry testId="1e458ffc-9fc4-0b52-09a2-3f81eef28d08" executionId="d0877638-1786-4ef7-9039-26fa2b1024cc" testListId="8c84fa94-04c1-424b-9868-57a2d4851a1d" />
    <TestEntry testId="9108d434-7774-8386-4459-4bb01e6e7ea6" executionId="469ed48a-f752-4822-b893-e6338bac9cbb" testListId="8c84fa94-04c1-424b-9868-57a2d4851a1d" />
    <TestEntry testId="5b5ac089-c7e9-e0bd-bcfb-31cce6d91844" executionId="337fdfe8-fa52-4a75-946b-574848f6d001" testListId="8c84fa94-04c1-424b-9868-57a2d4851a1d" />
    <TestEntry testId="8617a6ed-291a-06a3-254b-54dc60aa6b1f" executionId="a33c42ae-81d2-4aec-9a56-f5aafeaa9dec" testListId="8c84fa94-04c1-424b-9868-57a2d4851a1d" />
    <TestEntry testId="64cdc7fd-f70c-e49a-d1fa-16edff95e691" executionId="87006fbe-97f4-4d5b-a5fd-41782098be59" testListId="8c84fa94-04c1-424b-9868-57a2d4851a1d" />
    <TestEntry testId="e36307eb-db4d-a464-3b08-f9bac3cfa140" executionId="a9fbf2db-98af-4d9b-b41d-5fdc408460e6" testListId="8c84fa94-04c1-424b-9868-57a2d4851a1d" />
    <TestEntry testId="07df387b-aad2-81fa-bd33-0380bc0a1e90" executionId="51bbc262-48f4-4e27-a6fa-804192baebcd" testListId="8c84fa94-04c1-424b-9868-57a2d4851a1d" />
    <TestEntry testId="09180a4e-ba19-ac5f-b1b6-a7b4572a86c1" executionId="02d089ad-3671-4905-a4a6-2f242c15f0b0" testListId="8c84fa94-04c1-424b-9868-57a2d4851a1d" />
    <TestEntry testId="ff9ff0ff-2fdc-f47f-8d09-d1d63000787a" executionId="c1c5c792-8608-4011-9894-8823c5a04050" testListId="8c84fa94-04c1-424b-9868-57a2d4851a1d" />
    <TestEntry testId="20564322-5085-364e-3f23-e4b7e165fb9f" executionId="abb5e91b-4824-4c7e-861c-c3dea3d6992e" testListId="8c84fa94-04c1-424b-9868-57a2d4851a1d" />
    <TestEntry testId="c4a6fb46-23b1-ff27-30b6-72a7c68eb422" executionId="a977bd61-9a41-4a49-bd84-78b27af26bd4" testListId="8c84fa94-04c1-424b-9868-57a2d4851a1d" />
    <TestEntry testId="e726bf36-8cf0-95fb-1a69-f8fd55276878" executionId="2ba20f8c-9d24-4e50-979b-7d9a59c858d7" testListId="8c84fa94-04c1-424b-9868-57a2d4851a1d" />
    <TestEntry testId="173ae84f-b611-f18f-30b8-e91edc0e4efe" executionId="31df0432-7139-4d0e-bbd4-3df221642b10" testListId="8c84fa94-04c1-424b-9868-57a2d4851a1d" />
    <TestEntry testId="9221c84f-7d78-25f1-70f0-c0c82c60fe3f" executionId="69190725-0f6a-475a-a4e5-246bd58b6de3" testListId="8c84fa94-04c1-424b-9868-57a2d4851a1d" />
    <TestEntry testId="722ded50-320a-d76b-ac56-ba3ee1b64115" executionId="2b823ace-56eb-4322-9f5d-eadd96f4c8de" testListId="8c84fa94-04c1-424b-9868-57a2d4851a1d" />
    <TestEntry testId="11bb9f36-fb64-0de0-8f24-bbf7b5a32d5b" executionId="fb112540-c4d3-46bf-82ba-9bcff97e2457" testListId="8c84fa94-04c1-424b-9868-57a2d4851a1d" />
    <TestEntry testId="92e47e0a-1478-c55e-120d-26ce801bf761" executionId="70069264-f853-400d-b7df-dc76f93844ab" testListId="8c84fa94-04c1-424b-9868-57a2d4851a1d" />
    <TestEntry testId="1018f3e7-1277-d806-9345-8eab8e0d55e5" executionId="f09ad439-3c5b-47de-81ad-6f796bb65887" testListId="8c84fa94-04c1-424b-9868-57a2d4851a1d" />
    <TestEntry testId="86070ac2-304c-3089-9999-f4e082c3c422" executionId="fca0d63e-f440-46e4-b38f-d164b6d7c929" testListId="8c84fa94-04c1-424b-9868-57a2d4851a1d" />
    <TestEntry testId="dbc6df81-b634-f526-81dd-b47919815e8b" executionId="a30a6996-9a89-4ca8-9df5-a6a90a8b62aa" testListId="8c84fa94-04c1-424b-9868-57a2d4851a1d" />
    <TestEntry testId="a225b96c-fb91-b67a-2255-e025b12eb748" executionId="eb8cf4a1-4222-4971-9ed2-43fee47591c8" testListId="8c84fa94-04c1-424b-9868-57a2d4851a1d" />
    <TestEntry testId="85ac6fcc-f927-8e18-34a0-e8ec09849e0e" executionId="ab64c322-b6a7-4cc6-95af-82df691c894d" testListId="8c84fa94-04c1-424b-9868-57a2d4851a1d" />
    <TestEntry testId="24b8177f-4083-f36d-54f5-4c158e7e9905" executionId="4e61bdf3-46af-4c47-ac05-0e7b564dcea8" testListId="8c84fa94-04c1-424b-9868-57a2d4851a1d" />
    <TestEntry testId="7d2efb91-aa0e-9ec4-a64b-60a767a95499" executionId="b16d0790-adcc-4d6d-9416-13898790e5ff" testListId="8c84fa94-04c1-424b-9868-57a2d4851a1d" />
    <TestEntry testId="19ff5776-0c6f-c912-158f-c44d1972f6f7" executionId="7ee63089-dfd3-4b98-8623-08066aec5f41" testListId="8c84fa94-04c1-424b-9868-57a2d4851a1d" />
    <TestEntry testId="90682b9f-0472-f191-f47d-fd303f5ba08a" executionId="8c7c32b7-81ca-4302-8ce9-65f55d8a9874" testListId="8c84fa94-04c1-424b-9868-57a2d4851a1d" />
    <TestEntry testId="1313f2f7-4953-8fc5-3f31-f04bd3710ae0" executionId="4be7e646-3693-4ee7-8d3b-9fa1cb945eb4" testListId="8c84fa94-04c1-424b-9868-57a2d4851a1d" />
    <TestEntry testId="f5cc4a77-b6b3-c11f-5462-4fa74188eb0c" executionId="fbf96661-6811-451c-bc67-e3b3187ed4bc" testListId="8c84fa94-04c1-424b-9868-57a2d4851a1d" />
    <TestEntry testId="753a01ab-4542-3dfd-d5cc-f04e3cd166ec" executionId="1e062422-314c-4d9e-bef4-5649d7d59f53" testListId="8c84fa94-04c1-424b-9868-57a2d4851a1d" />
    <TestEntry testId="21f475bc-530a-cb32-a391-936a547a8253" executionId="14c11d3d-f26c-4b84-8d96-3b4b8faabbb5" testListId="8c84fa94-04c1-424b-9868-57a2d4851a1d" />
    <TestEntry testId="b7fbcb60-280d-9568-6892-aaadbbb0192c" executionId="4dcfc979-da10-48d3-bcce-589a12f1501e" testListId="8c84fa94-04c1-424b-9868-57a2d4851a1d" />
    <TestEntry testId="57e1a4c0-2bb4-51de-a2f7-b7a7412d59be" executionId="643dec1a-dcf0-4fb1-88fa-1bd7588cd2b3" testListId="8c84fa94-04c1-424b-9868-57a2d4851a1d" />
    <TestEntry testId="3a9cebb5-8beb-706d-c4b3-1f59641b9355" executionId="54b7627f-de83-4b4c-a162-9aebe6ef68f9" testListId="8c84fa94-04c1-424b-9868-57a2d4851a1d" />
    <TestEntry testId="ac0fc16f-84ee-4ba1-83a6-42a6c1233c4d" executionId="402f9200-0a7d-42ee-9cd4-78f2c6e99238" testListId="8c84fa94-04c1-424b-9868-57a2d4851a1d" />
    <TestEntry testId="214e2371-0fe4-f596-99e7-ccf3d24d2edb" executionId="792773d1-be4e-4ae2-971c-1d43d25a14e3" testListId="8c84fa94-04c1-424b-9868-57a2d4851a1d" />
    <TestEntry testId="db02ae9b-26cc-0e52-802b-4496b74d02a7" executionId="f1123401-6a1c-4769-a30d-4458db4098f0" testListId="8c84fa94-04c1-424b-9868-57a2d4851a1d" />
    <TestEntry testId="86d5f802-24f9-2e59-25f1-d4f9badd45d4" executionId="616eecda-84a9-4601-8885-04536fca64ce" testListId="8c84fa94-04c1-424b-9868-57a2d4851a1d" />
    <TestEntry testId="9862ea1a-2066-6bd3-fa3d-66b870331b7a" executionId="3d131d98-8e1a-4291-a674-be74f2f120f0" testListId="8c84fa94-04c1-424b-9868-57a2d4851a1d" />
  </TestEntries>
  <TestLists>
    <TestList name="列表中未列出的结果" id="8c84fa94-04c1-424b-9868-57a2d4851a1d" />
    <TestList name="所有已加载的结果" id="19431567-8539-422a-85d7-44ee4e166bda" />
  </TestLists>
  <ResultSummary outcome="Completed">
    <Counters total="405" executed="405" passed="405" failed="0" error="0" timeout="0" aborted="0" inconclusive="0" passedButRunAborted="0" notRunnable="0" notExecuted="0" disconnected="0" warning="0" completed="0" inProgress="0" pending="0" />
    <Output>
      <StdOut>[xUnit.net 00:00:00.00] xUnit.net VSTest Adapter v2.8.2+699d445a1a (64-bit .NET 8.0.29)&#xD;
[xUnit.net 00:00:00.05]   Discovering: VisualTeX.WindowsOffice.Tests&#xD;
[xUnit.net 00:00:00.10]   Discovered:  VisualTeX.WindowsOffice.Tests&#xD;
[xUnit.net 00:00:00.10]   Starting:    VisualTeX.WindowsOffice.Tests&#xD;
[xUnit.net 00:00:00.44]   Finished:    VisualTeX.WindowsOffice.Tests&#xD;
</StdOut>
    </Output>
  </ResultSummary>
</TestRun>